[ 2015-02-12T01:00:24+08:00 ] 140.207.54.77 /?signature=3878e1764e1e344b6502eccb506cdcdf4e7ea9f3&timestamp=1423674023&nonce=1714568432
INFO: [ app_init ] --START--
INFO: Run Behavior\BuildLiteBehavior [ RunTime:0.000016s ]
INFO: [ app_init ] --END-- [ RunTime:0.000302s ]
INFO: [ app_begin ] --START--
INFO: Run Behavior\ReadHtmlCacheBehavior [ RunTime:0.000352s ]
INFO: [ app_begin ] --END-- [ RunTime:0.000416s ]
NOTIC: [8] A session had already been started - ignoring session_start() /www/weixin/App/Home/Controller/WechatController.class.php 第 6 行.
NOTIC: [8] file_get_contents(): Content-type not specified assuming application/x-www-form-urlencoded /www/weixin/App/Home/Controller/MenuController.class.php 第 114 行.
INFO: [ app_end ] --START--
INFO: Run Behavior\ShowPageTraceBehavior [ RunTime:0.000499s ]
INFO: [ app_end ] --END-- [ RunTime:0.000623s ]

[ 2015-02-12T12:39:00+08:00 ] 140.207.54.73 /?signature=2500e15921a66477f0523d2e406941381402c4e6&timestamp=1423715939&nonce=923506845
INFO: [ app_init ] --START--
INFO: Run Behavior\BuildLiteBehavior [ RunTime:0.000018s ]
INFO: [ app_init ] --END-- [ RunTime:0.000403s ]
INFO: [ app_begin ] --START--
INFO: Run Behavior\ReadHtmlCacheBehavior [ RunTime:0.000349s ]
INFO: [ app_begin ] --END-- [ RunTime:0.000407s ]
NOTIC: [8] A session had already been started - ignoring session_start() /www/weixin/App/Home/Controller/WechatController.class.php 第 6 行.
NOTIC: [8] file_get_contents(): Content-type not specified assuming application/x-www-form-urlencoded /www/weixin/App/Home/Controller/MenuController.class.php 第 114 行.
INFO: [ app_end ] --START--
INFO: Run Behavior\ShowPageTraceBehavior [ RunTime:0.000514s ]
INFO: [ app_end ] --END-- [ RunTime:0.000638s ]

[ 2015-02-12T13:49:43+08:00 ] 140.207.54.74 /?signature=00e8585db41661f68b2c989669558e95de9ca456&timestamp=1423720181&nonce=72784111
INFO: [ app_init ] --START--
INFO: Run Behavior\BuildLiteBehavior [ RunTime:0.000024s ]
INFO: [ app_init ] --END-- [ RunTime:0.000297s ]
INFO: [ app_begin ] --START--
INFO: Run Behavior\ReadHtmlCacheBehavior [ RunTime:0.000470s ]
INFO: [ app_begin ] --END-- [ RunTime:0.000560s ]
NOTIC: [8] A session had already been started - ignoring session_start() /www/weixin/App/Home/Controller/WechatController.class.php 第 6 行.
NOTIC: [8] file_get_contents(): Content-type not specified assuming application/x-www-form-urlencoded /www/weixin/App/Home/Controller/MenuController.class.php 第 114 行.
INFO: [ app_end ] --START--
INFO: Run Behavior\ShowPageTraceBehavior [ RunTime:0.000630s ]
INFO: [ app_end ] --END-- [ RunTime:0.000746s ]

[ 2015-02-12T13:49:43+08:00 ] 101.226.69.108 /
INFO: [ app_init ] --START--
INFO: Run Behavior\BuildLiteBehavior [ RunTime:0.000019s ]
INFO: [ app_init ] --END-- [ RunTime:0.000289s ]
INFO: [ app_begin ] --START--
INFO: Run Behavior\ReadHtmlCacheBehavior [ RunTime:0.000337s ]
INFO: [ app_begin ] --END-- [ RunTime:0.000392s ]
NOTIC: [8] A session had already been started - ignoring session_start() /www/weixin/App/Home/Controller/WechatController.class.php 第 6 行.
NOTIC: [8] Undefined index: HTTP_RAW_POST_DATA /www/weixin/App/Home/Controller/WechatController.class.php 第 64 行.

[ 2015-02-12T13:50:55+08:00 ] 140.207.54.74 /?signature=ff4226c6dca882ec305520dbea53e2943b4f5241&timestamp=1423720255&nonce=215518153
INFO: [ app_init ] --START--
INFO: Run Behavior\BuildLiteBehavior [ RunTime:0.000024s ]
INFO: [ app_init ] --END-- [ RunTime:0.000320s ]
INFO: [ app_begin ] --START--
INFO: Run Behavior\ReadHtmlCacheBehavior [ RunTime:0.000337s ]
INFO: [ app_begin ] --END-- [ RunTime:0.000405s ]
NOTIC: [8] A session had already been started - ignoring session_start() /www/weixin/App/Home/Controller/WechatController.class.php 第 6 行.
NOTIC: [8] file_get_contents(): Content-type not specified assuming application/x-www-form-urlencoded /www/weixin/App/Home/Controller/MenuController.class.php 第 114 行.
INFO: [ app_end ] --START--
INFO: Run Behavior\ShowPageTraceBehavior [ RunTime:0.000568s ]
INFO: [ app_end ] --END-- [ RunTime:0.000686s ]

[ 2015-02-12T14:05:02+08:00 ] 140.207.54.80 /?signature=f781e16baaaf05507390d89a2f3f66cc891e462c&timestamp=1423721101&nonce=1222075803
INFO: [ app_init ] --START--
INFO: Run Behavior\BuildLiteBehavior [ RunTime:0.000015s ]
INFO: [ app_init ] --END-- [ RunTime:0.000274s ]
INFO: [ app_begin ] --START--
INFO: Run Behavior\ReadHtmlCacheBehavior [ RunTime:0.000329s ]
INFO: [ app_begin ] --END-- [ RunTime:0.000386s ]
NOTIC: [8] A session had already been started - ignoring session_start() /www/weixin/App/Home/Controller/WechatController.class.php 第 6 行.
NOTIC: [8] file_get_contents(): Content-type not specified assuming application/x-www-form-urlencoded /www/weixin/App/Home/Controller/MenuController.class.php 第 114 行.
INFO: [ app_end ] --START--
INFO: Run Behavior\ShowPageTraceBehavior [ RunTime:0.000546s ]
INFO: [ app_end ] --END-- [ RunTime:0.000667s ]

[ 2015-02-12T14:05:10+08:00 ] 140.207.54.80 /?signature=2a9de366d94ada3dde5587909135439870b4fb82&timestamp=1423721109&nonce=763249384
INFO: [ app_init ] --START--
INFO: Run Behavior\BuildLiteBehavior [ RunTime:0.000016s ]
INFO: [ app_init ] --END-- [ RunTime:0.000287s ]
INFO: [ app_begin ] --START--
INFO: Run Behavior\ReadHtmlCacheBehavior [ RunTime:0.000344s ]
INFO: [ app_begin ] --END-- [ RunTime:0.000400s ]
NOTIC: [8] A session had already been started - ignoring session_start() /www/weixin/App/Home/Controller/WechatController.class.php 第 6 行.
NOTIC: [8] file_get_contents(): Content-type not specified assuming application/x-www-form-urlencoded /www/weixin/App/Home/Controller/MenuController.class.php 第 114 行.
INFO: [ app_end ] --START--
INFO: Run Behavior\ShowPageTraceBehavior [ RunTime:0.000550s ]
INFO: [ app_end ] --END-- [ RunTime:0.000671s ]

[ 2015-02-12T14:05:50+08:00 ] 140.207.54.80 /?signature=d58a209a07da7f661a9947403f2d7323b70ca9f1&timestamp=1423721150&nonce=30215714
INFO: [ app_init ] --START--
INFO: Run Behavior\BuildLiteBehavior [ RunTime:0.000015s ]
INFO: [ app_init ] --END-- [ RunTime:0.000270s ]
INFO: [ app_begin ] --START--
INFO: Run Behavior\ReadHtmlCacheBehavior [ RunTime:0.000346s ]
INFO: [ app_begin ] --END-- [ RunTime:0.000402s ]
NOTIC: [8] A session had already been started - ignoring session_start() /www/weixin/App/Home/Controller/WechatController.class.php 第 6 行.
NOTIC: [8] file_get_contents(): Content-type not specified assuming application/x-www-form-urlencoded /www/weixin/App/Home/Controller/MenuController.class.php 第 114 行.
INFO: [ app_end ] --START--
INFO: Run Behavior\ShowPageTraceBehavior [ RunTime:0.000602s ]
INFO: [ app_end ] --END-- [ RunTime:0.000725s ]

[ 2015-02-12T14:06:04+08:00 ] 140.207.54.78 /?signature=7b439c6d4e60eddf057a438aee1d74e7b30bed87&timestamp=1423721164&nonce=1964527336
INFO: [ app_init ] --START--
INFO: Run Behavior\BuildLiteBehavior [ RunTime:0.000017s ]
INFO: [ app_init ] --END-- [ RunTime:0.000266s ]
INFO: [ app_begin ] --START--
INFO: Run Behavior\ReadHtmlCacheBehavior [ RunTime:0.000708s ]
INFO: [ app_begin ] --END-- [ RunTime:0.000768s ]
NOTIC: [8] A session had already been started - ignoring session_start() /www/weixin/App/Home/Controller/WechatController.class.php 第 6 行.
NOTIC: [8] file_get_contents(): Content-type not specified assuming application/x-www-form-urlencoded /www/weixin/App/Home/Controller/MenuController.class.php 第 114 行.
INFO: [ app_end ] --START--
INFO: Run Behavior\ShowPageTraceBehavior [ RunTime:0.000498s ]
INFO: [ app_end ] --END-- [ RunTime:0.000624s ]

[ 2015-02-12T14:06:19+08:00 ] 140.207.54.80 /?signature=c4caa3391cd05637d9b09d2daf5f392102fdf27e&timestamp=1423721179&nonce=1288813865
INFO: [ app_init ] --START--
INFO: Run Behavior\BuildLiteBehavior [ RunTime:0.000035s ]
INFO: [ app_init ] --END-- [ RunTime:0.000292s ]
INFO: [ app_begin ] --START--
INFO: Run Behavior\ReadHtmlCacheBehavior [ RunTime:0.000346s ]
INFO: [ app_begin ] --END-- [ RunTime:0.000403s ]
NOTIC: [8] A session had already been started - ignoring session_start() /www/weixin/App/Home/Controller/WechatController.class.php 第 6 行.
NOTIC: [8] file_get_contents(): Content-type not specified assuming application/x-www-form-urlencoded /www/weixin/App/Home/Controller/MenuController.class.php 第 114 行.
INFO: [ app_end ] --START--
INFO: Run Behavior\ShowPageTraceBehavior [ RunTime:0.000508s ]
INFO: [ app_end ] --END-- [ RunTime:0.000627s ]

[ 2015-02-12T14:11:56+08:00 ] 140.207.54.80 /?signature=09c5f63606542fba95ca2a3bfea994466288192f&timestamp=1423721516&nonce=1347545895
INFO: [ app_init ] --START--
INFO: Run Behavior\BuildLiteBehavior [ RunTime:0.000015s ]
INFO: [ app_init ] --END-- [ RunTime:0.000272s ]
INFO: [ app_begin ] --START--
INFO: Run Behavior\ReadHtmlCacheBehavior [ RunTime:0.000340s ]
INFO: [ app_begin ] --END-- [ RunTime:0.000399s ]
NOTIC: [8] A session had already been started - ignoring session_start() /www/weixin/App/Home/Controller/WechatController.class.php 第 6 行.
NOTIC: [8] file_get_contents(): Content-type not specified assuming application/x-www-form-urlencoded /www/weixin/App/Home/Controller/MenuController.class.php 第 114 行.
INFO: [ app_end ] --START--
INFO: Run Behavior\ShowPageTraceBehavior [ RunTime:0.000541s ]
INFO: [ app_end ] --END-- [ RunTime:0.000659s ]

[ 2015-02-12T14:25:01+08:00 ] 140.207.54.80 /?signature=e18b3ccac99c57be4f30c7b483d3a59ce4968690&timestamp=1423722300&nonce=459832667
INFO: [ app_init ] --START--
INFO: Run Behavior\BuildLiteBehavior [ RunTime:0.000017s ]
INFO: [ app_init ] --END-- [ RunTime:0.000298s ]
INFO: [ app_begin ] --START--
INFO: Run Behavior\ReadHtmlCacheBehavior [ RunTime:0.000325s ]
INFO: [ app_begin ] --END-- [ RunTime:0.000382s ]
NOTIC: [8] A session had already been started - ignoring session_start() /www/weixin/App/Home/Controller/WechatController.class.php 第 7 行.
NOTIC: [8] file_get_contents(): Content-type not specified assuming application/x-www-form-urlencoded /www/weixin/App/Home/Controller/MenuController.class.php 第 114 行.
INFO: [ app_end ] --START--
INFO: Run Behavior\ShowPageTraceBehavior [ RunTime:0.000525s ]
INFO: [ app_end ] --END-- [ RunTime:0.000642s ]

[ 2015-02-12T14:25:09+08:00 ] 140.207.54.80 /?signature=2989f761018b561f68cdfdd0d62cf78bcab773c5&timestamp=1423722308&nonce=430632129
INFO: [ app_init ] --START--
INFO: Run Behavior\BuildLiteBehavior [ RunTime:0.000017s ]
INFO: [ app_init ] --END-- [ RunTime:0.000353s ]
INFO: [ app_begin ] --START--
INFO: Run Behavior\ReadHtmlCacheBehavior [ RunTime:0.000361s ]
INFO: [ app_begin ] --END-- [ RunTime:0.000428s ]
NOTIC: [8] A session had already been started - ignoring session_start() /www/weixin/App/Home/Controller/WechatController.class.php 第 7 行.
NOTIC: [8] file_get_contents(): Content-type not specified assuming application/x-www-form-urlencoded /www/weixin/App/Home/Controller/MenuController.class.php 第 114 行.
INFO: [ app_end ] --START--
INFO: Run Behavior\ShowPageTraceBehavior [ RunTime:0.000499s ]
INFO: [ app_end ] --END-- [ RunTime:0.000620s ]

[ 2015-02-12T14:25:42+08:00 ] 140.207.54.80 /?signature=7ce6603f382eae9a96dd0293beafb4a1cc5f4811&timestamp=1423722341&nonce=1552987643
INFO: [ app_init ] --START--
INFO: Run Behavior\BuildLiteBehavior [ RunTime:0.000016s ]
INFO: [ app_init ] --END-- [ RunTime:0.000289s ]
INFO: [ app_begin ] --START--
INFO: Run Behavior\ReadHtmlCacheBehavior [ RunTime:0.000331s ]
INFO: [ app_begin ] --END-- [ RunTime:0.000388s ]
NOTIC: [8] A session had already been started - ignoring session_start() /www/weixin/App/Home/Controller/WechatController.class.php 第 7 行.
NOTIC: [8] file_get_contents(): Content-type not specified assuming application/x-www-form-urlencoded /www/weixin/App/Home/Controller/MenuController.class.php 第 114 行.
INFO: [ app_end ] --START--
INFO: Run Behavior\ShowPageTraceBehavior [ RunTime:0.000501s ]
INFO: [ app_end ] --END-- [ RunTime:0.000616s ]

[ 2015-02-12T14:25:57+08:00 ] 140.207.54.80 /?signature=17f043eb49ea17ae49fb80aeaea31b0212517f55&timestamp=1423722356&nonce=1625741838
INFO: [ app_init ] --START--
INFO: Run Behavior\BuildLiteBehavior [ RunTime:0.000021s ]
INFO: [ app_init ] --END-- [ RunTime:0.000365s ]
INFO: [ app_begin ] --START--
INFO: Run Behavior\ReadHtmlCacheBehavior [ RunTime:0.000451s ]
INFO: [ app_begin ] --END-- [ RunTime:0.000780s ]
NOTIC: [8] A session had already been started - ignoring session_start() /www/weixin/App/Home/Controller/WechatController.class.php 第 7 行.
NOTIC: [8] Undefined index: premessage /www/weixin/App/Home/Controller/WechatController.class.php 第 232 行.
NOTIC: [8] file_get_contents(): Content-type not specified assuming application/x-www-form-urlencoded /www/weixin/App/Home/Controller/MenuController.class.php 第 114 行.
INFO: [ app_end ] --START--
INFO: Run Behavior\ShowPageTraceBehavior [ RunTime:0.000529s ]
INFO: [ app_end ] --END-- [ RunTime:0.000646s ]

[ 2015-02-12T14:27:12+08:00 ] 140.207.54.80 /?signature=e1faee685b9255e5f253d871d59e5703e29206f7&timestamp=1423722431&nonce=2041226366
INFO: [ app_init ] --START--
INFO: Run Behavior\BuildLiteBehavior [ RunTime:0.000023s ]
INFO: [ app_init ] --END-- [ RunTime:0.000354s ]
INFO: [ app_begin ] --START--
INFO: Run Behavior\ReadHtmlCacheBehavior [ RunTime:0.000353s ]
INFO: [ app_begin ] --END-- [ RunTime:0.000410s ]
NOTIC: [8] A session had already been started - ignoring session_start() /www/weixin/App/Home/Controller/WechatController.class.php 第 7 行.
NOTIC: [8] file_get_contents(): Content-type not specified assuming application/x-www-form-urlencoded /www/weixin/App/Home/Controller/MenuController.class.php 第 114 行.
INFO: [ app_end ] --START--
INFO: Run Behavior\ShowPageTraceBehavior [ RunTime:0.000504s ]
INFO: [ app_end ] --END-- [ RunTime:0.000622s ]

[ 2015-02-12T14:27:22+08:00 ] 140.207.54.80 /?signature=fa4569057acb7f8bff8387136e28bf399b608b57&timestamp=1423722441&nonce=1711676829
INFO: [ app_init ] --START--
INFO: Run Behavior\BuildLiteBehavior [ RunTime:0.000017s ]
INFO: [ app_init ] --END-- [ RunTime:0.000278s ]
INFO: [ app_begin ] --START--
INFO: Run Behavior\ReadHtmlCacheBehavior [ RunTime:0.000328s ]
INFO: [ app_begin ] --END-- [ RunTime:0.000387s ]
NOTIC: [8] A session had already been started - ignoring session_start() /www/weixin/App/Home/Controller/WechatController.class.php 第 7 行.
NOTIC: [8] Undefined index: premessage /www/weixin/App/Home/Controller/WechatController.class.php 第 232 行.
NOTIC: [8] Undefined index: premessage /www/weixin/App/Home/Controller/WechatController.class.php 第 238 行.
NOTIC: [8] file_get_contents(): Content-type not specified assuming application/x-www-form-urlencoded /www/weixin/App/Home/Controller/MenuController.class.php 第 114 行.
INFO: [ app_end ] --START--
INFO: Run Behavior\ShowPageTraceBehavior [ RunTime:0.000496s ]
INFO: [ app_end ] --END-- [ RunTime:0.000609s ]

[ 2015-02-12T14:27:59+08:00 ] 140.207.54.80 /?signature=7698e7214307c660103038b8a23719e730f24dc2&timestamp=1423722479&nonce=1377539319
INFO: [ app_init ] --START--
INFO: Run Behavior\BuildLiteBehavior [ RunTime:0.000030s ]
INFO: [ app_init ] --END-- [ RunTime:0.000475s ]
INFO: [ app_begin ] --START--
INFO: Run Behavior\ReadHtmlCacheBehavior [ RunTime:0.000545s ]
INFO: [ app_begin ] --END-- [ RunTime:0.000640s ]
NOTIC: [8] A session had already been started - ignoring session_start() /www/weixin/App/Home/Controller/WechatController.class.php 第 7 行.
NOTIC: [8] file_get_contents(): Content-type not specified assuming application/x-www-form-urlencoded /www/weixin/App/Home/Controller/MenuController.class.php 第 114 行.
INFO: [ app_end ] --START--
INFO: Run Behavior\ShowPageTraceBehavior [ RunTime:0.000645s ]
INFO: [ app_end ] --END-- [ RunTime:0.000764s ]

[ 2015-02-12T14:28:54+08:00 ] 140.207.54.78 /?signature=dad5137f25d7e2e8f88de5a2a9455f40c43018e0&timestamp=1423722533&nonce=2048182143
INFO: [ app_init ] --START--
INFO: Run Behavior\BuildLiteBehavior [ RunTime:0.000015s ]
INFO: [ app_init ] --END-- [ RunTime:0.000270s ]
INFO: [ app_begin ] --START--
INFO: Run Behavior\ReadHtmlCacheBehavior [ RunTime:0.000331s ]
INFO: [ app_begin ] --END-- [ RunTime:0.000388s ]
NOTIC: [8] A session had already been started - ignoring session_start() /www/weixin/App/Home/Controller/WechatController.class.php 第 7 行.
NOTIC: [8] file_get_contents(): Content-type not specified assuming application/x-www-form-urlencoded /www/weixin/App/Home/Controller/MenuController.class.php 第 114 行.
INFO: [ app_end ] --START--
INFO: Run Behavior\ShowPageTraceBehavior [ RunTime:0.000494s ]
INFO: [ app_end ] --END-- [ RunTime:0.000609s ]

[ 2015-02-12T14:28:59+08:00 ] 140.207.54.80 /?signature=15d2da623b7e92e6018402de177b89601fe3d14d&timestamp=1423722538&nonce=2011948160
INFO: [ app_init ] --START--
INFO: Run Behavior\BuildLiteBehavior [ RunTime:0.000020s ]
INFO: [ app_init ] --END-- [ RunTime:0.000282s ]
INFO: [ app_begin ] --START--
INFO: Run Behavior\ReadHtmlCacheBehavior [ RunTime:0.000333s ]
INFO: [ app_begin ] --END-- [ RunTime:0.000390s ]
NOTIC: [8] A session had already been started - ignoring session_start() /www/weixin/App/Home/Controller/WechatController.class.php 第 7 行.
NOTIC: [8] Undefined index: premessage /www/weixin/App/Home/Controller/WechatController.class.php 第 232 行.
NOTIC: [8] Undefined index: premessage /www/weixin/App/Home/Controller/WechatController.class.php 第 238 行.
NOTIC: [8] file_get_contents(): Content-type not specified assuming application/x-www-form-urlencoded /www/weixin/App/Home/Controller/MenuController.class.php 第 114 行.
INFO: [ app_end ] --START--
INFO: Run Behavior\ShowPageTraceBehavior [ RunTime:0.000753s ]
INFO: [ app_end ] --END-- [ RunTime:0.000896s ]

[ 2015-02-12T14:29:29+08:00 ] 140.207.54.80 /?signature=019d2a008f9be0c6cf974b2227ccd161c5cb2fca&timestamp=1423722568&nonce=1468874163
INFO: [ app_init ] --START--
INFO: Run Behavior\BuildLiteBehavior [ RunTime:0.000018s ]
INFO: [ app_init ] --END-- [ RunTime:0.000308s ]
INFO: [ app_begin ] --START--
INFO: Run Behavior\ReadHtmlCacheBehavior [ RunTime:0.000452s ]
INFO: [ app_begin ] --END-- [ RunTime:0.000555s ]
NOTIC: [8] A session had already been started - ignoring session_start() /www/weixin/App/Home/Controller/WechatController.class.php 第 7 行.
NOTIC: [8] Undefined index: premessage /www/weixin/App/Home/Controller/WechatController.class.php 第 232 行.
NOTIC: [8] Undefined index: premessage /www/weixin/App/Home/Controller/WechatController.class.php 第 238 行.
NOTIC: [8] file_get_contents(): Content-type not specified assuming application/x-www-form-urlencoded /www/weixin/App/Home/Controller/MenuController.class.php 第 114 行.
INFO: [ app_end ] --START--
INFO: Run Behavior\ShowPageTraceBehavior [ RunTime:0.000577s ]
INFO: [ app_end ] --END-- [ RunTime:0.000733s ]

[ 2015-02-12T14:29:36+08:00 ] 140.207.54.80 /?signature=7f3816a201292d7bf5215e7baed1e7f9407cf256&timestamp=1423722575&nonce=837354457
INFO: [ app_init ] --START--
INFO: Run Behavior\BuildLiteBehavior [ RunTime:0.000018s ]
INFO: [ app_init ] --END-- [ RunTime:0.000277s ]
INFO: [ app_begin ] --START--
INFO: Run Behavior\ReadHtmlCacheBehavior [ RunTime:0.000326s ]
INFO: [ app_begin ] --END-- [ RunTime:0.000383s ]
NOTIC: [8] A session had already been started - ignoring session_start() /www/weixin/App/Home/Controller/WechatController.class.php 第 7 行.
NOTIC: [8] file_get_contents(): Content-type not specified assuming application/x-www-form-urlencoded /www/weixin/App/Home/Controller/MenuController.class.php 第 114 行.
INFO: [ app_end ] --START--
INFO: Run Behavior\ShowPageTraceBehavior [ RunTime:0.000511s ]
INFO: [ app_end ] --END-- [ RunTime:0.000629s ]

[ 2015-02-12T14:29:53+08:00 ] 140.207.54.78 /?signature=efb89afaaf63d7e1f4e2a0f8236048c797a5ce12&timestamp=1423722592&nonce=458150340
INFO: [ app_init ] --START--
INFO: Run Behavior\BuildLiteBehavior [ RunTime:0.000015s ]
INFO: [ app_init ] --END-- [ RunTime:0.000269s ]
INFO: [ app_begin ] --START--
INFO: Run Behavior\ReadHtmlCacheBehavior [ RunTime:0.000401s ]
INFO: [ app_begin ] --END-- [ RunTime:0.000458s ]
NOTIC: [8] A session had already been started - ignoring session_start() /www/weixin/App/Home/Controller/WechatController.class.php 第 7 行.
NOTIC: [8] Undefined index: premessage /www/weixin/App/Home/Controller/WechatController.class.php 第 232 行.
NOTIC: [8] Undefined index: premessage /www/weixin/App/Home/Controller/WechatController.class.php 第 238 行.
NOTIC: [8] file_get_contents(): Content-type not specified assuming application/x-www-form-urlencoded /www/weixin/App/Home/Controller/MenuController.class.php 第 114 行.
INFO: [ app_end ] --START--
INFO: Run Behavior\ShowPageTraceBehavior [ RunTime:0.000542s ]
INFO: [ app_end ] --END-- [ RunTime:0.000680s ]

[ 2015-02-12T14:32:43+08:00 ] 140.207.54.78 /?signature=01845b654f95b5470881d053b57a3eaa646d1ca8&timestamp=1423722762&nonce=1498928854
INFO: [ app_init ] --START--
INFO: Run Behavior\BuildLiteBehavior [ RunTime:0.000015s ]
INFO: [ app_init ] --END-- [ RunTime:0.000269s ]
INFO: [ app_begin ] --START--
INFO: Run Behavior\ReadHtmlCacheBehavior [ RunTime:0.000323s ]
INFO: [ app_begin ] --END-- [ RunTime:0.000404s ]
NOTIC: [8] A session had already been started - ignoring session_start() /www/weixin/App/Home/Controller/WechatController.class.php 第 7 行.
NOTIC: [8] file_get_contents(): Content-type not specified assuming application/x-www-form-urlencoded /www/weixin/App/Home/Controller/MenuController.class.php 第 114 行.
INFO: [ app_end ] --START--
INFO: Run Behavior\ShowPageTraceBehavior [ RunTime:0.000632s ]
INFO: [ app_end ] --END-- [ RunTime:0.000754s ]

[ 2015-02-12T14:32:50+08:00 ] 140.207.54.80 /?signature=5b3f32862b396199fbf8f1f183ff82f50b8e2c29&timestamp=1423722769&nonce=1899721851
INFO: [ app_init ] --START--
INFO: Run Behavior\BuildLiteBehavior [ RunTime:0.000016s ]
INFO: [ app_init ] --END-- [ RunTime:0.000300s ]
INFO: [ app_begin ] --START--
INFO: Run Behavior\ReadHtmlCacheBehavior [ RunTime:0.000357s ]
INFO: [ app_begin ] --END-- [ RunTime:0.000415s ]
NOTIC: [8] A session had already been started - ignoring session_start() /www/weixin/App/Home/Controller/WechatController.class.php 第 7 行.
NOTIC: [8] file_get_contents(): Content-type not specified assuming application/x-www-form-urlencoded /www/weixin/App/Home/Controller/MenuController.class.php 第 114 行.
INFO: [ app_end ] --START--
INFO: Run Behavior\ShowPageTraceBehavior [ RunTime:0.000748s ]
INFO: [ app_end ] --END-- [ RunTime:0.000908s ]

[ 2015-02-12T14:38:57+08:00 ] 140.207.54.80 /?signature=4fe620f77a9ef265c6059a75b70a4cd3075cf66a&timestamp=1423723137&nonce=1174693375
INFO: [ app_init ] --START--
INFO: Run Behavior\BuildLiteBehavior [ RunTime:0.000024s ]
INFO: [ app_init ] --END-- [ RunTime:0.000416s ]
INFO: [ app_begin ] --START--
INFO: Run Behavior\ReadHtmlCacheBehavior [ RunTime:0.000471s ]
INFO: [ app_begin ] --END-- [ RunTime:0.000554s ]
NOTIC: [8] A session had already been started - ignoring session_start() /www/weixin/App/Home/Controller/WechatController.class.php 第 7 行.
NOTIC: [8] file_get_contents(): Content-type not specified assuming application/x-www-form-urlencoded /www/weixin/App/Home/Controller/MenuController.class.php 第 114 行.
INFO: [ app_end ] --START--
INFO: Run Behavior\ShowPageTraceBehavior [ RunTime:0.000517s ]
INFO: [ app_end ] --END-- [ RunTime:0.000647s ]

[ 2015-02-12T14:39:08+08:00 ] 140.207.54.76 /?signature=28803a711507f8281b96e95e18d80a961bd06252&timestamp=1423723147&nonce=507742526
INFO: [ app_init ] --START--
INFO: Run Behavior\BuildLiteBehavior [ RunTime:0.000016s ]
INFO: [ app_init ] --END-- [ RunTime:0.000270s ]
INFO: [ app_begin ] --START--
INFO: Run Behavior\ReadHtmlCacheBehavior [ RunTime:0.000323s ]
INFO: [ app_begin ] --END-- [ RunTime:0.000379s ]
NOTIC: [8] A session had already been started - ignoring session_start() /www/weixin/App/Home/Controller/WechatController.class.php 第 7 行.
NOTIC: [8] file_get_contents(): Content-type not specified assuming application/x-www-form-urlencoded /www/weixin/App/Home/Controller/MenuController.class.php 第 114 行.
INFO: [ app_end ] --START--
INFO: Run Behavior\ShowPageTraceBehavior [ RunTime:0.000744s ]
INFO: [ app_end ] --END-- [ RunTime:0.000915s ]

[ 2015-02-12T14:41:59+08:00 ] 140.207.54.80 /?signature=8ae2956220b0cee149ae4eee940d6f90eb88b28f&timestamp=1423723319&nonce=772719225
INFO: [ app_init ] --START--
INFO: Run Behavior\BuildLiteBehavior [ RunTime:0.000017s ]
INFO: [ app_init ] --END-- [ RunTime:0.000278s ]
INFO: [ app_begin ] --START--
INFO: Run Behavior\ReadHtmlCacheBehavior [ RunTime:0.000408s ]
INFO: [ app_begin ] --END-- [ RunTime:0.000466s ]
NOTIC: [8] A session had already been started - ignoring session_start() /www/weixin/App/Home/Controller/WechatController.class.php 第 7 行.
NOTIC: [8] file_get_contents(): Content-type not specified assuming application/x-www-form-urlencoded /www/weixin/App/Home/Controller/MenuController.class.php 第 114 行.
INFO: [ app_end ] --START--
INFO: Run Behavior\ShowPageTraceBehavior [ RunTime:0.000499s ]
INFO: [ app_end ] --END-- [ RunTime:0.000633s ]

[ 2015-02-12T14:42:58+08:00 ] 140.207.54.80 /?signature=196f366f281dd45d7da13d457010c566121816c6&timestamp=1423723377&nonce=948309504
INFO: [ app_init ] --START--
INFO: Run Behavior\BuildLiteBehavior [ RunTime:0.000015s ]
INFO: [ app_init ] --END-- [ RunTime:0.000266s ]
INFO: [ app_begin ] --START--
INFO: Run Behavior\ReadHtmlCacheBehavior [ RunTime:0.000328s ]
INFO: [ app_begin ] --END-- [ RunTime:0.000383s ]
NOTIC: [8] A session had already been started - ignoring session_start() /www/weixin/App/Home/Controller/WechatController.class.php 第 7 行.
NOTIC: [8] file_get_contents(): Content-type not specified assuming application/x-www-form-urlencoded /www/weixin/App/Home/Controller/MenuController.class.php 第 114 行.
INFO: [ app_end ] --START--
INFO: Run Behavior\ShowPageTraceBehavior [ RunTime:0.000521s ]
INFO: [ app_end ] --END-- [ RunTime:0.000639s ]

[ 2015-02-12T14:43:00+08:00 ] 140.207.54.74 /?signature=5875837578cf4e617a84eb813ead3bffee98a3bc&timestamp=1423723380&nonce=1551395824
INFO: [ app_init ] --START--
INFO: Run Behavior\BuildLiteBehavior [ RunTime:0.000016s ]
INFO: [ app_init ] --END-- [ RunTime:0.000275s ]
INFO: [ app_begin ] --START--
INFO: Run Behavior\ReadHtmlCacheBehavior [ RunTime:0.000332s ]
INFO: [ app_begin ] --END-- [ RunTime:0.000400s ]
NOTIC: [8] A session had already been started - ignoring session_start() /www/weixin/App/Home/Controller/WechatController.class.php 第 7 行.
NOTIC: [8] file_get_contents(): Content-type not specified assuming application/x-www-form-urlencoded /www/weixin/App/Home/Controller/MenuController.class.php 第 114 行.
INFO: [ app_end ] --START--
INFO: Run Behavior\ShowPageTraceBehavior [ RunTime:0.000542s ]
INFO: [ app_end ] --END-- [ RunTime:0.000678s ]

[ 2015-02-12T14:43:41+08:00 ] 140.207.54.80 /?signature=1f2ed74732f3e56dd18b311ebb851b9c766a32b5&timestamp=1423723420&nonce=2062590947
INFO: [ app_init ] --START--
INFO: Run Behavior\BuildLiteBehavior [ RunTime:0.000017s ]
INFO: [ app_init ] --END-- [ RunTime:0.000310s ]
INFO: [ app_begin ] --START--
INFO: Run Behavior\ReadHtmlCacheBehavior [ RunTime:0.000404s ]
INFO: [ app_begin ] --END-- [ RunTime:0.000473s ]
NOTIC: [8] A session had already been started - ignoring session_start() /www/weixin/App/Home/Controller/WechatController.class.php 第 7 行.
NOTIC: [8] file_get_contents(): Content-type not specified assuming application/x-www-form-urlencoded /www/weixin/App/Home/Controller/MenuController.class.php 第 114 行.
INFO: [ app_end ] --START--
INFO: Run Behavior\ShowPageTraceBehavior [ RunTime:0.000520s ]
INFO: [ app_end ] --END-- [ RunTime:0.000637s ]

[ 2015-02-12T14:44:55+08:00 ] 140.207.54.77 /?signature=515004a4fcc2ca67ecbba1d61eab45c4c7f486ab&timestamp=1423723494&nonce=1285710549
INFO: [ app_init ] --START--
INFO: Run Behavior\BuildLiteBehavior [ RunTime:0.000020s ]
INFO: [ app_init ] --END-- [ RunTime:0.000276s ]
INFO: [ app_begin ] --START--
INFO: Run Behavior\ReadHtmlCacheBehavior [ RunTime:0.000361s ]
INFO: [ app_begin ] --END-- [ RunTime:0.000418s ]
NOTIC: [8] A session had already been started - ignoring session_start() /www/weixin/App/Home/Controller/WechatController.class.php 第 7 行.
NOTIC: [8] file_get_contents(): Content-type not specified assuming application/x-www-form-urlencoded /www/weixin/App/Home/Controller/MenuController.class.php 第 114 行.
INFO: [ app_end ] --START--
INFO: Run Behavior\ShowPageTraceBehavior [ RunTime:0.000562s ]
INFO: [ app_end ] --END-- [ RunTime:0.000679s ]

[ 2015-02-12T14:45:17+08:00 ] 140.207.54.77 /?signature=40b75e28f52738710d48f1d059475baabd9cf79d&timestamp=1423723517&nonce=717551926
INFO: [ app_init ] --START--
INFO: Run Behavior\BuildLiteBehavior [ RunTime:0.000020s ]
INFO: [ app_init ] --END-- [ RunTime:0.000301s ]
INFO: [ app_begin ] --START--
INFO: Run Behavior\ReadHtmlCacheBehavior [ RunTime:0.000343s ]
INFO: [ app_begin ] --END-- [ RunTime:0.000415s ]
NOTIC: [8] A session had already been started - ignoring session_start() /www/weixin/App/Home/Controller/WechatController.class.php 第 7 行.
NOTIC: [8] file_get_contents(): Content-type not specified assuming application/x-www-form-urlencoded /www/weixin/App/Home/Controller/MenuController.class.php 第 114 行.
INFO: [ app_end ] --START--
INFO: Run Behavior\ShowPageTraceBehavior [ RunTime:0.000501s ]
INFO: [ app_end ] --END-- [ RunTime:0.000636s ]

[ 2015-02-12T14:46:57+08:00 ] 140.207.54.75 /?signature=cfa9ab6d21074cd1ea90bd7e3fe14a30e6dd316c&timestamp=1423723616&nonce=233996301
INFO: [ app_init ] --START--
INFO: Run Behavior\BuildLiteBehavior [ RunTime:0.000016s ]
INFO: [ app_init ] --END-- [ RunTime:0.000278s ]
INFO: [ app_begin ] --START--
INFO: Run Behavior\ReadHtmlCacheBehavior [ RunTime:0.000663s ]
INFO: [ app_begin ] --END-- [ RunTime:0.000723s ]
NOTIC: [8] A session had already been started - ignoring session_start() /www/weixin/App/Home/Controller/WechatController.class.php 第 7 行.
NOTIC: [8] file_get_contents(): Content-type not specified assuming application/x-www-form-urlencoded /www/weixin/App/Home/Controller/MenuController.class.php 第 114 行.
INFO: [ app_end ] --START--
INFO: Run Behavior\ShowPageTraceBehavior [ RunTime:0.000504s ]
INFO: [ app_end ] --END-- [ RunTime:0.000619s ]

[ 2015-02-12T14:47:51+08:00 ] 140.207.54.76 /?signature=1baa1301d9765999ac099f9082274cc8367d87a7&timestamp=1423723670&nonce=25008869
INFO: [ app_init ] --START--
INFO: Run Behavior\BuildLiteBehavior [ RunTime:0.000015s ]
INFO: [ app_init ] --END-- [ RunTime:0.000300s ]
INFO: [ app_begin ] --START--
INFO: Run Behavior\ReadHtmlCacheBehavior [ RunTime:0.000320s ]
INFO: [ app_begin ] --END-- [ RunTime:0.000390s ]
NOTIC: [8] A session had already been started - ignoring session_start() /www/weixin/App/Home/Controller/WechatController.class.php 第 7 行.
NOTIC: [8] file_get_contents(): Content-type not specified assuming application/x-www-form-urlencoded /www/weixin/App/Home/Controller/MenuController.class.php 第 114 行.
INFO: [ app_end ] --START--
INFO: Run Behavior\ShowPageTraceBehavior [ RunTime:0.000501s ]
INFO: [ app_end ] --END-- [ RunTime:0.000625s ]

[ 2015-02-12T14:48:01+08:00 ] 140.207.54.80 /?signature=49bece3960483288e8dcbad68fab2477eca3602a&timestamp=1423723681&nonce=1339037431
INFO: [ app_init ] --START--
INFO: Run Behavior\BuildLiteBehavior [ RunTime:0.000016s ]
INFO: [ app_init ] --END-- [ RunTime:0.000274s ]
INFO: [ app_begin ] --START--
INFO: Run Behavior\ReadHtmlCacheBehavior [ RunTime:0.000322s ]
INFO: [ app_begin ] --END-- [ RunTime:0.000380s ]
NOTIC: [8] A session had already been started - ignoring session_start() /www/weixin/App/Home/Controller/WechatController.class.php 第 7 行.
NOTIC: [8] file_get_contents(): Content-type not specified assuming application/x-www-form-urlencoded /www/weixin/App/Home/Controller/MenuController.class.php 第 114 行.
INFO: [ app_end ] --START--
INFO: Run Behavior\ShowPageTraceBehavior [ RunTime:0.000776s ]
INFO: [ app_end ] --END-- [ RunTime:0.000951s ]

[ 2015-02-12T15:07:31+08:00 ] 140.207.54.80 /?signature=31926cac5b2c0b1cd041b07ff3b260bf26a087d3&timestamp=1423724851&nonce=378554129
INFO: [ app_init ] --START--
INFO: Run Behavior\BuildLiteBehavior [ RunTime:0.000016s ]
INFO: [ app_init ] --END-- [ RunTime:0.000284s ]
INFO: [ app_begin ] --START--
INFO: Run Behavior\ReadHtmlCacheBehavior [ RunTime:0.000403s ]
INFO: [ app_begin ] --END-- [ RunTime:0.000463s ]
NOTIC: [8] A session had already been started - ignoring session_start() /www/weixin/App/Home/Controller/WechatController.class.php 第 7 行.
NOTIC: [8] file_get_contents(): Content-type not specified assuming application/x-www-form-urlencoded /www/weixin/App/Home/Controller/MenuController.class.php 第 114 行.
INFO: [ app_end ] --START--
INFO: Run Behavior\ShowPageTraceBehavior [ RunTime:0.000492s ]
INFO: [ app_end ] --END-- [ RunTime:0.000609s ]

[ 2015-02-12T15:07:57+08:00 ] 140.207.54.77 /?signature=60c773d36aac9eea0da55468df4c3f10b6ac7e2c&timestamp=1423724876&nonce=1541157838
INFO: [ app_init ] --START--
INFO: Run Behavior\BuildLiteBehavior [ RunTime:0.000016s ]
INFO: [ app_init ] --END-- [ RunTime:0.000272s ]
INFO: [ app_begin ] --START--
INFO: Run Behavior\ReadHtmlCacheBehavior [ RunTime:0.000351s ]
INFO: [ app_begin ] --END-- [ RunTime:0.000436s ]
NOTIC: [8] A session had already been started - ignoring session_start() /www/weixin/App/Home/Controller/WechatController.class.php 第 7 行.
NOTIC: [8] file_get_contents(): Content-type not specified assuming application/x-www-form-urlencoded /www/weixin/App/Home/Controller/MenuController.class.php 第 114 行.
INFO: [ app_end ] --START--
INFO: Run Behavior\ShowPageTraceBehavior [ RunTime:0.000515s ]
INFO: [ app_end ] --END-- [ RunTime:0.000634s ]

[ 2015-02-12T15:08:26+08:00 ] 140.207.54.80 /?signature=852847554c77fadf576175af5fd567114c0d86de&timestamp=1423724906&nonce=688284259
INFO: [ app_init ] --START--
INFO: Run Behavior\BuildLiteBehavior [ RunTime:0.000017s ]
INFO: [ app_init ] --END-- [ RunTime:0.000275s ]
INFO: [ app_begin ] --START--
INFO: Run Behavior\ReadHtmlCacheBehavior [ RunTime:0.000332s ]
INFO: [ app_begin ] --END-- [ RunTime:0.000389s ]
NOTIC: [8] A session had already been started - ignoring session_start() /www/weixin/App/Home/Controller/WechatController.class.php 第 7 行.
NOTIC: [8] file_get_contents(): Content-type not specified assuming application/x-www-form-urlencoded /www/weixin/App/Home/Controller/MenuController.class.php 第 114 行.
INFO: [ app_end ] --START--
INFO: Run Behavior\ShowPageTraceBehavior [ RunTime:0.000521s ]
INFO: [ app_end ] --END-- [ RunTime:0.000655s ]

[ 2015-02-12T15:09:08+08:00 ] 140.207.54.77 /?signature=1676708e1133799de60b72016fe259f4223bb569&timestamp=1423724947&nonce=1802304683
INFO: [ app_init ] --START--
INFO: Run Behavior\BuildLiteBehavior [ RunTime:0.000016s ]
INFO: [ app_init ] --END-- [ RunTime:0.000276s ]
INFO: [ app_begin ] --START--
INFO: Run Behavior\ReadHtmlCacheBehavior [ RunTime:0.000335s ]
INFO: [ app_begin ] --END-- [ RunTime:0.000400s ]
NOTIC: [8] A session had already been started - ignoring session_start() /www/weixin/App/Home/Controller/WechatController.class.php 第 7 行.
NOTIC: [8] file_get_contents(): Content-type not specified assuming application/x-www-form-urlencoded /www/weixin/App/Home/Controller/MenuController.class.php 第 114 行.
INFO: [ app_end ] --START--
INFO: Run Behavior\ShowPageTraceBehavior [ RunTime:0.000504s ]
INFO: [ app_end ] --END-- [ RunTime:0.000629s ]

[ 2015-02-12T15:09:31+08:00 ] 140.207.54.77 /?signature=c05905bf38aa52fa63eab256a605f408ff0baff1&timestamp=1423724970&nonce=706477977
INFO: [ app_init ] --START--
INFO: Run Behavior\BuildLiteBehavior [ RunTime:0.000015s ]
INFO: [ app_init ] --END-- [ RunTime:0.000285s ]
INFO: [ app_begin ] --START--
INFO: Run Behavior\ReadHtmlCacheBehavior [ RunTime:0.000380s ]
INFO: [ app_begin ] --END-- [ RunTime:0.000454s ]
NOTIC: [8] A session had already been started - ignoring session_start() /www/weixin/App/Home/Controller/WechatController.class.php 第 7 行.
NOTIC: [8] file_get_contents(): Content-type not specified assuming application/x-www-form-urlencoded /www/weixin/App/Home/Controller/MenuController.class.php 第 114 行.
INFO: [ app_end ] --START--
INFO: Run Behavior\ShowPageTraceBehavior [ RunTime:0.000509s ]
INFO: [ app_end ] --END-- [ RunTime:0.000633s ]

[ 2015-02-12T15:10:11+08:00 ] 140.207.54.77 /?signature=1dee06c0065082f261aab08aaae9fa3b630d94c6&timestamp=1423725011&nonce=601433028
INFO: [ app_init ] --START--
INFO: Run Behavior\BuildLiteBehavior [ RunTime:0.000018s ]
INFO: [ app_init ] --END-- [ RunTime:0.000286s ]
INFO: [ app_begin ] --START--
INFO: Run Behavior\ReadHtmlCacheBehavior [ RunTime:0.000362s ]
INFO: [ app_begin ] --END-- [ RunTime:0.000421s ]
NOTIC: [8] A session had already been started - ignoring session_start() /www/weixin/App/Home/Controller/WechatController.class.php 第 7 行.
NOTIC: [8] file_get_contents(): Content-type not specified assuming application/x-www-form-urlencoded /www/weixin/App/Home/Controller/MenuController.class.php 第 114 行.
INFO: [ app_end ] --START--
INFO: Run Behavior\ShowPageTraceBehavior [ RunTime:0.000564s ]
INFO: [ app_end ] --END-- [ RunTime:0.000681s ]

[ 2015-02-12T15:10:40+08:00 ] 140.207.54.74 /?signature=ce52a900d7dd0427692ae7a19c50a773064c68b3&timestamp=1423725039&nonce=2077976191
INFO: [ app_init ] --START--
INFO: Run Behavior\BuildLiteBehavior [ RunTime:0.000017s ]
INFO: [ app_init ] --END-- [ RunTime:0.000287s ]
INFO: [ app_begin ] --START--
INFO: Run Behavior\ReadHtmlCacheBehavior [ RunTime:0.000329s ]
INFO: [ app_begin ] --END-- [ RunTime:0.000385s ]
NOTIC: [8] A session had already been started - ignoring session_start() /www/weixin/App/Home/Controller/WechatController.class.php 第 7 行.
NOTIC: [8] file_get_contents(): Content-type not specified assuming application/x-www-form-urlencoded /www/weixin/App/Home/Controller/MenuController.class.php 第 114 行.
INFO: [ app_end ] --START--
INFO: Run Behavior\ShowPageTraceBehavior [ RunTime:0.000530s ]
INFO: [ app_end ] --END-- [ RunTime:0.000646s ]

[ 2015-02-12T15:10:48+08:00 ] 140.207.54.74 /?signature=e74d6af4f3e5abd300510a16dbc5ae7a8eeef00c&timestamp=1423725047&nonce=591717265
INFO: [ app_init ] --START--
INFO: Run Behavior\BuildLiteBehavior [ RunTime:0.000015s ]
INFO: [ app_init ] --END-- [ RunTime:0.000290s ]
INFO: [ app_begin ] --START--
INFO: Run Behavior\ReadHtmlCacheBehavior [ RunTime:0.000389s ]
INFO: [ app_begin ] --END-- [ RunTime:0.000459s ]
NOTIC: [8] A session had already been started - ignoring session_start() /www/weixin/App/Home/Controller/WechatController.class.php 第 7 行.
NOTIC: [8] file_get_contents(): Content-type not specified assuming application/x-www-form-urlencoded /www/weixin/App/Home/Controller/MenuController.class.php 第 114 行.
INFO: [ app_end ] --START--
INFO: Run Behavior\ShowPageTraceBehavior [ RunTime:0.000544s ]
INFO: [ app_end ] --END-- [ RunTime:0.000672s ]

[ 2015-02-12T15:23:58+08:00 ] 140.207.54.76 /?signature=1d91c15380dfe410ceb46d5cecb8278cd3360351&timestamp=1423725838&nonce=1006026399
INFO: [ app_init ] --START--
INFO: Run Behavior\BuildLiteBehavior [ RunTime:0.000016s ]
INFO: [ app_init ] --END-- [ RunTime:0.000269s ]
INFO: [ app_begin ] --START--
INFO: Run Behavior\ReadHtmlCacheBehavior [ RunTime:0.000322s ]
INFO: [ app_begin ] --END-- [ RunTime:0.000381s ]

[ 2015-02-12T15:23:59+08:00 ] 116.204.86.108 /Home/Suggestion/index
INFO: [ app_init ] --START--
INFO: Run Behavior\BuildLiteBehavior [ RunTime:0.000017s ]
INFO: [ app_init ] --END-- [ RunTime:0.000292s ]
INFO: [ app_begin ] --START--
INFO: Run Behavior\ReadHtmlCacheBehavior [ RunTime:0.000357s ]
INFO: [ app_begin ] --END-- [ RunTime:0.000414s ]
SQL: SHOW COLUMNS FROM `wx_option` [ RunTime:0.0007s ]
SQL: SELECT `meta_value` FROM `wx_option` WHERE ( meta_key='site_url' ) LIMIT 1   [ RunTime:0.0001s ]
SQL: SELECT `meta_value` FROM `wx_option` WHERE ( meta_key='site_url' ) LIMIT 1   [ RunTime:0.0001s ]
SQL: SELECT `meta_value` FROM `wx_option` WHERE ( meta_key='site_url' ) LIMIT 1   [ RunTime:0.0001s ]
INFO: [ view_filter ] --START--
INFO: Run Behavior\WriteHtmlCacheBehavior [ RunTime:0.000135s ]
INFO: [ view_filter ] --END-- [ RunTime:0.000192s ]
INFO: [ app_end ] --START--
INFO: Run Behavior\ShowPageTraceBehavior [ RunTime:0.000382s ]
INFO: [ app_end ] --END-- [ RunTime:0.000437s ]

[ 2015-02-12T15:24:17+08:00 ] 140.207.54.77 /?signature=ec7318e1aa7646a209d31852a45ed4d8e54e3b3f&timestamp=1423725857&nonce=1326699595
INFO: [ app_init ] --START--
INFO: Run Behavior\BuildLiteBehavior [ RunTime:0.000014s ]
INFO: [ app_init ] --END-- [ RunTime:0.000281s ]
INFO: [ app_begin ] --START--
INFO: Run Behavior\ReadHtmlCacheBehavior [ RunTime:0.000345s ]
INFO: [ app_begin ] --END-- [ RunTime:0.000402s ]

[ 2015-02-12T15:28:16+08:00 ] 140.207.54.77 /?signature=a3d933c7267723f9a2f898d304c61381540be0b6&timestamp=1423726096&nonce=2015433607
INFO: [ app_init ] --START--
INFO: Run Behavior\BuildLiteBehavior [ RunTime:0.000025s ]
INFO: [ app_init ] --END-- [ RunTime:0.000334s ]
INFO: [ app_begin ] --START--
INFO: Run Behavior\ReadHtmlCacheBehavior [ RunTime:0.000363s ]
INFO: [ app_begin ] --END-- [ RunTime:0.000422s ]

[ 2015-02-12T15:34:33+08:00 ] 140.207.54.77 /?signature=a8fc648f2c61df71ad23d1f7a2aebec5556189f0&timestamp=1423726473&nonce=1078882769
INFO: [ app_init ] --START--
INFO: Run Behavior\BuildLiteBehavior [ RunTime:0.000016s ]
INFO: [ app_init ] --END-- [ RunTime:0.000335s ]
INFO: [ app_begin ] --START--
INFO: Run Behavior\ReadHtmlCacheBehavior [ RunTime:0.000408s ]
INFO: [ app_begin ] --END-- [ RunTime:0.000472s ]

[ 2015-02-12T15:35:41+08:00 ] 140.207.54.77 /?signature=6e449c7cc8c4a6de765d90d0a49917e078953cec&timestamp=1423726541&nonce=1795183408
INFO: [ app_init ] --START--
INFO: Run Behavior\BuildLiteBehavior [ RunTime:0.000018s ]
INFO: [ app_init ] --END-- [ RunTime:0.000277s ]
INFO: [ app_begin ] --START--
INFO: Run Behavior\ReadHtmlCacheBehavior [ RunTime:0.000325s ]
INFO: [ app_begin ] --END-- [ RunTime:0.000383s ]

[ 2015-02-12T15:42:32+08:00 ] 140.207.54.77 /?signature=cc20c5b4a3b5679c10df482f3e3871e8d7fa41d5&timestamp=1423726952&nonce=888859212
INFO: [ app_init ] --START--
INFO: Run Behavior\BuildLiteBehavior [ RunTime:0.000019s ]
INFO: [ app_init ] --END-- [ RunTime:0.000339s ]
INFO: [ app_begin ] --START--
INFO: Run Behavior\ReadHtmlCacheBehavior [ RunTime:0.000383s ]
INFO: [ app_begin ] --END-- [ RunTime:0.000441s ]

[ 2015-02-12T15:44:42+08:00 ] 140.207.54.77 /?signature=091ad201b15cb1c5a791c8219d745b05821259f5&timestamp=1423727082&nonce=1827360139
INFO: [ app_init ] --START--
INFO: Run Behavior\BuildLiteBehavior [ RunTime:0.000018s ]
INFO: [ app_init ] --END-- [ RunTime:0.000289s ]
INFO: [ app_begin ] --START--
INFO: Run Behavior\ReadHtmlCacheBehavior [ RunTime:0.000329s ]
INFO: [ app_begin ] --END-- [ RunTime:0.000387s ]

[ 2015-02-12T15:45:33+08:00 ] 140.207.54.77 /?signature=b8c2e3f7494ce59adb4c2bcf17bf2b9c3fcd17e5&timestamp=1423727133&nonce=1388379344
INFO: [ app_init ] --START--
INFO: Run Behavior\BuildLiteBehavior [ RunTime:0.000021s ]
INFO: [ app_init ] --END-- [ RunTime:0.000297s ]
INFO: [ app_begin ] --START--
INFO: Run Behavior\ReadHtmlCacheBehavior [ RunTime:0.000357s ]
INFO: [ app_begin ] --END-- [ RunTime:0.000415s ]

[ 2015-02-12T15:45:58+08:00 ] 140.207.54.77 /?signature=acbdad9af4606538e97acaf8247de95f5a1e2eff&timestamp=1423727156&nonce=482377028
INFO: [ app_init ] --START--
INFO: Run Behavior\BuildLiteBehavior [ RunTime:0.000016s ]
INFO: [ app_init ] --END-- [ RunTime:0.000279s ]
INFO: [ app_begin ] --START--
INFO: Run Behavior\ReadHtmlCacheBehavior [ RunTime:0.000374s ]
INFO: [ app_begin ] --END-- [ RunTime:0.000443s ]

[ 2015-02-12T15:46:33+08:00 ] 140.207.54.78 /?signature=5969c25bc527d08f53c7e6b1a70bc37b3c3cceeb&timestamp=1423727193&nonce=535795560
INFO: [ app_init ] --START--
INFO: Run Behavior\BuildLiteBehavior [ RunTime:0.000015s ]
INFO: [ app_init ] --END-- [ RunTime:0.000266s ]
INFO: [ app_begin ] --START--
INFO: Run Behavior\ReadHtmlCacheBehavior [ RunTime:0.000332s ]
INFO: [ app_begin ] --END-- [ RunTime:0.000389s ]
NOTIC: [8] A session had already been started - ignoring session_start() /www/weixin/App/Home/Controller/WechatController.class.php 第 6 行.
NOTIC: [8] file_get_contents(): Content-type not specified assuming application/x-www-form-urlencoded /www/weixin/App/Home/Controller/MenuController.class.php 第 114 行.
INFO: [ app_end ] --START--
INFO: Run Behavior\ShowPageTraceBehavior [ RunTime:0.000489s ]
INFO: [ app_end ] --END-- [ RunTime:0.000605s ]

[ 2015-02-12T15:47:45+08:00 ] 140.207.54.77 /?signature=24f29a3db90b02b03d478d0b49492029ab3b32d1&timestamp=1423727265&nonce=2094861469
INFO: [ app_init ] --START--
INFO: Run Behavior\BuildLiteBehavior [ RunTime:0.000016s ]
INFO: [ app_init ] --END-- [ RunTime:0.000328s ]
INFO: [ app_begin ] --START--
INFO: Run Behavior\ReadHtmlCacheBehavior [ RunTime:0.000392s ]
INFO: [ app_begin ] --END-- [ RunTime:0.000466s ]

[ 2015-02-12T15:48:58+08:00 ] 140.207.54.77 /?signature=2622cf083fc2becb937ff2f48c93ace5ee426360&timestamp=1423727338&nonce=1059980368
INFO: [ app_init ] --START--
INFO: Run Behavior\BuildLiteBehavior [ RunTime:0.000015s ]
INFO: [ app_init ] --END-- [ RunTime:0.000287s ]
INFO: [ app_begin ] --START--
INFO: Run Behavior\ReadHtmlCacheBehavior [ RunTime:0.000329s ]
INFO: [ app_begin ] --END-- [ RunTime:0.000389s ]

[ 2015-02-12T16:03:46+08:00 ] 140.207.54.77 /?signature=4ee6070b34c27fdfbcab03c252d0f44b6fe771ba&timestamp=1423728226&nonce=1915804382
INFO: [ app_init ] --START--
INFO: Run Behavior\BuildLiteBehavior [ RunTime:0.000015s ]
INFO: [ app_init ] --END-- [ RunTime:0.000306s ]
INFO: [ app_begin ] --START--
INFO: Run Behavior\ReadHtmlCacheBehavior [ RunTime:0.000322s ]
INFO: [ app_begin ] --END-- [ RunTime:0.000381s ]

[ 2015-02-12T16:03:47+08:00 ] 116.204.86.108 /Home/Suggestion/index
INFO: [ app_init ] --START--
INFO: Run Behavior\BuildLiteBehavior [ RunTime:0.000014s ]
INFO: [ app_init ] --END-- [ RunTime:0.000264s ]
INFO: [ app_begin ] --START--
INFO: Run Behavior\ReadHtmlCacheBehavior [ RunTime:0.000319s ]
INFO: [ app_begin ] --END-- [ RunTime:0.000374s ]
SQL: SHOW COLUMNS FROM `wx_option` [ RunTime:0.0007s ]
SQL: SELECT `meta_value` FROM `wx_option` WHERE ( meta_key='site_url' ) LIMIT 1   [ RunTime:0.0001s ]
SQL: SELECT `meta_value` FROM `wx_option` WHERE ( meta_key='site_url' ) LIMIT 1   [ RunTime:0.0001s ]
SQL: SELECT `meta_value` FROM `wx_option` WHERE ( meta_key='site_url' ) LIMIT 1   [ RunTime:0.0001s ]
INFO: [ view_filter ] --START--
INFO: Run Behavior\WriteHtmlCacheBehavior [ RunTime:0.000127s ]
INFO: [ view_filter ] --END-- [ RunTime:0.000181s ]
INFO: [ app_end ] --START--
INFO: Run Behavior\ShowPageTraceBehavior [ RunTime:0.000346s ]
INFO: [ app_end ] --END-- [ RunTime:0.000398s ]

[ 2015-02-12T16:03:51+08:00 ] 140.207.54.77 /?signature=f9ef87c94160d689a1119b5fd4b433b8146ce49f&timestamp=1423728231&nonce=1677302048
INFO: [ app_init ] --START--
INFO: Run Behavior\BuildLiteBehavior [ RunTime:0.000016s ]
INFO: [ app_init ] --END-- [ RunTime:0.000270s ]
INFO: [ app_begin ] --START--
INFO: Run Behavior\ReadHtmlCacheBehavior [ RunTime:0.000354s ]
INFO: [ app_begin ] --END-- [ RunTime:0.000414s ]

[ 2015-02-12T16:03:53+08:00 ] 140.207.54.77 /?signature=494479ac803ed133463cc6756fade2f4202814a2&timestamp=1423728233&nonce=1518374346
INFO: [ app_init ] --START--
INFO: Run Behavior\BuildLiteBehavior [ RunTime:0.000014s ]
INFO: [ app_init ] --END-- [ RunTime:0.000264s ]
INFO: [ app_begin ] --START--
INFO: Run Behavior\ReadHtmlCacheBehavior [ RunTime:0.000331s ]
INFO: [ app_begin ] --END-- [ RunTime:0.000388s ]

[ 2015-02-12T16:04:05+08:00 ] 140.207.54.77 /?signature=2bfd5b731be234a50bc80a0dd7e3cbdf6e11791c&timestamp=1423728245&nonce=911670089
INFO: [ app_init ] --START--
INFO: Run Behavior\BuildLiteBehavior [ RunTime:0.000015s ]
INFO: [ app_init ] --END-- [ RunTime:0.000275s ]
INFO: [ app_begin ] --START--
INFO: Run Behavior\ReadHtmlCacheBehavior [ RunTime:0.000319s ]
INFO: [ app_begin ] --END-- [ RunTime:0.000396s ]

[ 2015-02-12T16:06:53+08:00 ] 140.207.54.78 /?signature=728d760fe1a81940a543924a8bcab0f46c220ad5&timestamp=1423728413&nonce=105590594
INFO: [ app_init ] --START--
INFO: Run Behavior\BuildLiteBehavior [ RunTime:0.000016s ]
INFO: [ app_init ] --END-- [ RunTime:0.000280s ]
INFO: [ app_begin ] --START--
INFO: Run Behavior\ReadHtmlCacheBehavior [ RunTime:0.000381s ]
INFO: [ app_begin ] --END-- [ RunTime:0.000438s ]

[ 2015-02-12T16:06:54+08:00 ] 112.65.193.16 /Home/Suggestion/index
INFO: [ app_init ] --START--
INFO: Run Behavior\BuildLiteBehavior [ RunTime:0.000015s ]
INFO: [ app_init ] --END-- [ RunTime:0.000286s ]
INFO: [ app_begin ] --START--
INFO: Run Behavior\ReadHtmlCacheBehavior [ RunTime:0.000325s ]
INFO: [ app_begin ] --END-- [ RunTime:0.000381s ]
SQL: SHOW COLUMNS FROM `wx_option` [ RunTime:0.0007s ]
SQL: SELECT `meta_value` FROM `wx_option` WHERE ( meta_key='site_url' ) LIMIT 1   [ RunTime:0.0001s ]
SQL: SELECT `meta_value` FROM `wx_option` WHERE ( meta_key='site_url' ) LIMIT 1   [ RunTime:0.0001s ]
SQL: SELECT `meta_value` FROM `wx_option` WHERE ( meta_key='site_url' ) LIMIT 1   [ RunTime:0.0001s ]
INFO: [ view_filter ] --START--
INFO: Run Behavior\WriteHtmlCacheBehavior [ RunTime:0.000125s ]
INFO: [ view_filter ] --END-- [ RunTime:0.000185s ]
INFO: [ app_end ] --START--
INFO: Run Behavior\ShowPageTraceBehavior [ RunTime:0.000389s ]
INFO: [ app_end ] --END-- [ RunTime:0.000443s ]

[ 2015-02-12T16:06:54+08:00 ] 116.204.86.108 /Home/Suggestion/index
INFO: [ app_init ] --START--
INFO: Run Behavior\BuildLiteBehavior [ RunTime:0.000021s ]
INFO: [ app_init ] --END-- [ RunTime:0.000316s ]
INFO: [ app_begin ] --START--
INFO: Run Behavior\ReadHtmlCacheBehavior [ RunTime:0.000347s ]
INFO: [ app_begin ] --END-- [ RunTime:0.000407s ]
SQL: SHOW COLUMNS FROM `wx_option` [ RunTime:0.0007s ]
SQL: SELECT `meta_value` FROM `wx_option` WHERE ( meta_key='site_url' ) LIMIT 1   [ RunTime:0.0001s ]
SQL: SELECT `meta_value` FROM `wx_option` WHERE ( meta_key='site_url' ) LIMIT 1   [ RunTime:0.0001s ]
SQL: SELECT `meta_value` FROM `wx_option` WHERE ( meta_key='site_url' ) LIMIT 1   [ RunTime:0.0001s ]
INFO: [ view_filter ] --START--
INFO: Run Behavior\WriteHtmlCacheBehavior [ RunTime:0.000141s ]
INFO: [ view_filter ] --END-- [ RunTime:0.000201s ]
INFO: [ app_end ] --START--
INFO: Run Behavior\ShowPageTraceBehavior [ RunTime:0.000507s ]
INFO: [ app_end ] --END-- [ RunTime:0.000615s ]

[ 2015-02-12T16:07:02+08:00 ] 140.207.54.78 /?signature=cb738fe0fb543055ae5c987663b5dc1d82f9068b&timestamp=1423728422&nonce=1178985747
INFO: [ app_init ] --START--
INFO: Run Behavior\BuildLiteBehavior [ RunTime:0.000020s ]
INFO: [ app_init ] --END-- [ RunTime:0.000363s ]
INFO: [ app_begin ] --START--
INFO: Run Behavior\ReadHtmlCacheBehavior [ RunTime:0.000337s ]
INFO: [ app_begin ] --END-- [ RunTime:0.000396s ]

[ 2015-02-12T16:07:57+08:00 ] 140.207.54.78 /?signature=720061e1cd590bd11bb0038ff3e08826636566f3&timestamp=1423728477&nonce=1357302049
INFO: [ app_init ] --START--
INFO: Run Behavior\BuildLiteBehavior [ RunTime:0.000015s ]
INFO: [ app_init ] --END-- [ RunTime:0.000271s ]
INFO: [ app_begin ] --START--
INFO: Run Behavior\ReadHtmlCacheBehavior [ RunTime:0.000319s ]
INFO: [ app_begin ] --END-- [ RunTime:0.000377s ]

[ 2015-02-12T16:08:26+08:00 ] 140.207.54.77 /?signature=af4171b27d5796b7cbe06c0e1b28a15047605fbd&timestamp=1423728506&nonce=761427055
INFO: [ app_init ] --START--
INFO: Run Behavior\BuildLiteBehavior [ RunTime:0.000017s ]
INFO: [ app_init ] --END-- [ RunTime:0.000284s ]
INFO: [ app_begin ] --START--
INFO: Run Behavior\ReadHtmlCacheBehavior [ RunTime:0.000328s ]
INFO: [ app_begin ] --END-- [ RunTime:0.000385s ]
NOTIC: [8] A session had already been started - ignoring session_start() /www/weixin/App/Home/Controller/WechatController.class.php 第 6 行.
NOTIC: [8] file_get_contents(): Content-type not specified assuming application/x-www-form-urlencoded /www/weixin/App/Home/Controller/MenuController.class.php 第 114 行.
INFO: [ app_end ] --START--
INFO: Run Behavior\ShowPageTraceBehavior [ RunTime:0.000522s ]
INFO: [ app_end ] --END-- [ RunTime:0.000641s ]

[ 2015-02-12T16:11:51+08:00 ] 140.207.54.77 /?signature=33cd47f12fe5acf18fa24acbaaa818e3c8f4bbb0&timestamp=1423728710&nonce=320117377
INFO: [ app_init ] --START--
INFO: Run Behavior\BuildLiteBehavior [ RunTime:0.000020s ]
INFO: [ app_init ] --END-- [ RunTime:0.000289s ]
INFO: [ app_begin ] --START--
INFO: Run Behavior\ReadHtmlCacheBehavior [ RunTime:0.000335s ]
INFO: [ app_begin ] --END-- [ RunTime:0.000402s ]
NOTIC: [8] A session had already been started - ignoring session_start() /www/weixin/App/Home/Controller/WechatController.class.php 第 7 行.
NOTIC: [8] file_get_contents(): Content-type not specified assuming application/x-www-form-urlencoded /www/weixin/App/Home/Controller/MenuController.class.php 第 114 行.
INFO: [ app_end ] --START--
INFO: Run Behavior\ShowPageTraceBehavior [ RunTime:0.000501s ]
INFO: [ app_end ] --END-- [ RunTime:0.000619s ]

[ 2015-02-12T16:11:58+08:00 ] 140.207.54.80 /?signature=232566d579aa8d277e9e3526a5efd92de7fc07e3&timestamp=1423728717&nonce=801699243
INFO: [ app_init ] --START--
INFO: Run Behavior\BuildLiteBehavior [ RunTime:0.000014s ]
INFO: [ app_init ] --END-- [ RunTime:0.000259s ]
INFO: [ app_begin ] --START--
INFO: Run Behavior\ReadHtmlCacheBehavior [ RunTime:0.000377s ]
INFO: [ app_begin ] --END-- [ RunTime:0.000436s ]
NOTIC: [8] A session had already been started - ignoring session_start() /www/weixin/App/Home/Controller/WechatController.class.php 第 7 行.
NOTIC: [8] file_get_contents(): Content-type not specified assuming application/x-www-form-urlencoded /www/weixin/App/Home/Controller/MenuController.class.php 第 114 行.
INFO: [ app_end ] --START--
INFO: Run Behavior\ShowPageTraceBehavior [ RunTime:0.000619s ]
INFO: [ app_end ] --END-- [ RunTime:0.000739s ]

[ 2015-02-12T16:12:12+08:00 ] 140.207.54.78 /?signature=a5483759c3c1abad6cab80e92c859964148fc348&timestamp=1423728732&nonce=1680314983
INFO: [ app_init ] --START--
INFO: Run Behavior\BuildLiteBehavior [ RunTime:0.000016s ]
INFO: [ app_init ] --END-- [ RunTime:0.000299s ]
INFO: [ app_begin ] --START--
INFO: Run Behavior\ReadHtmlCacheBehavior [ RunTime:0.000329s ]
INFO: [ app_begin ] --END-- [ RunTime:0.000385s ]
NOTIC: [8] A session had already been started - ignoring session_start() /www/weixin/App/Home/Controller/WechatController.class.php 第 7 行.
NOTIC: [8] file_get_contents(): Content-type not specified assuming application/x-www-form-urlencoded /www/weixin/App/Home/Controller/MenuController.class.php 第 114 行.
INFO: [ app_end ] --START--
INFO: Run Behavior\ShowPageTraceBehavior [ RunTime:0.000501s ]
INFO: [ app_end ] --END-- [ RunTime:0.000621s ]

