[ 2015-03-07T00:04:33+08:00 ] 183.11.255.39 /Home/GetByfilter/index/openId/ou9X8tl0p-rfJcmRriSrj2QP144s
INFO: [ app_init ] --START--
INFO: Run Behavior\BuildLiteBehavior [ RunTime:0.000016s ]
INFO: [ app_init ] --END-- [ RunTime:0.000307s ]
INFO: [ app_begin ] --START--
INFO: Run Behavior\ReadHtmlCacheBehavior [ RunTime:0.000347s ]
INFO: [ app_begin ] --END-- [ RunTime:0.000404s ]
NOTIC: [8] A session had already been started - ignoring session_start() /www/weixin/App/Home/Controller/GetByfilterController.class.php 第 13 行.
NOTIC: [8] A session had already been started - ignoring session_start() /www/weixin/App/Home/Common/Common.class.php 第 10 行.
NOTIC: [2048] Non-static method Home\Common\Common::setrep() should not be called statically, assuming $this from incompatible context /www/weixin/App/Home/Controller/GetByfilterController.class.php 第 29 行.
NOTIC: [2048] Non-static method Home\Common\Common::getAccessTokens() should not be called statically, assuming $this from incompatible context /www/weixin/App/Home/Common/Common.class.php 第 62 行.
NOTIC: [2048] Non-static method Home\Common\Common::PData() should not be called statically, assuming $this from incompatible context /www/weixin/App/Home/Controller/GetByfilterController.class.php 第 36 行.
NOTIC: [8] Use of undefined constant ture - assumed 'ture' /www/weixin/App/Home/Controller/GetByfilterController.class.php 第 37 行.
SQL: SHOW COLUMNS FROM `wx_option` [ RunTime:0.0007s ]
SQL: SELECT `meta_value` FROM `wx_option` WHERE ( meta_key='site_url' ) LIMIT 1   [ RunTime:0.0001s ]
SQL: SELECT `meta_value` FROM `wx_option` WHERE ( meta_key='site_url' ) LIMIT 1   [ RunTime:0.0001s ]
NOTIC: [8] Use of undefined constant ture - assumed 'ture' /www/weixin/Theme/default/GetByfilter/index.php 第 50 行.
SQL: SELECT `meta_value` FROM `wx_option` WHERE ( meta_key='site_url' ) LIMIT 1   [ RunTime:0.0001s ]
INFO: [ view_filter ] --START--
INFO: Run Behavior\WriteHtmlCacheBehavior [ RunTime:0.001030s ]
INFO: [ view_filter ] --END-- [ RunTime:0.001091s ]
INFO: [ app_end ] --START--
INFO: Run Behavior\ShowPageTraceBehavior [ RunTime:0.001242s ]
INFO: [ app_end ] --END-- [ RunTime:0.001320s ]

[ 2015-03-07T00:04:33+08:00 ] 140.207.54.77 /?signature=b8b84dc9531b4b0dbdda9af1ecf16a6cccdc460b&timestamp=1425657872&nonce=115092734
INFO: [ app_init ] --START--
INFO: Run Behavior\BuildLiteBehavior [ RunTime:0.000021s ]
INFO: [ app_init ] --END-- [ RunTime:0.001387s ]
INFO: [ app_begin ] --START--
INFO: Run Behavior\ReadHtmlCacheBehavior [ RunTime:0.001214s ]
INFO: [ app_begin ] --END-- [ RunTime:0.001313s ]
NOTIC: [8] A session had already been started - ignoring session_start() /www/weixin/App/Home/Controller/WechatController.class.php 第 7 行.
NOTIC: [8] file_get_contents(): Content-type not specified assuming application/x-www-form-urlencoded /www/weixin/App/Home/Controller/MenuController.class.php 第 138 行.
INFO: [ app_end ] --START--
INFO: Run Behavior\ShowPageTraceBehavior [ RunTime:0.000494s ]
INFO: [ app_end ] --END-- [ RunTime:0.000605s ]

[ 2015-03-07T12:23:51+08:00 ] 140.207.54.80 /?signature=20fc89ab03938bb7e09a024aea3db0c2f7d99ebc&timestamp=1425702230&nonce=494411375
INFO: [ app_init ] --START--
INFO: Run Behavior\BuildLiteBehavior [ RunTime:0.000017s ]
INFO: [ app_init ] --END-- [ RunTime:0.000324s ]
INFO: [ app_begin ] --START--
INFO: Run Behavior\ReadHtmlCacheBehavior [ RunTime:0.000373s ]
INFO: [ app_begin ] --END-- [ RunTime:0.000438s ]
NOTIC: [8] A session had already been started - ignoring session_start() /www/weixin/App/Home/Controller/WechatController.class.php 第 7 行.
NOTIC: [8] file_get_contents(): Content-type not specified assuming application/x-www-form-urlencoded /www/weixin/App/Home/Controller/MenuController.class.php 第 138 行.
INFO: [ app_end ] --START--
INFO: Run Behavior\ShowPageTraceBehavior [ RunTime:0.000484s ]
INFO: [ app_end ] --END-- [ RunTime:0.000613s ]

[ 2015-03-07T12:24:48+08:00 ] 140.207.54.80 /?signature=2bb12aff750a056db25363cecf4aff6c5124c12a&timestamp=1425702286&nonce=853079452
INFO: [ app_init ] --START--
INFO: Run Behavior\BuildLiteBehavior [ RunTime:0.000017s ]
INFO: [ app_init ] --END-- [ RunTime:0.000283s ]
INFO: [ app_begin ] --START--
INFO: Run Behavior\ReadHtmlCacheBehavior [ RunTime:0.000327s ]
INFO: [ app_begin ] --END-- [ RunTime:0.000384s ]
NOTIC: [8] A session had already been started - ignoring session_start() /www/weixin/App/Home/Controller/WechatController.class.php 第 7 行.
NOTIC: [8] file_get_contents(): Content-type not specified assuming application/x-www-form-urlencoded /www/weixin/App/Home/Controller/MenuController.class.php 第 138 行.
INFO: [ app_end ] --START--
INFO: Run Behavior\ShowPageTraceBehavior [ RunTime:0.000471s ]
INFO: [ app_end ] --END-- [ RunTime:0.000591s ]

[ 2015-03-07T12:24:48+08:00 ] 140.207.54.77 /?signature=3c94d3e0fc025d19a0f02585dc88b53a6f1db7fd&timestamp=1425702287&nonce=108065176
INFO: [ app_init ] --START--
INFO: Run Behavior\BuildLiteBehavior [ RunTime:0.000022s ]
INFO: [ app_init ] --END-- [ RunTime:0.000387s ]
INFO: [ app_begin ] --START--
INFO: Run Behavior\ReadHtmlCacheBehavior [ RunTime:0.000391s ]
INFO: [ app_begin ] --END-- [ RunTime:0.000459s ]
NOTIC: [8] A session had already been started - ignoring session_start() /www/weixin/App/Home/Controller/WechatController.class.php 第 7 行.
NOTIC: [8] file_get_contents(): Content-type not specified assuming application/x-www-form-urlencoded /www/weixin/App/Home/Controller/MenuController.class.php 第 138 行.
INFO: [ app_end ] --START--
INFO: Run Behavior\ShowPageTraceBehavior [ RunTime:0.000376s ]
INFO: [ app_end ] --END-- [ RunTime:0.000475s ]

[ 2015-03-07T12:25:05+08:00 ] 140.207.54.80 /?signature=464af9b121e93c7471f599749ba120473ee91089&timestamp=1425702305&nonce=1028982792
INFO: [ app_init ] --START--
INFO: Run Behavior\BuildLiteBehavior [ RunTime:0.000015s ]
INFO: [ app_init ] --END-- [ RunTime:0.000272s ]
INFO: [ app_begin ] --START--
INFO: Run Behavior\ReadHtmlCacheBehavior [ RunTime:0.000375s ]
INFO: [ app_begin ] --END-- [ RunTime:0.000435s ]
NOTIC: [8] A session had already been started - ignoring session_start() /www/weixin/App/Home/Controller/WechatController.class.php 第 7 行.
NOTIC: [8] file_get_contents(): Content-type not specified assuming application/x-www-form-urlencoded /www/weixin/App/Home/Controller/MenuController.class.php 第 138 行.
INFO: [ app_end ] --START--
INFO: Run Behavior\ShowPageTraceBehavior [ RunTime:0.000492s ]
INFO: [ app_end ] --END-- [ RunTime:0.000612s ]

[ 2015-03-07T12:29:09+08:00 ] 140.207.54.80 /?signature=9f2af45b5ab997b960bc9eb1b5a6bb0c45677921&timestamp=1425702548&nonce=2120400399
INFO: [ app_init ] --START--
INFO: Run Behavior\BuildLiteBehavior [ RunTime:0.000015s ]
INFO: [ app_init ] --END-- [ RunTime:0.000273s ]
INFO: [ app_begin ] --START--
INFO: Run Behavior\ReadHtmlCacheBehavior [ RunTime:0.000327s ]
INFO: [ app_begin ] --END-- [ RunTime:0.000390s ]
NOTIC: [8] A session had already been started - ignoring session_start() /www/weixin/App/Home/Controller/WechatController.class.php 第 7 行.
NOTIC: [8] file_get_contents(): Content-type not specified assuming application/x-www-form-urlencoded /www/weixin/App/Home/Controller/MenuController.class.php 第 138 行.
INFO: [ app_end ] --START--
INFO: Run Behavior\ShowPageTraceBehavior [ RunTime:0.000477s ]
INFO: [ app_end ] --END-- [ RunTime:0.000590s ]

[ 2015-03-07T12:37:04+08:00 ] 140.207.54.77 /?signature=afedbd86f2d46e2934ed09b17ac0ea5a9ecf7511&timestamp=1425703023&nonce=1807231090
INFO: [ app_init ] --START--
INFO: Run Behavior\BuildLiteBehavior [ RunTime:0.000029s ]
INFO: [ app_init ] --END-- [ RunTime:0.000408s ]
INFO: [ app_begin ] --START--
INFO: Run Behavior\ReadHtmlCacheBehavior [ RunTime:0.000470s ]
INFO: [ app_begin ] --END-- [ RunTime:0.000531s ]
NOTIC: [8] A session had already been started - ignoring session_start() /www/weixin/App/Home/Controller/WechatController.class.php 第 7 行.
NOTIC: [8] file_get_contents(): Content-type not specified assuming application/x-www-form-urlencoded /www/weixin/App/Home/Controller/MenuController.class.php 第 138 行.
INFO: [ app_end ] --START--
INFO: Run Behavior\ShowPageTraceBehavior [ RunTime:0.000479s ]
INFO: [ app_end ] --END-- [ RunTime:0.000597s ]

[ 2015-03-07T12:39:52+08:00 ] 140.207.54.77 /?signature=042342d84b7b7e6c913f619ca828558773665cf3&timestamp=1425703191&nonce=934001283
INFO: [ app_init ] --START--
INFO: Run Behavior\BuildLiteBehavior [ RunTime:0.000017s ]
INFO: [ app_init ] --END-- [ RunTime:0.000282s ]
INFO: [ app_begin ] --START--
INFO: Run Behavior\ReadHtmlCacheBehavior [ RunTime:0.000348s ]
INFO: [ app_begin ] --END-- [ RunTime:0.000407s ]
NOTIC: [8] A session had already been started - ignoring session_start() /www/weixin/App/Home/Controller/WechatController.class.php 第 7 行.
NOTIC: [8] file_get_contents(): Content-type not specified assuming application/x-www-form-urlencoded /www/weixin/App/Home/Controller/MenuController.class.php 第 138 行.
INFO: [ app_end ] --START--
INFO: Run Behavior\ShowPageTraceBehavior [ RunTime:0.000463s ]
INFO: [ app_end ] --END-- [ RunTime:0.000581s ]

[ 2015-03-07T12:40:43+08:00 ] 140.207.54.77 /?signature=ae097355ca8b0861c0285c9d5b67443b1c81147f&timestamp=1425703242&nonce=412712958
INFO: [ app_init ] --START--
INFO: Run Behavior\BuildLiteBehavior [ RunTime:0.000017s ]
INFO: [ app_init ] --END-- [ RunTime:0.000284s ]
INFO: [ app_begin ] --START--
INFO: Run Behavior\ReadHtmlCacheBehavior [ RunTime:0.000349s ]
INFO: [ app_begin ] --END-- [ RunTime:0.000407s ]
NOTIC: [8] A session had already been started - ignoring session_start() /www/weixin/App/Home/Controller/WechatController.class.php 第 7 行.
NOTIC: [8] file_get_contents(): Content-type not specified assuming application/x-www-form-urlencoded /www/weixin/App/Home/Controller/MenuController.class.php 第 138 行.
INFO: [ app_end ] --START--
INFO: Run Behavior\ShowPageTraceBehavior [ RunTime:0.000479s ]
INFO: [ app_end ] --END-- [ RunTime:0.000593s ]

[ 2015-03-07T12:41:01+08:00 ] 140.207.54.80 /?signature=2cd79384586bd64c110942380fdcdccc43831a9f&timestamp=1425703261&nonce=683641155
INFO: [ app_init ] --START--
INFO: Run Behavior\BuildLiteBehavior [ RunTime:0.000022s ]
INFO: [ app_init ] --END-- [ RunTime:0.000404s ]
INFO: [ app_begin ] --START--
INFO: Run Behavior\ReadHtmlCacheBehavior [ RunTime:0.000344s ]
INFO: [ app_begin ] --END-- [ RunTime:0.000406s ]
NOTIC: [8] A session had already been started - ignoring session_start() /www/weixin/App/Home/Controller/WechatController.class.php 第 7 行.
NOTIC: [8] file_get_contents(): Content-type not specified assuming application/x-www-form-urlencoded /www/weixin/App/Home/Controller/MenuController.class.php 第 138 行.
INFO: [ app_end ] --START--
INFO: Run Behavior\ShowPageTraceBehavior [ RunTime:0.000683s ]
INFO: [ app_end ] --END-- [ RunTime:0.000829s ]

[ 2015-03-07T12:41:06+08:00 ] 219.133.40.13 /Home/GetByfilter/index/openId/ou9X8tsAIKJfcy86ynM9tXUKorbg
INFO: [ app_init ] --START--
INFO: Run Behavior\BuildLiteBehavior [ RunTime:0.000017s ]
INFO: [ app_init ] --END-- [ RunTime:0.000271s ]
INFO: [ app_begin ] --START--
INFO: Run Behavior\ReadHtmlCacheBehavior [ RunTime:0.000314s ]
INFO: [ app_begin ] --END-- [ RunTime:0.000369s ]
NOTIC: [8] A session had already been started - ignoring session_start() /www/weixin/App/Home/Controller/GetByfilterController.class.php 第 13 行.
NOTIC: [8] A session had already been started - ignoring session_start() /www/weixin/App/Home/Common/Common.class.php 第 10 行.
NOTIC: [2048] Non-static method Home\Common\Common::setrep() should not be called statically, assuming $this from incompatible context /www/weixin/App/Home/Controller/GetByfilterController.class.php 第 29 行.
NOTIC: [2048] Non-static method Home\Common\Common::getAccessTokens() should not be called statically, assuming $this from incompatible context /www/weixin/App/Home/Common/Common.class.php 第 62 行.
NOTIC: [2048] Non-static method Home\Common\Common::PData() should not be called statically, assuming $this from incompatible context /www/weixin/App/Home/Controller/GetByfilterController.class.php 第 36 行.
NOTIC: [8] Use of undefined constant ture - assumed 'ture' /www/weixin/App/Home/Controller/GetByfilterController.class.php 第 37 行.
SQL: SHOW COLUMNS FROM `wx_option` [ RunTime:0.0011s ]
SQL: SELECT `meta_value` FROM `wx_option` WHERE ( meta_key='site_url' ) LIMIT 1   [ RunTime:0.0001s ]
SQL: SELECT `meta_value` FROM `wx_option` WHERE ( meta_key='site_url' ) LIMIT 1   [ RunTime:0.0001s ]
NOTIC: [8] Use of undefined constant ture - assumed 'ture' /www/weixin/Theme/default/GetByfilter/index.php 第 50 行.
SQL: SELECT `meta_value` FROM `wx_option` WHERE ( meta_key='site_url' ) LIMIT 1   [ RunTime:0.0001s ]
INFO: [ view_filter ] --START--
INFO: Run Behavior\WriteHtmlCacheBehavior [ RunTime:0.000142s ]
INFO: [ view_filter ] --END-- [ RunTime:0.000197s ]
INFO: [ app_end ] --START--
INFO: Run Behavior\ShowPageTraceBehavior [ RunTime:0.000418s ]
INFO: [ app_end ] --END-- [ RunTime:0.000474s ]

[ 2015-03-07T12:41:06+08:00 ] 112.64.235.246 /Home/GetByfilter/index/openId/ou9X8tsAIKJfcy86ynM9tXUKorbg
INFO: [ app_init ] --START--
INFO: Run Behavior\BuildLiteBehavior [ RunTime:0.000018s ]
INFO: [ app_init ] --END-- [ RunTime:0.000286s ]
INFO: [ app_begin ] --START--
INFO: Run Behavior\ReadHtmlCacheBehavior [ RunTime:0.000347s ]
INFO: [ app_begin ] --END-- [ RunTime:0.000404s ]
NOTIC: [8] A session had already been started - ignoring session_start() /www/weixin/App/Home/Controller/GetByfilterController.class.php 第 13 行.
NOTIC: [8] A session had already been started - ignoring session_start() /www/weixin/App/Home/Common/Common.class.php 第 10 行.
NOTIC: [2048] Non-static method Home\Common\Common::setrep() should not be called statically, assuming $this from incompatible context /www/weixin/App/Home/Controller/GetByfilterController.class.php 第 29 行.
NOTIC: [2048] Non-static method Home\Common\Common::getAccessTokens() should not be called statically, assuming $this from incompatible context /www/weixin/App/Home/Common/Common.class.php 第 62 行.
NOTIC: [2048] Non-static method Home\Common\Common::PData() should not be called statically, assuming $this from incompatible context /www/weixin/App/Home/Controller/GetByfilterController.class.php 第 36 行.
NOTIC: [8] Use of undefined constant ture - assumed 'ture' /www/weixin/App/Home/Controller/GetByfilterController.class.php 第 37 行.
SQL: SHOW COLUMNS FROM `wx_option` [ RunTime:0.0007s ]
SQL: SELECT `meta_value` FROM `wx_option` WHERE ( meta_key='site_url' ) LIMIT 1   [ RunTime:0.0001s ]
SQL: SELECT `meta_value` FROM `wx_option` WHERE ( meta_key='site_url' ) LIMIT 1   [ RunTime:0.0001s ]
NOTIC: [8] Use of undefined constant ture - assumed 'ture' /www/weixin/Theme/default/GetByfilter/index.php 第 50 行.
SQL: SELECT `meta_value` FROM `wx_option` WHERE ( meta_key='site_url' ) LIMIT 1   [ RunTime:0.0001s ]
INFO: [ view_filter ] --START--
INFO: Run Behavior\WriteHtmlCacheBehavior [ RunTime:0.000159s ]
INFO: [ view_filter ] --END-- [ RunTime:0.000215s ]
INFO: [ app_end ] --START--
INFO: Run Behavior\ShowPageTraceBehavior [ RunTime:0.000357s ]
INFO: [ app_end ] --END-- [ RunTime:0.000410s ]

[ 2015-03-07T12:45:23+08:00 ] 211.136.233.166 /
INFO: [ app_init ] --START--
INFO: Run Behavior\BuildLiteBehavior [ RunTime:0.000023s ]
INFO: [ app_init ] --END-- [ RunTime:0.000289s ]
INFO: [ app_begin ] --START--
INFO: Run Behavior\ReadHtmlCacheBehavior [ RunTime:0.000324s ]
INFO: [ app_begin ] --END-- [ RunTime:0.000384s ]
NOTIC: [8] A session had already been started - ignoring session_start() /www/weixin/App/Home/Controller/WechatController.class.php 第 7 行.
NOTIC: [8] Undefined index: HTTP_RAW_POST_DATA /www/weixin/App/Home/Controller/WechatController.class.php 第 66 行.

[ 2015-03-07T12:45:23+08:00 ] 163.177.69.59 /
INFO: [ app_init ] --START--
INFO: Run Behavior\BuildLiteBehavior [ RunTime:0.000016s ]
INFO: [ app_init ] --END-- [ RunTime:0.000284s ]
INFO: [ app_begin ] --START--
INFO: Run Behavior\ReadHtmlCacheBehavior [ RunTime:0.000397s ]
INFO: [ app_begin ] --END-- [ RunTime:0.000455s ]
NOTIC: [8] A session had already been started - ignoring session_start() /www/weixin/App/Home/Controller/WechatController.class.php 第 7 行.
NOTIC: [8] Undefined index: HTTP_RAW_POST_DATA /www/weixin/App/Home/Controller/WechatController.class.php 第 66 行.

[ 2015-03-07T12:45:23+08:00 ] 219.133.40.13 /Home/GetByfilter/index/openId/ou9X8tsAIKJfcy86ynM9tXUKorbg
INFO: [ app_init ] --START--
INFO: Run Behavior\BuildLiteBehavior [ RunTime:0.000029s ]
INFO: [ app_init ] --END-- [ RunTime:0.000293s ]
INFO: [ app_begin ] --START--
INFO: Run Behavior\ReadHtmlCacheBehavior [ RunTime:0.000337s ]
INFO: [ app_begin ] --END-- [ RunTime:0.000394s ]
NOTIC: [8] A session had already been started - ignoring session_start() /www/weixin/App/Home/Controller/GetByfilterController.class.php 第 13 行.
NOTIC: [8] A session had already been started - ignoring session_start() /www/weixin/App/Home/Common/Common.class.php 第 10 行.
NOTIC: [2048] Non-static method Home\Common\Common::setrep() should not be called statically, assuming $this from incompatible context /www/weixin/App/Home/Controller/GetByfilterController.class.php 第 29 行.
NOTIC: [2048] Non-static method Home\Common\Common::getAccessTokens() should not be called statically, assuming $this from incompatible context /www/weixin/App/Home/Common/Common.class.php 第 62 行.
NOTIC: [2048] Non-static method Home\Common\Common::PData() should not be called statically, assuming $this from incompatible context /www/weixin/App/Home/Controller/GetByfilterController.class.php 第 36 行.
NOTIC: [8] Use of undefined constant ture - assumed 'ture' /www/weixin/App/Home/Controller/GetByfilterController.class.php 第 37 行.
SQL: SHOW COLUMNS FROM `wx_option` [ RunTime:0.0007s ]
SQL: SELECT `meta_value` FROM `wx_option` WHERE ( meta_key='site_url' ) LIMIT 1   [ RunTime:0.0001s ]
SQL: SELECT `meta_value` FROM `wx_option` WHERE ( meta_key='site_url' ) LIMIT 1   [ RunTime:0.0001s ]
NOTIC: [8] Use of undefined constant ture - assumed 'ture' /www/weixin/Theme/default/GetByfilter/index.php 第 50 行.
SQL: SELECT `meta_value` FROM `wx_option` WHERE ( meta_key='site_url' ) LIMIT 1   [ RunTime:0.0001s ]
INFO: [ view_filter ] --START--
INFO: Run Behavior\WriteHtmlCacheBehavior [ RunTime:0.000136s ]
INFO: [ view_filter ] --END-- [ RunTime:0.000192s ]
INFO: [ app_end ] --START--
INFO: Run Behavior\ShowPageTraceBehavior [ RunTime:0.000353s ]
INFO: [ app_end ] --END-- [ RunTime:0.000408s ]

[ 2015-03-07T12:45:23+08:00 ] 112.64.235.250 /Home/GetByfilter/index/openId/ou9X8tsAIKJfcy86ynM9tXUKorbg
INFO: [ app_init ] --START--
INFO: Run Behavior\BuildLiteBehavior [ RunTime:0.000018s ]
INFO: [ app_init ] --END-- [ RunTime:0.000318s ]
INFO: [ app_begin ] --START--
INFO: Run Behavior\ReadHtmlCacheBehavior [ RunTime:0.000414s ]
INFO: [ app_begin ] --END-- [ RunTime:0.000471s ]
NOTIC: [8] A session had already been started - ignoring session_start() /www/weixin/App/Home/Controller/GetByfilterController.class.php 第 13 行.
NOTIC: [8] A session had already been started - ignoring session_start() /www/weixin/App/Home/Common/Common.class.php 第 10 行.
NOTIC: [2048] Non-static method Home\Common\Common::setrep() should not be called statically, assuming $this from incompatible context /www/weixin/App/Home/Controller/GetByfilterController.class.php 第 29 行.
NOTIC: [2048] Non-static method Home\Common\Common::getAccessTokens() should not be called statically, assuming $this from incompatible context /www/weixin/App/Home/Common/Common.class.php 第 62 行.
NOTIC: [2048] Non-static method Home\Common\Common::PData() should not be called statically, assuming $this from incompatible context /www/weixin/App/Home/Controller/GetByfilterController.class.php 第 36 行.
NOTIC: [8] Use of undefined constant ture - assumed 'ture' /www/weixin/App/Home/Controller/GetByfilterController.class.php 第 37 行.
SQL: SHOW COLUMNS FROM `wx_option` [ RunTime:0.0007s ]
SQL: SELECT `meta_value` FROM `wx_option` WHERE ( meta_key='site_url' ) LIMIT 1   [ RunTime:0.0001s ]
SQL: SELECT `meta_value` FROM `wx_option` WHERE ( meta_key='site_url' ) LIMIT 1   [ RunTime:0.0001s ]
NOTIC: [8] Use of undefined constant ture - assumed 'ture' /www/weixin/Theme/default/GetByfilter/index.php 第 50 行.
SQL: SELECT `meta_value` FROM `wx_option` WHERE ( meta_key='site_url' ) LIMIT 1   [ RunTime:0.0001s ]
INFO: [ view_filter ] --START--
INFO: Run Behavior\WriteHtmlCacheBehavior [ RunTime:0.000142s ]
INFO: [ view_filter ] --END-- [ RunTime:0.000198s ]
INFO: [ app_end ] --START--
INFO: Run Behavior\ShowPageTraceBehavior [ RunTime:0.000395s ]
INFO: [ app_end ] --END-- [ RunTime:0.000465s ]

[ 2015-03-07T12:45:23+08:00 ] 101.226.69.108 /Home/GetByfilter/index/openId/ou9X8tsAIKJfcy86ynM9tXUKorbg
INFO: [ app_init ] --START--
INFO: Run Behavior\BuildLiteBehavior [ RunTime:0.000016s ]
INFO: [ app_init ] --END-- [ RunTime:0.000270s ]
INFO: [ app_begin ] --START--
INFO: Run Behavior\ReadHtmlCacheBehavior [ RunTime:0.000318s ]
INFO: [ app_begin ] --END-- [ RunTime:0.000375s ]
NOTIC: [8] A session had already been started - ignoring session_start() /www/weixin/App/Home/Controller/GetByfilterController.class.php 第 13 行.
NOTIC: [8] A session had already been started - ignoring session_start() /www/weixin/App/Home/Common/Common.class.php 第 10 行.
NOTIC: [2048] Non-static method Home\Common\Common::setrep() should not be called statically, assuming $this from incompatible context /www/weixin/App/Home/Controller/GetByfilterController.class.php 第 29 行.
NOTIC: [2048] Non-static method Home\Common\Common::getAccessTokens() should not be called statically, assuming $this from incompatible context /www/weixin/App/Home/Common/Common.class.php 第 62 行.
NOTIC: [2048] Non-static method Home\Common\Common::PData() should not be called statically, assuming $this from incompatible context /www/weixin/App/Home/Controller/GetByfilterController.class.php 第 36 行.
NOTIC: [8] Use of undefined constant ture - assumed 'ture' /www/weixin/App/Home/Controller/GetByfilterController.class.php 第 37 行.
SQL: SHOW COLUMNS FROM `wx_option` [ RunTime:0.0007s ]
SQL: SELECT `meta_value` FROM `wx_option` WHERE ( meta_key='site_url' ) LIMIT 1   [ RunTime:0.0001s ]
SQL: SELECT `meta_value` FROM `wx_option` WHERE ( meta_key='site_url' ) LIMIT 1   [ RunTime:0.0001s ]
NOTIC: [8] Use of undefined constant ture - assumed 'ture' /www/weixin/Theme/default/GetByfilter/index.php 第 50 行.
SQL: SELECT `meta_value` FROM `wx_option` WHERE ( meta_key='site_url' ) LIMIT 1   [ RunTime:0.0001s ]
INFO: [ view_filter ] --START--
INFO: Run Behavior\WriteHtmlCacheBehavior [ RunTime:0.000160s ]
INFO: [ view_filter ] --END-- [ RunTime:0.000225s ]
INFO: [ app_end ] --START--
INFO: Run Behavior\ShowPageTraceBehavior [ RunTime:0.000714s ]
INFO: [ app_end ] --END-- [ RunTime:0.000831s ]

[ 2015-03-07T14:14:15+08:00 ] 140.207.54.80 /?signature=6ed7d393638d5495dedc311692bf878e9ed4dfe9&timestamp=1425708854&nonce=989196658
INFO: [ app_init ] --START--
INFO: Run Behavior\BuildLiteBehavior [ RunTime:0.000020s ]
INFO: [ app_init ] --END-- [ RunTime:0.000335s ]
INFO: [ app_begin ] --START--
INFO: Run Behavior\ReadHtmlCacheBehavior [ RunTime:0.000330s ]
INFO: [ app_begin ] --END-- [ RunTime:0.000388s ]
NOTIC: [8] A session had already been started - ignoring session_start() /www/weixin/App/Home/Controller/WechatController.class.php 第 7 行.
NOTIC: [8] file_get_contents(): Content-type not specified assuming application/x-www-form-urlencoded /www/weixin/App/Home/Controller/MenuController.class.php 第 138 行.
INFO: [ app_end ] --START--
INFO: Run Behavior\ShowPageTraceBehavior [ RunTime:0.000506s ]
INFO: [ app_end ] --END-- [ RunTime:0.000620s ]

[ 2015-03-07T14:18:51+08:00 ] 140.207.54.80 /?signature=57e2edb67219027816279340e095de570e55f893&timestamp=1425709131&nonce=1471640776
INFO: [ app_init ] --START--
INFO: Run Behavior\BuildLiteBehavior [ RunTime:0.000015s ]
INFO: [ app_init ] --END-- [ RunTime:0.000263s ]
INFO: [ app_begin ] --START--
INFO: Run Behavior\ReadHtmlCacheBehavior [ RunTime:0.000314s ]
INFO: [ app_begin ] --END-- [ RunTime:0.000372s ]
NOTIC: [8] A session had already been started - ignoring session_start() /www/weixin/App/Home/Controller/WechatController.class.php 第 7 行.

[ 2015-03-07T14:19:17+08:00 ] 140.207.54.77 /?signature=caada55f4ecb2bc3631a85dc6980baecbc7e33f9&timestamp=1425709157&nonce=2061913087
INFO: [ app_init ] --START--
INFO: Run Behavior\BuildLiteBehavior [ RunTime:0.000016s ]
INFO: [ app_init ] --END-- [ RunTime:0.000266s ]
INFO: [ app_begin ] --START--
INFO: Run Behavior\ReadHtmlCacheBehavior [ RunTime:0.000321s ]
INFO: [ app_begin ] --END-- [ RunTime:0.000381s ]
NOTIC: [8] A session had already been started - ignoring session_start() /www/weixin/App/Home/Controller/WechatController.class.php 第 7 行.
NOTIC: [8] file_get_contents(): Content-type not specified assuming application/x-www-form-urlencoded /www/weixin/App/Home/Controller/MenuController.class.php 第 138 行.
INFO: [ app_end ] --START--
INFO: Run Behavior\ShowPageTraceBehavior [ RunTime:0.000489s ]
INFO: [ app_end ] --END-- [ RunTime:0.000601s ]

[ 2015-03-07T14:19:22+08:00 ] 140.207.54.80 /?signature=08a567558ff39c31fc97936a478c18d827520174&timestamp=1425709161&nonce=1886154903
INFO: [ app_init ] --START--
INFO: Run Behavior\BuildLiteBehavior [ RunTime:0.000015s ]
INFO: [ app_init ] --END-- [ RunTime:0.000277s ]
INFO: [ app_begin ] --START--
INFO: Run Behavior\ReadHtmlCacheBehavior [ RunTime:0.000337s ]
INFO: [ app_begin ] --END-- [ RunTime:0.000396s ]
NOTIC: [8] A session had already been started - ignoring session_start() /www/weixin/App/Home/Controller/WechatController.class.php 第 7 行.
NOTIC: [8] file_get_contents(): Content-type not specified assuming application/x-www-form-urlencoded /www/weixin/App/Home/Controller/MenuController.class.php 第 138 行.
INFO: [ app_end ] --START--
INFO: Run Behavior\ShowPageTraceBehavior [ RunTime:0.000504s ]
INFO: [ app_end ] --END-- [ RunTime:0.000628s ]

[ 2015-03-07T14:19:29+08:00 ] 140.207.54.80 /?signature=098cb9e8a6f4634a77c9ae12227b29a2929400bc&timestamp=1425709169&nonce=133232773
INFO: [ app_init ] --START--
INFO: Run Behavior\BuildLiteBehavior [ RunTime:0.000015s ]
INFO: [ app_init ] --END-- [ RunTime:0.000290s ]
INFO: [ app_begin ] --START--
INFO: Run Behavior\ReadHtmlCacheBehavior [ RunTime:0.000341s ]
INFO: [ app_begin ] --END-- [ RunTime:0.000400s ]
NOTIC: [8] A session had already been started - ignoring session_start() /www/weixin/App/Home/Controller/WechatController.class.php 第 7 行.
NOTIC: [8] file_get_contents(): Content-type not specified assuming application/x-www-form-urlencoded /www/weixin/App/Home/Controller/MenuController.class.php 第 138 行.
INFO: [ app_end ] --START--
INFO: Run Behavior\ShowPageTraceBehavior [ RunTime:0.000504s ]
INFO: [ app_end ] --END-- [ RunTime:0.000618s ]

[ 2015-03-07T14:19:40+08:00 ] 140.207.54.80 /?signature=cfa8ed79380bfaedf1b5089f3d71f5035cf7b23b&timestamp=1425709179&nonce=1906141677
INFO: [ app_init ] --START--
INFO: Run Behavior\BuildLiteBehavior [ RunTime:0.000016s ]
INFO: [ app_init ] --END-- [ RunTime:0.000280s ]
INFO: [ app_begin ] --START--
INFO: Run Behavior\ReadHtmlCacheBehavior [ RunTime:0.000350s ]
INFO: [ app_begin ] --END-- [ RunTime:0.000412s ]
NOTIC: [8] A session had already been started - ignoring session_start() /www/weixin/App/Home/Controller/WechatController.class.php 第 7 行.
NOTIC: [8] file_get_contents(): Content-type not specified assuming application/x-www-form-urlencoded /www/weixin/App/Home/Controller/MenuController.class.php 第 138 行.
INFO: [ app_end ] --START--
INFO: Run Behavior\ShowPageTraceBehavior [ RunTime:0.000497s ]
INFO: [ app_end ] --END-- [ RunTime:0.000615s ]

[ 2015-03-07T14:20:09+08:00 ] 140.207.54.80 /?signature=64d3c785d162161db96b40103adf5067a56a9738&timestamp=1425709209&nonce=1912329510
INFO: [ app_init ] --START--
INFO: Run Behavior\BuildLiteBehavior [ RunTime:0.000019s ]
INFO: [ app_init ] --END-- [ RunTime:0.000319s ]
INFO: [ app_begin ] --START--
INFO: Run Behavior\ReadHtmlCacheBehavior [ RunTime:0.000360s ]
INFO: [ app_begin ] --END-- [ RunTime:0.000418s ]
NOTIC: [8] A session had already been started - ignoring session_start() /www/weixin/App/Home/Controller/WechatController.class.php 第 7 行.

[ 2015-03-07T14:20:25+08:00 ] 140.207.54.80 /?signature=266ec23b905a4254051e524554f5963fab43a7bb&timestamp=1425709224&nonce=1920033703
INFO: [ app_init ] --START--
INFO: Run Behavior\BuildLiteBehavior [ RunTime:0.000017s ]
INFO: [ app_init ] --END-- [ RunTime:0.000304s ]
INFO: [ app_begin ] --START--
INFO: Run Behavior\ReadHtmlCacheBehavior [ RunTime:0.000349s ]
INFO: [ app_begin ] --END-- [ RunTime:0.000406s ]
NOTIC: [8] A session had already been started - ignoring session_start() /www/weixin/App/Home/Controller/WechatController.class.php 第 7 行.
NOTIC: [8] file_get_contents(): Content-type not specified assuming application/x-www-form-urlencoded /www/weixin/App/Home/Controller/MenuController.class.php 第 138 行.
INFO: [ app_end ] --START--
INFO: Run Behavior\ShowPageTraceBehavior [ RunTime:0.000480s ]
INFO: [ app_end ] --END-- [ RunTime:0.000602s ]

[ 2015-03-07T14:20:28+08:00 ] 140.207.54.80 /?signature=267d30b9d4229f259b832815a3688ca82c972c68&timestamp=1425709228&nonce=426629660
INFO: [ app_init ] --START--
INFO: Run Behavior\BuildLiteBehavior [ RunTime:0.000018s ]
INFO: [ app_init ] --END-- [ RunTime:0.000269s ]
INFO: [ app_begin ] --START--
INFO: Run Behavior\ReadHtmlCacheBehavior [ RunTime:0.000320s ]
INFO: [ app_begin ] --END-- [ RunTime:0.000378s ]
NOTIC: [8] A session had already been started - ignoring session_start() /www/weixin/App/Home/Controller/WechatController.class.php 第 7 行.
NOTIC: [8] file_get_contents(): Content-type not specified assuming application/x-www-form-urlencoded /www/weixin/App/Home/Controller/MenuController.class.php 第 138 行.
INFO: [ app_end ] --START--
INFO: Run Behavior\ShowPageTraceBehavior [ RunTime:0.000485s ]
INFO: [ app_end ] --END-- [ RunTime:0.000600s ]

[ 2015-03-07T14:21:24+08:00 ] 140.207.54.80 /?signature=d679e4c93d151710d5684cb0d600bdcf5f38693a&timestamp=1425709283&nonce=133064463
INFO: [ app_init ] --START--
INFO: Run Behavior\BuildLiteBehavior [ RunTime:0.000015s ]
INFO: [ app_init ] --END-- [ RunTime:0.000271s ]
INFO: [ app_begin ] --START--
INFO: Run Behavior\ReadHtmlCacheBehavior [ RunTime:0.000329s ]
INFO: [ app_begin ] --END-- [ RunTime:0.000387s ]
NOTIC: [8] A session had already been started - ignoring session_start() /www/weixin/App/Home/Controller/WechatController.class.php 第 7 行.

[ 2015-03-07T14:21:35+08:00 ] 140.207.54.80 /?signature=ef035199da0cb5d512c22383c44f4bafb8f7bdf8&timestamp=1425709294&nonce=525075439
INFO: [ app_init ] --START--
INFO: Run Behavior\BuildLiteBehavior [ RunTime:0.000017s ]
INFO: [ app_init ] --END-- [ RunTime:0.000285s ]
INFO: [ app_begin ] --START--
INFO: Run Behavior\ReadHtmlCacheBehavior [ RunTime:0.000348s ]
INFO: [ app_begin ] --END-- [ RunTime:0.000406s ]
NOTIC: [8] A session had already been started - ignoring session_start() /www/weixin/App/Home/Controller/WechatController.class.php 第 7 行.
NOTIC: [8] file_get_contents(): Content-type not specified assuming application/x-www-form-urlencoded /www/weixin/App/Home/Controller/MenuController.class.php 第 138 行.
INFO: [ app_end ] --START--
INFO: Run Behavior\ShowPageTraceBehavior [ RunTime:0.000497s ]
INFO: [ app_end ] --END-- [ RunTime:0.000643s ]

[ 2015-03-07T14:21:38+08:00 ] 140.207.54.80 /?signature=ab9bf52c3b05894ca52a55093c0b6c98f826446f&timestamp=1425709297&nonce=1021719292
INFO: [ app_init ] --START--
INFO: Run Behavior\BuildLiteBehavior [ RunTime:0.000027s ]
INFO: [ app_init ] --END-- [ RunTime:0.000420s ]
INFO: [ app_begin ] --START--
INFO: Run Behavior\ReadHtmlCacheBehavior [ RunTime:0.000369s ]
INFO: [ app_begin ] --END-- [ RunTime:0.000428s ]
NOTIC: [8] A session had already been started - ignoring session_start() /www/weixin/App/Home/Controller/WechatController.class.php 第 7 行.
NOTIC: [8] file_get_contents(): Content-type not specified assuming application/x-www-form-urlencoded /www/weixin/App/Home/Controller/MenuController.class.php 第 138 行.
INFO: [ app_end ] --START--
INFO: Run Behavior\ShowPageTraceBehavior [ RunTime:0.000510s ]
INFO: [ app_end ] --END-- [ RunTime:0.000630s ]

[ 2015-03-07T14:21:53+08:00 ] 140.207.54.79 /?signature=cdd9a4be546b33efc08b9ecab880288ac1d96391&timestamp=1425709313&nonce=1861560322
INFO: [ app_init ] --START--
INFO: Run Behavior\BuildLiteBehavior [ RunTime:0.000016s ]
INFO: [ app_init ] --END-- [ RunTime:0.000275s ]
INFO: [ app_begin ] --START--
INFO: Run Behavior\ReadHtmlCacheBehavior [ RunTime:0.000336s ]
INFO: [ app_begin ] --END-- [ RunTime:0.000408s ]
NOTIC: [8] A session had already been started - ignoring session_start() /www/weixin/App/Home/Controller/WechatController.class.php 第 7 行.

[ 2015-03-07T14:22:07+08:00 ] 140.207.54.80 /?signature=546e331bdd6f52ab66b84047cab9dcda68fcb2a5&timestamp=1425709326&nonce=569885512
INFO: [ app_init ] --START--
INFO: Run Behavior\BuildLiteBehavior [ RunTime:0.000014s ]
INFO: [ app_init ] --END-- [ RunTime:0.000273s ]
INFO: [ app_begin ] --START--
INFO: Run Behavior\ReadHtmlCacheBehavior [ RunTime:0.000342s ]
INFO: [ app_begin ] --END-- [ RunTime:0.000402s ]
NOTIC: [8] A session had already been started - ignoring session_start() /www/weixin/App/Home/Controller/WechatController.class.php 第 7 行.
NOTIC: [8] file_get_contents(): Content-type not specified assuming application/x-www-form-urlencoded /www/weixin/App/Home/Controller/MenuController.class.php 第 138 行.
INFO: [ app_end ] --START--
INFO: Run Behavior\ShowPageTraceBehavior [ RunTime:0.000472s ]
INFO: [ app_end ] --END-- [ RunTime:0.000596s ]

[ 2015-03-07T14:22:14+08:00 ] 140.207.54.80 /?signature=8132c58f565c74feaacacb81c1422178f4d5cff9&timestamp=1425709333&nonce=1488439177
INFO: [ app_init ] --START--
INFO: Run Behavior\BuildLiteBehavior [ RunTime:0.000016s ]
INFO: [ app_init ] --END-- [ RunTime:0.000273s ]
INFO: [ app_begin ] --START--
INFO: Run Behavior\ReadHtmlCacheBehavior [ RunTime:0.000315s ]
INFO: [ app_begin ] --END-- [ RunTime:0.000372s ]
NOTIC: [8] A session had already been started - ignoring session_start() /www/weixin/App/Home/Controller/WechatController.class.php 第 7 行.
NOTIC: [8] file_get_contents(): Content-type not specified assuming application/x-www-form-urlencoded /www/weixin/App/Home/Controller/MenuController.class.php 第 138 行.
INFO: [ app_end ] --START--
INFO: Run Behavior\ShowPageTraceBehavior [ RunTime:0.000501s ]
INFO: [ app_end ] --END-- [ RunTime:0.000623s ]

[ 2015-03-07T14:22:22+08:00 ] 140.207.54.80 /?signature=f649ed4d6b951cc498be293a7958412c707e88ad&timestamp=1425709341&nonce=754506852
INFO: [ app_init ] --START--
INFO: Run Behavior\BuildLiteBehavior [ RunTime:0.000019s ]
INFO: [ app_init ] --END-- [ RunTime:0.000310s ]
INFO: [ app_begin ] --START--
INFO: Run Behavior\ReadHtmlCacheBehavior [ RunTime:0.000383s ]
INFO: [ app_begin ] --END-- [ RunTime:0.000442s ]
NOTIC: [8] A session had already been started - ignoring session_start() /www/weixin/App/Home/Controller/WechatController.class.php 第 7 行.
NOTIC: [8] file_get_contents(): Content-type not specified assuming application/x-www-form-urlencoded /www/weixin/App/Home/Controller/MenuController.class.php 第 138 行.
INFO: [ app_end ] --START--
INFO: Run Behavior\ShowPageTraceBehavior [ RunTime:0.000471s ]
INFO: [ app_end ] --END-- [ RunTime:0.000586s ]

[ 2015-03-07T14:22:30+08:00 ] 140.207.54.80 /?signature=f8bb205aecf649000ac34af8ad90ff989e1ec907&timestamp=1425709349&nonce=717493146
INFO: [ app_init ] --START--
INFO: Run Behavior\BuildLiteBehavior [ RunTime:0.000017s ]
INFO: [ app_init ] --END-- [ RunTime:0.000353s ]
INFO: [ app_begin ] --START--
INFO: Run Behavior\ReadHtmlCacheBehavior [ RunTime:0.000324s ]
INFO: [ app_begin ] --END-- [ RunTime:0.000399s ]
NOTIC: [8] A session had already been started - ignoring session_start() /www/weixin/App/Home/Controller/WechatController.class.php 第 7 行.
NOTIC: [8] file_get_contents(): Content-type not specified assuming application/x-www-form-urlencoded /www/weixin/App/Home/Controller/MenuController.class.php 第 138 行.
INFO: [ app_end ] --START--
INFO: Run Behavior\ShowPageTraceBehavior [ RunTime:0.000521s ]
INFO: [ app_end ] --END-- [ RunTime:0.000643s ]

[ 2015-03-07T14:26:28+08:00 ] 140.207.54.80 /?signature=51b30a8cb7ed730fcf9bdee2b2dc7bfcbc3d3419&timestamp=1425709587&nonce=524986748
INFO: [ app_init ] --START--
INFO: Run Behavior\BuildLiteBehavior [ RunTime:0.000017s ]
INFO: [ app_init ] --END-- [ RunTime:0.000288s ]
INFO: [ app_begin ] --START--
INFO: Run Behavior\ReadHtmlCacheBehavior [ RunTime:0.000321s ]
INFO: [ app_begin ] --END-- [ RunTime:0.000377s ]
NOTIC: [8] A session had already been started - ignoring session_start() /www/weixin/App/Home/Controller/WechatController.class.php 第 7 行.
NOTIC: [8] file_get_contents(): Content-type not specified assuming application/x-www-form-urlencoded /www/weixin/App/Home/Controller/MenuController.class.php 第 138 行.
INFO: [ app_end ] --START--
INFO: Run Behavior\ShowPageTraceBehavior [ RunTime:0.000650s ]
INFO: [ app_end ] --END-- [ RunTime:0.000764s ]

[ 2015-03-07T14:26:49+08:00 ] 140.207.54.80 /?signature=36c26bb3152cb3e342bba2e0787927669d027270&timestamp=1425709609&nonce=1498831351
INFO: [ app_init ] --START--
INFO: Run Behavior\BuildLiteBehavior [ RunTime:0.000017s ]
INFO: [ app_init ] --END-- [ RunTime:0.000291s ]
INFO: [ app_begin ] --START--
INFO: Run Behavior\ReadHtmlCacheBehavior [ RunTime:0.000312s ]
INFO: [ app_begin ] --END-- [ RunTime:0.000381s ]
NOTIC: [8] A session had already been started - ignoring session_start() /www/weixin/App/Home/Controller/WechatController.class.php 第 7 行.
NOTIC: [8] file_get_contents(): Content-type not specified assuming application/x-www-form-urlencoded /www/weixin/App/Home/Controller/MenuController.class.php 第 138 行.
INFO: [ app_end ] --START--
INFO: Run Behavior\ShowPageTraceBehavior [ RunTime:0.000584s ]
INFO: [ app_end ] --END-- [ RunTime:0.000726s ]

[ 2015-03-07T14:58:06+08:00 ] 140.207.54.79 /?signature=08d46c490e1662c4bab66f1b245a4da00d42350e&timestamp=1425711486&nonce=153729056
INFO: [ app_init ] --START--
INFO: Run Behavior\BuildLiteBehavior [ RunTime:0.000015s ]
INFO: [ app_init ] --END-- [ RunTime:0.000295s ]
INFO: [ app_begin ] --START--
INFO: Run Behavior\ReadHtmlCacheBehavior [ RunTime:0.000325s ]
INFO: [ app_begin ] --END-- [ RunTime:0.000382s ]
NOTIC: [8] A session had already been started - ignoring session_start() /www/weixin/App/Home/Controller/WechatController.class.php 第 7 行.

[ 2015-03-07T14:58:29+08:00 ] 140.207.54.80 /?signature=de5274f797cc88533a3f66df69b2ca236afd1f00&timestamp=1425711508&nonce=565563300
INFO: [ app_init ] --START--
INFO: Run Behavior\BuildLiteBehavior [ RunTime:0.000024s ]
INFO: [ app_init ] --END-- [ RunTime:0.000406s ]
INFO: [ app_begin ] --START--
INFO: Run Behavior\ReadHtmlCacheBehavior [ RunTime:0.000382s ]
INFO: [ app_begin ] --END-- [ RunTime:0.000441s ]
NOTIC: [8] A session had already been started - ignoring session_start() /www/weixin/App/Home/Controller/WechatController.class.php 第 7 行.
NOTIC: [8] file_get_contents(): Content-type not specified assuming application/x-www-form-urlencoded /www/weixin/App/Home/Controller/MenuController.class.php 第 136 行.
INFO: [ app_end ] --START--
INFO: Run Behavior\ShowPageTraceBehavior [ RunTime:0.000473s ]
INFO: [ app_end ] --END-- [ RunTime:0.000588s ]

[ 2015-03-07T14:58:36+08:00 ] 140.207.54.78 /?signature=93367ca06ed5712e8be0d35fdedce34cf050893f&timestamp=1425711515&nonce=1363631826
INFO: [ app_init ] --START--
INFO: Run Behavior\BuildLiteBehavior [ RunTime:0.000015s ]
INFO: [ app_init ] --END-- [ RunTime:0.000283s ]
INFO: [ app_begin ] --START--
INFO: Run Behavior\ReadHtmlCacheBehavior [ RunTime:0.000326s ]
INFO: [ app_begin ] --END-- [ RunTime:0.000390s ]
NOTIC: [8] A session had already been started - ignoring session_start() /www/weixin/App/Home/Controller/WechatController.class.php 第 7 行.
NOTIC: [8] file_get_contents(): Content-type not specified assuming application/x-www-form-urlencoded /www/weixin/App/Home/Controller/MenuController.class.php 第 136 行.
INFO: [ app_end ] --START--
INFO: Run Behavior\ShowPageTraceBehavior [ RunTime:0.000464s ]
INFO: [ app_end ] --END-- [ RunTime:0.000581s ]

[ 2015-03-07T14:58:47+08:00 ] 140.207.54.79 /?signature=d23119dd0008197786313a3435373e37b508ec7c&timestamp=1425711526&nonce=519106733
INFO: [ app_init ] --START--
INFO: Run Behavior\BuildLiteBehavior [ RunTime:0.000015s ]
INFO: [ app_init ] --END-- [ RunTime:0.000317s ]
INFO: [ app_begin ] --START--
INFO: Run Behavior\ReadHtmlCacheBehavior [ RunTime:0.000319s ]
INFO: [ app_begin ] --END-- [ RunTime:0.000382s ]
NOTIC: [8] A session had already been started - ignoring session_start() /www/weixin/App/Home/Controller/WechatController.class.php 第 7 行.
NOTIC: [8] file_get_contents(): Content-type not specified assuming application/x-www-form-urlencoded /www/weixin/App/Home/Controller/MenuController.class.php 第 136 行.
INFO: [ app_end ] --START--
INFO: Run Behavior\ShowPageTraceBehavior [ RunTime:0.000523s ]
INFO: [ app_end ] --END-- [ RunTime:0.000647s ]

[ 2015-03-07T14:58:53+08:00 ] 140.207.54.79 /?signature=f2a5f953e599f92ed8b48b0435e79120bf5bdc8d&timestamp=1425711532&nonce=503404570
INFO: [ app_init ] --START--
INFO: Run Behavior\BuildLiteBehavior [ RunTime:0.000015s ]
INFO: [ app_init ] --END-- [ RunTime:0.000270s ]
INFO: [ app_begin ] --START--
INFO: Run Behavior\ReadHtmlCacheBehavior [ RunTime:0.000319s ]
INFO: [ app_begin ] --END-- [ RunTime:0.000378s ]
NOTIC: [8] A session had already been started - ignoring session_start() /www/weixin/App/Home/Controller/WechatController.class.php 第 7 行.
NOTIC: [8] file_get_contents(): Content-type not specified assuming application/x-www-form-urlencoded /www/weixin/App/Home/Controller/MenuController.class.php 第 136 行.
INFO: [ app_end ] --START--
INFO: Run Behavior\ShowPageTraceBehavior [ RunTime:0.000467s ]
INFO: [ app_end ] --END-- [ RunTime:0.000593s ]

[ 2015-03-07T14:59:00+08:00 ] 140.207.54.80 /?signature=dbc362a384623b3b1da711871253fbcaebf96874&timestamp=1425711540&nonce=1446935403
INFO: [ app_init ] --START--
INFO: Run Behavior\BuildLiteBehavior [ RunTime:0.000015s ]
INFO: [ app_init ] --END-- [ RunTime:0.000260s ]
INFO: [ app_begin ] --START--
INFO: Run Behavior\ReadHtmlCacheBehavior [ RunTime:0.000309s ]
INFO: [ app_begin ] --END-- [ RunTime:0.000366s ]
NOTIC: [8] A session had already been started - ignoring session_start() /www/weixin/App/Home/Controller/WechatController.class.php 第 7 行.
NOTIC: [8] file_get_contents(): Content-type not specified assuming application/x-www-form-urlencoded /www/weixin/App/Home/Controller/MenuController.class.php 第 136 行.
INFO: [ app_end ] --START--
INFO: Run Behavior\ShowPageTraceBehavior [ RunTime:0.000474s ]
INFO: [ app_end ] --END-- [ RunTime:0.000611s ]

[ 2015-03-07T15:06:15+08:00 ] 140.207.54.77 /?signature=435cd7d0745af2a6ab059a03b1b4198b503c485f&timestamp=1425711975&nonce=1288055661
INFO: [ app_init ] --START--
INFO: Run Behavior\BuildLiteBehavior [ RunTime:0.000023s ]
INFO: [ app_init ] --END-- [ RunTime:0.000367s ]
INFO: [ app_begin ] --START--
INFO: Run Behavior\ReadHtmlCacheBehavior [ RunTime:0.000361s ]
INFO: [ app_begin ] --END-- [ RunTime:0.000421s ]
NOTIC: [8] A session had already been started - ignoring session_start() /www/weixin/App/Home/Controller/WechatController.class.php 第 7 行.
NOTIC: [8] file_get_contents(): Content-type not specified assuming application/x-www-form-urlencoded /www/weixin/App/Home/Controller/MenuController.class.php 第 136 行.
INFO: [ app_end ] --START--
INFO: Run Behavior\ShowPageTraceBehavior [ RunTime:0.000513s ]
INFO: [ app_end ] --END-- [ RunTime:0.000630s ]

[ 2015-03-07T21:10:42+08:00 ] 140.207.54.77 /?signature=0e5bbcd4c94e32e6ffdc261e33d541f0ff6c822e&timestamp=1425733842&nonce=256009369
INFO: [ app_init ] --START--
INFO: Run Behavior\BuildLiteBehavior [ RunTime:0.000015s ]
INFO: [ app_init ] --END-- [ RunTime:0.000259s ]
INFO: [ app_begin ] --START--
INFO: Run Behavior\ReadHtmlCacheBehavior [ RunTime:0.000331s ]
INFO: [ app_begin ] --END-- [ RunTime:0.000389s ]
NOTIC: [8] A session had already been started - ignoring session_start() /www/weixin/App/Home/Controller/WechatController.class.php 第 7 行.
NOTIC: [8] file_get_contents(): Content-type not specified assuming application/x-www-form-urlencoded /www/weixin/App/Home/Controller/MenuController.class.php 第 136 行.
INFO: [ app_end ] --START--
INFO: Run Behavior\ShowPageTraceBehavior [ RunTime:0.000512s ]
INFO: [ app_end ] --END-- [ RunTime:0.000631s ]

