[ 2015-04-04T08:52:24+08:00 ] 140.207.54.74 /?signature=950287af1d4d54b4927f3029a48043afd121bea9&timestamp=1428108744&nonce=865419942
INFO: [ app_init ] --START--
INFO: Run Behavior\BuildLiteBehavior [ RunTime:0.000014s ]
INFO: [ app_init ] --END-- [ RunTime:0.000273s ]
INFO: [ app_begin ] --START--
INFO: Run Behavior\ReadHtmlCacheBehavior [ RunTime:0.000320s ]
INFO: [ app_begin ] --END-- [ RunTime:0.000382s ]
NOTIC: [8] A session had already been started - ignoring session_start() /www/weixin/App/Home/Controller/WechatController.class.php 第 7 行.

[ 2015-04-04T09:00:10+08:00 ] 140.207.54.74 /?signature=703d39708ed2a5ee60e7082d8d31a4920ef34267&timestamp=1428109209&nonce=152444571
INFO: [ app_init ] --START--
INFO: Run Behavior\BuildLiteBehavior [ RunTime:0.000022s ]
INFO: [ app_init ] --END-- [ RunTime:0.000282s ]
INFO: [ app_begin ] --START--
INFO: Run Behavior\ReadHtmlCacheBehavior [ RunTime:0.000317s ]
INFO: [ app_begin ] --END-- [ RunTime:0.000377s ]
NOTIC: [8] A session had already been started - ignoring session_start() /www/weixin/App/Home/Controller/WechatController.class.php 第 7 行.
NOTIC: [8] file_get_contents(): Content-type not specified assuming application/x-www-form-urlencoded /www/weixin/App/Home/Controller/MenuController.class.php 第 142 行.
INFO: [ app_end ] --START--
INFO: Run Behavior\ShowPageTraceBehavior [ RunTime:0.000491s ]
INFO: [ app_end ] --END-- [ RunTime:0.000603s ]

[ 2015-04-04T09:00:48+08:00 ] 140.207.54.73 /?signature=0ffb66ce074d4e64b00190c1bb52bf9e0e1b870c&timestamp=1428109248&nonce=857795049
INFO: [ app_init ] --START--
INFO: Run Behavior\BuildLiteBehavior [ RunTime:0.000014s ]
INFO: [ app_init ] --END-- [ RunTime:0.000261s ]
INFO: [ app_begin ] --START--
INFO: Run Behavior\ReadHtmlCacheBehavior [ RunTime:0.000323s ]
INFO: [ app_begin ] --END-- [ RunTime:0.000381s ]
NOTIC: [8] A session had already been started - ignoring session_start() /www/weixin/App/Home/Controller/WechatController.class.php 第 7 行.
NOTIC: [8] file_get_contents(): Content-type not specified assuming application/x-www-form-urlencoded /www/weixin/App/Home/Controller/MenuController.class.php 第 142 行.
INFO: [ app_end ] --START--
INFO: Run Behavior\ShowPageTraceBehavior [ RunTime:0.000468s ]
INFO: [ app_end ] --END-- [ RunTime:0.000588s ]

[ 2015-04-04T09:13:41+08:00 ] 112.65.193.16 /
INFO: [ app_init ] --START--
INFO: Run Behavior\BuildLiteBehavior [ RunTime:0.000016s ]
INFO: [ app_init ] --END-- [ RunTime:0.000285s ]
INFO: [ app_begin ] --START--
INFO: Run Behavior\ReadHtmlCacheBehavior [ RunTime:0.000322s ]
INFO: [ app_begin ] --END-- [ RunTime:0.000379s ]
NOTIC: [8] A session had already been started - ignoring session_start() /www/weixin/App/Home/Controller/WechatController.class.php 第 7 行.
NOTIC: [8] Undefined index: HTTP_RAW_POST_DATA /www/weixin/App/Home/Controller/WechatController.class.php 第 66 行.

[ 2015-04-04T23:49:18+08:00 ] 140.207.54.77 /?signature=d9270d63143d449c6e74f3bab080b342effb36cd&timestamp=1428162558&nonce=461897151
INFO: [ app_init ] --START--
INFO: Run Behavior\BuildLiteBehavior [ RunTime:0.000018s ]
INFO: [ app_init ] --END-- [ RunTime:0.000281s ]
INFO: [ app_begin ] --START--
INFO: Run Behavior\ReadHtmlCacheBehavior [ RunTime:0.000334s ]
INFO: [ app_begin ] --END-- [ RunTime:0.000391s ]
NOTIC: [8] A session had already been started - ignoring session_start() /www/weixin/App/Home/Controller/WechatController.class.php 第 7 行.

