[ 2015-03-28T03:07:38+08:00 ] 42.120.145.111 /
INFO: [ app_init ] --START--
INFO: Run Behavior\BuildLiteBehavior [ RunTime:0.000014s ]
INFO: [ app_init ] --END-- [ RunTime:0.000265s ]
INFO: [ app_begin ] --START--
INFO: Run Behavior\ReadHtmlCacheBehavior [ RunTime:0.000324s ]
INFO: [ app_begin ] --END-- [ RunTime:0.000381s ]
NOTIC: [8] A session had already been started - ignoring session_start() /www/weixin/App/Home/Controller/WechatController.class.php 第 7 行.
NOTIC: [8] Undefined index: HTTP_RAW_POST_DATA /www/weixin/App/Home/Controller/WechatController.class.php 第 66 行.

[ 2015-03-28T15:36:47+08:00 ] 140.207.54.80 /?signature=6ccea486f19de638ea7cc4a54cf3297641a31b58&timestamp=1427528206&nonce=33012638
INFO: [ app_init ] --START--
INFO: Run Behavior\BuildLiteBehavior [ RunTime:0.000015s ]
INFO: [ app_init ] --END-- [ RunTime:0.000261s ]
INFO: [ app_begin ] --START--
INFO: Run Behavior\ReadHtmlCacheBehavior [ RunTime:0.000316s ]
INFO: [ app_begin ] --END-- [ RunTime:0.000375s ]
NOTIC: [8] A session had already been started - ignoring session_start() /www/weixin/App/Home/Controller/WechatController.class.php 第 7 行.
NOTIC: [8] file_get_contents(): Content-type not specified assuming application/x-www-form-urlencoded /www/weixin/App/Home/Controller/MenuController.class.php 第 142 行.
INFO: [ app_end ] --START--
INFO: Run Behavior\ShowPageTraceBehavior [ RunTime:0.000508s ]
INFO: [ app_end ] --END-- [ RunTime:0.000622s ]

[ 2015-03-28T15:36:50+08:00 ] 140.207.54.80 /?signature=3b2fd4a852fdd3184a8a5d751e3fe7c43205ea51&timestamp=1427528209&nonce=1257887497
INFO: [ app_init ] --START--
INFO: Run Behavior\BuildLiteBehavior [ RunTime:0.000018s ]
INFO: [ app_init ] --END-- [ RunTime:0.000276s ]
INFO: [ app_begin ] --START--
INFO: Run Behavior\ReadHtmlCacheBehavior [ RunTime:0.000324s ]
INFO: [ app_begin ] --END-- [ RunTime:0.000384s ]
NOTIC: [8] A session had already been started - ignoring session_start() /www/weixin/App/Home/Controller/WechatController.class.php 第 7 行.
NOTIC: [8] file_get_contents(): Content-type not specified assuming application/x-www-form-urlencoded /www/weixin/App/Home/Controller/MenuController.class.php 第 142 行.
INFO: [ app_end ] --START--
INFO: Run Behavior\ShowPageTraceBehavior [ RunTime:0.000536s ]
INFO: [ app_end ] --END-- [ RunTime:0.000660s ]

[ 2015-03-28T15:36:56+08:00 ] 140.207.54.80 /?signature=a23be049414efffccb27897b631171fa80199a61&timestamp=1427528215&nonce=1877830842
INFO: [ app_init ] --START--
INFO: Run Behavior\BuildLiteBehavior [ RunTime:0.000015s ]
INFO: [ app_init ] --END-- [ RunTime:0.000284s ]
INFO: [ app_begin ] --START--
INFO: Run Behavior\ReadHtmlCacheBehavior [ RunTime:0.000338s ]
INFO: [ app_begin ] --END-- [ RunTime:0.000396s ]
NOTIC: [8] A session had already been started - ignoring session_start() /www/weixin/App/Home/Controller/WechatController.class.php 第 7 行.
NOTIC: [8] file_get_contents(): Content-type not specified assuming application/x-www-form-urlencoded /www/weixin/App/Home/Controller/MenuController.class.php 第 142 行.
INFO: [ app_end ] --START--
INFO: Run Behavior\ShowPageTraceBehavior [ RunTime:0.000510s ]
INFO: [ app_end ] --END-- [ RunTime:0.000650s ]

[ 2015-03-28T15:36:58+08:00 ] 140.207.54.80 /?signature=8783496508dcf80c45188be857e21a310ea4f9dc&timestamp=1427528218&nonce=1974244229
INFO: [ app_init ] --START--
INFO: Run Behavior\BuildLiteBehavior [ RunTime:0.000015s ]
INFO: [ app_init ] --END-- [ RunTime:0.000263s ]
INFO: [ app_begin ] --START--
INFO: Run Behavior\ReadHtmlCacheBehavior [ RunTime:0.000313s ]
INFO: [ app_begin ] --END-- [ RunTime:0.000371s ]
NOTIC: [8] A session had already been started - ignoring session_start() /www/weixin/App/Home/Controller/WechatController.class.php 第 7 行.
NOTIC: [8] file_get_contents(): Content-type not specified assuming application/x-www-form-urlencoded /www/weixin/App/Home/Controller/MenuController.class.php 第 142 行.
INFO: [ app_end ] --START--
INFO: Run Behavior\ShowPageTraceBehavior [ RunTime:0.000502s ]
INFO: [ app_end ] --END-- [ RunTime:0.000627s ]

[ 2015-03-28T15:37:15+08:00 ] 140.207.54.80 /?signature=1f9490141423b8d9be00af793c8009ab0ae8056f&timestamp=1427528234&nonce=736991674
INFO: [ app_init ] --START--
INFO: Run Behavior\BuildLiteBehavior [ RunTime:0.000020s ]
INFO: [ app_init ] --END-- [ RunTime:0.000275s ]
INFO: [ app_begin ] --START--
INFO: Run Behavior\ReadHtmlCacheBehavior [ RunTime:0.000315s ]
INFO: [ app_begin ] --END-- [ RunTime:0.000372s ]
NOTIC: [8] A session had already been started - ignoring session_start() /www/weixin/App/Home/Controller/WechatController.class.php 第 7 行.
NOTIC: [8] file_get_contents(): Content-type not specified assuming application/x-www-form-urlencoded /www/weixin/App/Home/Controller/MenuController.class.php 第 142 行.
INFO: [ app_end ] --START--
INFO: Run Behavior\ShowPageTraceBehavior [ RunTime:0.000502s ]
INFO: [ app_end ] --END-- [ RunTime:0.000619s ]

[ 2015-03-28T15:37:19+08:00 ] 140.207.54.80 /?signature=e067633e359430189e6cf487421cc348fe309642&timestamp=1427528238&nonce=1080326924
INFO: [ app_init ] --START--
INFO: Run Behavior\BuildLiteBehavior [ RunTime:0.000015s ]
INFO: [ app_init ] --END-- [ RunTime:0.000272s ]
INFO: [ app_begin ] --START--
INFO: Run Behavior\ReadHtmlCacheBehavior [ RunTime:0.000329s ]
INFO: [ app_begin ] --END-- [ RunTime:0.000387s ]
NOTIC: [8] A session had already been started - ignoring session_start() /www/weixin/App/Home/Controller/WechatController.class.php 第 7 行.
NOTIC: [8] file_get_contents(): Content-type not specified assuming application/x-www-form-urlencoded /www/weixin/App/Home/Controller/MenuController.class.php 第 142 行.
INFO: [ app_end ] --START--
INFO: Run Behavior\ShowPageTraceBehavior [ RunTime:0.000491s ]
INFO: [ app_end ] --END-- [ RunTime:0.000609s ]

[ 2015-03-28T15:40:58+08:00 ] 140.207.54.76 /?signature=bb2f79d0ce058b85a8e0ed56bbbfb3d2435e1578&timestamp=1427528457&nonce=703830458
INFO: [ app_init ] --START--
INFO: Run Behavior\BuildLiteBehavior [ RunTime:0.000017s ]
INFO: [ app_init ] --END-- [ RunTime:0.000276s ]
INFO: [ app_begin ] --START--
INFO: Run Behavior\ReadHtmlCacheBehavior [ RunTime:0.000324s ]
INFO: [ app_begin ] --END-- [ RunTime:0.000381s ]
NOTIC: [8] A session had already been started - ignoring session_start() /www/weixin/App/Home/Controller/WechatController.class.php 第 7 行.
NOTIC: [8] Undefined variable: content /www/weixin/App/Home/Controller/WechatController.class.php 第 307 行.
NOTIC: [8] Undefined variable: content /www/weixin/App/Home/Controller/WechatController.class.php 第 314 行.
NOTIC: [8] file_get_contents(): Content-type not specified assuming application/x-www-form-urlencoded /www/weixin/App/Home/Controller/MenuController.class.php 第 142 行.
INFO: [ app_end ] --START--
INFO: Run Behavior\ShowPageTraceBehavior [ RunTime:0.000500s ]
INFO: [ app_end ] --END-- [ RunTime:0.000610s ]

[ 2015-03-28T15:41:10+08:00 ] 140.207.54.80 /?signature=203ac1fc8b70f690330cc2ecc75e8b91e31b454a&timestamp=1427528470&nonce=1559712822
INFO: [ app_init ] --START--
INFO: Run Behavior\BuildLiteBehavior [ RunTime:0.000014s ]
INFO: [ app_init ] --END-- [ RunTime:0.000256s ]
INFO: [ app_begin ] --START--
INFO: Run Behavior\ReadHtmlCacheBehavior [ RunTime:0.000323s ]
INFO: [ app_begin ] --END-- [ RunTime:0.000380s ]
NOTIC: [8] A session had already been started - ignoring session_start() /www/weixin/App/Home/Controller/WechatController.class.php 第 7 行.
NOTIC: [8] file_get_contents(): Content-type not specified assuming application/x-www-form-urlencoded /www/weixin/App/Home/Controller/MenuController.class.php 第 142 行.
INFO: [ app_end ] --START--
INFO: Run Behavior\ShowPageTraceBehavior [ RunTime:0.000499s ]
INFO: [ app_end ] --END-- [ RunTime:0.000612s ]

[ 2015-03-28T20:32:55+08:00 ] 140.207.54.77 /?signature=eec4d8d0a573a1e86e5092148c252723fbafc349&timestamp=1427545974&nonce=278629837
INFO: [ app_init ] --START--
INFO: Run Behavior\BuildLiteBehavior [ RunTime:0.000014s ]
INFO: [ app_init ] --END-- [ RunTime:0.000265s ]
INFO: [ app_begin ] --START--
INFO: Run Behavior\ReadHtmlCacheBehavior [ RunTime:0.000348s ]
INFO: [ app_begin ] --END-- [ RunTime:0.000406s ]
NOTIC: [8] A session had already been started - ignoring session_start() /www/weixin/App/Home/Controller/WechatController.class.php 第 7 行.
NOTIC: [8] file_get_contents(): Content-type not specified assuming application/x-www-form-urlencoded /www/weixin/App/Home/Controller/MenuController.class.php 第 142 行.
INFO: [ app_end ] --START--
INFO: Run Behavior\ShowPageTraceBehavior [ RunTime:0.000509s ]
INFO: [ app_end ] --END-- [ RunTime:0.000620s ]

[ 2015-03-28T20:33:02+08:00 ] 116.204.86.35 /Home/GetByfilter/index/openId/ou9X8tl0p-rfJcmRriSrj2QP144s
INFO: [ app_init ] --START--
INFO: Run Behavior\BuildLiteBehavior [ RunTime:0.000015s ]
INFO: [ app_init ] --END-- [ RunTime:0.000290s ]
INFO: [ app_begin ] --START--
INFO: Run Behavior\ReadHtmlCacheBehavior [ RunTime:0.000354s ]
INFO: [ app_begin ] --END-- [ RunTime:0.000410s ]
NOTIC: [8] A session had already been started - ignoring session_start() /www/weixin/App/Home/Controller/GetByfilterController.class.php 第 13 行.
NOTIC: [8] A session had already been started - ignoring session_start() /www/weixin/App/Home/Common/Common.class.php 第 10 行.
NOTIC: [2048] Non-static method Home\Common\Common::setrep() should not be called statically, assuming $this from incompatible context /www/weixin/App/Home/Controller/GetByfilterController.class.php 第 29 行.
NOTIC: [2048] Non-static method Home\Common\Common::getAccessTokens() should not be called statically, assuming $this from incompatible context /www/weixin/App/Home/Common/Common.class.php 第 63 行.
NOTIC: [2048] Non-static method Home\Common\Common::PData() should not be called statically, assuming $this from incompatible context /www/weixin/App/Home/Controller/GetByfilterController.class.php 第 36 行.
NOTIC: [8] Use of undefined constant ture - assumed 'ture' /www/weixin/App/Home/Controller/GetByfilterController.class.php 第 37 行.
SQL: SHOW COLUMNS FROM `w_option` [ RunTime:0.0007s ]
SQL: SELECT `meta_value` FROM `w_option` WHERE ( meta_key='site_url' ) LIMIT 1   [ RunTime:0.0001s ]
SQL: SELECT `meta_value` FROM `w_option` WHERE ( meta_key='site_url' ) LIMIT 1   [ RunTime:0.0001s ]
NOTIC: [8] Use of undefined constant ture - assumed 'ture' /www/weixin/Theme/default/GetByfilter/index.php 第 50 行.
SQL: SELECT `meta_value` FROM `w_option` WHERE ( meta_key='site_url' ) LIMIT 1   [ RunTime:0.0001s ]
INFO: [ view_filter ] --START--
INFO: Run Behavior\WriteHtmlCacheBehavior [ RunTime:0.000168s ]
INFO: [ view_filter ] --END-- [ RunTime:0.000250s ]
INFO: [ app_end ] --START--
INFO: Run Behavior\ShowPageTraceBehavior [ RunTime:0.000481s ]
INFO: [ app_end ] --END-- [ RunTime:0.000569s ]

[ 2015-03-28T20:33:34+08:00 ] 116.204.86.35 /Home/GetByfilter/index/openId/ou9X8tl0p-rfJcmRriSrj2QP144s
INFO: [ app_init ] --START--
INFO: Run Behavior\BuildLiteBehavior [ RunTime:0.000015s ]
INFO: [ app_init ] --END-- [ RunTime:0.000266s ]
INFO: [ app_begin ] --START--
INFO: Run Behavior\ReadHtmlCacheBehavior [ RunTime:0.000316s ]
INFO: [ app_begin ] --END-- [ RunTime:0.000372s ]
NOTIC: [8] A session had already been started - ignoring session_start() /www/weixin/App/Home/Controller/GetByfilterController.class.php 第 13 行.
NOTIC: [8] A session had already been started - ignoring session_start() /www/weixin/App/Home/Common/Common.class.php 第 10 行.
NOTIC: [2048] Non-static method Home\Common\Common::setrep() should not be called statically, assuming $this from incompatible context /www/weixin/App/Home/Controller/GetByfilterController.class.php 第 29 行.
NOTIC: [2048] Non-static method Home\Common\Common::getAccessTokens() should not be called statically, assuming $this from incompatible context /www/weixin/App/Home/Common/Common.class.php 第 63 行.
NOTIC: [2048] Non-static method Home\Common\Common::PData() should not be called statically, assuming $this from incompatible context /www/weixin/App/Home/Controller/GetByfilterController.class.php 第 36 行.
NOTIC: [8] Use of undefined constant ture - assumed 'ture' /www/weixin/App/Home/Controller/GetByfilterController.class.php 第 37 行.
SQL: SHOW COLUMNS FROM `w_option` [ RunTime:0.0007s ]
SQL: SELECT `meta_value` FROM `w_option` WHERE ( meta_key='site_url' ) LIMIT 1   [ RunTime:0.0001s ]
SQL: SELECT `meta_value` FROM `w_option` WHERE ( meta_key='site_url' ) LIMIT 1   [ RunTime:0.0001s ]
NOTIC: [8] Use of undefined constant ture - assumed 'ture' /www/weixin/Theme/default/GetByfilter/index.php 第 50 行.
SQL: SELECT `meta_value` FROM `w_option` WHERE ( meta_key='site_url' ) LIMIT 1   [ RunTime:0.0001s ]
INFO: [ view_filter ] --START--
INFO: Run Behavior\WriteHtmlCacheBehavior [ RunTime:0.000155s ]
INFO: [ view_filter ] --END-- [ RunTime:0.000215s ]
INFO: [ app_end ] --START--
INFO: Run Behavior\ShowPageTraceBehavior [ RunTime:0.000394s ]
INFO: [ app_end ] --END-- [ RunTime:0.000458s ]

[ 2015-03-28T20:51:48+08:00 ] 140.207.54.80 /?signature=c0ef55f69c7352813a83ddaeca1cde044f79b6cc&timestamp=1427547107&nonce=1899575560
INFO: [ app_init ] --START--
INFO: Run Behavior\BuildLiteBehavior [ RunTime:0.000015s ]
INFO: [ app_init ] --END-- [ RunTime:0.000268s ]
INFO: [ app_begin ] --START--
INFO: Run Behavior\ReadHtmlCacheBehavior [ RunTime:0.000319s ]
INFO: [ app_begin ] --END-- [ RunTime:0.000377s ]
NOTIC: [8] A session had already been started - ignoring session_start() /www/weixin/App/Home/Controller/WechatController.class.php 第 7 行.
NOTIC: [8] file_get_contents(): Content-type not specified assuming application/x-www-form-urlencoded /www/weixin/App/Home/Controller/MenuController.class.php 第 142 行.
INFO: [ app_end ] --START--
INFO: Run Behavior\ShowPageTraceBehavior [ RunTime:0.000488s ]
INFO: [ app_end ] --END-- [ RunTime:0.000624s ]

