[ 2015-05-12T00:07:37+08:00 ] 192.168.2.43 /?signature=5af221933e798d751085a357e4ab5d919d4b9d2a&timestamp=1431360457&nonce=548206857
INFO: [ app_init ] --START--
INFO: Run Behavior\BuildLiteBehavior [ RunTime:0.000018s ]
INFO: [ app_init ] --END-- [ RunTime:0.000321s ]
INFO: [ app_begin ] --START--
INFO: Run Behavior\ReadHtmlCacheBehavior [ RunTime:0.000391s ]
INFO: [ app_begin ] --END-- [ RunTime:0.000442s ]
NOTIC: [8] A session had already been started - ignoring session_start() /web/weixin/App/Home/Controller/WechatController.class.php 第 7 行.

[ 2015-05-12T00:19:49+08:00 ] 192.168.2.43 /?signature=74c1e8f20cdfede6b5e1cffb238787598a85e5ee&timestamp=1431361189&nonce=97953195
INFO: [ app_init ] --START--
INFO: Run Behavior\BuildLiteBehavior [ RunTime:0.000015s ]
INFO: [ app_init ] --END-- [ RunTime:0.000319s ]
INFO: [ app_begin ] --START--
INFO: Run Behavior\ReadHtmlCacheBehavior [ RunTime:0.000391s ]
INFO: [ app_begin ] --END-- [ RunTime:0.000464s ]
NOTIC: [8] A session had already been started - ignoring session_start() /web/weixin/App/Home/Controller/WechatController.class.php 第 7 行.

[ 2015-05-12T00:41:36+08:00 ] 192.168.2.43 /?m=Home&c=Oauth2&a=index&type=lottery
INFO: [ app_init ] --START--
INFO: Run Behavior\BuildLiteBehavior [ RunTime:0.000014s ]
INFO: [ app_init ] --END-- [ RunTime:0.000301s ]
INFO: [ app_begin ] --START--
INFO: Run Behavior\ReadHtmlCacheBehavior [ RunTime:0.000395s ]
INFO: [ app_begin ] --END-- [ RunTime:0.000444s ]
SQL: SHOW COLUMNS FROM `w_option` [ RunTime:0.0007s ]
SQL: SELECT `meta_value` FROM `w_option` WHERE ( meta_key='site_url' ) LIMIT 1   [ RunTime:0.0001s ]
SQL: SELECT `meta_value` FROM `w_option` WHERE ( meta_key='site_url' ) LIMIT 1   [ RunTime:0.0001s ]

[ 2015-05-12T00:41:37+08:00 ] 192.168.2.43 /
INFO: [ app_init ] --START--
INFO: Run Behavior\BuildLiteBehavior [ RunTime:0.000013s ]
INFO: [ app_init ] --END-- [ RunTime:0.000292s ]
INFO: [ app_begin ] --START--
INFO: Run Behavior\ReadHtmlCacheBehavior [ RunTime:0.000390s ]
INFO: [ app_begin ] --END-- [ RunTime:0.000439s ]
NOTIC: [8] A session had already been started - ignoring session_start() /web/weixin/App/Home/Controller/WechatController.class.php 第 7 行.
NOTIC: [8] Undefined index: HTTP_RAW_POST_DATA /web/weixin/App/Home/Controller/WechatController.class.php 第 66 行.

[ 2015-05-12T00:41:37+08:00 ] 192.168.2.43 /
INFO: [ app_init ] --START--
INFO: Run Behavior\BuildLiteBehavior [ RunTime:0.000012s ]
INFO: [ app_init ] --END-- [ RunTime:0.000284s ]
INFO: [ app_begin ] --START--
INFO: Run Behavior\ReadHtmlCacheBehavior [ RunTime:0.000382s ]
INFO: [ app_begin ] --END-- [ RunTime:0.000431s ]
NOTIC: [8] A session had already been started - ignoring session_start() /web/weixin/App/Home/Controller/WechatController.class.php 第 7 行.
NOTIC: [8] Undefined index: HTTP_RAW_POST_DATA /web/weixin/App/Home/Controller/WechatController.class.php 第 66 行.

[ 2015-05-12T00:41:38+08:00 ] 192.168.2.43 /
INFO: [ app_init ] --START--
INFO: Run Behavior\BuildLiteBehavior [ RunTime:0.000012s ]
INFO: [ app_init ] --END-- [ RunTime:0.000286s ]
INFO: [ app_begin ] --START--
INFO: Run Behavior\ReadHtmlCacheBehavior [ RunTime:0.000412s ]
INFO: [ app_begin ] --END-- [ RunTime:0.000461s ]
NOTIC: [8] A session had already been started - ignoring session_start() /web/weixin/App/Home/Controller/WechatController.class.php 第 7 行.
NOTIC: [8] Undefined index: HTTP_RAW_POST_DATA /web/weixin/App/Home/Controller/WechatController.class.php 第 66 行.

[ 2015-05-12T00:41:40+08:00 ] 192.168.2.43 /
INFO: [ app_init ] --START--
INFO: Run Behavior\BuildLiteBehavior [ RunTime:0.000013s ]
INFO: [ app_init ] --END-- [ RunTime:0.000306s ]
INFO: [ app_begin ] --START--
INFO: Run Behavior\ReadHtmlCacheBehavior [ RunTime:0.000393s ]
INFO: [ app_begin ] --END-- [ RunTime:0.000442s ]
NOTIC: [8] A session had already been started - ignoring session_start() /web/weixin/App/Home/Controller/WechatController.class.php 第 7 行.
NOTIC: [8] Undefined index: HTTP_RAW_POST_DATA /web/weixin/App/Home/Controller/WechatController.class.php 第 66 行.

[ 2015-05-12T00:41:40+08:00 ] 192.168.2.43 /
INFO: [ app_init ] --START--
INFO: Run Behavior\BuildLiteBehavior [ RunTime:0.000015s ]
INFO: [ app_init ] --END-- [ RunTime:0.000308s ]
INFO: [ app_begin ] --START--
INFO: Run Behavior\ReadHtmlCacheBehavior [ RunTime:0.000411s ]
INFO: [ app_begin ] --END-- [ RunTime:0.000460s ]
NOTIC: [8] A session had already been started - ignoring session_start() /web/weixin/App/Home/Controller/WechatController.class.php 第 7 行.
NOTIC: [8] Undefined index: HTTP_RAW_POST_DATA /web/weixin/App/Home/Controller/WechatController.class.php 第 66 行.

[ 2015-05-12T00:41:40+08:00 ] 192.168.2.43 /
INFO: [ app_init ] --START--
INFO: Run Behavior\BuildLiteBehavior [ RunTime:0.000013s ]
INFO: [ app_init ] --END-- [ RunTime:0.000297s ]
INFO: [ app_begin ] --START--
INFO: Run Behavior\ReadHtmlCacheBehavior [ RunTime:0.000398s ]
INFO: [ app_begin ] --END-- [ RunTime:0.000447s ]
NOTIC: [8] A session had already been started - ignoring session_start() /web/weixin/App/Home/Controller/WechatController.class.php 第 7 行.
NOTIC: [8] Undefined index: HTTP_RAW_POST_DATA /web/weixin/App/Home/Controller/WechatController.class.php 第 66 行.

[ 2015-05-12T00:41:40+08:00 ] 192.168.2.43 /
INFO: [ app_init ] --START--
INFO: Run Behavior\BuildLiteBehavior [ RunTime:0.000013s ]
INFO: [ app_init ] --END-- [ RunTime:0.000304s ]
INFO: [ app_begin ] --START--
INFO: Run Behavior\ReadHtmlCacheBehavior [ RunTime:0.000419s ]
INFO: [ app_begin ] --END-- [ RunTime:0.000468s ]
NOTIC: [8] A session had already been started - ignoring session_start() /web/weixin/App/Home/Controller/WechatController.class.php 第 7 行.
NOTIC: [8] Undefined index: HTTP_RAW_POST_DATA /web/weixin/App/Home/Controller/WechatController.class.php 第 66 行.

[ 2015-05-12T00:41:40+08:00 ] 192.168.2.43 /
INFO: [ app_init ] --START--
INFO: Run Behavior\BuildLiteBehavior [ RunTime:0.000013s ]
INFO: [ app_init ] --END-- [ RunTime:0.000288s ]
INFO: [ app_begin ] --START--
INFO: Run Behavior\ReadHtmlCacheBehavior [ RunTime:0.000414s ]
INFO: [ app_begin ] --END-- [ RunTime:0.000464s ]
NOTIC: [8] A session had already been started - ignoring session_start() /web/weixin/App/Home/Controller/WechatController.class.php 第 7 行.
NOTIC: [8] Undefined index: HTTP_RAW_POST_DATA /web/weixin/App/Home/Controller/WechatController.class.php 第 66 行.

[ 2015-05-12T00:41:41+08:00 ] 192.168.2.43 /
INFO: [ app_init ] --START--
INFO: Run Behavior\BuildLiteBehavior [ RunTime:0.000013s ]
INFO: [ app_init ] --END-- [ RunTime:0.000302s ]
INFO: [ app_begin ] --START--
INFO: Run Behavior\ReadHtmlCacheBehavior [ RunTime:0.000394s ]
INFO: [ app_begin ] --END-- [ RunTime:0.000443s ]
NOTIC: [8] A session had already been started - ignoring session_start() /web/weixin/App/Home/Controller/WechatController.class.php 第 7 行.
NOTIC: [8] Undefined index: HTTP_RAW_POST_DATA /web/weixin/App/Home/Controller/WechatController.class.php 第 66 行.

[ 2015-05-12T00:49:18+08:00 ] 192.168.2.43 /?m=Home&c=Oauth2&a=index&type=lottery
INFO: [ app_init ] --START--
INFO: Run Behavior\BuildLiteBehavior [ RunTime:0.000015s ]
INFO: [ app_init ] --END-- [ RunTime:0.000300s ]
INFO: [ app_begin ] --START--
INFO: Run Behavior\ReadHtmlCacheBehavior [ RunTime:0.000386s ]
INFO: [ app_begin ] --END-- [ RunTime:0.000434s ]
SQL: SHOW COLUMNS FROM `w_option` [ RunTime:0.0007s ]
SQL: SELECT `meta_value` FROM `w_option` WHERE ( meta_key='site_url' ) LIMIT 1   [ RunTime:0.0001s ]
SQL: SELECT `meta_value` FROM `w_option` WHERE ( meta_key='site_url' ) LIMIT 1   [ RunTime:0.0001s ]

[ 2015-05-12T00:50:16+08:00 ] 192.168.2.43 /?signature=5febb65ea0c0e6f5e339b869f5d92654963714d8&timestamp=1431363016&nonce=1174882380
INFO: [ app_init ] --START--
INFO: Run Behavior\BuildLiteBehavior [ RunTime:0.000014s ]
INFO: [ app_init ] --END-- [ RunTime:0.000300s ]
INFO: [ app_begin ] --START--
INFO: Run Behavior\ReadHtmlCacheBehavior [ RunTime:0.000419s ]
INFO: [ app_begin ] --END-- [ RunTime:0.000469s ]
NOTIC: [8] A session had already been started - ignoring session_start() /web/weixin/App/Home/Controller/WechatController.class.php 第 7 行.

[ 2015-05-12T00:54:54+08:00 ] 192.168.2.43 /?signature=acce5f150a77bebce1ee6aedcce34a282e4aa1f3&timestamp=1431363294&nonce=1038372170
INFO: [ app_init ] --START--
INFO: Run Behavior\BuildLiteBehavior [ RunTime:0.000014s ]
INFO: [ app_init ] --END-- [ RunTime:0.000333s ]
INFO: [ app_begin ] --START--
INFO: Run Behavior\ReadHtmlCacheBehavior [ RunTime:0.000424s ]
INFO: [ app_begin ] --END-- [ RunTime:0.000476s ]
NOTIC: [8] A session had already been started - ignoring session_start() /web/weixin/App/Home/Controller/WechatController.class.php 第 7 行.

[ 2015-05-12T00:56:37+08:00 ] 192.168.2.43 /?signature=15683427929bcbeb65a4d81974e63966f36083f8&timestamp=1431363397&nonce=1773979307
INFO: [ app_init ] --START--
INFO: Run Behavior\BuildLiteBehavior [ RunTime:0.000015s ]
INFO: [ app_init ] --END-- [ RunTime:0.000339s ]
INFO: [ app_begin ] --START--
INFO: Run Behavior\ReadHtmlCacheBehavior [ RunTime:0.000413s ]
INFO: [ app_begin ] --END-- [ RunTime:0.000476s ]
NOTIC: [8] A session had already been started - ignoring session_start() /web/weixin/App/Home/Controller/WechatController.class.php 第 7 行.

[ 2015-05-12T01:10:29+08:00 ] 192.168.2.43 /?signature=b713c18b3cb94a3cece9da90175d14f149cff9f3&timestamp=1431364228&nonce=20342477
INFO: [ app_init ] --START--
INFO: Run Behavior\BuildLiteBehavior [ RunTime:0.000015s ]
INFO: [ app_init ] --END-- [ RunTime:0.000342s ]
INFO: [ app_begin ] --START--
INFO: Run Behavior\ReadHtmlCacheBehavior [ RunTime:0.000423s ]
INFO: [ app_begin ] --END-- [ RunTime:0.000475s ]
NOTIC: [8] A session had already been started - ignoring session_start() /web/weixin/App/Home/Controller/WechatController.class.php 第 7 行.
NOTIC: [8] file_get_contents(): Content-type not specified assuming application/x-www-form-urlencoded /web/weixin/App/Home/Controller/MenuController.class.php 第 137 行.
INFO: [ app_end ] --START--
INFO: Run Behavior\ShowPageTraceBehavior [ RunTime:0.000545s ]
INFO: [ app_end ] --END-- [ RunTime:0.000614s ]

[ 2015-05-12T03:35:01+08:00 ] 222.186.30.49 /
INFO: [ app_init ] --START--
INFO: Run Behavior\BuildLiteBehavior [ RunTime:0.000014s ]
INFO: [ app_init ] --END-- [ RunTime:0.000313s ]
INFO: [ app_begin ] --START--
INFO: Run Behavior\ReadHtmlCacheBehavior [ RunTime:0.000385s ]
INFO: [ app_begin ] --END-- [ RunTime:0.000455s ]
NOTIC: [8] A session had already been started - ignoring session_start() /web/weixin/App/Home/Controller/WechatController.class.php 第 7 行.
NOTIC: [8] Undefined index: HTTP_RAW_POST_DATA /web/weixin/App/Home/Controller/WechatController.class.php 第 66 行.

[ 2015-05-12T05:54:53+08:00 ] 192.168.2.43 /?signature=c9bbc0febf6d70c9416469970fce4bc7f9cd7427&timestamp=1431381293&nonce=2063411113
INFO: [ app_init ] --START--
INFO: Run Behavior\BuildLiteBehavior [ RunTime:0.000015s ]
INFO: [ app_init ] --END-- [ RunTime:0.000300s ]
INFO: [ app_begin ] --START--
INFO: Run Behavior\ReadHtmlCacheBehavior [ RunTime:0.000415s ]
INFO: [ app_begin ] --END-- [ RunTime:0.000466s ]
NOTIC: [8] A session had already been started - ignoring session_start() /web/weixin/App/Home/Controller/WechatController.class.php 第 7 行.

[ 2015-05-12T06:16:15+08:00 ] 192.168.2.43 /?signature=68f6186c506a819d80f8252644778ca516ba2d32&timestamp=1431382575&nonce=867695193
INFO: [ app_init ] --START--
INFO: Run Behavior\BuildLiteBehavior [ RunTime:0.000014s ]
INFO: [ app_init ] --END-- [ RunTime:0.000297s ]
INFO: [ app_begin ] --START--
INFO: Run Behavior\ReadHtmlCacheBehavior [ RunTime:0.000382s ]
INFO: [ app_begin ] --END-- [ RunTime:0.000432s ]
NOTIC: [8] A session had already been started - ignoring session_start() /web/weixin/App/Home/Controller/WechatController.class.php 第 7 行.

[ 2015-05-12T06:20:31+08:00 ] 192.168.2.43 /?signature=3a1a87fc9d482b24dbd01e1712655add8747c6a6&timestamp=1431382831&nonce=1488770045
INFO: [ app_init ] --START--
INFO: Run Behavior\BuildLiteBehavior [ RunTime:0.000014s ]
INFO: [ app_init ] --END-- [ RunTime:0.000320s ]
INFO: [ app_begin ] --START--
INFO: Run Behavior\ReadHtmlCacheBehavior [ RunTime:0.000402s ]
INFO: [ app_begin ] --END-- [ RunTime:0.000453s ]
NOTIC: [8] A session had already been started - ignoring session_start() /web/weixin/App/Home/Controller/WechatController.class.php 第 7 行.

[ 2015-05-12T06:24:33+08:00 ] 192.168.2.43 /?signature=e34b76ba5f106499ebba1e32e64eebf0f8e1ed0f&timestamp=1431383073&nonce=559530383
INFO: [ app_init ] --START--
INFO: Run Behavior\BuildLiteBehavior [ RunTime:0.000014s ]
INFO: [ app_init ] --END-- [ RunTime:0.000303s ]
INFO: [ app_begin ] --START--
INFO: Run Behavior\ReadHtmlCacheBehavior [ RunTime:0.000386s ]
INFO: [ app_begin ] --END-- [ RunTime:0.000437s ]
NOTIC: [8] A session had already been started - ignoring session_start() /web/weixin/App/Home/Controller/WechatController.class.php 第 7 行.

[ 2015-05-12T06:28:21+08:00 ] 192.168.2.43 /?signature=25ab9131789cdd99a9e45ec033c1e06e137b36a2&timestamp=1431383301&nonce=1664995804
INFO: [ app_init ] --START--
INFO: Run Behavior\BuildLiteBehavior [ RunTime:0.000015s ]
INFO: [ app_init ] --END-- [ RunTime:0.000317s ]
INFO: [ app_begin ] --START--
INFO: Run Behavior\ReadHtmlCacheBehavior [ RunTime:0.000429s ]
INFO: [ app_begin ] --END-- [ RunTime:0.000478s ]
NOTIC: [8] A session had already been started - ignoring session_start() /web/weixin/App/Home/Controller/WechatController.class.php 第 7 行.

[ 2015-05-12T06:34:48+08:00 ] 192.168.2.43 /?signature=669eff9ecd211b97a084ab9e797cc0fc35230639&timestamp=1431383688&nonce=1382314191
INFO: [ app_init ] --START--
INFO: Run Behavior\BuildLiteBehavior [ RunTime:0.000014s ]
INFO: [ app_init ] --END-- [ RunTime:0.000323s ]
INFO: [ app_begin ] --START--
INFO: Run Behavior\ReadHtmlCacheBehavior [ RunTime:0.000409s ]
INFO: [ app_begin ] --END-- [ RunTime:0.000460s ]
NOTIC: [8] A session had already been started - ignoring session_start() /web/weixin/App/Home/Controller/WechatController.class.php 第 7 行.

[ 2015-05-12T06:40:37+08:00 ] 192.168.2.43 /?signature=f2c394b20a40ff24295249cbf8696bec3df1dffc&timestamp=1431384037&nonce=573186205
INFO: [ app_init ] --START--
INFO: Run Behavior\BuildLiteBehavior [ RunTime:0.000014s ]
INFO: [ app_init ] --END-- [ RunTime:0.000304s ]
INFO: [ app_begin ] --START--
INFO: Run Behavior\ReadHtmlCacheBehavior [ RunTime:0.000400s ]
INFO: [ app_begin ] --END-- [ RunTime:0.000451s ]
NOTIC: [8] A session had already been started - ignoring session_start() /web/weixin/App/Home/Controller/WechatController.class.php 第 7 行.

[ 2015-05-12T07:19:41+08:00 ] 162.212.2.34 /
INFO: [ app_init ] --START--
INFO: Run Behavior\BuildLiteBehavior [ RunTime:0.000015s ]
INFO: [ app_init ] --END-- [ RunTime:0.000301s ]
INFO: [ app_begin ] --START--
INFO: Run Behavior\ReadHtmlCacheBehavior [ RunTime:0.000392s ]
INFO: [ app_begin ] --END-- [ RunTime:0.000441s ]
NOTIC: [8] A session had already been started - ignoring session_start() /web/weixin/App/Home/Controller/WechatController.class.php 第 7 行.
NOTIC: [8] Undefined index: HTTP_RAW_POST_DATA /web/weixin/App/Home/Controller/WechatController.class.php 第 66 行.

[ 2015-05-12T07:29:10+08:00 ] 192.168.2.43 /?signature=65d8dc088999dc810948b6d780aa64c99a58c99e&timestamp=1431386950&nonce=579785942
INFO: [ app_init ] --START--
INFO: Run Behavior\BuildLiteBehavior [ RunTime:0.000014s ]
INFO: [ app_init ] --END-- [ RunTime:0.000318s ]
INFO: [ app_begin ] --START--
INFO: Run Behavior\ReadHtmlCacheBehavior [ RunTime:0.000426s ]
INFO: [ app_begin ] --END-- [ RunTime:0.000476s ]
NOTIC: [8] A session had already been started - ignoring session_start() /web/weixin/App/Home/Controller/WechatController.class.php 第 7 行.

[ 2015-05-12T07:50:41+08:00 ] 192.168.2.43 /?signature=39591fea520093f23f19f5f3fb25912dcbc42409&timestamp=1431388241&nonce=1170509690
INFO: [ app_init ] --START--
INFO: Run Behavior\BuildLiteBehavior [ RunTime:0.000014s ]
INFO: [ app_init ] --END-- [ RunTime:0.000317s ]
INFO: [ app_begin ] --START--
INFO: Run Behavior\ReadHtmlCacheBehavior [ RunTime:0.000427s ]
INFO: [ app_begin ] --END-- [ RunTime:0.000478s ]
NOTIC: [8] A session had already been started - ignoring session_start() /web/weixin/App/Home/Controller/WechatController.class.php 第 7 行.

[ 2015-05-12T08:05:21+08:00 ] 192.168.2.43 /?signature=3546b188c5a3029397e2df1c2e6a2f50e30522cb&timestamp=1431389121&nonce=1227606062
INFO: [ app_init ] --START--
INFO: Run Behavior\BuildLiteBehavior [ RunTime:0.000015s ]
INFO: [ app_init ] --END-- [ RunTime:0.000301s ]
INFO: [ app_begin ] --START--
INFO: Run Behavior\ReadHtmlCacheBehavior [ RunTime:0.000396s ]
INFO: [ app_begin ] --END-- [ RunTime:0.000447s ]
NOTIC: [8] A session had already been started - ignoring session_start() /web/weixin/App/Home/Controller/WechatController.class.php 第 7 行.

[ 2015-05-12T08:27:57+08:00 ] 192.168.2.43 /?signature=96c25d9ab5811f31b04268cacda42a5cc4a17e86&timestamp=1431390477&nonce=712161223
INFO: [ app_init ] --START--
INFO: Run Behavior\BuildLiteBehavior [ RunTime:0.000015s ]
INFO: [ app_init ] --END-- [ RunTime:0.000318s ]
INFO: [ app_begin ] --START--
INFO: Run Behavior\ReadHtmlCacheBehavior [ RunTime:0.000380s ]
INFO: [ app_begin ] --END-- [ RunTime:0.000431s ]
NOTIC: [8] A session had already been started - ignoring session_start() /web/weixin/App/Home/Controller/WechatController.class.php 第 7 行.

[ 2015-05-12T08:28:11+08:00 ] 192.168.2.43 /?signature=06d60c94eafa041e4d24a39051c86038c0753048&timestamp=1431390492&nonce=1685453495
INFO: [ app_init ] --START--
INFO: Run Behavior\BuildLiteBehavior [ RunTime:0.000027s ]
INFO: [ app_init ] --END-- [ RunTime:0.000314s ]
INFO: [ app_begin ] --START--
INFO: Run Behavior\ReadHtmlCacheBehavior [ RunTime:0.000387s ]
INFO: [ app_begin ] --END-- [ RunTime:0.000450s ]
NOTIC: [8] A session had already been started - ignoring session_start() /web/weixin/App/Home/Controller/WechatController.class.php 第 7 行.

[ 2015-05-12T08:31:26+08:00 ] 192.168.2.43 /?signature=1a81d0a05392eda880a1d2074f080477045caa73&timestamp=1431390686&nonce=1855576086
INFO: [ app_init ] --START--
INFO: Run Behavior\BuildLiteBehavior [ RunTime:0.000015s ]
INFO: [ app_init ] --END-- [ RunTime:0.000339s ]
INFO: [ app_begin ] --START--
INFO: Run Behavior\ReadHtmlCacheBehavior [ RunTime:0.000430s ]
INFO: [ app_begin ] --END-- [ RunTime:0.000481s ]
NOTIC: [8] A session had already been started - ignoring session_start() /web/weixin/App/Home/Controller/WechatController.class.php 第 7 行.

[ 2015-05-12T08:50:19+08:00 ] 192.168.2.43 /?m=Home&c=Oauth2&a=index&type=lottery
INFO: [ app_init ] --START--
INFO: Run Behavior\BuildLiteBehavior [ RunTime:0.000014s ]
INFO: [ app_init ] --END-- [ RunTime:0.000301s ]
INFO: [ app_begin ] --START--
INFO: Run Behavior\ReadHtmlCacheBehavior [ RunTime:0.000383s ]
INFO: [ app_begin ] --END-- [ RunTime:0.000431s ]
SQL: SHOW COLUMNS FROM `w_option` [ RunTime:0.0008s ]
SQL: SELECT `meta_value` FROM `w_option` WHERE ( meta_key='site_url' ) LIMIT 1   [ RunTime:0.0001s ]
SQL: SELECT `meta_value` FROM `w_option` WHERE ( meta_key='site_url' ) LIMIT 1   [ RunTime:0.0001s ]

[ 2015-05-12T08:50:19+08:00 ] 192.168.2.43 /
INFO: [ app_init ] --START--
INFO: Run Behavior\BuildLiteBehavior [ RunTime:0.000012s ]
INFO: [ app_init ] --END-- [ RunTime:0.000285s ]
INFO: [ app_begin ] --START--
INFO: Run Behavior\ReadHtmlCacheBehavior [ RunTime:0.000400s ]
INFO: [ app_begin ] --END-- [ RunTime:0.000449s ]
NOTIC: [8] A session had already been started - ignoring session_start() /web/weixin/App/Home/Controller/WechatController.class.php 第 7 行.
NOTIC: [8] Undefined index: HTTP_RAW_POST_DATA /web/weixin/App/Home/Controller/WechatController.class.php 第 66 行.

[ 2015-05-12T08:50:19+08:00 ] 192.168.2.43 /
INFO: [ app_init ] --START--
INFO: Run Behavior\BuildLiteBehavior [ RunTime:0.000012s ]
INFO: [ app_init ] --END-- [ RunTime:0.000286s ]
INFO: [ app_begin ] --START--
INFO: Run Behavior\ReadHtmlCacheBehavior [ RunTime:0.000383s ]
INFO: [ app_begin ] --END-- [ RunTime:0.000432s ]
NOTIC: [8] A session had already been started - ignoring session_start() /web/weixin/App/Home/Controller/WechatController.class.php 第 7 行.
NOTIC: [8] Undefined index: HTTP_RAW_POST_DATA /web/weixin/App/Home/Controller/WechatController.class.php 第 66 行.

[ 2015-05-12T08:58:14+08:00 ] 192.168.2.43 /?signature=f590a92bd9c09e8f42ef019b24009d8ac6dbc03d&timestamp=1431392294&nonce=776462947
INFO: [ app_init ] --START--
INFO: Run Behavior\BuildLiteBehavior [ RunTime:0.000015s ]
INFO: [ app_init ] --END-- [ RunTime:0.000323s ]
INFO: [ app_begin ] --START--
INFO: Run Behavior\ReadHtmlCacheBehavior [ RunTime:0.000406s ]
INFO: [ app_begin ] --END-- [ RunTime:0.000455s ]
NOTIC: [8] A session had already been started - ignoring session_start() /web/weixin/App/Home/Controller/WechatController.class.php 第 7 行.

[ 2015-05-12T09:03:29+08:00 ] 192.168.2.43 /?signature=9b5800e9750cf0d35e631a68049b764f65381083&timestamp=1431392609&nonce=1150070751
INFO: [ app_init ] --START--
INFO: Run Behavior\BuildLiteBehavior [ RunTime:0.000015s ]
INFO: [ app_init ] --END-- [ RunTime:0.000304s ]
INFO: [ app_begin ] --START--
INFO: Run Behavior\ReadHtmlCacheBehavior [ RunTime:0.000387s ]
INFO: [ app_begin ] --END-- [ RunTime:0.000439s ]
NOTIC: [8] A session had already been started - ignoring session_start() /web/weixin/App/Home/Controller/WechatController.class.php 第 7 行.

[ 2015-05-12T09:04:56+08:00 ] 192.168.2.43 /?signature=ccf2eff70d3d30284fb4f7cf7ef8dd0d222a58f5&timestamp=1431392696&nonce=273555127
INFO: [ app_init ] --START--
INFO: Run Behavior\BuildLiteBehavior [ RunTime:0.000015s ]
INFO: [ app_init ] --END-- [ RunTime:0.000303s ]
INFO: [ app_begin ] --START--
INFO: Run Behavior\ReadHtmlCacheBehavior [ RunTime:0.000387s ]
INFO: [ app_begin ] --END-- [ RunTime:0.000438s ]
NOTIC: [8] A session had already been started - ignoring session_start() /web/weixin/App/Home/Controller/WechatController.class.php 第 7 行.

[ 2015-05-12T09:08:56+08:00 ] 192.168.2.43 /?signature=579c987a00cd125b1a92061d928c87c41ebb0536&timestamp=1431392936&nonce=445881550
INFO: [ app_init ] --START--
INFO: Run Behavior\BuildLiteBehavior [ RunTime:0.000027s ]
INFO: [ app_init ] --END-- [ RunTime:0.000315s ]
INFO: [ app_begin ] --START--
INFO: Run Behavior\ReadHtmlCacheBehavior [ RunTime:0.000377s ]
INFO: [ app_begin ] --END-- [ RunTime:0.000428s ]
NOTIC: [8] A session had already been started - ignoring session_start() /web/weixin/App/Home/Controller/WechatController.class.php 第 7 行.

[ 2015-05-12T09:10:19+08:00 ] 192.168.2.43 /?signature=1f464d2fa6e95045acac6adb2e6e4d3de22f5625&timestamp=1431393020&nonce=545071400
INFO: [ app_init ] --START--
INFO: Run Behavior\BuildLiteBehavior [ RunTime:0.000014s ]
INFO: [ app_init ] --END-- [ RunTime:0.000328s ]
INFO: [ app_begin ] --START--
INFO: Run Behavior\ReadHtmlCacheBehavior [ RunTime:0.000422s ]
INFO: [ app_begin ] --END-- [ RunTime:0.000473s ]
NOTIC: [8] A session had already been started - ignoring session_start() /web/weixin/App/Home/Controller/WechatController.class.php 第 7 行.

[ 2015-05-12T09:34:55+08:00 ] 192.168.2.43 /?signature=9c28a437d4982ac93492bffa03f73aabd94c6530&timestamp=1431394495&nonce=1226566490
INFO: [ app_init ] --START--
INFO: Run Behavior\BuildLiteBehavior [ RunTime:0.000015s ]
INFO: [ app_init ] --END-- [ RunTime:0.000300s ]
INFO: [ app_begin ] --START--
INFO: Run Behavior\ReadHtmlCacheBehavior [ RunTime:0.000382s ]
INFO: [ app_begin ] --END-- [ RunTime:0.000434s ]
NOTIC: [8] A session had already been started - ignoring session_start() /web/weixin/App/Home/Controller/WechatController.class.php 第 7 行.

[ 2015-05-12T09:41:13+08:00 ] 192.168.2.43 /?signature=798444b53291ed657cbe9de327700151d0b05192&timestamp=1431394873&nonce=218546760
INFO: [ app_init ] --START--
INFO: Run Behavior\BuildLiteBehavior [ RunTime:0.000014s ]
INFO: [ app_init ] --END-- [ RunTime:0.000297s ]
INFO: [ app_begin ] --START--
INFO: Run Behavior\ReadHtmlCacheBehavior [ RunTime:0.000382s ]
INFO: [ app_begin ] --END-- [ RunTime:0.000433s ]
NOTIC: [8] A session had already been started - ignoring session_start() /web/weixin/App/Home/Controller/WechatController.class.php 第 7 行.

[ 2015-05-12T09:48:35+08:00 ] 192.168.2.43 /?signature=483a4f2233e63c0ba4e0bb0d6f641852eed1dc72&timestamp=1431395315&nonce=878004387
INFO: [ app_init ] --START--
INFO: Run Behavior\BuildLiteBehavior [ RunTime:0.000014s ]
INFO: [ app_init ] --END-- [ RunTime:0.000324s ]
INFO: [ app_begin ] --START--
INFO: Run Behavior\ReadHtmlCacheBehavior [ RunTime:0.000419s ]
INFO: [ app_begin ] --END-- [ RunTime:0.000470s ]
NOTIC: [8] A session had already been started - ignoring session_start() /web/weixin/App/Home/Controller/WechatController.class.php 第 7 行.

[ 2015-05-12T09:56:01+08:00 ] 192.168.2.43 /?signature=3a666ba75b601b95f3adee8602342c4e47708f73&timestamp=1431395762&nonce=536748290
INFO: [ app_init ] --START--
INFO: Run Behavior\BuildLiteBehavior [ RunTime:0.000014s ]
INFO: [ app_init ] --END-- [ RunTime:0.000303s ]
INFO: [ app_begin ] --START--
INFO: Run Behavior\ReadHtmlCacheBehavior [ RunTime:0.000415s ]
INFO: [ app_begin ] --END-- [ RunTime:0.000466s ]
NOTIC: [8] A session had already been started - ignoring session_start() /web/weixin/App/Home/Controller/WechatController.class.php 第 7 行.

[ 2015-05-12T09:58:45+08:00 ] 192.168.2.43 /?signature=a38ca723eec8e796a300f6fa314832770b1bbf9d&timestamp=1431395925&nonce=1778155691
INFO: [ app_init ] --START--
INFO: Run Behavior\BuildLiteBehavior [ RunTime:0.000014s ]
INFO: [ app_init ] --END-- [ RunTime:0.000315s ]
INFO: [ app_begin ] --START--
INFO: Run Behavior\ReadHtmlCacheBehavior [ RunTime:0.000393s ]
INFO: [ app_begin ] --END-- [ RunTime:0.000443s ]
NOTIC: [8] A session had already been started - ignoring session_start() /web/weixin/App/Home/Controller/WechatController.class.php 第 7 行.

[ 2015-05-12T10:04:52+08:00 ] 192.168.2.43 /?signature=f676df5e74678ab8f5463a8aa3b756b5b401244a&timestamp=1431396292&nonce=37167811
INFO: [ app_init ] --START--
INFO: Run Behavior\BuildLiteBehavior [ RunTime:0.000014s ]
INFO: [ app_init ] --END-- [ RunTime:0.000304s ]
INFO: [ app_begin ] --START--
INFO: Run Behavior\ReadHtmlCacheBehavior [ RunTime:0.000401s ]
INFO: [ app_begin ] --END-- [ RunTime:0.000453s ]
NOTIC: [8] A session had already been started - ignoring session_start() /web/weixin/App/Home/Controller/WechatController.class.php 第 7 行.

[ 2015-05-12T10:06:57+08:00 ] 192.168.2.43 /?signature=094095efa4233ed122f2a3d222dbdf3786d0689a&timestamp=1431396417&nonce=1290563644
INFO: [ app_init ] --START--
INFO: Run Behavior\BuildLiteBehavior [ RunTime:0.000014s ]
INFO: [ app_init ] --END-- [ RunTime:0.000325s ]
INFO: [ app_begin ] --START--
INFO: Run Behavior\ReadHtmlCacheBehavior [ RunTime:0.000428s ]
INFO: [ app_begin ] --END-- [ RunTime:0.000479s ]
NOTIC: [8] A session had already been started - ignoring session_start() /web/weixin/App/Home/Controller/WechatController.class.php 第 7 行.

[ 2015-05-12T10:15:08+08:00 ] 192.168.2.43 /?signature=0cf3b393ed7a5ac5d1d11f85ce4353480cce8cb2&timestamp=1431396908&nonce=1431433528
INFO: [ app_init ] --START--
INFO: Run Behavior\BuildLiteBehavior [ RunTime:0.000014s ]
INFO: [ app_init ] --END-- [ RunTime:0.000314s ]
INFO: [ app_begin ] --START--
INFO: Run Behavior\ReadHtmlCacheBehavior [ RunTime:0.000378s ]
INFO: [ app_begin ] --END-- [ RunTime:0.000428s ]
NOTIC: [8] A session had already been started - ignoring session_start() /web/weixin/App/Home/Controller/WechatController.class.php 第 7 行.

[ 2015-05-12T10:26:58+08:00 ] 192.168.2.43 /?signature=8469efa05b2243d138768f022019acd5fdb493f0&timestamp=1431397619&nonce=1200854620
INFO: [ app_init ] --START--
INFO: Run Behavior\BuildLiteBehavior [ RunTime:0.000016s ]
INFO: [ app_init ] --END-- [ RunTime:0.000320s ]
INFO: [ app_begin ] --START--
INFO: Run Behavior\ReadHtmlCacheBehavior [ RunTime:0.000421s ]
INFO: [ app_begin ] --END-- [ RunTime:0.000472s ]
NOTIC: [8] A session had already been started - ignoring session_start() /web/weixin/App/Home/Controller/WechatController.class.php 第 7 行.

[ 2015-05-12T10:36:36+08:00 ] 192.168.2.43 /?signature=df4ec937da9268ef282bee75e71670bd4df06bb5&timestamp=1431398196&nonce=1078772220
INFO: [ app_init ] --START--
INFO: Run Behavior\BuildLiteBehavior [ RunTime:0.000017s ]
INFO: [ app_init ] --END-- [ RunTime:0.000313s ]
INFO: [ app_begin ] --START--
INFO: Run Behavior\ReadHtmlCacheBehavior [ RunTime:0.000386s ]
INFO: [ app_begin ] --END-- [ RunTime:0.000437s ]
NOTIC: [8] A session had already been started - ignoring session_start() /web/weixin/App/Home/Controller/WechatController.class.php 第 7 行.

[ 2015-05-12T11:50:08+08:00 ] 192.168.2.43 /?signature=884fd10d2f63d85f710b5b5e31711e33f66b11b2&timestamp=1431402608&nonce=117764846
INFO: [ app_init ] --START--
INFO: Run Behavior\BuildLiteBehavior [ RunTime:0.000014s ]
INFO: [ app_init ] --END-- [ RunTime:0.000320s ]
INFO: [ app_begin ] --START--
INFO: Run Behavior\ReadHtmlCacheBehavior [ RunTime:0.000403s ]
INFO: [ app_begin ] --END-- [ RunTime:0.000454s ]
NOTIC: [8] A session had already been started - ignoring session_start() /web/weixin/App/Home/Controller/WechatController.class.php 第 7 行.

[ 2015-05-12T12:19:40+08:00 ] 192.168.2.43 /?signature=5a116cf729f76fe3fc3d839b6af2e3cc9260ce63&timestamp=1431404380&nonce=1539050160
INFO: [ app_init ] --START--
INFO: Run Behavior\BuildLiteBehavior [ RunTime:0.000015s ]
INFO: [ app_init ] --END-- [ RunTime:0.000303s ]
INFO: [ app_begin ] --START--
INFO: Run Behavior\ReadHtmlCacheBehavior [ RunTime:0.000408s ]
INFO: [ app_begin ] --END-- [ RunTime:0.000458s ]
NOTIC: [8] A session had already been started - ignoring session_start() /web/weixin/App/Home/Controller/WechatController.class.php 第 7 行.

[ 2015-05-12T12:23:32+08:00 ] 27.17.40.132 /
INFO: [ app_init ] --START--
INFO: Run Behavior\BuildLiteBehavior [ RunTime:0.000014s ]
INFO: [ app_init ] --END-- [ RunTime:0.000300s ]
INFO: [ app_begin ] --START--
INFO: Run Behavior\ReadHtmlCacheBehavior [ RunTime:0.000409s ]
INFO: [ app_begin ] --END-- [ RunTime:0.000459s ]
NOTIC: [8] A session had already been started - ignoring session_start() /web/weixin/App/Home/Controller/WechatController.class.php 第 7 行.
NOTIC: [8] Undefined index: HTTP_RAW_POST_DATA /web/weixin/App/Home/Controller/WechatController.class.php 第 66 行.

[ 2015-05-12T12:40:04+08:00 ] 192.168.2.43 /?signature=b4c3df45842a1a8327c7ec222d1a5306937a21dc&timestamp=1431405604&nonce=1479643343
INFO: [ app_init ] --START--
INFO: Run Behavior\BuildLiteBehavior [ RunTime:0.000015s ]
INFO: [ app_init ] --END-- [ RunTime:0.000304s ]
INFO: [ app_begin ] --START--
INFO: Run Behavior\ReadHtmlCacheBehavior [ RunTime:0.000411s ]
INFO: [ app_begin ] --END-- [ RunTime:0.000462s ]
NOTIC: [8] A session had already been started - ignoring session_start() /web/weixin/App/Home/Controller/WechatController.class.php 第 7 行.

[ 2015-05-12T12:41:05+08:00 ] 192.168.2.43 /?signature=3f58153cdec2baf1a43c876d4839f7988c77578e&timestamp=1431405666&nonce=1998767843
INFO: [ app_init ] --START--
INFO: Run Behavior\BuildLiteBehavior [ RunTime:0.000015s ]
INFO: [ app_init ] --END-- [ RunTime:0.000306s ]
INFO: [ app_begin ] --START--
INFO: Run Behavior\ReadHtmlCacheBehavior [ RunTime:0.000388s ]
INFO: [ app_begin ] --END-- [ RunTime:0.000439s ]
NOTIC: [8] A session had already been started - ignoring session_start() /web/weixin/App/Home/Controller/WechatController.class.php 第 7 行.

[ 2015-05-12T13:27:43+08:00 ] 23.110.80.2 /
INFO: [ app_init ] --START--
INFO: Run Behavior\BuildLiteBehavior [ RunTime:0.000015s ]
INFO: [ app_init ] --END-- [ RunTime:0.000316s ]
INFO: [ app_begin ] --START--
INFO: Run Behavior\ReadHtmlCacheBehavior [ RunTime:0.000443s ]
INFO: [ app_begin ] --END-- [ RunTime:0.000493s ]
NOTIC: [8] A session had already been started - ignoring session_start() /web/weixin/App/Home/Controller/WechatController.class.php 第 7 行.
NOTIC: [8] Undefined index: HTTP_RAW_POST_DATA /web/weixin/App/Home/Controller/WechatController.class.php 第 66 行.

[ 2015-05-12T13:39:26+08:00 ] 192.168.2.43 /?signature=afa382319fdbe6c7e2e70f17cf82b435b4a99625&timestamp=1431409166&nonce=385235482
INFO: [ app_init ] --START--
INFO: Run Behavior\BuildLiteBehavior [ RunTime:0.000027s ]
INFO: [ app_init ] --END-- [ RunTime:0.000346s ]
INFO: [ app_begin ] --START--
INFO: Run Behavior\ReadHtmlCacheBehavior [ RunTime:0.000417s ]
INFO: [ app_begin ] --END-- [ RunTime:0.000481s ]
NOTIC: [8] A session had already been started - ignoring session_start() /web/weixin/App/Home/Controller/WechatController.class.php 第 7 行.

[ 2015-05-12T13:51:19+08:00 ] 192.168.2.43 /?signature=82ca18e2a560d2fff373ca79a7f57b8ea1fb8215&timestamp=1431409879&nonce=1096140576
INFO: [ app_init ] --START--
INFO: Run Behavior\BuildLiteBehavior [ RunTime:0.000014s ]
INFO: [ app_init ] --END-- [ RunTime:0.000306s ]
INFO: [ app_begin ] --START--
INFO: Run Behavior\ReadHtmlCacheBehavior [ RunTime:0.000390s ]
INFO: [ app_begin ] --END-- [ RunTime:0.000441s ]
NOTIC: [8] A session had already been started - ignoring session_start() /web/weixin/App/Home/Controller/WechatController.class.php 第 7 行.

[ 2015-05-12T14:05:15+08:00 ] 192.168.2.43 /
INFO: [ app_init ] --START--
INFO: Run Behavior\BuildLiteBehavior [ RunTime:0.000013s ]
INFO: [ app_init ] --END-- [ RunTime:0.000291s ]
INFO: [ app_begin ] --START--
INFO: Run Behavior\ReadHtmlCacheBehavior [ RunTime:0.000382s ]
INFO: [ app_begin ] --END-- [ RunTime:0.000431s ]
NOTIC: [8] A session had already been started - ignoring session_start() /web/weixin/App/Home/Controller/WechatController.class.php 第 7 行.
NOTIC: [8] Undefined index: HTTP_RAW_POST_DATA /web/weixin/App/Home/Controller/WechatController.class.php 第 66 行.

[ 2015-05-12T14:05:15+08:00 ] 192.168.2.43 /
INFO: [ app_init ] --START--
INFO: Run Behavior\BuildLiteBehavior [ RunTime:0.000012s ]
INFO: [ app_init ] --END-- [ RunTime:0.000306s ]
INFO: [ app_begin ] --START--
INFO: Run Behavior\ReadHtmlCacheBehavior [ RunTime:0.000399s ]
INFO: [ app_begin ] --END-- [ RunTime:0.000466s ]
NOTIC: [8] A session had already been started - ignoring session_start() /web/weixin/App/Home/Controller/WechatController.class.php 第 7 行.
NOTIC: [8] Undefined index: HTTP_RAW_POST_DATA /web/weixin/App/Home/Controller/WechatController.class.php 第 66 行.

[ 2015-05-12T14:05:15+08:00 ] 192.168.2.43 /?m=Home&c=Oauth2&a=index&type=lottery
INFO: [ app_init ] --START--
INFO: Run Behavior\BuildLiteBehavior [ RunTime:0.000013s ]
INFO: [ app_init ] --END-- [ RunTime:0.000287s ]
INFO: [ app_begin ] --START--
INFO: Run Behavior\ReadHtmlCacheBehavior [ RunTime:0.000390s ]
INFO: [ app_begin ] --END-- [ RunTime:0.000440s ]
SQL: SHOW COLUMNS FROM `w_option` [ RunTime:0.0007s ]
SQL: SELECT `meta_value` FROM `w_option` WHERE ( meta_key='site_url' ) LIMIT 1   [ RunTime:0.0001s ]
SQL: SELECT `meta_value` FROM `w_option` WHERE ( meta_key='site_url' ) LIMIT 1   [ RunTime:0.0001s ]

[ 2015-05-12T14:05:22+08:00 ] 192.168.2.43 /?signature=9db8fb6fe5f4a06750ea2d1109267360ee2c52d0&timestamp=1431410715&nonce=243878443
INFO: [ app_init ] --START--
INFO: Run Behavior\BuildLiteBehavior [ RunTime:0.000014s ]
INFO: [ app_init ] --END-- [ RunTime:0.000299s ]
INFO: [ app_begin ] --START--
INFO: Run Behavior\ReadHtmlCacheBehavior [ RunTime:0.000383s ]
INFO: [ app_begin ] --END-- [ RunTime:0.000434s ]
NOTIC: [8] A session had already been started - ignoring session_start() /web/weixin/App/Home/Controller/WechatController.class.php 第 7 行.
NOTIC: [8] file_get_contents(): Content-type not specified assuming application/x-www-form-urlencoded /web/weixin/App/Home/Controller/MenuController.class.php 第 137 行.
INFO: [ app_end ] --START--
INFO: Run Behavior\ShowPageTraceBehavior [ RunTime:0.000490s ]
INFO: [ app_end ] --END-- [ RunTime:0.000572s ]

[ 2015-05-12T14:05:22+08:00 ] 192.168.2.43 /?signature=9db8fb6fe5f4a06750ea2d1109267360ee2c52d0&timestamp=1431410715&nonce=243878443
INFO: [ app_init ] --START--
INFO: Run Behavior\BuildLiteBehavior [ RunTime:0.000014s ]
INFO: [ app_init ] --END-- [ RunTime:0.000295s ]
INFO: [ app_begin ] --START--
INFO: Run Behavior\ReadHtmlCacheBehavior [ RunTime:0.000390s ]
INFO: [ app_begin ] --END-- [ RunTime:0.000440s ]
NOTIC: [8] A session had already been started - ignoring session_start() /web/weixin/App/Home/Controller/WechatController.class.php 第 7 行.
NOTIC: [8] file_get_contents(): Content-type not specified assuming application/x-www-form-urlencoded /web/weixin/App/Home/Controller/MenuController.class.php 第 137 行.
INFO: [ app_end ] --START--
INFO: Run Behavior\ShowPageTraceBehavior [ RunTime:0.000454s ]
INFO: [ app_end ] --END-- [ RunTime:0.000535s ]

[ 2015-05-12T14:13:22+08:00 ] 192.168.2.43 /?signature=524a4661937e3bddfe3ec025e6960ca50425efd2&timestamp=1431411202&nonce=205985010
INFO: [ app_init ] --START--
INFO: Run Behavior\BuildLiteBehavior [ RunTime:0.000015s ]
INFO: [ app_init ] --END-- [ RunTime:0.000320s ]
INFO: [ app_begin ] --START--
INFO: Run Behavior\ReadHtmlCacheBehavior [ RunTime:0.000422s ]
INFO: [ app_begin ] --END-- [ RunTime:0.000473s ]
NOTIC: [8] A session had already been started - ignoring session_start() /web/weixin/App/Home/Controller/WechatController.class.php 第 7 行.

[ 2015-05-12T14:18:31+08:00 ] 192.168.2.43 /?signature=3191933547bed5fa904366c31810dbd416dcf347&timestamp=1431411512&nonce=851514516
INFO: [ app_init ] --START--
INFO: Run Behavior\BuildLiteBehavior [ RunTime:0.000015s ]
INFO: [ app_init ] --END-- [ RunTime:0.000321s ]
INFO: [ app_begin ] --START--
INFO: Run Behavior\ReadHtmlCacheBehavior [ RunTime:0.000407s ]
INFO: [ app_begin ] --END-- [ RunTime:0.000457s ]
NOTIC: [8] A session had already been started - ignoring session_start() /web/weixin/App/Home/Controller/WechatController.class.php 第 7 行.

[ 2015-05-12T14:19:00+08:00 ] 192.168.2.43 /?signature=27642da136bdd385eb5306cc45e8c57746a49c3f&timestamp=1431411540&nonce=625986475
INFO: [ app_init ] --START--
INFO: Run Behavior\BuildLiteBehavior [ RunTime:0.000015s ]
INFO: [ app_init ] --END-- [ RunTime:0.000325s ]
INFO: [ app_begin ] --START--
INFO: Run Behavior\ReadHtmlCacheBehavior [ RunTime:0.000416s ]
INFO: [ app_begin ] --END-- [ RunTime:0.000468s ]
NOTIC: [8] A session had already been started - ignoring session_start() /web/weixin/App/Home/Controller/WechatController.class.php 第 7 行.

[ 2015-05-12T14:53:51+08:00 ] 192.168.2.43 /?signature=e4571bedbc1b5a1b0ec145475fe4d48f4f7c81dc&timestamp=1431413632&nonce=622473505
INFO: [ app_init ] --START--
INFO: Run Behavior\BuildLiteBehavior [ RunTime:0.000015s ]
INFO: [ app_init ] --END-- [ RunTime:0.000317s ]
INFO: [ app_begin ] --START--
INFO: Run Behavior\ReadHtmlCacheBehavior [ RunTime:0.000393s ]
INFO: [ app_begin ] --END-- [ RunTime:0.000443s ]
NOTIC: [8] A session had already been started - ignoring session_start() /web/weixin/App/Home/Controller/WechatController.class.php 第 7 行.

[ 2015-05-12T15:11:35+08:00 ] 192.168.2.43 /?signature=52257215b91c8798c1084423ea8056f4af890a3d&timestamp=1431414695&nonce=636344000
INFO: [ app_init ] --START--
INFO: Run Behavior\BuildLiteBehavior [ RunTime:0.000013s ]
INFO: [ app_init ] --END-- [ RunTime:0.000295s ]
INFO: [ app_begin ] --START--
INFO: Run Behavior\ReadHtmlCacheBehavior [ RunTime:0.000382s ]
INFO: [ app_begin ] --END-- [ RunTime:0.000432s ]
NOTIC: [8] A session had already been started - ignoring session_start() /web/weixin/App/Home/Controller/WechatController.class.php 第 7 行.

[ 2015-05-12T15:15:26+08:00 ] 192.168.2.43 /?signature=29936663c48bd2725cfe6fe849577cb1ecbd982a&timestamp=1431414926&nonce=446477662
INFO: [ app_init ] --START--
INFO: Run Behavior\BuildLiteBehavior [ RunTime:0.000015s ]
INFO: [ app_init ] --END-- [ RunTime:0.000306s ]
INFO: [ app_begin ] --START--
INFO: Run Behavior\ReadHtmlCacheBehavior [ RunTime:0.000385s ]
INFO: [ app_begin ] --END-- [ RunTime:0.000436s ]
NOTIC: [8] A session had already been started - ignoring session_start() /web/weixin/App/Home/Controller/WechatController.class.php 第 7 行.

[ 2015-05-12T15:22:40+08:00 ] 192.168.2.43 /?signature=00cd5b5d008692e09ffbf06d75be2ff742192631&timestamp=1431415360&nonce=1087710552
INFO: [ app_init ] --START--
INFO: Run Behavior\BuildLiteBehavior [ RunTime:0.000014s ]
INFO: [ app_init ] --END-- [ RunTime:0.000308s ]
INFO: [ app_begin ] --START--
INFO: Run Behavior\ReadHtmlCacheBehavior [ RunTime:0.000419s ]
INFO: [ app_begin ] --END-- [ RunTime:0.000470s ]
NOTIC: [8] A session had already been started - ignoring session_start() /web/weixin/App/Home/Controller/WechatController.class.php 第 7 行.

[ 2015-05-12T15:22:50+08:00 ] 192.168.2.43 /?signature=783e13fa7158eabc119cad3e65bc2020d9b60e62&timestamp=1431415370&nonce=120238105
INFO: [ app_init ] --START--
INFO: Run Behavior\BuildLiteBehavior [ RunTime:0.000014s ]
INFO: [ app_init ] --END-- [ RunTime:0.000313s ]
INFO: [ app_begin ] --START--
INFO: Run Behavior\ReadHtmlCacheBehavior [ RunTime:0.000418s ]
INFO: [ app_begin ] --END-- [ RunTime:0.000468s ]
NOTIC: [8] A session had already been started - ignoring session_start() /web/weixin/App/Home/Controller/WechatController.class.php 第 7 行.

[ 2015-05-12T15:26:17+08:00 ] 192.168.2.43 /?signature=389bd8bc8514739357730528a61d4155ddf9aa31&timestamp=1431415577&nonce=1099486446
INFO: [ app_init ] --START--
INFO: Run Behavior\BuildLiteBehavior [ RunTime:0.000015s ]
INFO: [ app_init ] --END-- [ RunTime:0.000302s ]
INFO: [ app_begin ] --START--
INFO: Run Behavior\ReadHtmlCacheBehavior [ RunTime:0.000396s ]
INFO: [ app_begin ] --END-- [ RunTime:0.000446s ]
NOTIC: [8] A session had already been started - ignoring session_start() /web/weixin/App/Home/Controller/WechatController.class.php 第 7 行.

[ 2015-05-12T16:03:24+08:00 ] 192.168.2.43 /?signature=efd7475478c7dbadbadc506b9e67d7eff160d67e&timestamp=1431417805&nonce=1463685980
INFO: [ app_init ] --START--
INFO: Run Behavior\BuildLiteBehavior [ RunTime:0.000015s ]
INFO: [ app_init ] --END-- [ RunTime:0.000307s ]
INFO: [ app_begin ] --START--
INFO: Run Behavior\ReadHtmlCacheBehavior [ RunTime:0.000400s ]
INFO: [ app_begin ] --END-- [ RunTime:0.000450s ]
NOTIC: [8] A session had already been started - ignoring session_start() /web/weixin/App/Home/Controller/WechatController.class.php 第 7 行.

[ 2015-05-12T16:15:51+08:00 ] 192.168.2.43 /?signature=2b365ada95f7760a0eea722450af71b5d56f88f3&timestamp=1431418551&nonce=904009807
INFO: [ app_init ] --START--
INFO: Run Behavior\BuildLiteBehavior [ RunTime:0.000019s ]
INFO: [ app_init ] --END-- [ RunTime:0.000333s ]
INFO: [ app_begin ] --START--
INFO: Run Behavior\ReadHtmlCacheBehavior [ RunTime:0.000393s ]
INFO: [ app_begin ] --END-- [ RunTime:0.000444s ]
NOTIC: [8] A session had already been started - ignoring session_start() /web/weixin/App/Home/Controller/WechatController.class.php 第 7 行.

[ 2015-05-12T16:38:46+08:00 ] 192.168.2.43 /?signature=78fe0e21ed3cd4a23cdb685d6055f7155086cee4&timestamp=1431419926&nonce=1308067785
INFO: [ app_init ] --START--
INFO: Run Behavior\BuildLiteBehavior [ RunTime:0.000014s ]
INFO: [ app_init ] --END-- [ RunTime:0.000324s ]
INFO: [ app_begin ] --START--
INFO: Run Behavior\ReadHtmlCacheBehavior [ RunTime:0.000408s ]
INFO: [ app_begin ] --END-- [ RunTime:0.000460s ]
NOTIC: [8] A session had already been started - ignoring session_start() /web/weixin/App/Home/Controller/WechatController.class.php 第 7 行.

[ 2015-05-12T16:54:42+08:00 ] 192.168.2.43 /?signature=0acae2214f921ad9f46eb28cac55cf79770c6600&timestamp=1431420883&nonce=1134206439
INFO: [ app_init ] --START--
INFO: Run Behavior\BuildLiteBehavior [ RunTime:0.000014s ]
INFO: [ app_init ] --END-- [ RunTime:0.000332s ]
INFO: [ app_begin ] --START--
INFO: Run Behavior\ReadHtmlCacheBehavior [ RunTime:0.000451s ]
INFO: [ app_begin ] --END-- [ RunTime:0.000501s ]
NOTIC: [8] A session had already been started - ignoring session_start() /web/weixin/App/Home/Controller/WechatController.class.php 第 7 行.

[ 2015-05-12T17:31:35+08:00 ] 192.168.2.43 /?signature=57ed149e50b185ab7fb0294682810b60c5e4ec40&timestamp=1431423096&nonce=810970934
INFO: [ app_init ] --START--
INFO: Run Behavior\BuildLiteBehavior [ RunTime:0.000015s ]
INFO: [ app_init ] --END-- [ RunTime:0.000323s ]
INFO: [ app_begin ] --START--
INFO: Run Behavior\ReadHtmlCacheBehavior [ RunTime:0.000412s ]
INFO: [ app_begin ] --END-- [ RunTime:0.000480s ]
NOTIC: [8] A session had already been started - ignoring session_start() /web/weixin/App/Home/Controller/WechatController.class.php 第 7 行.

[ 2015-05-12T17:33:57+08:00 ] 192.168.2.43 /?signature=dbd80ecabb6e34b6aa6b6e9701cd91126e32a34f&timestamp=1431423237&nonce=1403351336
INFO: [ app_init ] --START--
INFO: Run Behavior\BuildLiteBehavior [ RunTime:0.000015s ]
INFO: [ app_init ] --END-- [ RunTime:0.000326s ]
INFO: [ app_begin ] --START--
INFO: Run Behavior\ReadHtmlCacheBehavior [ RunTime:0.000414s ]
INFO: [ app_begin ] --END-- [ RunTime:0.000465s ]
NOTIC: [8] A session had already been started - ignoring session_start() /web/weixin/App/Home/Controller/WechatController.class.php 第 7 行.

[ 2015-05-12T17:44:14+08:00 ] 192.168.2.43 /?signature=04214ad456edfffaaa2ab3612724f936e6cd1cbd&timestamp=1431423854&nonce=920256716
INFO: [ app_init ] --START--
INFO: Run Behavior\BuildLiteBehavior [ RunTime:0.000015s ]
INFO: [ app_init ] --END-- [ RunTime:0.000381s ]
INFO: [ app_begin ] --START--
INFO: Run Behavior\ReadHtmlCacheBehavior [ RunTime:0.000423s ]
INFO: [ app_begin ] --END-- [ RunTime:0.000474s ]
NOTIC: [8] A session had already been started - ignoring session_start() /web/weixin/App/Home/Controller/WechatController.class.php 第 7 行.

[ 2015-05-12T17:50:03+08:00 ] 192.168.2.43 /?signature=9b17706e29b2c7c2f6c0f7cb3686bd0cbf48cb06&timestamp=1431424203&nonce=1595612575
INFO: [ app_init ] --START--
INFO: Run Behavior\BuildLiteBehavior [ RunTime:0.000014s ]
INFO: [ app_init ] --END-- [ RunTime:0.000301s ]
INFO: [ app_begin ] --START--
INFO: Run Behavior\ReadHtmlCacheBehavior [ RunTime:0.000382s ]
INFO: [ app_begin ] --END-- [ RunTime:0.000432s ]
NOTIC: [8] A session had already been started - ignoring session_start() /web/weixin/App/Home/Controller/WechatController.class.php 第 7 行.

[ 2015-05-12T17:58:21+08:00 ] 192.168.2.43 /?signature=d60ec3aa73304c06a656ec96e413769b36c14752&timestamp=1431424701&nonce=371660125
INFO: [ app_init ] --START--
INFO: Run Behavior\BuildLiteBehavior [ RunTime:0.000015s ]
INFO: [ app_init ] --END-- [ RunTime:0.000314s ]
INFO: [ app_begin ] --START--
INFO: Run Behavior\ReadHtmlCacheBehavior [ RunTime:0.000381s ]
INFO: [ app_begin ] --END-- [ RunTime:0.000431s ]
NOTIC: [8] A session had already been started - ignoring session_start() /web/weixin/App/Home/Controller/WechatController.class.php 第 7 行.

[ 2015-05-12T18:02:51+08:00 ] 192.168.2.43 /?signature=670fa14afbf11e3111bef799df02aca387edd4aa&timestamp=1431424971&nonce=1653276091
INFO: [ app_init ] --START--
INFO: Run Behavior\BuildLiteBehavior [ RunTime:0.000015s ]
INFO: [ app_init ] --END-- [ RunTime:0.000319s ]
INFO: [ app_begin ] --START--
INFO: Run Behavior\ReadHtmlCacheBehavior [ RunTime:0.000401s ]
INFO: [ app_begin ] --END-- [ RunTime:0.000452s ]
NOTIC: [8] A session had already been started - ignoring session_start() /web/weixin/App/Home/Controller/WechatController.class.php 第 7 行.

[ 2015-05-12T18:04:22+08:00 ] 192.168.2.43 /?signature=5f66df5a09915dc5ff09c9464b4810b46ed2f8ce&timestamp=1431425062&nonce=1470228426
INFO: [ app_init ] --START--
INFO: Run Behavior\BuildLiteBehavior [ RunTime:0.000015s ]
INFO: [ app_init ] --END-- [ RunTime:0.000317s ]
INFO: [ app_begin ] --START--
INFO: Run Behavior\ReadHtmlCacheBehavior [ RunTime:0.000378s ]
INFO: [ app_begin ] --END-- [ RunTime:0.000452s ]
NOTIC: [8] A session had already been started - ignoring session_start() /web/weixin/App/Home/Controller/WechatController.class.php 第 7 行.

[ 2015-05-12T18:09:03+08:00 ] 192.168.2.43 /?signature=98f806666dc63b78fb6c4898b27bc72b0b4caa70&timestamp=1431425343&nonce=782382007
INFO: [ app_init ] --START--
INFO: Run Behavior\BuildLiteBehavior [ RunTime:0.000015s ]
INFO: [ app_init ] --END-- [ RunTime:0.000300s ]
INFO: [ app_begin ] --START--
INFO: Run Behavior\ReadHtmlCacheBehavior [ RunTime:0.000404s ]
INFO: [ app_begin ] --END-- [ RunTime:0.000455s ]
NOTIC: [8] A session had already been started - ignoring session_start() /web/weixin/App/Home/Controller/WechatController.class.php 第 7 行.

[ 2015-05-12T18:10:36+08:00 ] 192.168.2.43 /?signature=79db05c7126b3a890fbf2aed5bf23401f110a153&timestamp=1431425436&nonce=650646483
INFO: [ app_init ] --START--
INFO: Run Behavior\BuildLiteBehavior [ RunTime:0.000014s ]
INFO: [ app_init ] --END-- [ RunTime:0.000310s ]
INFO: [ app_begin ] --START--
INFO: Run Behavior\ReadHtmlCacheBehavior [ RunTime:0.000400s ]
INFO: [ app_begin ] --END-- [ RunTime:0.000477s ]
NOTIC: [8] A session had already been started - ignoring session_start() /web/weixin/App/Home/Controller/WechatController.class.php 第 7 行.

[ 2015-05-12T18:15:28+08:00 ] 23.110.80.2 /
INFO: [ app_init ] --START--
INFO: Run Behavior\BuildLiteBehavior [ RunTime:0.000014s ]
INFO: [ app_init ] --END-- [ RunTime:0.000325s ]
INFO: [ app_begin ] --START--
INFO: Run Behavior\ReadHtmlCacheBehavior [ RunTime:0.000414s ]
INFO: [ app_begin ] --END-- [ RunTime:0.000463s ]
NOTIC: [8] A session had already been started - ignoring session_start() /web/weixin/App/Home/Controller/WechatController.class.php 第 7 行.
NOTIC: [8] Undefined index: HTTP_RAW_POST_DATA /web/weixin/App/Home/Controller/WechatController.class.php 第 66 行.

[ 2015-05-12T18:25:32+08:00 ] 192.168.2.43 /?signature=aba208da246e667dac4076e01bb91479eda87d3c&timestamp=1431426332&nonce=787965094
INFO: [ app_init ] --START--
INFO: Run Behavior\BuildLiteBehavior [ RunTime:0.000015s ]
INFO: [ app_init ] --END-- [ RunTime:0.000327s ]
INFO: [ app_begin ] --START--
INFO: Run Behavior\ReadHtmlCacheBehavior [ RunTime:0.000423s ]
INFO: [ app_begin ] --END-- [ RunTime:0.000473s ]
NOTIC: [8] A session had already been started - ignoring session_start() /web/weixin/App/Home/Controller/WechatController.class.php 第 7 行.

[ 2015-05-12T18:28:32+08:00 ] 192.168.2.43 /?signature=a01e3df1c8be1f23e947f5d14eb396d94a16ed0a&timestamp=1431426512&nonce=1147985588
INFO: [ app_init ] --START--
INFO: Run Behavior\BuildLiteBehavior [ RunTime:0.000015s ]
INFO: [ app_init ] --END-- [ RunTime:0.000321s ]
INFO: [ app_begin ] --START--
INFO: Run Behavior\ReadHtmlCacheBehavior [ RunTime:0.000436s ]
INFO: [ app_begin ] --END-- [ RunTime:0.000487s ]
NOTIC: [8] A session had already been started - ignoring session_start() /web/weixin/App/Home/Controller/WechatController.class.php 第 7 行.

[ 2015-05-12T18:29:44+08:00 ] 192.168.2.43 /?signature=657ce3f0a5019e16f73dbd5dc139fc55618fb338&timestamp=1431426584&nonce=1374291816
INFO: [ app_init ] --START--
INFO: Run Behavior\BuildLiteBehavior [ RunTime:0.000014s ]
INFO: [ app_init ] --END-- [ RunTime:0.000301s ]
INFO: [ app_begin ] --START--
INFO: Run Behavior\ReadHtmlCacheBehavior [ RunTime:0.000380s ]
INFO: [ app_begin ] --END-- [ RunTime:0.000431s ]
NOTIC: [8] A session had already been started - ignoring session_start() /web/weixin/App/Home/Controller/WechatController.class.php 第 7 行.

[ 2015-05-12T18:32:43+08:00 ] 192.168.2.43 /?signature=855cc1565c92803e30ba8375b68eb36fa14f8adc&timestamp=1431426763&nonce=1720252250
INFO: [ app_init ] --START--
INFO: Run Behavior\BuildLiteBehavior [ RunTime:0.000015s ]
INFO: [ app_init ] --END-- [ RunTime:0.000301s ]
INFO: [ app_begin ] --START--
INFO: Run Behavior\ReadHtmlCacheBehavior [ RunTime:0.000380s ]
INFO: [ app_begin ] --END-- [ RunTime:0.000430s ]
NOTIC: [8] A session had already been started - ignoring session_start() /web/weixin/App/Home/Controller/WechatController.class.php 第 7 行.

[ 2015-05-12T19:15:37+08:00 ] 192.168.2.43 /?signature=d08d7349080ae89518e50299a3170905b8e9fb98&timestamp=1431429337&nonce=1348789968
INFO: [ app_init ] --START--
INFO: Run Behavior\BuildLiteBehavior [ RunTime:0.000015s ]
INFO: [ app_init ] --END-- [ RunTime:0.000339s ]
INFO: [ app_begin ] --START--
INFO: Run Behavior\ReadHtmlCacheBehavior [ RunTime:0.000424s ]
INFO: [ app_begin ] --END-- [ RunTime:0.000474s ]
NOTIC: [8] A session had already been started - ignoring session_start() /web/weixin/App/Home/Controller/WechatController.class.php 第 7 行.

[ 2015-05-12T19:26:28+08:00 ] 192.168.2.43 /?signature=3c357689723cefbe7ddfd2ea414029221bb45958&timestamp=1431429988&nonce=622289114
INFO: [ app_init ] --START--
INFO: Run Behavior\BuildLiteBehavior [ RunTime:0.000015s ]
INFO: [ app_init ] --END-- [ RunTime:0.000331s ]
INFO: [ app_begin ] --START--
INFO: Run Behavior\ReadHtmlCacheBehavior [ RunTime:0.000460s ]
INFO: [ app_begin ] --END-- [ RunTime:0.000524s ]
NOTIC: [8] A session had already been started - ignoring session_start() /web/weixin/App/Home/Controller/WechatController.class.php 第 7 行.

[ 2015-05-12T19:37:34+08:00 ] 192.168.2.43 /?signature=189d7132ec70ccbb7fe44dee4aca6801d3871085&timestamp=1431430654&nonce=1155005741
INFO: [ app_init ] --START--
INFO: Run Behavior\BuildLiteBehavior [ RunTime:0.000014s ]
INFO: [ app_init ] --END-- [ RunTime:0.000321s ]
INFO: [ app_begin ] --START--
INFO: Run Behavior\ReadHtmlCacheBehavior [ RunTime:0.000400s ]
INFO: [ app_begin ] --END-- [ RunTime:0.000451s ]
NOTIC: [8] A session had already been started - ignoring session_start() /web/weixin/App/Home/Controller/WechatController.class.php 第 7 行.

[ 2015-05-12T19:51:27+08:00 ] 192.168.2.43 /?signature=88dde9571fbcea9000724849a7a02f000d207806&timestamp=1431431487&nonce=129287170
INFO: [ app_init ] --START--
INFO: Run Behavior\BuildLiteBehavior [ RunTime:0.000014s ]
INFO: [ app_init ] --END-- [ RunTime:0.000317s ]
INFO: [ app_begin ] --START--
INFO: Run Behavior\ReadHtmlCacheBehavior [ RunTime:0.000394s ]
INFO: [ app_begin ] --END-- [ RunTime:0.000445s ]
NOTIC: [8] A session had already been started - ignoring session_start() /web/weixin/App/Home/Controller/WechatController.class.php 第 7 行.

[ 2015-05-12T20:22:47+08:00 ] 192.168.2.43 /?signature=a29d40369c560863e21854a4826f76798735b25a&timestamp=1431433367&nonce=439374569
INFO: [ app_init ] --START--
INFO: Run Behavior\BuildLiteBehavior [ RunTime:0.000015s ]
INFO: [ app_init ] --END-- [ RunTime:0.000301s ]
INFO: [ app_begin ] --START--
INFO: Run Behavior\ReadHtmlCacheBehavior [ RunTime:0.000380s ]
INFO: [ app_begin ] --END-- [ RunTime:0.000430s ]
NOTIC: [8] A session had already been started - ignoring session_start() /web/weixin/App/Home/Controller/WechatController.class.php 第 7 行.

[ 2015-05-12T20:32:58+08:00 ] 192.168.2.43 /?signature=06f530372989708cef9dbff5b58de4bdfb689bac&timestamp=1431433978&nonce=809404524
INFO: [ app_init ] --START--
INFO: Run Behavior\BuildLiteBehavior [ RunTime:0.000014s ]
INFO: [ app_init ] --END-- [ RunTime:0.000297s ]
INFO: [ app_begin ] --START--
INFO: Run Behavior\ReadHtmlCacheBehavior [ RunTime:0.000379s ]
INFO: [ app_begin ] --END-- [ RunTime:0.000430s ]
NOTIC: [8] A session had already been started - ignoring session_start() /web/weixin/App/Home/Controller/WechatController.class.php 第 7 行.

[ 2015-05-12T20:36:31+08:00 ] 192.168.2.43 /?signature=aab5abab8a42e8c327d5a50d951d81f713d05490&timestamp=1431434192&nonce=1601276279
INFO: [ app_init ] --START--
INFO: Run Behavior\BuildLiteBehavior [ RunTime:0.000015s ]
INFO: [ app_init ] --END-- [ RunTime:0.000319s ]
INFO: [ app_begin ] --START--
INFO: Run Behavior\ReadHtmlCacheBehavior [ RunTime:0.000401s ]
INFO: [ app_begin ] --END-- [ RunTime:0.000452s ]
NOTIC: [8] A session had already been started - ignoring session_start() /web/weixin/App/Home/Controller/WechatController.class.php 第 7 行.

[ 2015-05-12T20:38:43+08:00 ] 192.168.2.43 /?signature=eb415a9b56727459b85e44b0e570b529b187fbfc&timestamp=1431434323&nonce=393065142
INFO: [ app_init ] --START--
INFO: Run Behavior\BuildLiteBehavior [ RunTime:0.000015s ]
INFO: [ app_init ] --END-- [ RunTime:0.000317s ]
INFO: [ app_begin ] --START--
INFO: Run Behavior\ReadHtmlCacheBehavior [ RunTime:0.000398s ]
INFO: [ app_begin ] --END-- [ RunTime:0.000449s ]
NOTIC: [8] A session had already been started - ignoring session_start() /web/weixin/App/Home/Controller/WechatController.class.php 第 7 行.

[ 2015-05-12T20:38:51+08:00 ] 192.168.2.43 /?signature=bbacf244058dc6c6c14ce8a40ddc784ef04087a7&timestamp=1431434331&nonce=1747492684
INFO: [ app_init ] --START--
INFO: Run Behavior\BuildLiteBehavior [ RunTime:0.000041s ]
INFO: [ app_init ] --END-- [ RunTime:0.000329s ]
INFO: [ app_begin ] --START--
INFO: Run Behavior\ReadHtmlCacheBehavior [ RunTime:0.000379s ]
INFO: [ app_begin ] --END-- [ RunTime:0.000429s ]
NOTIC: [8] A session had already been started - ignoring session_start() /web/weixin/App/Home/Controller/WechatController.class.php 第 7 行.

[ 2015-05-12T20:45:34+08:00 ] 192.168.2.43 /?signature=aea11f08dfa3a6885e91275a7a80b06fff914b43&timestamp=1431434734&nonce=974440960
INFO: [ app_init ] --START--
INFO: Run Behavior\BuildLiteBehavior [ RunTime:0.000015s ]
INFO: [ app_init ] --END-- [ RunTime:0.000306s ]
INFO: [ app_begin ] --START--
INFO: Run Behavior\ReadHtmlCacheBehavior [ RunTime:0.000386s ]
INFO: [ app_begin ] --END-- [ RunTime:0.000437s ]
NOTIC: [8] A session had already been started - ignoring session_start() /web/weixin/App/Home/Controller/WechatController.class.php 第 7 行.

[ 2015-05-12T20:57:08+08:00 ] 192.168.2.43 /?signature=a48621b2c98573f2bdb79eb53ca28c682cf5cb80&timestamp=1431435428&nonce=654509975
INFO: [ app_init ] --START--
INFO: Run Behavior\BuildLiteBehavior [ RunTime:0.000013s ]
INFO: [ app_init ] --END-- [ RunTime:0.000303s ]
INFO: [ app_begin ] --START--
INFO: Run Behavior\ReadHtmlCacheBehavior [ RunTime:0.000413s ]
INFO: [ app_begin ] --END-- [ RunTime:0.000464s ]
NOTIC: [8] A session had already been started - ignoring session_start() /web/weixin/App/Home/Controller/WechatController.class.php 第 7 行.

[ 2015-05-12T21:01:41+08:00 ] 192.168.2.43 /?signature=20c1588c63096ba94075a0a6068ae6a1821db5b0&timestamp=1431435701&nonce=2030011467
INFO: [ app_init ] --START--
INFO: Run Behavior\BuildLiteBehavior [ RunTime:0.000015s ]
INFO: [ app_init ] --END-- [ RunTime:0.000305s ]
INFO: [ app_begin ] --START--
INFO: Run Behavior\ReadHtmlCacheBehavior [ RunTime:0.000388s ]
INFO: [ app_begin ] --END-- [ RunTime:0.000439s ]
NOTIC: [8] A session had already been started - ignoring session_start() /web/weixin/App/Home/Controller/WechatController.class.php 第 7 行.

[ 2015-05-12T21:05:56+08:00 ] 192.168.2.43 /?signature=0f557f7d04d2329ecf6af3d07edabd11b508d5f0&timestamp=1431435956&nonce=830212308
INFO: [ app_init ] --START--
INFO: Run Behavior\BuildLiteBehavior [ RunTime:0.000014s ]
INFO: [ app_init ] --END-- [ RunTime:0.000301s ]
INFO: [ app_begin ] --START--
INFO: Run Behavior\ReadHtmlCacheBehavior [ RunTime:0.000381s ]
INFO: [ app_begin ] --END-- [ RunTime:0.000432s ]
NOTIC: [8] A session had already been started - ignoring session_start() /web/weixin/App/Home/Controller/WechatController.class.php 第 7 行.

[ 2015-05-12T21:26:19+08:00 ] 192.168.2.43 /?signature=bdc0fa734de586c06f5804f80573c9d21924c302&timestamp=1431437178&nonce=948865702
INFO: [ app_init ] --START--
INFO: Run Behavior\BuildLiteBehavior [ RunTime:0.000014s ]
INFO: [ app_init ] --END-- [ RunTime:0.000310s ]
INFO: [ app_begin ] --START--
INFO: Run Behavior\ReadHtmlCacheBehavior [ RunTime:0.000476s ]
INFO: [ app_begin ] --END-- [ RunTime:0.000526s ]
NOTIC: [8] A session had already been started - ignoring session_start() /web/weixin/App/Home/Controller/WechatController.class.php 第 7 行.
NOTIC: [8] file_get_contents(): Content-type not specified assuming application/x-www-form-urlencoded /web/weixin/App/Home/Controller/MenuController.class.php 第 137 行.
INFO: [ app_end ] --START--
INFO: Run Behavior\ShowPageTraceBehavior [ RunTime:0.000461s ]
INFO: [ app_end ] --END-- [ RunTime:0.000529s ]

[ 2015-05-12T21:30:15+08:00 ] 192.168.2.43 /?signature=292be36b5e8c248e0c6b73cb55b82303b8165161&timestamp=1431437416&nonce=991369405
INFO: [ app_init ] --START--
INFO: Run Behavior\BuildLiteBehavior [ RunTime:0.000015s ]
INFO: [ app_init ] --END-- [ RunTime:0.000318s ]
INFO: [ app_begin ] --START--
INFO: Run Behavior\ReadHtmlCacheBehavior [ RunTime:0.000386s ]
INFO: [ app_begin ] --END-- [ RunTime:0.000436s ]
NOTIC: [8] A session had already been started - ignoring session_start() /web/weixin/App/Home/Controller/WechatController.class.php 第 7 行.

[ 2015-05-12T21:49:07+08:00 ] 192.168.2.43 /?signature=0da07c1ea82b6810f0d5afb6b4a1dd47c43869c3&timestamp=1431438547&nonce=417928354
INFO: [ app_init ] --START--
INFO: Run Behavior\BuildLiteBehavior [ RunTime:0.000015s ]
INFO: [ app_init ] --END-- [ RunTime:0.000307s ]
INFO: [ app_begin ] --START--
INFO: Run Behavior\ReadHtmlCacheBehavior [ RunTime:0.000404s ]
INFO: [ app_begin ] --END-- [ RunTime:0.000455s ]
NOTIC: [8] A session had already been started - ignoring session_start() /web/weixin/App/Home/Controller/WechatController.class.php 第 7 行.

[ 2015-05-12T21:55:47+08:00 ] 192.168.2.43 /?signature=86f1480a588f94effa4b3f7342ba66e8f12b944a&timestamp=1431438946&nonce=1730226913
INFO: [ app_init ] --START--
INFO: Run Behavior\BuildLiteBehavior [ RunTime:0.000014s ]
INFO: [ app_init ] --END-- [ RunTime:0.000322s ]
INFO: [ app_begin ] --START--
INFO: Run Behavior\ReadHtmlCacheBehavior [ RunTime:0.000422s ]
INFO: [ app_begin ] --END-- [ RunTime:0.000473s ]
NOTIC: [8] A session had already been started - ignoring session_start() /web/weixin/App/Home/Controller/WechatController.class.php 第 7 行.
NOTIC: [8] file_get_contents(): Content-type not specified assuming application/x-www-form-urlencoded /web/weixin/App/Home/Controller/MenuController.class.php 第 137 行.
INFO: [ app_end ] --START--
INFO: Run Behavior\ShowPageTraceBehavior [ RunTime:0.000482s ]
INFO: [ app_end ] --END-- [ RunTime:0.000547s ]

[ 2015-05-12T21:55:56+08:00 ] 192.168.2.43 /
INFO: [ app_init ] --START--
INFO: Run Behavior\BuildLiteBehavior [ RunTime:0.000014s ]
INFO: [ app_init ] --END-- [ RunTime:0.000313s ]
INFO: [ app_begin ] --START--
INFO: Run Behavior\ReadHtmlCacheBehavior [ RunTime:0.000420s ]
INFO: [ app_begin ] --END-- [ RunTime:0.000469s ]
NOTIC: [8] A session had already been started - ignoring session_start() /web/weixin/App/Home/Controller/WechatController.class.php 第 7 行.
NOTIC: [8] Undefined index: HTTP_RAW_POST_DATA /web/weixin/App/Home/Controller/WechatController.class.php 第 66 行.

[ 2015-05-12T22:03:26+08:00 ] 192.168.2.43 /?signature=e55cc33720d84b40f2955414177553554a17f018&timestamp=1431439406&nonce=1610221815
INFO: [ app_init ] --START--
INFO: Run Behavior\BuildLiteBehavior [ RunTime:0.000015s ]
INFO: [ app_init ] --END-- [ RunTime:0.000306s ]
INFO: [ app_begin ] --START--
INFO: Run Behavior\ReadHtmlCacheBehavior [ RunTime:0.000417s ]
INFO: [ app_begin ] --END-- [ RunTime:0.000468s ]
NOTIC: [8] A session had already been started - ignoring session_start() /web/weixin/App/Home/Controller/WechatController.class.php 第 7 行.

[ 2015-05-12T22:06:01+08:00 ] 192.168.2.43 /?signature=44dfed6231816476a0d1cd9bc5cf5db12955c522&timestamp=1431439561&nonce=1100829468
INFO: [ app_init ] --START--
INFO: Run Behavior\BuildLiteBehavior [ RunTime:0.000014s ]
INFO: [ app_init ] --END-- [ RunTime:0.000299s ]
INFO: [ app_begin ] --START--
INFO: Run Behavior\ReadHtmlCacheBehavior [ RunTime:0.000378s ]
INFO: [ app_begin ] --END-- [ RunTime:0.000429s ]
NOTIC: [8] A session had already been started - ignoring session_start() /web/weixin/App/Home/Controller/WechatController.class.php 第 7 行.

[ 2015-05-12T22:08:40+08:00 ] 192.168.2.43 /?signature=e07d8845c6478b9224bbb1e6c12425da67b48918&timestamp=1431439721&nonce=1038906301
INFO: [ app_init ] --START--
INFO: Run Behavior\BuildLiteBehavior [ RunTime:0.000015s ]
INFO: [ app_init ] --END-- [ RunTime:0.000329s ]
INFO: [ app_begin ] --START--
INFO: Run Behavior\ReadHtmlCacheBehavior [ RunTime:0.000418s ]
INFO: [ app_begin ] --END-- [ RunTime:0.000469s ]
NOTIC: [8] A session had already been started - ignoring session_start() /web/weixin/App/Home/Controller/WechatController.class.php 第 7 行.

[ 2015-05-12T22:09:18+08:00 ] 192.168.2.43 /
INFO: [ app_init ] --START--
INFO: Run Behavior\BuildLiteBehavior [ RunTime:0.000015s ]
INFO: [ app_init ] --END-- [ RunTime:0.000301s ]
INFO: [ app_begin ] --START--
INFO: Run Behavior\ReadHtmlCacheBehavior [ RunTime:0.000400s ]
INFO: [ app_begin ] --END-- [ RunTime:0.000449s ]
NOTIC: [8] A session had already been started - ignoring session_start() /web/weixin/App/Home/Controller/WechatController.class.php 第 7 行.
NOTIC: [8] Undefined index: HTTP_RAW_POST_DATA /web/weixin/App/Home/Controller/WechatController.class.php 第 66 行.

[ 2015-05-12T22:20:53+08:00 ] 192.168.2.43 /?signature=0b6a1869d7522d04e380618e906dbfeff899f98f&timestamp=1431440453&nonce=263989528
INFO: [ app_init ] --START--
INFO: Run Behavior\BuildLiteBehavior [ RunTime:0.000015s ]
INFO: [ app_init ] --END-- [ RunTime:0.000314s ]
INFO: [ app_begin ] --START--
INFO: Run Behavior\ReadHtmlCacheBehavior [ RunTime:0.000380s ]
INFO: [ app_begin ] --END-- [ RunTime:0.000443s ]
NOTIC: [8] A session had already been started - ignoring session_start() /web/weixin/App/Home/Controller/WechatController.class.php 第 7 行.

[ 2015-05-12T22:27:43+08:00 ] 192.168.2.43 /?signature=92c61046e1b40ab3cfec9583258bd0afee3a7fef&timestamp=1431440863&nonce=187703527
INFO: [ app_init ] --START--
INFO: Run Behavior\BuildLiteBehavior [ RunTime:0.000013s ]
INFO: [ app_init ] --END-- [ RunTime:0.000297s ]
INFO: [ app_begin ] --START--
INFO: Run Behavior\ReadHtmlCacheBehavior [ RunTime:0.000381s ]
INFO: [ app_begin ] --END-- [ RunTime:0.000433s ]
NOTIC: [8] A session had already been started - ignoring session_start() /web/weixin/App/Home/Controller/WechatController.class.php 第 7 行.

[ 2015-05-12T22:30:49+08:00 ] 192.168.2.43 /?signature=057e97e2ca4c0062dc9950ed642555a1976ec285&timestamp=1431441049&nonce=438578773
INFO: [ app_init ] --START--
INFO: Run Behavior\BuildLiteBehavior [ RunTime:0.000014s ]
INFO: [ app_init ] --END-- [ RunTime:0.000354s ]
INFO: [ app_begin ] --START--
INFO: Run Behavior\ReadHtmlCacheBehavior [ RunTime:0.000427s ]
INFO: [ app_begin ] --END-- [ RunTime:0.000477s ]
NOTIC: [8] A session had already been started - ignoring session_start() /web/weixin/App/Home/Controller/WechatController.class.php 第 7 行.

[ 2015-05-12T22:47:19+08:00 ] 192.168.2.43 /?signature=0fce8c7a575342f518af4b45743fd2ab79e3a2a2&timestamp=1431442039&nonce=2103218628
INFO: [ app_init ] --START--
INFO: Run Behavior\BuildLiteBehavior [ RunTime:0.000015s ]
INFO: [ app_init ] --END-- [ RunTime:0.000300s ]
INFO: [ app_begin ] --START--
INFO: Run Behavior\ReadHtmlCacheBehavior [ RunTime:0.000533s ]
INFO: [ app_begin ] --END-- [ RunTime:0.000590s ]
NOTIC: [8] A session had already been started - ignoring session_start() /web/weixin/App/Home/Controller/WechatController.class.php 第 7 行.

[ 2015-05-12T23:07:13+08:00 ] 192.168.2.43 /?signature=c15dda2193475e7153175e6fe6b7d8375c6b4679&timestamp=1431443233&nonce=75455223
INFO: [ app_init ] --START--
INFO: Run Behavior\BuildLiteBehavior [ RunTime:0.000014s ]
INFO: [ app_init ] --END-- [ RunTime:0.000299s ]
INFO: [ app_begin ] --START--
INFO: Run Behavior\ReadHtmlCacheBehavior [ RunTime:0.000378s ]
INFO: [ app_begin ] --END-- [ RunTime:0.000428s ]
NOTIC: [8] A session had already been started - ignoring session_start() /web/weixin/App/Home/Controller/WechatController.class.php 第 7 行.

[ 2015-05-12T23:24:54+08:00 ] 192.168.2.43 /?signature=d70bd3d8af94a6dd8ad23aa5a0b2b579fee8b6fe&timestamp=1431444294&nonce=1206101416
INFO: [ app_init ] --START--
INFO: Run Behavior\BuildLiteBehavior [ RunTime:0.000014s ]
INFO: [ app_init ] --END-- [ RunTime:0.000319s ]
INFO: [ app_begin ] --START--
INFO: Run Behavior\ReadHtmlCacheBehavior [ RunTime:0.000449s ]
INFO: [ app_begin ] --END-- [ RunTime:0.000499s ]
NOTIC: [8] A session had already been started - ignoring session_start() /web/weixin/App/Home/Controller/WechatController.class.php 第 7 行.

[ 2015-05-12T23:34:44+08:00 ] 192.168.2.43 /?signature=086fac08a5faf11e33be5aa4c631f1c7d6cc6dde&timestamp=1431444884&nonce=147800630
INFO: [ app_init ] --START--
INFO: Run Behavior\BuildLiteBehavior [ RunTime:0.000015s ]
INFO: [ app_init ] --END-- [ RunTime:0.000299s ]
INFO: [ app_begin ] --START--
INFO: Run Behavior\ReadHtmlCacheBehavior [ RunTime:0.000377s ]
INFO: [ app_begin ] --END-- [ RunTime:0.000428s ]
NOTIC: [8] A session had already been started - ignoring session_start() /web/weixin/App/Home/Controller/WechatController.class.php 第 7 行.

[ 2015-05-12T23:49:39+08:00 ] 192.168.2.43 /?signature=64e044fbb733bbc5b9edc148cbc3a43a724d24ef&timestamp=1431445779&nonce=1603312155
INFO: [ app_init ] --START--
INFO: Run Behavior\BuildLiteBehavior [ RunTime:0.000015s ]
INFO: [ app_init ] --END-- [ RunTime:0.000307s ]
INFO: [ app_begin ] --START--
INFO: Run Behavior\ReadHtmlCacheBehavior [ RunTime:0.000404s ]
INFO: [ app_begin ] --END-- [ RunTime:0.000455s ]
NOTIC: [8] A session had already been started - ignoring session_start() /web/weixin/App/Home/Controller/WechatController.class.php 第 7 行.

