[ 2015-03-25T09:33:42+08:00 ] 140.207.54.77 /?signature=3616f5f4b3785dc8ba02a596b7947e0f2827bd24&timestamp=1427247221&nonce=1517671360
INFO: [ app_init ] --START--
INFO: Run Behavior\BuildLiteBehavior [ RunTime:0.000015s ]
INFO: [ app_init ] --END-- [ RunTime:0.000267s ]
INFO: [ app_begin ] --START--
INFO: Run Behavior\ReadHtmlCacheBehavior [ RunTime:0.000341s ]
INFO: [ app_begin ] --END-- [ RunTime:0.000398s ]
NOTIC: [8] A session had already been started - ignoring session_start() /www/weixin/App/Home/Controller/WechatController.class.php 第 7 行.
NOTIC: [8] file_get_contents(): Content-type not specified assuming application/x-www-form-urlencoded /www/weixin/App/Home/Controller/MenuController.class.php 第 142 行.
INFO: [ app_end ] --START--
INFO: Run Behavior\ShowPageTraceBehavior [ RunTime:0.000550s ]
INFO: [ app_end ] --END-- [ RunTime:0.000664s ]

[ 2015-03-25T15:32:09+08:00 ] 140.207.54.80 /?signature=f94cffe8feceb30ad9839d8c18c59ad0b44a69fc&timestamp=1427268729&nonce=112227660
INFO: [ app_init ] --START--
INFO: Run Behavior\BuildLiteBehavior [ RunTime:0.000020s ]
INFO: [ app_init ] --END-- [ RunTime:0.000363s ]
INFO: [ app_begin ] --START--
INFO: Run Behavior\ReadHtmlCacheBehavior [ RunTime:0.000419s ]
INFO: [ app_begin ] --END-- [ RunTime:0.000480s ]
NOTIC: [8] A session had already been started - ignoring session_start() /www/weixin/App/Home/Controller/WechatController.class.php 第 7 行.
NOTIC: [8] file_get_contents(): Content-type not specified assuming application/x-www-form-urlencoded /www/weixin/App/Home/Controller/MenuController.class.php 第 142 行.
INFO: [ app_end ] --START--
INFO: Run Behavior\ShowPageTraceBehavior [ RunTime:0.000502s ]
INFO: [ app_end ] --END-- [ RunTime:0.000615s ]

[ 2015-03-25T15:32:24+08:00 ] 140.207.54.77 /?signature=a7264452a6ea97b3e472a87ccc6bdc5370f43c23&timestamp=1427268743&nonce=1267873789
INFO: [ app_init ] --START--
INFO: Run Behavior\BuildLiteBehavior [ RunTime:0.000014s ]
INFO: [ app_init ] --END-- [ RunTime:0.000265s ]
INFO: [ app_begin ] --START--
INFO: Run Behavior\ReadHtmlCacheBehavior [ RunTime:0.000392s ]
INFO: [ app_begin ] --END-- [ RunTime:0.000450s ]
NOTIC: [8] A session had already been started - ignoring session_start() /www/weixin/App/Home/Controller/WechatController.class.php 第 7 行.
NOTIC: [8] file_get_contents(): Content-type not specified assuming application/x-www-form-urlencoded /www/weixin/App/Home/Controller/MenuController.class.php 第 142 行.
INFO: [ app_end ] --START--
INFO: Run Behavior\ShowPageTraceBehavior [ RunTime:0.000507s ]
INFO: [ app_end ] --END-- [ RunTime:0.000657s ]

[ 2015-03-25T15:32:30+08:00 ] 140.207.54.80 /?signature=9cb925c73ebc72079dfddd82705c1ceceb717abf&timestamp=1427268750&nonce=483164228
INFO: [ app_init ] --START--
INFO: Run Behavior\BuildLiteBehavior [ RunTime:0.000014s ]
INFO: [ app_init ] --END-- [ RunTime:0.000264s ]
INFO: [ app_begin ] --START--
INFO: Run Behavior\ReadHtmlCacheBehavior [ RunTime:0.000311s ]
INFO: [ app_begin ] --END-- [ RunTime:0.000368s ]
NOTIC: [8] A session had already been started - ignoring session_start() /www/weixin/App/Home/Controller/WechatController.class.php 第 7 行.
NOTIC: [8] file_get_contents(): Content-type not specified assuming application/x-www-form-urlencoded /www/weixin/App/Home/Controller/MenuController.class.php 第 142 行.
INFO: [ app_end ] --START--
INFO: Run Behavior\ShowPageTraceBehavior [ RunTime:0.000466s ]
INFO: [ app_end ] --END-- [ RunTime:0.000578s ]

[ 2015-03-25T21:55:25+08:00 ] 140.207.54.78 /?signature=1447e39dc44fe8f4dc492be8dd51d95bf29a0d12&timestamp=1427291724&nonce=1108961651
INFO: [ app_init ] --START--
INFO: Run Behavior\BuildLiteBehavior [ RunTime:0.000018s ]
INFO: [ app_init ] --END-- [ RunTime:0.000292s ]
INFO: [ app_begin ] --START--
INFO: Run Behavior\ReadHtmlCacheBehavior [ RunTime:0.000350s ]
INFO: [ app_begin ] --END-- [ RunTime:0.000413s ]
NOTIC: [8] A session had already been started - ignoring session_start() /www/weixin/App/Home/Controller/WechatController.class.php 第 7 行.
NOTIC: [8] file_get_contents(): Content-type not specified assuming application/x-www-form-urlencoded /www/weixin/App/Home/Controller/MenuController.class.php 第 142 行.
INFO: [ app_end ] --START--
INFO: Run Behavior\ShowPageTraceBehavior [ RunTime:0.000524s ]
INFO: [ app_end ] --END-- [ RunTime:0.000641s ]

[ 2015-03-25T21:55:57+08:00 ] 140.207.54.80 /?signature=f37335980ed301f1f63b50841c8c747c01009c56&timestamp=1427291756&nonce=476631481
INFO: [ app_init ] --START--
INFO: Run Behavior\BuildLiteBehavior [ RunTime:0.000019s ]
INFO: [ app_init ] --END-- [ RunTime:0.000276s ]
INFO: [ app_begin ] --START--
INFO: Run Behavior\ReadHtmlCacheBehavior [ RunTime:0.000336s ]
INFO: [ app_begin ] --END-- [ RunTime:0.000399s ]
NOTIC: [8] A session had already been started - ignoring session_start() /www/weixin/App/Home/Controller/WechatController.class.php 第 7 行.
NOTIC: [8] file_get_contents(): Content-type not specified assuming application/x-www-form-urlencoded /www/weixin/App/Home/Controller/MenuController.class.php 第 142 行.
INFO: [ app_end ] --START--
INFO: Run Behavior\ShowPageTraceBehavior [ RunTime:0.000494s ]
INFO: [ app_end ] --END-- [ RunTime:0.000608s ]

[ 2015-03-25T21:56:02+08:00 ] 183.49.63.67 /Home/GetByfilter/index/openId/ou9X8tl0p-rfJcmRriSrj2QP144s
INFO: [ app_init ] --START--
INFO: Run Behavior\BuildLiteBehavior [ RunTime:0.000014s ]
INFO: [ app_init ] --END-- [ RunTime:0.000388s ]
INFO: [ app_begin ] --START--
INFO: Run Behavior\ReadHtmlCacheBehavior [ RunTime:0.000361s ]
INFO: [ app_begin ] --END-- [ RunTime:0.000417s ]
NOTIC: [8] A session had already been started - ignoring session_start() /www/weixin/App/Home/Controller/GetByfilterController.class.php 第 13 行.
NOTIC: [8] A session had already been started - ignoring session_start() /www/weixin/App/Home/Common/Common.class.php 第 10 行.
NOTIC: [2048] Non-static method Home\Common\Common::setrep() should not be called statically, assuming $this from incompatible context /www/weixin/App/Home/Controller/GetByfilterController.class.php 第 29 行.
NOTIC: [2048] Non-static method Home\Common\Common::getAccessTokens() should not be called statically, assuming $this from incompatible context /www/weixin/App/Home/Common/Common.class.php 第 63 行.
NOTIC: [2048] Non-static method Home\Common\Common::PData() should not be called statically, assuming $this from incompatible context /www/weixin/App/Home/Controller/GetByfilterController.class.php 第 36 行.
NOTIC: [8] Use of undefined constant ture - assumed 'ture' /www/weixin/App/Home/Controller/GetByfilterController.class.php 第 37 行.
SQL: SHOW COLUMNS FROM `w_option` [ RunTime:0.0006s ]
SQL: SELECT `meta_value` FROM `w_option` WHERE ( meta_key='site_url' ) LIMIT 1   [ RunTime:0.0001s ]
SQL: SELECT `meta_value` FROM `w_option` WHERE ( meta_key='site_url' ) LIMIT 1   [ RunTime:0.0001s ]
NOTIC: [8] Use of undefined constant ture - assumed 'ture' /www/weixin/Theme/default/GetByfilter/index.php 第 50 行.
SQL: SELECT `meta_value` FROM `w_option` WHERE ( meta_key='site_url' ) LIMIT 1   [ RunTime:0.0001s ]
INFO: [ view_filter ] --START--
INFO: Run Behavior\WriteHtmlCacheBehavior [ RunTime:0.000207s ]
INFO: [ view_filter ] --END-- [ RunTime:0.000267s ]
INFO: [ app_end ] --START--
INFO: Run Behavior\ShowPageTraceBehavior [ RunTime:0.000343s ]
INFO: [ app_end ] --END-- [ RunTime:0.000406s ]

[ 2015-03-25T22:48:39+08:00 ] 140.207.54.77 /?signature=3d091a8c091524baded82a1c7ec1c385c5d231ca&timestamp=1427294918&nonce=742259998
INFO: [ app_init ] --START--
INFO: Run Behavior\BuildLiteBehavior [ RunTime:0.000019s ]
INFO: [ app_init ] --END-- [ RunTime:0.000333s ]
INFO: [ app_begin ] --START--
INFO: Run Behavior\ReadHtmlCacheBehavior [ RunTime:0.000443s ]
INFO: [ app_begin ] --END-- [ RunTime:0.000522s ]
NOTIC: [8] A session had already been started - ignoring session_start() /www/weixin/App/Home/Controller/WechatController.class.php 第 7 行.
NOTIC: [8] file_get_contents(): Content-type not specified assuming application/x-www-form-urlencoded /www/weixin/App/Home/Controller/MenuController.class.php 第 142 行.
INFO: [ app_end ] --START--
INFO: Run Behavior\ShowPageTraceBehavior [ RunTime:0.000478s ]
INFO: [ app_end ] --END-- [ RunTime:0.000588s ]

[ 2015-03-25T22:48:49+08:00 ] 140.207.54.77 /?signature=6e65bf150c6eb67f534a9ea8383e07bee9d1c72e&timestamp=1427294928&nonce=193259887
INFO: [ app_init ] --START--
INFO: Run Behavior\BuildLiteBehavior [ RunTime:0.000015s ]
INFO: [ app_init ] --END-- [ RunTime:0.000273s ]
INFO: [ app_begin ] --START--
INFO: Run Behavior\ReadHtmlCacheBehavior [ RunTime:0.000319s ]
INFO: [ app_begin ] --END-- [ RunTime:0.000377s ]
NOTIC: [8] A session had already been started - ignoring session_start() /www/weixin/App/Home/Controller/WechatController.class.php 第 7 行.
NOTIC: [8] file_get_contents(): Content-type not specified assuming application/x-www-form-urlencoded /www/weixin/App/Home/Controller/MenuController.class.php 第 142 行.
INFO: [ app_end ] --START--
INFO: Run Behavior\ShowPageTraceBehavior [ RunTime:0.000542s ]
INFO: [ app_end ] --END-- [ RunTime:0.000697s ]

[ 2015-03-25T22:49:05+08:00 ] 140.207.54.77 /?signature=747e250da1e0ecffc01a600c628c93e84121dde9&timestamp=1427294944&nonce=1038577881
INFO: [ app_init ] --START--
INFO: Run Behavior\BuildLiteBehavior [ RunTime:0.000016s ]
INFO: [ app_init ] --END-- [ RunTime:0.000275s ]
INFO: [ app_begin ] --START--
INFO: Run Behavior\ReadHtmlCacheBehavior [ RunTime:0.000317s ]
INFO: [ app_begin ] --END-- [ RunTime:0.000374s ]
NOTIC: [8] A session had already been started - ignoring session_start() /www/weixin/App/Home/Controller/WechatController.class.php 第 7 行.
NOTIC: [8] file_get_contents(): Content-type not specified assuming application/x-www-form-urlencoded /www/weixin/App/Home/Controller/MenuController.class.php 第 142 行.
INFO: [ app_end ] --START--
INFO: Run Behavior\ShowPageTraceBehavior [ RunTime:0.000489s ]
INFO: [ app_end ] --END-- [ RunTime:0.000614s ]

[ 2015-03-25T22:49:06+08:00 ] 140.207.54.77 /?signature=3f03fc0d10008b192c1a881a0468642ae01c4473&timestamp=1427294945&nonce=1260815925
INFO: [ app_init ] --START--
INFO: Run Behavior\BuildLiteBehavior [ RunTime:0.000019s ]
INFO: [ app_init ] --END-- [ RunTime:0.000311s ]
INFO: [ app_begin ] --START--
INFO: Run Behavior\ReadHtmlCacheBehavior [ RunTime:0.000356s ]
INFO: [ app_begin ] --END-- [ RunTime:0.000416s ]
NOTIC: [8] A session had already been started - ignoring session_start() /www/weixin/App/Home/Controller/WechatController.class.php 第 7 行.
NOTIC: [8] file_get_contents(): Content-type not specified assuming application/x-www-form-urlencoded /www/weixin/App/Home/Controller/MenuController.class.php 第 142 行.
INFO: [ app_end ] --START--
INFO: Run Behavior\ShowPageTraceBehavior [ RunTime:0.000468s ]
INFO: [ app_end ] --END-- [ RunTime:0.000578s ]

