[ 2015-12-25T00:16:18+08:00 ] 192.168.2.43 /?signature=b88a0865d6ab3db8208299caea0d668df5b7f86c&timestamp=1450973778&nonce=1616901406
INFO: [ app_init ] --START--
INFO: Run Behavior\BuildLiteBehavior [ RunTime:0.000014s ]
INFO: [ app_init ] --END-- [ RunTime:0.000358s ]
INFO: [ app_begin ] --START--
INFO: Run Behavior\ReadHtmlCacheBehavior [ RunTime:0.000408s ]
INFO: [ app_begin ] --END-- [ RunTime:0.000458s ]
NOTIC: [8] A session had already been started - ignoring session_start() /web/weixin/App/Home/Controller/WechatController.class.php 第 7 行.

[ 2015-12-25T00:47:08+08:00 ] 23.251.63.45 /
INFO: [ app_init ] --START--
INFO: Run Behavior\BuildLiteBehavior [ RunTime:0.000014s ]
INFO: [ app_init ] --END-- [ RunTime:0.000302s ]
INFO: [ app_begin ] --START--
INFO: Run Behavior\ReadHtmlCacheBehavior [ RunTime:0.000403s ]
INFO: [ app_begin ] --END-- [ RunTime:0.000452s ]
NOTIC: [8] A session had already been started - ignoring session_start() /web/weixin/App/Home/Controller/WechatController.class.php 第 7 行.
NOTIC: [8] Undefined index: HTTP_RAW_POST_DATA /web/weixin/App/Home/Controller/WechatController.class.php 第 66 行.

[ 2015-12-25T07:38:49+08:00 ] 101.254.199.19 /
INFO: [ app_init ] --START--
INFO: Run Behavior\BuildLiteBehavior [ RunTime:0.000015s ]
INFO: [ app_init ] --END-- [ RunTime:0.000315s ]
INFO: [ app_begin ] --START--
INFO: Run Behavior\ReadHtmlCacheBehavior [ RunTime:0.000421s ]
INFO: [ app_begin ] --END-- [ RunTime:0.000471s ]
NOTIC: [8] A session had already been started - ignoring session_start() /web/weixin/App/Home/Controller/WechatController.class.php 第 7 行.
NOTIC: [8] Undefined index: HTTP_RAW_POST_DATA /web/weixin/App/Home/Controller/WechatController.class.php 第 66 行.

[ 2015-12-25T08:27:18+08:00 ] 103.41.53.252 /
INFO: [ app_init ] --START--
INFO: Run Behavior\BuildLiteBehavior [ RunTime:0.000014s ]
INFO: [ app_init ] --END-- [ RunTime:0.000301s ]
INFO: [ app_begin ] --START--
INFO: Run Behavior\ReadHtmlCacheBehavior [ RunTime:0.000387s ]
INFO: [ app_begin ] --END-- [ RunTime:0.000436s ]
NOTIC: [8] A session had already been started - ignoring session_start() /web/weixin/App/Home/Controller/WechatController.class.php 第 7 行.
NOTIC: [8] Undefined index: HTTP_RAW_POST_DATA /web/weixin/App/Home/Controller/WechatController.class.php 第 66 行.

[ 2015-12-25T10:31:19+08:00 ] 23.251.63.45 /
INFO: [ app_init ] --START--
INFO: Run Behavior\BuildLiteBehavior [ RunTime:0.000014s ]
INFO: [ app_init ] --END-- [ RunTime:0.000301s ]
INFO: [ app_begin ] --START--
INFO: Run Behavior\ReadHtmlCacheBehavior [ RunTime:0.000396s ]
INFO: [ app_begin ] --END-- [ RunTime:0.000444s ]
NOTIC: [8] A session had already been started - ignoring session_start() /web/weixin/App/Home/Controller/WechatController.class.php 第 7 行.
NOTIC: [8] Undefined index: HTTP_RAW_POST_DATA /web/weixin/App/Home/Controller/WechatController.class.php 第 66 行.

[ 2015-12-25T16:16:20+08:00 ] 103.41.52.91 /
INFO: [ app_init ] --START--
INFO: Run Behavior\BuildLiteBehavior [ RunTime:0.000013s ]
INFO: [ app_init ] --END-- [ RunTime:0.000311s ]
INFO: [ app_begin ] --START--
INFO: Run Behavior\ReadHtmlCacheBehavior [ RunTime:0.000405s ]
INFO: [ app_begin ] --END-- [ RunTime:0.000454s ]
NOTIC: [8] A session had already been started - ignoring session_start() /web/weixin/App/Home/Controller/WechatController.class.php 第 7 行.
NOTIC: [8] Undefined index: HTTP_RAW_POST_DATA /web/weixin/App/Home/Controller/WechatController.class.php 第 66 行.

[ 2015-12-25T18:41:08+08:00 ] 89.248.167.162 /
INFO: [ app_init ] --START--
INFO: Run Behavior\BuildLiteBehavior [ RunTime:0.000014s ]
INFO: [ app_init ] --END-- [ RunTime:0.000299s ]
INFO: [ app_begin ] --START--
INFO: Run Behavior\ReadHtmlCacheBehavior [ RunTime:0.000396s ]
INFO: [ app_begin ] --END-- [ RunTime:0.000445s ]
NOTIC: [8] A session had already been started - ignoring session_start() /web/weixin/App/Home/Controller/WechatController.class.php 第 7 行.
NOTIC: [8] Undefined index: HTTP_RAW_POST_DATA /web/weixin/App/Home/Controller/WechatController.class.php 第 66 行.

[ 2015-12-25T19:26:06+08:00 ] 192.168.2.43 /?signature=a58c7624eab80d324cfc43064fcba48f06e4488b&timestamp=1451042766&nonce=20938370
INFO: [ app_init ] --START--
INFO: Run Behavior\BuildLiteBehavior [ RunTime:0.000014s ]
INFO: [ app_init ] --END-- [ RunTime:0.000299s ]
INFO: [ app_begin ] --START--
INFO: Run Behavior\ReadHtmlCacheBehavior [ RunTime:0.000380s ]
INFO: [ app_begin ] --END-- [ RunTime:0.000429s ]
NOTIC: [8] A session had already been started - ignoring session_start() /web/weixin/App/Home/Controller/WechatController.class.php 第 7 行.

[ 2015-12-25T20:34:36+08:00 ] 192.168.2.43 /?signature=bc2617b094626d6c1637e4d3cf3232f58575d500&timestamp=1451046870&nonce=1787920256
INFO: [ app_init ] --START--
INFO: Run Behavior\BuildLiteBehavior [ RunTime:0.000014s ]
INFO: [ app_init ] --END-- [ RunTime:0.000297s ]
INFO: [ app_begin ] --START--
INFO: Run Behavior\ReadHtmlCacheBehavior [ RunTime:0.000385s ]
INFO: [ app_begin ] --END-- [ RunTime:0.000435s ]
NOTIC: [8] A session had already been started - ignoring session_start() /web/weixin/App/Home/Controller/WechatController.class.php 第 7 行.
NOTIC: [8] file_get_contents(): Content-type not specified assuming application/x-www-form-urlencoded /web/weixin/App/Home/Controller/MenuController.class.php 第 198 行.
INFO: [ app_end ] --START--
INFO: Run Behavior\ShowPageTraceBehavior [ RunTime:0.000523s ]
INFO: [ app_end ] --END-- [ RunTime:0.000593s ]

[ 2015-12-25T20:34:42+08:00 ] 192.168.2.43 /?signature=bc2617b094626d6c1637e4d3cf3232f58575d500&timestamp=1451046870&nonce=1787920256
INFO: [ app_init ] --START--
INFO: Run Behavior\BuildLiteBehavior [ RunTime:0.000014s ]
INFO: [ app_init ] --END-- [ RunTime:0.000322s ]
INFO: [ app_begin ] --START--
INFO: Run Behavior\ReadHtmlCacheBehavior [ RunTime:0.000412s ]
INFO: [ app_begin ] --END-- [ RunTime:0.000462s ]
NOTIC: [8] A session had already been started - ignoring session_start() /web/weixin/App/Home/Controller/WechatController.class.php 第 7 行.
NOTIC: [8] file_get_contents(): Content-type not specified assuming application/x-www-form-urlencoded /web/weixin/App/Home/Controller/MenuController.class.php 第 198 行.
INFO: [ app_end ] --START--
INFO: Run Behavior\ShowPageTraceBehavior [ RunTime:0.000507s ]
INFO: [ app_end ] --END-- [ RunTime:0.000579s ]

[ 2015-12-25T20:34:46+08:00 ] 192.168.2.43 /?signature=bc2617b094626d6c1637e4d3cf3232f58575d500&timestamp=1451046870&nonce=1787920256
INFO: [ app_init ] --START--
INFO: Run Behavior\BuildLiteBehavior [ RunTime:0.000014s ]
INFO: [ app_init ] --END-- [ RunTime:0.000309s ]
INFO: [ app_begin ] --START--
INFO: Run Behavior\ReadHtmlCacheBehavior [ RunTime:0.000415s ]
INFO: [ app_begin ] --END-- [ RunTime:0.000477s ]
NOTIC: [8] A session had already been started - ignoring session_start() /web/weixin/App/Home/Controller/WechatController.class.php 第 7 行.
NOTIC: [8] file_get_contents(): Content-type not specified assuming application/x-www-form-urlencoded /web/weixin/App/Home/Controller/MenuController.class.php 第 198 行.
INFO: [ app_end ] --START--
INFO: Run Behavior\ShowPageTraceBehavior [ RunTime:0.000539s ]
INFO: [ app_end ] --END-- [ RunTime:0.000644s ]

[ 2015-12-25T20:35:00+08:00 ] 192.168.2.43 /?signature=a2b6c952947515656ca4fcb48351804df35d3ceb&timestamp=1451046894&nonce=388134415
INFO: [ app_init ] --START--
INFO: Run Behavior\BuildLiteBehavior [ RunTime:0.000014s ]
INFO: [ app_init ] --END-- [ RunTime:0.000301s ]
INFO: [ app_begin ] --START--
INFO: Run Behavior\ReadHtmlCacheBehavior [ RunTime:0.000411s ]
INFO: [ app_begin ] --END-- [ RunTime:0.000461s ]
NOTIC: [8] A session had already been started - ignoring session_start() /web/weixin/App/Home/Controller/WechatController.class.php 第 7 行.
NOTIC: [8] file_get_contents(): Content-type not specified assuming application/x-www-form-urlencoded /web/weixin/App/Home/Controller/MenuController.class.php 第 198 行.
INFO: [ app_end ] --START--
INFO: Run Behavior\ShowPageTraceBehavior [ RunTime:0.000506s ]
INFO: [ app_end ] --END-- [ RunTime:0.000573s ]

[ 2015-12-25T20:35:00+08:00 ] 192.168.2.43 /?signature=7814402ca72d96c6a5b35947281d6017455b2646&timestamp=1451046900&nonce=2146549284
INFO: [ app_init ] --START--
INFO: Run Behavior\BuildLiteBehavior [ RunTime:0.000013s ]
INFO: [ app_init ] --END-- [ RunTime:0.000325s ]
INFO: [ app_begin ] --START--
INFO: Run Behavior\ReadHtmlCacheBehavior [ RunTime:0.000409s ]
INFO: [ app_begin ] --END-- [ RunTime:0.000463s ]
NOTIC: [8] A session had already been started - ignoring session_start() /web/weixin/App/Home/Controller/WechatController.class.php 第 7 行.

[ 2015-12-25T20:35:00+08:00 ] 192.168.2.43 /?signature=a2b6c952947515656ca4fcb48351804df35d3ceb&timestamp=1451046894&nonce=388134415
INFO: [ app_init ] --START--
INFO: Run Behavior\BuildLiteBehavior [ RunTime:0.000032s ]
INFO: [ app_init ] --END-- [ RunTime:0.000322s ]
INFO: [ app_begin ] --START--
INFO: Run Behavior\ReadHtmlCacheBehavior [ RunTime:0.000380s ]
INFO: [ app_begin ] --END-- [ RunTime:0.000429s ]
NOTIC: [8] A session had already been started - ignoring session_start() /web/weixin/App/Home/Controller/WechatController.class.php 第 7 行.
NOTIC: [8] file_get_contents(): Content-type not specified assuming application/x-www-form-urlencoded /web/weixin/App/Home/Controller/MenuController.class.php 第 198 行.
INFO: [ app_end ] --START--
INFO: Run Behavior\ShowPageTraceBehavior [ RunTime:0.000474s ]
INFO: [ app_end ] --END-- [ RunTime:0.000538s ]

