[ 2015-12-29T00:08:49+08:00 ] 192.168.2.43 /?signature=be5b333f4a21707ea467bba92b1149497df78971&timestamp=1451318929&nonce=752189290
INFO: [ app_init ] --START--
INFO: Run Behavior\BuildLiteBehavior [ RunTime:0.000014s ]
INFO: [ app_init ] --END-- [ RunTime:0.000339s ]
INFO: [ app_begin ] --START--
INFO: Run Behavior\ReadHtmlCacheBehavior [ RunTime:0.000431s ]
INFO: [ app_begin ] --END-- [ RunTime:0.000489s ]
NOTIC: [8] A session had already been started - ignoring session_start() /web/weixin/App/Home/Controller/WechatController.class.php 第 7 行.

[ 2015-12-29T00:42:26+08:00 ] 103.41.53.253 /
INFO: [ app_init ] --START--
INFO: Run Behavior\BuildLiteBehavior [ RunTime:0.000014s ]
INFO: [ app_init ] --END-- [ RunTime:0.000303s ]
INFO: [ app_begin ] --START--
INFO: Run Behavior\ReadHtmlCacheBehavior [ RunTime:0.000406s ]
INFO: [ app_begin ] --END-- [ RunTime:0.000455s ]
NOTIC: [8] A session had already been started - ignoring session_start() /web/weixin/App/Home/Controller/WechatController.class.php 第 7 行.
NOTIC: [8] Undefined index: HTTP_RAW_POST_DATA /web/weixin/App/Home/Controller/WechatController.class.php 第 66 行.

[ 2015-12-29T06:53:09+08:00 ] 23.251.63.45 /
INFO: [ app_init ] --START--
INFO: Run Behavior\BuildLiteBehavior [ RunTime:0.000013s ]
INFO: [ app_init ] --END-- [ RunTime:0.000318s ]
INFO: [ app_begin ] --START--
INFO: Run Behavior\ReadHtmlCacheBehavior [ RunTime:0.000413s ]
INFO: [ app_begin ] --END-- [ RunTime:0.000462s ]
NOTIC: [8] A session had already been started - ignoring session_start() /web/weixin/App/Home/Controller/WechatController.class.php 第 7 行.
NOTIC: [8] Undefined index: HTTP_RAW_POST_DATA /web/weixin/App/Home/Controller/WechatController.class.php 第 66 行.

[ 2015-12-29T08:39:45+08:00 ] 103.41.52.91 /
INFO: [ app_init ] --START--
INFO: Run Behavior\BuildLiteBehavior [ RunTime:0.000014s ]
INFO: [ app_init ] --END-- [ RunTime:0.000299s ]
INFO: [ app_begin ] --START--
INFO: Run Behavior\ReadHtmlCacheBehavior [ RunTime:0.000397s ]
INFO: [ app_begin ] --END-- [ RunTime:0.000445s ]
NOTIC: [8] A session had already been started - ignoring session_start() /web/weixin/App/Home/Controller/WechatController.class.php 第 7 行.
NOTIC: [8] Undefined index: HTTP_RAW_POST_DATA /web/weixin/App/Home/Controller/WechatController.class.php 第 66 行.

[ 2015-12-29T09:54:41+08:00 ] 104.219.238.10 /
INFO: [ app_init ] --START--
INFO: Run Behavior\BuildLiteBehavior [ RunTime:0.000014s ]
INFO: [ app_init ] --END-- [ RunTime:0.000300s ]
INFO: [ app_begin ] --START--
INFO: Run Behavior\ReadHtmlCacheBehavior [ RunTime:0.000384s ]
INFO: [ app_begin ] --END-- [ RunTime:0.000433s ]
NOTIC: [8] A session had already been started - ignoring session_start() /web/weixin/App/Home/Controller/WechatController.class.php 第 7 行.
NOTIC: [8] Undefined index: HTTP_RAW_POST_DATA /web/weixin/App/Home/Controller/WechatController.class.php 第 66 行.

[ 2015-12-29T11:25:43+08:00 ] 103.41.52.91 /
INFO: [ app_init ] --START--
INFO: Run Behavior\BuildLiteBehavior [ RunTime:0.000014s ]
INFO: [ app_init ] --END-- [ RunTime:0.000303s ]
INFO: [ app_begin ] --START--
INFO: Run Behavior\ReadHtmlCacheBehavior [ RunTime:0.000404s ]
INFO: [ app_begin ] --END-- [ RunTime:0.000453s ]
NOTIC: [8] A session had already been started - ignoring session_start() /web/weixin/App/Home/Controller/WechatController.class.php 第 7 行.
NOTIC: [8] Undefined index: HTTP_RAW_POST_DATA /web/weixin/App/Home/Controller/WechatController.class.php 第 66 行.

[ 2015-12-29T11:46:50+08:00 ] 123.57.10.148 /
INFO: [ app_init ] --START--
INFO: Run Behavior\BuildLiteBehavior [ RunTime:0.000014s ]
INFO: [ app_init ] --END-- [ RunTime:0.000306s ]
INFO: [ app_begin ] --START--
INFO: Run Behavior\ReadHtmlCacheBehavior [ RunTime:0.000419s ]
INFO: [ app_begin ] --END-- [ RunTime:0.000468s ]
NOTIC: [8] A session had already been started - ignoring session_start() /web/weixin/App/Home/Controller/WechatController.class.php 第 7 行.
NOTIC: [8] Undefined index: HTTP_RAW_POST_DATA /web/weixin/App/Home/Controller/WechatController.class.php 第 66 行.

[ 2015-12-29T13:23:44+08:00 ] 222.186.3.172 /
INFO: [ app_init ] --START--
INFO: Run Behavior\BuildLiteBehavior [ RunTime:0.000013s ]
INFO: [ app_init ] --END-- [ RunTime:0.000294s ]
INFO: [ app_begin ] --START--
INFO: Run Behavior\ReadHtmlCacheBehavior [ RunTime:0.000409s ]
INFO: [ app_begin ] --END-- [ RunTime:0.000458s ]
NOTIC: [8] A session had already been started - ignoring session_start() /web/weixin/App/Home/Controller/WechatController.class.php 第 7 行.
NOTIC: [8] Undefined index: HTTP_RAW_POST_DATA /web/weixin/App/Home/Controller/WechatController.class.php 第 66 行.

[ 2015-12-29T14:03:01+08:00 ] 103.41.53.253 /
INFO: [ app_init ] --START--
INFO: Run Behavior\BuildLiteBehavior [ RunTime:0.000014s ]
INFO: [ app_init ] --END-- [ RunTime:0.000319s ]
INFO: [ app_begin ] --START--
INFO: Run Behavior\ReadHtmlCacheBehavior [ RunTime:0.000423s ]
INFO: [ app_begin ] --END-- [ RunTime:0.000480s ]
NOTIC: [8] A session had already been started - ignoring session_start() /web/weixin/App/Home/Controller/WechatController.class.php 第 7 行.
NOTIC: [8] Undefined index: HTTP_RAW_POST_DATA /web/weixin/App/Home/Controller/WechatController.class.php 第 66 行.

[ 2015-12-29T14:09:09+08:00 ] 192.168.2.43 /?signature=e91166675b8b37becd300c292b6bbe9825ac8e8c&timestamp=1451369348&nonce=2140422805
INFO: [ app_init ] --START--
INFO: Run Behavior\BuildLiteBehavior [ RunTime:0.000015s ]
INFO: [ app_init ] --END-- [ RunTime:0.000301s ]
INFO: [ app_begin ] --START--
INFO: Run Behavior\ReadHtmlCacheBehavior [ RunTime:0.000383s ]
INFO: [ app_begin ] --END-- [ RunTime:0.000433s ]
NOTIC: [8] A session had already been started - ignoring session_start() /web/weixin/App/Home/Controller/WechatController.class.php 第 7 行.
NOTIC: [8] file_get_contents(): Content-type not specified assuming application/x-www-form-urlencoded /web/weixin/App/Home/Controller/MenuController.class.php 第 198 行.
INFO: [ app_end ] --START--
INFO: Run Behavior\ShowPageTraceBehavior [ RunTime:0.000492s ]
INFO: [ app_end ] --END-- [ RunTime:0.000579s ]

[ 2015-12-29T14:09:18+08:00 ] 192.168.2.43 /?signature=01e78a6cd7162b1d90cff92e786197c951b581a5&timestamp=1451369353&nonce=1936970924
INFO: [ app_init ] --START--
INFO: Run Behavior\BuildLiteBehavior [ RunTime:0.000014s ]
INFO: [ app_init ] --END-- [ RunTime:0.000296s ]
INFO: [ app_begin ] --START--
INFO: Run Behavior\ReadHtmlCacheBehavior [ RunTime:0.000405s ]
INFO: [ app_begin ] --END-- [ RunTime:0.000455s ]
NOTIC: [8] A session had already been started - ignoring session_start() /web/weixin/App/Home/Controller/WechatController.class.php 第 7 行.
NOTIC: [2] file_get_contents(): php_network_getaddresses: getaddrinfo failed: No address associated with hostname /web/weixin/App/Home/Controller/MenuController.class.php 第 198 行.
NOTIC: [2] file_get_contents(https://api.weixin.qq.com/cgi-bin/menu/create?access_token=VnJLRO-EoM_8Khb1B2vX5BTiemxP3HS0_TU8oXjYTEcdy3aEeDf-k8Em8IYY98EzFccv3o5HK7qmUPxEq49vFITphrDY7RjV-3xOhYeP3CcPOJfAIAKJE): failed to open stream: php_network_getaddresses: getaddrinfo failed: No address associated with hostname /web/weixin/App/Home/Controller/MenuController.class.php 第 198 行.
INFO: [ app_end ] --START--
INFO: Run Behavior\ShowPageTraceBehavior [ RunTime:0.000519s ]
INFO: [ app_end ] --END-- [ RunTime:0.000600s ]

[ 2015-12-29T14:10:10+08:00 ] 192.168.2.43 /?signature=3648834289ae37be48c652f751c6a412cede8f72&timestamp=1451369404&nonce=474329106
INFO: [ app_init ] --START--
INFO: Run Behavior\BuildLiteBehavior [ RunTime:0.000014s ]
INFO: [ app_init ] --END-- [ RunTime:0.000314s ]
INFO: [ app_begin ] --START--
INFO: Run Behavior\ReadHtmlCacheBehavior [ RunTime:0.000399s ]
INFO: [ app_begin ] --END-- [ RunTime:0.000450s ]
NOTIC: [8] A session had already been started - ignoring session_start() /web/weixin/App/Home/Controller/WechatController.class.php 第 7 行.
NOTIC: [8] file_get_contents(): Content-type not specified assuming application/x-www-form-urlencoded /web/weixin/App/Home/Controller/MenuController.class.php 第 198 行.
INFO: [ app_end ] --START--
INFO: Run Behavior\ShowPageTraceBehavior [ RunTime:0.000462s ]
INFO: [ app_end ] --END-- [ RunTime:0.000522s ]

[ 2015-12-29T14:10:15+08:00 ] 192.168.2.43 /?signature=3648834289ae37be48c652f751c6a412cede8f72&timestamp=1451369404&nonce=474329106
INFO: [ app_init ] --START--
INFO: Run Behavior\BuildLiteBehavior [ RunTime:0.000014s ]
INFO: [ app_init ] --END-- [ RunTime:0.000318s ]
INFO: [ app_begin ] --START--
INFO: Run Behavior\ReadHtmlCacheBehavior [ RunTime:0.000410s ]
INFO: [ app_begin ] --END-- [ RunTime:0.000460s ]
NOTIC: [8] A session had already been started - ignoring session_start() /web/weixin/App/Home/Controller/WechatController.class.php 第 7 行.
NOTIC: [8] file_get_contents(): Content-type not specified assuming application/x-www-form-urlencoded /web/weixin/App/Home/Controller/MenuController.class.php 第 198 行.
INFO: [ app_end ] --START--
INFO: Run Behavior\ShowPageTraceBehavior [ RunTime:0.000523s ]
INFO: [ app_end ] --END-- [ RunTime:0.000594s ]

[ 2015-12-29T14:10:41+08:00 ] 180.153.127.23 /
INFO: [ app_init ] --START--
INFO: Run Behavior\BuildLiteBehavior [ RunTime:0.000014s ]
INFO: [ app_init ] --END-- [ RunTime:0.000330s ]
INFO: [ app_begin ] --START--
INFO: Run Behavior\ReadHtmlCacheBehavior [ RunTime:0.000429s ]
INFO: [ app_begin ] --END-- [ RunTime:0.000479s ]
NOTIC: [8] A session had already been started - ignoring session_start() /web/weixin/App/Home/Controller/WechatController.class.php 第 7 行.
NOTIC: [8] Undefined index: HTTP_RAW_POST_DATA /web/weixin/App/Home/Controller/WechatController.class.php 第 66 行.

[ 2015-12-29T14:10:41+08:00 ] 180.153.127.23 /
INFO: [ app_init ] --START--
INFO: Run Behavior\BuildLiteBehavior [ RunTime:0.000012s ]
INFO: [ app_init ] --END-- [ RunTime:0.000297s ]
INFO: [ app_begin ] --START--
INFO: Run Behavior\ReadHtmlCacheBehavior [ RunTime:0.000437s ]
INFO: [ app_begin ] --END-- [ RunTime:0.000486s ]
NOTIC: [8] A session had already been started - ignoring session_start() /web/weixin/App/Home/Controller/WechatController.class.php 第 7 行.
NOTIC: [8] Undefined index: HTTP_RAW_POST_DATA /web/weixin/App/Home/Controller/WechatController.class.php 第 66 行.

[ 2015-12-29T14:12:55+08:00 ] 192.168.2.43 /?signature=099739def5dee78f99d155f8e42eab4517102214&timestamp=1451369569&nonce=1039028970
INFO: [ app_init ] --START--
INFO: Run Behavior\BuildLiteBehavior [ RunTime:0.000014s ]
INFO: [ app_init ] --END-- [ RunTime:0.000292s ]
INFO: [ app_begin ] --START--
INFO: Run Behavior\ReadHtmlCacheBehavior [ RunTime:0.000404s ]
INFO: [ app_begin ] --END-- [ RunTime:0.000455s ]
NOTIC: [8] A session had already been started - ignoring session_start() /web/weixin/App/Home/Controller/WechatController.class.php 第 7 行.
NOTIC: [8] file_get_contents(): Content-type not specified assuming application/x-www-form-urlencoded /web/weixin/App/Home/Controller/MenuController.class.php 第 198 行.
INFO: [ app_end ] --START--
INFO: Run Behavior\ShowPageTraceBehavior [ RunTime:0.000453s ]
INFO: [ app_end ] --END-- [ RunTime:0.000514s ]

[ 2015-12-29T14:12:56+08:00 ] 192.168.2.43 /?signature=099739def5dee78f99d155f8e42eab4517102214&timestamp=1451369569&nonce=1039028970
INFO: [ app_init ] --START--
INFO: Run Behavior\BuildLiteBehavior [ RunTime:0.000014s ]
INFO: [ app_init ] --END-- [ RunTime:0.000317s ]
INFO: [ app_begin ] --START--
INFO: Run Behavior\ReadHtmlCacheBehavior [ RunTime:0.000387s ]
INFO: [ app_begin ] --END-- [ RunTime:0.000439s ]
NOTIC: [8] A session had already been started - ignoring session_start() /web/weixin/App/Home/Controller/WechatController.class.php 第 7 行.
NOTIC: [8] file_get_contents(): Content-type not specified assuming application/x-www-form-urlencoded /web/weixin/App/Home/Controller/MenuController.class.php 第 198 行.
INFO: [ app_end ] --START--
INFO: Run Behavior\ShowPageTraceBehavior [ RunTime:0.000493s ]
INFO: [ app_end ] --END-- [ RunTime:0.000558s ]

[ 2015-12-29T14:16:58+08:00 ] 192.168.2.43 /?signature=f483a06144f79ec54f6c09917f77e546c5f52386&timestamp=1451369816&nonce=2136203584
INFO: [ app_init ] --START--
INFO: Run Behavior\BuildLiteBehavior [ RunTime:0.000014s ]
INFO: [ app_init ] --END-- [ RunTime:0.000302s ]
INFO: [ app_begin ] --START--
INFO: Run Behavior\ReadHtmlCacheBehavior [ RunTime:0.000386s ]
INFO: [ app_begin ] --END-- [ RunTime:0.000436s ]
NOTIC: [8] A session had already been started - ignoring session_start() /web/weixin/App/Home/Controller/WechatController.class.php 第 7 行.
NOTIC: [8] file_get_contents(): Content-type not specified assuming application/x-www-form-urlencoded /web/weixin/App/Home/Controller/MenuController.class.php 第 198 行.
INFO: [ app_end ] --START--
INFO: Run Behavior\ShowPageTraceBehavior [ RunTime:0.000484s ]
INFO: [ app_end ] --END-- [ RunTime:0.000549s ]

[ 2015-12-29T15:26:36+08:00 ] 192.168.2.43 /?signature=27c100893b5c11a6b71c285d631fb1798f61bd62&timestamp=1451373995&nonce=2058242872
INFO: [ app_init ] --START--
INFO: Run Behavior\BuildLiteBehavior [ RunTime:0.000014s ]
INFO: [ app_init ] --END-- [ RunTime:0.000340s ]
INFO: [ app_begin ] --START--
INFO: Run Behavior\ReadHtmlCacheBehavior [ RunTime:0.000416s ]
INFO: [ app_begin ] --END-- [ RunTime:0.000466s ]
NOTIC: [8] A session had already been started - ignoring session_start() /web/weixin/App/Home/Controller/WechatController.class.php 第 7 行.
NOTIC: [8] file_get_contents(): Content-type not specified assuming application/x-www-form-urlencoded /web/weixin/App/Home/Controller/MenuController.class.php 第 198 行.
INFO: [ app_end ] --START--
INFO: Run Behavior\ShowPageTraceBehavior [ RunTime:0.000498s ]
INFO: [ app_end ] --END-- [ RunTime:0.000562s ]

[ 2015-12-29T16:58:27+08:00 ] 103.41.53.252 /
INFO: [ app_init ] --START--
INFO: Run Behavior\BuildLiteBehavior [ RunTime:0.000014s ]
INFO: [ app_init ] --END-- [ RunTime:0.000300s ]
INFO: [ app_begin ] --START--
INFO: Run Behavior\ReadHtmlCacheBehavior [ RunTime:0.000383s ]
INFO: [ app_begin ] --END-- [ RunTime:0.000432s ]
NOTIC: [8] A session had already been started - ignoring session_start() /web/weixin/App/Home/Controller/WechatController.class.php 第 7 行.
NOTIC: [8] Undefined index: HTTP_RAW_POST_DATA /web/weixin/App/Home/Controller/WechatController.class.php 第 66 行.

[ 2015-12-29T19:15:11+08:00 ] 139.196.13.106 /
INFO: [ app_init ] --START--
INFO: Run Behavior\BuildLiteBehavior [ RunTime:0.000014s ]
INFO: [ app_init ] --END-- [ RunTime:0.000302s ]
INFO: [ app_begin ] --START--
INFO: Run Behavior\ReadHtmlCacheBehavior [ RunTime:0.000401s ]
INFO: [ app_begin ] --END-- [ RunTime:0.000450s ]
NOTIC: [8] A session had already been started - ignoring session_start() /web/weixin/App/Home/Controller/WechatController.class.php 第 7 行.
NOTIC: [8] Undefined index: HTTP_RAW_POST_DATA /web/weixin/App/Home/Controller/WechatController.class.php 第 66 行.

[ 2015-12-29T19:24:03+08:00 ] 121.42.0.14 /
INFO: [ app_init ] --START--
INFO: Run Behavior\BuildLiteBehavior [ RunTime:0.000014s ]
INFO: [ app_init ] --END-- [ RunTime:0.000323s ]
INFO: [ app_begin ] --START--
INFO: Run Behavior\ReadHtmlCacheBehavior [ RunTime:0.000426s ]
INFO: [ app_begin ] --END-- [ RunTime:0.000474s ]
NOTIC: [8] A session had already been started - ignoring session_start() /web/weixin/App/Home/Controller/WechatController.class.php 第 7 行.
NOTIC: [8] Undefined index: HTTP_RAW_POST_DATA /web/weixin/App/Home/Controller/WechatController.class.php 第 66 行.

[ 2015-12-29T20:38:44+08:00 ] 192.168.2.43 /?signature=4cfe1c56e2f8cc2b5d725d331e02ab76afe24a0e&timestamp=1451392721&nonce=1919425417
INFO: [ app_init ] --START--
INFO: Run Behavior\BuildLiteBehavior [ RunTime:0.000014s ]
INFO: [ app_init ] --END-- [ RunTime:0.000303s ]
INFO: [ app_begin ] --START--
INFO: Run Behavior\ReadHtmlCacheBehavior [ RunTime:0.000384s ]
INFO: [ app_begin ] --END-- [ RunTime:0.000456s ]
NOTIC: [8] A session had already been started - ignoring session_start() /web/weixin/App/Home/Controller/WechatController.class.php 第 7 行.
NOTIC: [8] file_get_contents(): Content-type not specified assuming application/x-www-form-urlencoded /web/weixin/App/Home/Controller/MenuController.class.php 第 198 行.
INFO: [ app_end ] --START--
INFO: Run Behavior\ShowPageTraceBehavior [ RunTime:0.000462s ]
INFO: [ app_end ] --END-- [ RunTime:0.000526s ]

[ 2015-12-29T20:39:25+08:00 ] 192.168.2.43 /?signature=2ddc7c2c327786c5c1f4c181aaf371e314358c57&timestamp=1451392764&nonce=1806379817
INFO: [ app_init ] --START--
INFO: Run Behavior\BuildLiteBehavior [ RunTime:0.000014s ]
INFO: [ app_init ] --END-- [ RunTime:0.000314s ]
INFO: [ app_begin ] --START--
INFO: Run Behavior\ReadHtmlCacheBehavior [ RunTime:0.000413s ]
INFO: [ app_begin ] --END-- [ RunTime:0.000462s ]
NOTIC: [8] A session had already been started - ignoring session_start() /web/weixin/App/Home/Controller/WechatController.class.php 第 7 行.

[ 2015-12-29T21:15:57+08:00 ] 112.187.198.169 /
INFO: [ app_init ] --START--
INFO: Run Behavior\BuildLiteBehavior [ RunTime:0.000014s ]
INFO: [ app_init ] --END-- [ RunTime:0.000314s ]
INFO: [ app_begin ] --START--
INFO: Run Behavior\ReadHtmlCacheBehavior [ RunTime:0.000519s ]
INFO: [ app_begin ] --END-- [ RunTime:0.000570s ]
NOTIC: [8] A session had already been started - ignoring session_start() /web/weixin/App/Home/Controller/WechatController.class.php 第 7 行.
NOTIC: [8] Undefined index: HTTP_RAW_POST_DATA /web/weixin/App/Home/Controller/WechatController.class.php 第 66 行.

[ 2015-12-29T21:39:11+08:00 ] 222.186.3.172 /
INFO: [ app_init ] --START--
INFO: Run Behavior\BuildLiteBehavior [ RunTime:0.000016s ]
INFO: [ app_init ] --END-- [ RunTime:0.000351s ]
INFO: [ app_begin ] --START--
INFO: Run Behavior\ReadHtmlCacheBehavior [ RunTime:0.000446s ]
INFO: [ app_begin ] --END-- [ RunTime:0.000537s ]
NOTIC: [8] A session had already been started - ignoring session_start() /web/weixin/App/Home/Controller/WechatController.class.php 第 7 行.
NOTIC: [8] Undefined index: HTTP_RAW_POST_DATA /web/weixin/App/Home/Controller/WechatController.class.php 第 66 行.

[ 2015-12-29T22:00:21+08:00 ] 222.186.3.172 /
INFO: [ app_init ] --START--
INFO: Run Behavior\BuildLiteBehavior [ RunTime:0.000014s ]
INFO: [ app_init ] --END-- [ RunTime:0.000301s ]
INFO: [ app_begin ] --START--
INFO: Run Behavior\ReadHtmlCacheBehavior [ RunTime:0.000403s ]
INFO: [ app_begin ] --END-- [ RunTime:0.000451s ]
NOTIC: [8] A session had already been started - ignoring session_start() /web/weixin/App/Home/Controller/WechatController.class.php 第 7 行.
NOTIC: [8] Undefined index: HTTP_RAW_POST_DATA /web/weixin/App/Home/Controller/WechatController.class.php 第 66 行.

