[ 2015-12-30T01:29:47+08:00 ] 104.219.238.10 /
INFO: [ app_init ] --START--
INFO: Run Behavior\BuildLiteBehavior [ RunTime:0.000015s ]
INFO: [ app_init ] --END-- [ RunTime:0.000311s ]
INFO: [ app_begin ] --START--
INFO: Run Behavior\ReadHtmlCacheBehavior [ RunTime:0.000408s ]
INFO: [ app_begin ] --END-- [ RunTime:0.000459s ]
NOTIC: [8] A session had already been started - ignoring session_start() /web/weixin/App/Home/Controller/WechatController.class.php 第 7 行.
NOTIC: [8] Undefined index: HTTP_RAW_POST_DATA /web/weixin/App/Home/Controller/WechatController.class.php 第 66 行.

[ 2015-12-30T05:11:44+08:00 ] 151.217.31.82 /
INFO: [ app_init ] --START--
INFO: Run Behavior\BuildLiteBehavior [ RunTime:0.000015s ]
INFO: [ app_init ] --END-- [ RunTime:0.000313s ]
INFO: [ app_begin ] --START--
INFO: Run Behavior\ReadHtmlCacheBehavior [ RunTime:0.000397s ]
INFO: [ app_begin ] --END-- [ RunTime:0.000447s ]
NOTIC: [8] A session had already been started - ignoring session_start() /web/weixin/App/Home/Controller/WechatController.class.php 第 7 行.
NOTIC: [8] Undefined index: HTTP_RAW_POST_DATA /web/weixin/App/Home/Controller/WechatController.class.php 第 66 行.

[ 2015-12-30T07:51:22+08:00 ] 23.29.136.96 /
INFO: [ app_init ] --START--
INFO: Run Behavior\BuildLiteBehavior [ RunTime:0.000014s ]
INFO: [ app_init ] --END-- [ RunTime:0.000340s ]
INFO: [ app_begin ] --START--
INFO: Run Behavior\ReadHtmlCacheBehavior [ RunTime:0.000385s ]
INFO: [ app_begin ] --END-- [ RunTime:0.000434s ]
NOTIC: [8] A session had already been started - ignoring session_start() /web/weixin/App/Home/Controller/WechatController.class.php 第 7 行.
NOTIC: [8] Undefined index: HTTP_RAW_POST_DATA /web/weixin/App/Home/Controller/WechatController.class.php 第 66 行.

[ 2015-12-30T08:14:41+08:00 ] 111.85.191.131 /
INFO: [ app_init ] --START--
INFO: Run Behavior\BuildLiteBehavior [ RunTime:0.000014s ]
INFO: [ app_init ] --END-- [ RunTime:0.000301s ]
INFO: [ app_begin ] --START--
INFO: Run Behavior\ReadHtmlCacheBehavior [ RunTime:0.000407s ]
INFO: [ app_begin ] --END-- [ RunTime:0.000457s ]
NOTIC: [8] A session had already been started - ignoring session_start() /web/weixin/App/Home/Controller/WechatController.class.php 第 7 行.
NOTIC: [8] Undefined index: HTTP_RAW_POST_DATA /web/weixin/App/Home/Controller/WechatController.class.php 第 66 行.

[ 2015-12-30T09:11:44+08:00 ] 103.41.53.252 /
INFO: [ app_init ] --START--
INFO: Run Behavior\BuildLiteBehavior [ RunTime:0.000014s ]
INFO: [ app_init ] --END-- [ RunTime:0.000321s ]
INFO: [ app_begin ] --START--
INFO: Run Behavior\ReadHtmlCacheBehavior [ RunTime:0.000413s ]
INFO: [ app_begin ] --END-- [ RunTime:0.000462s ]
NOTIC: [8] A session had already been started - ignoring session_start() /web/weixin/App/Home/Controller/WechatController.class.php 第 7 行.
NOTIC: [8] Undefined index: HTTP_RAW_POST_DATA /web/weixin/App/Home/Controller/WechatController.class.php 第 66 行.

[ 2015-12-30T11:50:50+08:00 ] 103.41.53.253 /
INFO: [ app_init ] --START--
INFO: Run Behavior\BuildLiteBehavior [ RunTime:0.000014s ]
INFO: [ app_init ] --END-- [ RunTime:0.000312s ]
INFO: [ app_begin ] --START--
INFO: Run Behavior\ReadHtmlCacheBehavior [ RunTime:0.000404s ]
INFO: [ app_begin ] --END-- [ RunTime:0.000453s ]
NOTIC: [8] A session had already been started - ignoring session_start() /web/weixin/App/Home/Controller/WechatController.class.php 第 7 行.
NOTIC: [8] Undefined index: HTTP_RAW_POST_DATA /web/weixin/App/Home/Controller/WechatController.class.php 第 66 行.

[ 2015-12-30T11:52:52+08:00 ] 120.24.251.13 /
INFO: [ app_init ] --START--
INFO: Run Behavior\BuildLiteBehavior [ RunTime:0.000014s ]
INFO: [ app_init ] --END-- [ RunTime:0.000319s ]
INFO: [ app_begin ] --START--
INFO: Run Behavior\ReadHtmlCacheBehavior [ RunTime:0.000380s ]
INFO: [ app_begin ] --END-- [ RunTime:0.000429s ]
NOTIC: [8] A session had already been started - ignoring session_start() /web/weixin/App/Home/Controller/WechatController.class.php 第 7 行.
NOTIC: [8] Undefined index: HTTP_RAW_POST_DATA /web/weixin/App/Home/Controller/WechatController.class.php 第 66 行.

[ 2015-12-30T13:20:38+08:00 ] 23.251.63.45 /
INFO: [ app_init ] --START--
INFO: Run Behavior\BuildLiteBehavior [ RunTime:0.000015s ]
INFO: [ app_init ] --END-- [ RunTime:0.000321s ]
INFO: [ app_begin ] --START--
INFO: Run Behavior\ReadHtmlCacheBehavior [ RunTime:0.000390s ]
INFO: [ app_begin ] --END-- [ RunTime:0.000461s ]
NOTIC: [8] A session had already been started - ignoring session_start() /web/weixin/App/Home/Controller/WechatController.class.php 第 7 行.
NOTIC: [8] Undefined index: HTTP_RAW_POST_DATA /web/weixin/App/Home/Controller/WechatController.class.php 第 66 行.

[ 2015-12-30T15:42:28+08:00 ] 46.172.71.251 /
INFO: [ app_init ] --START--
INFO: Run Behavior\BuildLiteBehavior [ RunTime:0.000015s ]
INFO: [ app_init ] --END-- [ RunTime:0.000317s ]
INFO: [ app_begin ] --START--
INFO: Run Behavior\ReadHtmlCacheBehavior [ RunTime:0.000407s ]
INFO: [ app_begin ] --END-- [ RunTime:0.000455s ]
NOTIC: [8] A session had already been started - ignoring session_start() /web/weixin/App/Home/Controller/WechatController.class.php 第 7 行.
NOTIC: [8] Undefined index: HTTP_RAW_POST_DATA /web/weixin/App/Home/Controller/WechatController.class.php 第 66 行.

[ 2015-12-30T16:16:44+08:00 ] 192.168.2.43 /?signature=76e80c7f9226fb6bdbf0094626d204a3e5a534f8&timestamp=1451463402&nonce=583706805
INFO: [ app_init ] --START--
INFO: Run Behavior\BuildLiteBehavior [ RunTime:0.000014s ]
INFO: [ app_init ] --END-- [ RunTime:0.000312s ]
INFO: [ app_begin ] --START--
INFO: Run Behavior\ReadHtmlCacheBehavior [ RunTime:0.000458s ]
INFO: [ app_begin ] --END-- [ RunTime:0.000531s ]
NOTIC: [8] A session had already been started - ignoring session_start() /web/weixin/App/Home/Controller/WechatController.class.php 第 7 行.
NOTIC: [8] file_get_contents(): Content-type not specified assuming application/x-www-form-urlencoded /web/weixin/App/Home/Controller/MenuController.class.php 第 198 行.
INFO: [ app_end ] --START--
INFO: Run Behavior\ShowPageTraceBehavior [ RunTime:0.000510s ]
INFO: [ app_end ] --END-- [ RunTime:0.000583s ]

[ 2015-12-30T17:37:32+08:00 ] 121.42.0.16 /
INFO: [ app_init ] --START--
INFO: Run Behavior\BuildLiteBehavior [ RunTime:0.000015s ]
INFO: [ app_init ] --END-- [ RunTime:0.000334s ]
INFO: [ app_begin ] --START--
INFO: Run Behavior\ReadHtmlCacheBehavior [ RunTime:0.000420s ]
INFO: [ app_begin ] --END-- [ RunTime:0.000470s ]
NOTIC: [8] A session had already been started - ignoring session_start() /web/weixin/App/Home/Controller/WechatController.class.php 第 7 行.
NOTIC: [8] Undefined index: HTTP_RAW_POST_DATA /web/weixin/App/Home/Controller/WechatController.class.php 第 66 行.

[ 2015-12-30T18:27:21+08:00 ] 222.186.30.225 /
INFO: [ app_init ] --START--
INFO: Run Behavior\BuildLiteBehavior [ RunTime:0.000014s ]
INFO: [ app_init ] --END-- [ RunTime:0.000322s ]
INFO: [ app_begin ] --START--
INFO: Run Behavior\ReadHtmlCacheBehavior [ RunTime:0.000405s ]
INFO: [ app_begin ] --END-- [ RunTime:0.000477s ]
NOTIC: [8] A session had already been started - ignoring session_start() /web/weixin/App/Home/Controller/WechatController.class.php 第 7 行.
NOTIC: [8] Undefined index: HTTP_RAW_POST_DATA /web/weixin/App/Home/Controller/WechatController.class.php 第 66 行.

[ 2015-12-30T22:27:21+08:00 ] 222.186.30.209 /
INFO: [ app_init ] --START--
INFO: Run Behavior\BuildLiteBehavior [ RunTime:0.000014s ]
INFO: [ app_init ] --END-- [ RunTime:0.000310s ]
INFO: [ app_begin ] --START--
INFO: Run Behavior\ReadHtmlCacheBehavior [ RunTime:0.000418s ]
INFO: [ app_begin ] --END-- [ RunTime:0.000466s ]
NOTIC: [8] A session had already been started - ignoring session_start() /web/weixin/App/Home/Controller/WechatController.class.php 第 7 行.
NOTIC: [8] Undefined index: HTTP_RAW_POST_DATA /web/weixin/App/Home/Controller/WechatController.class.php 第 66 行.

[ 2015-12-30T22:41:12+08:00 ] 103.41.52.91 /
INFO: [ app_init ] --START--
INFO: Run Behavior\BuildLiteBehavior [ RunTime:0.000015s ]
INFO: [ app_init ] --END-- [ RunTime:0.000324s ]
INFO: [ app_begin ] --START--
INFO: Run Behavior\ReadHtmlCacheBehavior [ RunTime:0.000416s ]
INFO: [ app_begin ] --END-- [ RunTime:0.000465s ]
NOTIC: [8] A session had already been started - ignoring session_start() /web/weixin/App/Home/Controller/WechatController.class.php 第 7 行.
NOTIC: [8] Undefined index: HTTP_RAW_POST_DATA /web/weixin/App/Home/Controller/WechatController.class.php 第 66 行.

