[ 2015-12-20T01:27:05+08:00 ] 192.168.2.43 //index.php?m=admin&c=index&a=login&pc_hash=
INFO: [ app_init ] --START--
INFO: Run Behavior\BuildLiteBehavior [ RunTime:0.000014s ]
INFO: [ app_init ] --END-- [ RunTime:0.000311s ]
INFO: [ app_begin ] --START--
INFO: Run Behavior\ReadHtmlCacheBehavior [ RunTime:0.000403s ]
INFO: [ app_begin ] --END-- [ RunTime:0.000464s ]
ERR: 非法操作:login

[ 2015-12-20T01:27:28+08:00 ] 192.168.2.43 //admin/cpstyle.css
INFO: [ app_init ] --START--
INFO: Run Behavior\BuildLiteBehavior [ RunTime:0.000012s ]
INFO: [ app_init ] --END-- [ RunTime:0.000294s ]
INFO: [ app_begin ] --START--
INFO: Run Behavior\ReadHtmlCacheBehavior [ RunTime:0.000415s ]
INFO: [ app_begin ] --END-- [ RunTime:0.000463s ]
ERR: 无法加载控制器:Cpstyle.css

[ 2015-12-20T01:27:52+08:00 ] 192.168.2.43 //admin/editor/editor/dialog/fck_about.html
INFO: [ app_init ] --START--
INFO: Run Behavior\BuildLiteBehavior [ RunTime:0.000014s ]
INFO: [ app_init ] --END-- [ RunTime:0.000299s ]
INFO: [ app_begin ] --START--
INFO: Run Behavior\ReadHtmlCacheBehavior [ RunTime:0.000391s ]
INFO: [ app_begin ] --END-- [ RunTime:0.000453s ]
ERR: 无法加载控制器:Editor

[ 2015-12-20T01:27:53+08:00 ] 192.168.2.43 //admin/default.aspx
INFO: [ app_init ] --START--
INFO: Run Behavior\BuildLiteBehavior [ RunTime:0.000013s ]
INFO: [ app_init ] --END-- [ RunTime:0.000282s ]
INFO: [ app_begin ] --START--
INFO: Run Behavior\ReadHtmlCacheBehavior [ RunTime:0.000407s ]
INFO: [ app_begin ] --END-- [ RunTime:0.000455s ]
ERR: 无法加载控制器:Default.aspx

[ 2015-12-20T01:28:02+08:00 ] 192.168.2.43 ///admin/
INFO: [ app_init ] --START--
INFO: Run Behavior\BuildLiteBehavior [ RunTime:0.000014s ]
INFO: [ app_init ] --END-- [ RunTime:0.000331s ]
INFO: [ app_begin ] --START--
INFO: Run Behavior\ReadHtmlCacheBehavior [ RunTime:0.000432s ]
INFO: [ app_begin ] --END-- [ RunTime:0.000481s ]
NOTIC: [8] Undefined index: admin_user /web/weixin/App/Common/Common/function.php 第 68 行.
SQL: SHOW COLUMNS FROM `w_option` [ RunTime:0.0007s ]
SQL: SELECT `meta_value` FROM `w_option` WHERE ( meta_key='site_name' AND type='public' ) LIMIT 1   [ RunTime:0.0001s ]
SQL: SELECT `meta_value` FROM `w_option` WHERE ( meta_key='site_url' ) LIMIT 1   [ RunTime:0.0001s ]
SQL: SELECT `meta_value` FROM `w_option` WHERE ( meta_key='site_url' ) LIMIT 1   [ RunTime:0.0001s ]
SQL: SELECT `meta_value` FROM `w_option` WHERE ( meta_key='site_url' ) LIMIT 1   [ RunTime:0.0001s ]
SQL: SELECT `meta_value` FROM `w_option` WHERE ( meta_key='site_url' ) LIMIT 1   [ RunTime:0.0001s ]
SQL: SELECT `meta_value` FROM `w_option` WHERE ( meta_key='site_url' ) LIMIT 1   [ RunTime:0.0001s ]
SQL: SELECT `meta_value` FROM `w_option` WHERE ( meta_key='site_url' ) LIMIT 1   [ RunTime:0.0001s ]
NOTIC: [2] fopen(access_token.json): failed to open stream: Permission denied /web/weixin/App/JSSDK/Controller/IndexController.class.php 第 88 行.
NOTIC: [2] fwrite() expects parameter 1 to be resource, boolean given /web/weixin/App/JSSDK/Controller/IndexController.class.php 第 89 行.
NOTIC: [2] fclose() expects parameter 1 to be resource, boolean given /web/weixin/App/JSSDK/Controller/IndexController.class.php 第 90 行.
NOTIC: [2] fopen(jsapi_ticket.json): failed to open stream: Permission denied /web/weixin/App/JSSDK/Controller/IndexController.class.php 第 65 行.
NOTIC: [2] fwrite() expects parameter 1 to be resource, boolean given /web/weixin/App/JSSDK/Controller/IndexController.class.php 第 66 行.
NOTIC: [2] fclose() expects parameter 1 to be resource, boolean given /web/weixin/App/JSSDK/Controller/IndexController.class.php 第 67 行.
INFO: [ view_filter ] --START--
INFO: Run Behavior\WriteHtmlCacheBehavior [ RunTime:0.000853s ]
INFO: [ view_filter ] --END-- [ RunTime:0.000928s ]
INFO: [ view_filter ] --START--
INFO: Run Behavior\WriteHtmlCacheBehavior [ RunTime:0.000017s ]
INFO: [ view_filter ] --END-- [ RunTime:-0.513745s ]
INFO: [ view_filter ] --START--
INFO: Run Behavior\WriteHtmlCacheBehavior [ RunTime:0.000009s ]
INFO: [ view_filter ] --END-- [ RunTime:-0.513877s ]
INFO: [ app_end ] --START--
INFO: Run Behavior\ShowPageTraceBehavior [ RunTime:0.000520s ]
INFO: [ app_end ] --END-- [ RunTime:0.000568s ]

