[ 2015-04-30T15:34:06+08:00 ] 121.42.0.15 /?s=..%2F..%2F..%2F..%2F..%2F..%2F..%2F..%2Fetc%2Fpasswd%00.jpg
INFO: [ app_init ] --START--
INFO: Run Behavior\BuildLiteBehavior [ RunTime:0.000014s ]
INFO: [ app_init ] --END-- [ RunTime:0.000334s ]

[ 2015-04-30T15:34:23+08:00 ] 121.42.0.15 /?s=..%2F..%2F..%2F..%2F..%2F..%2F..%2F..%2Fwindows%2Fwin.ini
INFO: [ app_init ] --START--
INFO: Run Behavior\BuildLiteBehavior [ RunTime:0.000018s ]
INFO: [ app_init ] --END-- [ RunTime:0.000326s ]
INFO: [ app_begin ] --START--
INFO: Run Behavior\ReadHtmlCacheBehavior [ RunTime:0.000543s ]
INFO: [ app_begin ] --END-- [ RunTime:0.000637s ]
ERR: 无法加载控制器:..

[ 2015-04-30T15:34:31+08:00 ] 121.42.0.15 /?s=..%2F..%2F..%2F..%2F..%2F..%2F..%2F..%2Fwindows%2Fwin.ini%00.jpg
INFO: [ app_init ] --START--
INFO: Run Behavior\BuildLiteBehavior [ RunTime:0.000014s ]
INFO: [ app_init ] --END-- [ RunTime:0.000264s ]

[ 2015-04-30T15:43:01+08:00 ] 121.42.0.15 /index.php?s=..%2F..%2F..%2F..%2F..%2F..%2F..%2F..%2Fetc%2Fpasswd%00.jpg
INFO: [ app_init ] --START--
INFO: Run Behavior\BuildLiteBehavior [ RunTime:0.000015s ]
INFO: [ app_init ] --END-- [ RunTime:0.000290s ]

[ 2015-04-30T15:43:05+08:00 ] 121.42.0.15 /index.php?s=..%2F..%2F..%2F..%2F..%2F..%2F..%2F..%2Fwindows%2Fwin.ini
INFO: [ app_init ] --START--
INFO: Run Behavior\BuildLiteBehavior [ RunTime:0.000015s ]
INFO: [ app_init ] --END-- [ RunTime:0.000472s ]
INFO: [ app_begin ] --START--
INFO: Run Behavior\ReadHtmlCacheBehavior [ RunTime:0.000328s ]
INFO: [ app_begin ] --END-- [ RunTime:0.000384s ]
ERR: 无法加载控制器:..

[ 2015-04-30T15:43:06+08:00 ] 121.42.0.15 /index.php?s=..%2F..%2F..%2F..%2F..%2F..%2F..%2F..%2Fwindows%2Fwin.ini%00.jpg
INFO: [ app_init ] --START--
INFO: Run Behavior\BuildLiteBehavior [ RunTime:0.000015s ]
INFO: [ app_init ] --END-- [ RunTime:0.000278s ]

