[ 2015-02-12T09:13:29+08:00 ] 116.204.86.108 /favicon.ico
INFO: [ app_init ] --START--
INFO: Run Behavior\BuildLiteBehavior [ RunTime:0.000019s ]
INFO: [ app_init ] --END-- [ RunTime:0.000285s ]
ERR: 无法加载模块:Favicon

[ 2015-02-12T11:02:58+08:00 ] 116.204.86.108 /favicon.ico
INFO: [ app_init ] --START--
INFO: Run Behavior\BuildLiteBehavior [ RunTime:0.000019s ]
INFO: [ app_init ] --END-- [ RunTime:0.000291s ]
ERR: 无法加载模块:Favicon

[ 2015-02-12T11:03:19+08:00 ] 116.204.86.108 /favicon.ico
INFO: [ app_init ] --START--
INFO: Run Behavior\BuildLiteBehavior [ RunTime:0.000018s ]
INFO: [ app_init ] --END-- [ RunTime:0.000295s ]
ERR: 无法加载模块:Favicon

[ 2015-02-12T11:05:05+08:00 ] 116.204.86.108 /favicon.ico
INFO: [ app_init ] --START--
INFO: Run Behavior\BuildLiteBehavior [ RunTime:0.000017s ]
INFO: [ app_init ] --END-- [ RunTime:0.000324s ]
ERR: 无法加载模块:Favicon

[ 2015-02-12T11:15:04+08:00 ] 116.204.86.108 /upload/wine/IMG_1287.JPG
INFO: [ app_init ] --START--
INFO: Run Behavior\BuildLiteBehavior [ RunTime:0.000015s ]
INFO: [ app_init ] --END-- [ RunTime:0.000281s ]
ERR: 无法加载模块:Upload

[ 2015-02-12T11:15:04+08:00 ] 116.204.86.108 /upload/wine/IMG_1286.JPG
INFO: [ app_init ] --START--
INFO: Run Behavior\BuildLiteBehavior [ RunTime:0.000018s ]
INFO: [ app_init ] --END-- [ RunTime:0.000285s ]
ERR: 无法加载模块:Upload

[ 2015-02-12T11:15:04+08:00 ] 116.204.86.108 /upload/wine/IMG_1288.JPG
INFO: [ app_init ] --START--
INFO: Run Behavior\BuildLiteBehavior [ RunTime:0.000014s ]
INFO: [ app_init ] --END-- [ RunTime:0.000262s ]
ERR: 无法加载模块:Upload

[ 2015-02-12T11:15:04+08:00 ] 116.204.86.108 /upload/wine/IMG_1284.JPG
INFO: [ app_init ] --START--
INFO: Run Behavior\BuildLiteBehavior [ RunTime:0.000016s ]
INFO: [ app_init ] --END-- [ RunTime:0.000347s ]
ERR: 无法加载模块:Upload

[ 2015-02-12T11:15:04+08:00 ] 116.204.86.108 /upload/wine/IMG_1285.JPG
INFO: [ app_init ] --START--
INFO: Run Behavior\BuildLiteBehavior [ RunTime:0.000016s ]
INFO: [ app_init ] --END-- [ RunTime:0.000276s ]
ERR: 无法加载模块:Upload

[ 2015-02-12T11:15:08+08:00 ] 116.204.86.108 /upload/%E6%B4%BB%E5%8A%A8%E7%8E%B0%E5%9C%BA-%E8%80%81%E6%9D%BF%E5%A8%98-%E8%80%81%E6%9D%BF%E5%A8%982/IMG_3033.JPG
INFO: [ app_init ] --START--
INFO: Run Behavior\BuildLiteBehavior [ RunTime:0.000016s ]
INFO: [ app_init ] --END-- [ RunTime:0.000276s ]
ERR: 无法加载模块:Upload

[ 2015-02-12T11:15:08+08:00 ] 116.204.86.108 /upload/%E6%B4%BB%E5%8A%A8%E7%8E%B0%E5%9C%BA-%E8%80%81%E6%9D%BF%E5%A8%98-%E8%80%81%E6%9D%BF%E5%A8%982/IMG_3034.JPG
INFO: [ app_init ] --START--
INFO: Run Behavior\BuildLiteBehavior [ RunTime:0.000018s ]
INFO: [ app_init ] --END-- [ RunTime:0.000298s ]
ERR: 无法加载模块:Upload

[ 2015-02-12T11:15:08+08:00 ] 116.204.86.108 /upload/%E5%B0%8F%E8%AE%B8-%E6%9E%97%E9%9D%92/Screenshot%20from%202015-02-04%2014:07:19.png
INFO: [ app_init ] --START--
INFO: Run Behavior\BuildLiteBehavior [ RunTime:0.000016s ]
INFO: [ app_init ] --END-- [ RunTime:0.000295s ]
ERR: 无法加载模块:Upload

[ 2015-02-12T11:15:08+08:00 ] 116.204.86.108 /upload/%E6%B4%BB%E5%8A%A8%E7%8E%B0%E5%9C%BA-%E8%80%81%E6%9D%BF%E5%A8%98-%E8%80%81%E6%9D%BF%E5%A8%982/IMG_3035.JPG
INFO: [ app_init ] --START--
INFO: Run Behavior\BuildLiteBehavior [ RunTime:0.000021s ]
INFO: [ app_init ] --END-- [ RunTime:0.000302s ]
ERR: 无法加载模块:Upload

[ 2015-02-12T11:15:08+08:00 ] 116.204.86.108 /upload/%E5%B0%8F%E8%AE%B8-%E6%9E%97%E9%9D%92/123.png
INFO: [ app_init ] --START--
INFO: Run Behavior\BuildLiteBehavior [ RunTime:0.000016s ]
INFO: [ app_init ] --END-- [ RunTime:0.000306s ]
ERR: 无法加载模块:Upload

[ 2015-02-12T15:37:10+08:00 ] 116.204.86.108 /favicon.ico
INFO: [ app_init ] --START--
INFO: Run Behavior\BuildLiteBehavior [ RunTime:0.000017s ]
INFO: [ app_init ] --END-- [ RunTime:0.000285s ]
ERR: 无法加载模块:Favicon

