[ 2015-03-23T09:10:09+08:00 ] 121.42.0.38 /webscan38502863.txt
INFO: [ app_init ] --START--
INFO: Run Behavior\BuildLiteBehavior [ RunTime:0.000016s ]
INFO: [ app_init ] --END-- [ RunTime:0.000368s ]
ERR: 无法加载模块:Webscan38502863

[ 2015-03-23T09:10:10+08:00 ] 121.42.0.38 /webscan38502863.txt
INFO: [ app_init ] --START--
INFO: Run Behavior\BuildLiteBehavior [ RunTime:0.000018s ]
INFO: [ app_init ] --END-- [ RunTime:0.000288s ]
ERR: 无法加载模块:Webscan38502863

[ 2015-03-23T09:18:50+08:00 ] 116.204.86.35 /favicon.ico
INFO: [ app_init ] --START--
INFO: Run Behavior\BuildLiteBehavior [ RunTime:0.000024s ]
INFO: [ app_init ] --END-- [ RunTime:0.000323s ]
ERR: 无法加载模块:Favicon

[ 2015-03-23T09:20:22+08:00 ] 116.204.86.35 /?m=dmin&a=index
INFO: [ app_init ] --START--
INFO: Run Behavior\BuildLiteBehavior [ RunTime:0.000020s ]
INFO: [ app_init ] --END-- [ RunTime:0.000289s ]
ERR: 无法加载模块:Dmin

[ 2015-03-23T09:20:27+08:00 ] 116.204.86.35 /Theme/default/img/logo_f.png
INFO: [ app_init ] --START--
INFO: Run Behavior\BuildLiteBehavior [ RunTime:0.000016s ]
INFO: [ app_init ] --END-- [ RunTime:0.000280s ]
ERR: 无法加载模块:Theme

[ 2015-03-23T09:20:30+08:00 ] 116.204.86.35 /media/image/menu-toggler.png
INFO: [ app_init ] --START--
INFO: Run Behavior\BuildLiteBehavior [ RunTime:0.000014s ]
INFO: [ app_init ] --END-- [ RunTime:0.000253s ]
ERR: 无法加载模块:Media

[ 2015-03-23T09:20:32+08:00 ] 116.204.86.35 /upload/ou9X8tmgcfDo8PRv_kOQlaXsTE1U/1427073574000/image.jpg
INFO: [ app_init ] --START--
INFO: Run Behavior\BuildLiteBehavior [ RunTime:0.000015s ]
INFO: [ app_init ] --END-- [ RunTime:0.000281s ]
ERR: 无法加载模块:Upload

[ 2015-03-23T09:20:32+08:00 ] 116.204.86.35 /media/image/menu-toggler.png
INFO: [ app_init ] --START--
INFO: Run Behavior\BuildLiteBehavior [ RunTime:0.000013s ]
INFO: [ app_init ] --END-- [ RunTime:0.000251s ]
ERR: 无法加载模块:Media

[ 2015-03-23T09:20:53+08:00 ] 116.204.86.35 /media/image/menu-toggler.png
INFO: [ app_init ] --START--
INFO: Run Behavior\BuildLiteBehavior [ RunTime:0.000018s ]
INFO: [ app_init ] --END-- [ RunTime:0.000279s ]
ERR: 无法加载模块:Media

[ 2015-03-23T09:20:53+08:00 ] 116.204.86.35 /upload/ou9X8tmgcfDo8PRv_kOQlaXsTE1U/1427073574000/image.jpg
INFO: [ app_init ] --START--
INFO: Run Behavior\BuildLiteBehavior [ RunTime:0.000018s ]
INFO: [ app_init ] --END-- [ RunTime:0.000277s ]
ERR: 无法加载模块:Upload

[ 2015-03-23T09:21:21+08:00 ] 116.204.86.35 /upload/ou9X8tmgcfDo8PRv_kOQlaXsTE1U/1427073574000/image.jpg
INFO: [ app_init ] --START--
INFO: Run Behavior\BuildLiteBehavior [ RunTime:0.000015s ]
INFO: [ app_init ] --END-- [ RunTime:0.000258s ]
ERR: 无法加载模块:Upload

[ 2015-03-23T09:21:30+08:00 ] 116.204.86.35 /upload/ou9X8tmgcfDo8PRv_kOQlaXsTE1U/1427073574000/image.jpg
INFO: [ app_init ] --START--
INFO: Run Behavior\BuildLiteBehavior [ RunTime:0.000023s ]
INFO: [ app_init ] --END-- [ RunTime:0.000344s ]
ERR: 无法加载模块:Upload

[ 2015-03-23T09:21:30+08:00 ] 116.204.86.35 /media/image/menu-toggler.png
INFO: [ app_init ] --START--
INFO: Run Behavior\BuildLiteBehavior [ RunTime:0.000016s ]
INFO: [ app_init ] --END-- [ RunTime:0.000349s ]
ERR: 无法加载模块:Media

[ 2015-03-23T09:22:56+08:00 ] 116.204.86.35 /media/image/menu-toggler.png
INFO: [ app_init ] --START--
INFO: Run Behavior\BuildLiteBehavior [ RunTime:0.000015s ]
INFO: [ app_init ] --END-- [ RunTime:0.000260s ]
ERR: 无法加载模块:Media

[ 2015-03-23T09:22:56+08:00 ] 116.204.86.35 /upload/ou9X8tmgcfDo8PRv_kOQlaXsTE1U/1427073574000/image.jpg
INFO: [ app_init ] --START--
INFO: Run Behavior\BuildLiteBehavior [ RunTime:0.000016s ]
INFO: [ app_init ] --END-- [ RunTime:0.000291s ]
ERR: 无法加载模块:Upload

[ 2015-03-23T09:23:15+08:00 ] 116.204.86.35 /upload/ou9X8tmgcfDo8PRv_kOQlaXsTE1U/1427073574000/image.jpg
INFO: [ app_init ] --START--
INFO: Run Behavior\BuildLiteBehavior [ RunTime:0.000020s ]
INFO: [ app_init ] --END-- [ RunTime:0.000316s ]
ERR: 无法加载模块:Upload

[ 2015-03-23T09:23:15+08:00 ] 116.204.86.35 /media/image/menu-toggler.png
INFO: [ app_init ] --START--
INFO: Run Behavior\BuildLiteBehavior [ RunTime:0.000016s ]
INFO: [ app_init ] --END-- [ RunTime:0.000263s ]
ERR: 无法加载模块:Media

[ 2015-03-23T09:23:15+08:00 ] 116.204.86.35 /upload/ou9X8tmgcfDo8PRv_kOQlaXsTE1U/1427073746000/image.jpg
INFO: [ app_init ] --START--
INFO: Run Behavior\BuildLiteBehavior [ RunTime:0.000013s ]
INFO: [ app_init ] --END-- [ RunTime:0.000265s ]
ERR: 无法加载模块:Upload

[ 2015-03-23T09:23:22+08:00 ] 116.204.86.35 /media/image/menu-toggler.png
INFO: [ app_init ] --START--
INFO: Run Behavior\BuildLiteBehavior [ RunTime:0.000014s ]
INFO: [ app_init ] --END-- [ RunTime:0.000295s ]
ERR: 无法加载模块:Media

[ 2015-03-23T09:23:22+08:00 ] 116.204.86.35 /upload/ou9X8tmgcfDo8PRv_kOQlaXsTE1U/1427073746000/image.jpg
INFO: [ app_init ] --START--
INFO: Run Behavior\BuildLiteBehavior [ RunTime:0.000015s ]
INFO: [ app_init ] --END-- [ RunTime:0.000268s ]
ERR: 无法加载模块:Upload

[ 2015-03-23T09:23:22+08:00 ] 116.204.86.35 /upload/ou9X8tmgcfDo8PRv_kOQlaXsTE1U/1427073574000/image.jpg
INFO: [ app_init ] --START--
INFO: Run Behavior\BuildLiteBehavior [ RunTime:0.000013s ]
INFO: [ app_init ] --END-- [ RunTime:0.000268s ]
ERR: 无法加载模块:Upload

[ 2015-03-23T09:23:35+08:00 ] 116.204.86.35 /media/image/menu-toggler.png
INFO: [ app_init ] --START--
INFO: Run Behavior\BuildLiteBehavior [ RunTime:0.000020s ]
INFO: [ app_init ] --END-- [ RunTime:0.000320s ]
ERR: 无法加载模块:Media

[ 2015-03-23T09:23:35+08:00 ] 116.204.86.35 /upload/ou9X8tmgcfDo8PRv_kOQlaXsTE1U/1427073574000/image.jpg
INFO: [ app_init ] --START--
INFO: Run Behavior\BuildLiteBehavior [ RunTime:0.000014s ]
INFO: [ app_init ] --END-- [ RunTime:0.000265s ]
ERR: 无法加载模块:Upload

[ 2015-03-23T09:23:35+08:00 ] 116.204.86.35 /upload/ou9X8tmgcfDo8PRv_kOQlaXsTE1U/1427073746000/image.jpg
INFO: [ app_init ] --START--
INFO: Run Behavior\BuildLiteBehavior [ RunTime:0.000016s ]
INFO: [ app_init ] --END-- [ RunTime:0.000288s ]
ERR: 无法加载模块:Upload

[ 2015-03-23T09:23:46+08:00 ] 116.204.86.35 /upload/ou9X8tmgcfDo8PRv_kOQlaXsTE1U/1427073746000/image.jpg
INFO: [ app_init ] --START--
INFO: Run Behavior\BuildLiteBehavior [ RunTime:0.000016s ]
INFO: [ app_init ] --END-- [ RunTime:0.000278s ]
ERR: 无法加载模块:Upload

[ 2015-03-23T09:24:48+08:00 ] 116.204.86.35 /media/image/menu-toggler.png
INFO: [ app_init ] --START--
INFO: Run Behavior\BuildLiteBehavior [ RunTime:0.000021s ]
INFO: [ app_init ] --END-- [ RunTime:0.000276s ]
ERR: 无法加载模块:Media

[ 2015-03-23T09:24:49+08:00 ] 116.204.86.35 /upload/ou9X8tmgcfDo8PRv_kOQlaXsTE1U/1427073574000/image.jpg
INFO: [ app_init ] --START--
INFO: Run Behavior\BuildLiteBehavior [ RunTime:0.000012s ]
INFO: [ app_init ] --END-- [ RunTime:0.000319s ]
ERR: 无法加载模块:Upload

[ 2015-03-23T09:24:49+08:00 ] 116.204.86.35 /upload/ou9X8tmgcfDo8PRv_kOQlaXsTE1U/1427073746000/image.jpg
INFO: [ app_init ] --START--
INFO: Run Behavior\BuildLiteBehavior [ RunTime:0.000014s ]
INFO: [ app_init ] --END-- [ RunTime:0.000261s ]
ERR: 无法加载模块:Upload

[ 2015-03-23T09:26:30+08:00 ] 116.204.86.35 /upload/ou9X8tmgcfDo8PRv_kOQlaXsTE1U/1427073746000/image.jpg
INFO: [ app_init ] --START--
INFO: Run Behavior\BuildLiteBehavior [ RunTime:0.000019s ]
INFO: [ app_init ] --END-- [ RunTime:0.014843s ]
ERR: 无法加载模块:Upload

[ 2015-03-23T09:26:30+08:00 ] 116.204.86.35 /media/image/menu-toggler.png
INFO: [ app_init ] --START--
INFO: Run Behavior\BuildLiteBehavior [ RunTime:0.000014s ]
INFO: [ app_init ] --END-- [ RunTime:0.000256s ]
ERR: 无法加载模块:Media

[ 2015-03-23T09:26:30+08:00 ] 116.204.86.35 /upload/ou9X8tmgcfDo8PRv_kOQlaXsTE1U/1427073574000/image.jpg
INFO: [ app_init ] --START--
INFO: Run Behavior\BuildLiteBehavior [ RunTime:0.000013s ]
INFO: [ app_init ] --END-- [ RunTime:0.000257s ]
ERR: 无法加载模块:Upload

[ 2015-03-23T09:26:30+08:00 ] 116.204.86.35 /upload/ou9X8tsAIKJfcy86ynM9tXUKorbg/1427073946000/image.jpg
INFO: [ app_init ] --START--
INFO: Run Behavior\BuildLiteBehavior [ RunTime:0.000014s ]
INFO: [ app_init ] --END-- [ RunTime:0.000262s ]
ERR: 无法加载模块:Upload

[ 2015-03-23T09:37:36+08:00 ] 116.204.86.35 /upload/1427074243000/image.jpg
INFO: [ app_init ] --START--
INFO: Run Behavior\BuildLiteBehavior [ RunTime:0.000026s ]
INFO: [ app_init ] --END-- [ RunTime:0.000303s ]
ERR: 无法加载模块:Upload

[ 2015-03-23T09:37:36+08:00 ] 116.204.86.35 /media/image/menu-toggler.png
INFO: [ app_init ] --START--
INFO: Run Behavior\BuildLiteBehavior [ RunTime:0.000016s ]
INFO: [ app_init ] --END-- [ RunTime:0.000283s ]
ERR: 无法加载模块:Media

[ 2015-03-23T09:38:45+08:00 ] 116.204.86.35 /media/image/menu-toggler.png
INFO: [ app_init ] --START--
INFO: Run Behavior\BuildLiteBehavior [ RunTime:0.000016s ]
INFO: [ app_init ] --END-- [ RunTime:0.004290s ]
ERR: 无法加载模块:Media

[ 2015-03-23T09:38:45+08:00 ] 116.204.86.35 /upload/1427074243000/image.jpg
INFO: [ app_init ] --START--
INFO: Run Behavior\BuildLiteBehavior [ RunTime:0.000019s ]
INFO: [ app_init ] --END-- [ RunTime:0.000284s ]
ERR: 无法加载模块:Upload

[ 2015-03-23T09:38:54+08:00 ] 116.204.86.35 /upload/1427074243000/image.jpg
INFO: [ app_init ] --START--
INFO: Run Behavior\BuildLiteBehavior [ RunTime:0.000015s ]
INFO: [ app_init ] --END-- [ RunTime:0.000277s ]
ERR: 无法加载模块:Upload

[ 2015-03-23T09:38:54+08:00 ] 116.204.86.35 /media/image/menu-toggler.png
INFO: [ app_init ] --START--
INFO: Run Behavior\BuildLiteBehavior [ RunTime:0.000013s ]
INFO: [ app_init ] --END-- [ RunTime:0.000259s ]
ERR: 无法加载模块:Media

[ 2015-03-23T09:39:26+08:00 ] 116.204.86.35 /media/image/menu-toggler.png
INFO: [ app_init ] --START--
INFO: Run Behavior\BuildLiteBehavior [ RunTime:0.000016s ]
INFO: [ app_init ] --END-- [ RunTime:0.000268s ]
ERR: 无法加载模块:Media

[ 2015-03-23T09:39:30+08:00 ] 116.204.86.35 /media/image/menu-toggler.png
INFO: [ app_init ] --START--
INFO: Run Behavior\BuildLiteBehavior [ RunTime:0.000015s ]
INFO: [ app_init ] --END-- [ RunTime:0.000321s ]
ERR: 无法加载模块:Media

[ 2015-03-23T09:40:12+08:00 ] 116.204.86.35 /media/image/menu-toggler.png
INFO: [ app_init ] --START--
INFO: Run Behavior\BuildLiteBehavior [ RunTime:0.000015s ]
INFO: [ app_init ] --END-- [ RunTime:0.000319s ]
ERR: 无法加载模块:Media

[ 2015-03-23T09:40:23+08:00 ] 116.204.86.35 /media/image/menu-toggler.png
INFO: [ app_init ] --START--
INFO: Run Behavior\BuildLiteBehavior [ RunTime:0.000015s ]
INFO: [ app_init ] --END-- [ RunTime:0.000273s ]
ERR: 无法加载模块:Media

[ 2015-03-23T09:40:24+08:00 ] 116.204.86.35 /media/image/menu-toggler.png
INFO: [ app_init ] --START--
INFO: Run Behavior\BuildLiteBehavior [ RunTime:0.000021s ]
INFO: [ app_init ] --END-- [ RunTime:0.000280s ]
ERR: 无法加载模块:Media

[ 2015-03-23T09:40:26+08:00 ] 116.204.86.35 /Theme/default/img/logo_f.png
INFO: [ app_init ] --START--
INFO: Run Behavior\BuildLiteBehavior [ RunTime:0.000018s ]
INFO: [ app_init ] --END-- [ RunTime:0.000277s ]
ERR: 无法加载模块:Theme

[ 2015-03-23T09:40:33+08:00 ] 116.204.86.35 /media/image/menu-toggler.png
INFO: [ app_init ] --START--
INFO: Run Behavior\BuildLiteBehavior [ RunTime:0.000014s ]
INFO: [ app_init ] --END-- [ RunTime:0.000262s ]
ERR: 无法加载模块:Media

[ 2015-03-23T09:40:36+08:00 ] 116.204.86.35 /media/image/menu-toggler.png
INFO: [ app_init ] --START--
INFO: Run Behavior\BuildLiteBehavior [ RunTime:0.000015s ]
INFO: [ app_init ] --END-- [ RunTime:0.000272s ]
ERR: 无法加载模块:Media

[ 2015-03-23T09:41:56+08:00 ] 116.204.86.35 /media/image/menu-toggler.png
INFO: [ app_init ] --START--
INFO: Run Behavior\BuildLiteBehavior [ RunTime:0.000015s ]
INFO: [ app_init ] --END-- [ RunTime:0.000269s ]
ERR: 无法加载模块:Media

[ 2015-03-23T09:42:41+08:00 ] 116.204.86.35 /media/image/menu-toggler.png
INFO: [ app_init ] --START--
INFO: Run Behavior\BuildLiteBehavior [ RunTime:0.000022s ]
INFO: [ app_init ] --END-- [ RunTime:0.000301s ]
ERR: 无法加载模块:Media

[ 2015-03-23T09:43:15+08:00 ] 116.204.86.35 /media/image/menu-toggler.png
INFO: [ app_init ] --START--
INFO: Run Behavior\BuildLiteBehavior [ RunTime:0.000014s ]
INFO: [ app_init ] --END-- [ RunTime:0.000336s ]
ERR: 无法加载模块:Media

[ 2015-03-23T09:46:30+08:00 ] 116.204.86.35 /upload/1427074243000/image.jpg
INFO: [ app_init ] --START--
INFO: Run Behavior\BuildLiteBehavior [ RunTime:0.000015s ]
INFO: [ app_init ] --END-- [ RunTime:0.000292s ]
ERR: 无法加载模块:Upload

[ 2015-03-23T09:47:33+08:00 ] 116.204.86.35 /Theme/default/img/logo_f.png
INFO: [ app_init ] --START--
INFO: Run Behavior\BuildLiteBehavior [ RunTime:0.000014s ]
INFO: [ app_init ] --END-- [ RunTime:0.000260s ]
ERR: 无法加载模块:Theme

[ 2015-03-23T09:47:37+08:00 ] 116.204.86.35 /Theme/default/img/logo_f.png
INFO: [ app_init ] --START--
INFO: Run Behavior\BuildLiteBehavior [ RunTime:0.000014s ]
INFO: [ app_init ] --END-- [ RunTime:0.000315s ]
ERR: 无法加载模块:Theme

[ 2015-03-23T09:47:47+08:00 ] 116.204.86.35 /Theme/default/img/logo_f.png
INFO: [ app_init ] --START--
INFO: Run Behavior\BuildLiteBehavior [ RunTime:0.000015s ]
INFO: [ app_init ] --END-- [ RunTime:0.000261s ]
ERR: 无法加载模块:Theme

[ 2015-03-23T09:47:57+08:00 ] 116.204.86.35 /media/image/menu-toggler.png
INFO: [ app_init ] --START--
INFO: Run Behavior\BuildLiteBehavior [ RunTime:0.000021s ]
INFO: [ app_init ] --END-- [ RunTime:0.000319s ]
ERR: 无法加载模块:Media

[ 2015-03-23T09:48:08+08:00 ] 116.204.86.35 /Theme/default/img/logo_f.png
INFO: [ app_init ] --START--
INFO: Run Behavior\BuildLiteBehavior [ RunTime:0.000014s ]
INFO: [ app_init ] --END-- [ RunTime:0.000258s ]
ERR: 无法加载模块:Theme

[ 2015-03-23T09:48:14+08:00 ] 116.204.86.35 /Theme/default/img/logo_f.png
INFO: [ app_init ] --START--
INFO: Run Behavior\BuildLiteBehavior [ RunTime:0.000014s ]
INFO: [ app_init ] --END-- [ RunTime:0.000279s ]
ERR: 无法加载模块:Theme

[ 2015-03-23T09:48:16+08:00 ] 116.204.86.35 /Theme/default/img/logo_f.png
INFO: [ app_init ] --START--
INFO: Run Behavior\BuildLiteBehavior [ RunTime:0.000015s ]
INFO: [ app_init ] --END-- [ RunTime:0.000268s ]
ERR: 无法加载模块:Theme

[ 2015-03-23T09:48:20+08:00 ] 116.204.86.35 /media/image/menu-toggler.png
INFO: [ app_init ] --START--
INFO: Run Behavior\BuildLiteBehavior [ RunTime:0.000015s ]
INFO: [ app_init ] --END-- [ RunTime:0.000269s ]
ERR: 无法加载模块:Media

[ 2015-03-23T09:48:34+08:00 ] 116.204.86.35 /media/image/menu-toggler.png
INFO: [ app_init ] --START--
INFO: Run Behavior\BuildLiteBehavior [ RunTime:0.000015s ]
INFO: [ app_init ] --END-- [ RunTime:0.000309s ]
ERR: 无法加载模块:Media

[ 2015-03-23T09:48:36+08:00 ] 116.204.86.35 /media/image/menu-toggler.png
INFO: [ app_init ] --START--
INFO: Run Behavior\BuildLiteBehavior [ RunTime:0.000015s ]
INFO: [ app_init ] --END-- [ RunTime:0.000253s ]
ERR: 无法加载模块:Media

[ 2015-03-23T09:50:41+08:00 ] 116.204.86.35 /media/image/menu-toggler.png
INFO: [ app_init ] --START--
INFO: Run Behavior\BuildLiteBehavior [ RunTime:0.000015s ]
INFO: [ app_init ] --END-- [ RunTime:0.000267s ]
ERR: 无法加载模块:Media

[ 2015-03-23T09:50:44+08:00 ] 116.204.86.35 /Theme/default/img/logo_f.png
INFO: [ app_init ] --START--
INFO: Run Behavior\BuildLiteBehavior [ RunTime:0.000014s ]
INFO: [ app_init ] --END-- [ RunTime:0.000270s ]
ERR: 无法加载模块:Theme

[ 2015-03-23T09:50:50+08:00 ] 116.204.86.35 /media/image/menu-toggler.png
INFO: [ app_init ] --START--
INFO: Run Behavior\BuildLiteBehavior [ RunTime:0.000017s ]
INFO: [ app_init ] --END-- [ RunTime:0.000270s ]
ERR: 无法加载模块:Media

[ 2015-03-23T09:50:52+08:00 ] 116.204.86.35 /Theme/default/img/logo_f.png
INFO: [ app_init ] --START--
INFO: Run Behavior\BuildLiteBehavior [ RunTime:0.000015s ]
INFO: [ app_init ] --END-- [ RunTime:0.000260s ]
ERR: 无法加载模块:Theme

[ 2015-03-23T09:50:57+08:00 ] 116.204.86.35 /Theme/default/img/logo_f.png
INFO: [ app_init ] --START--
INFO: Run Behavior\BuildLiteBehavior [ RunTime:0.000016s ]
INFO: [ app_init ] --END-- [ RunTime:0.000280s ]
ERR: 无法加载模块:Theme

[ 2015-03-23T09:51:01+08:00 ] 116.204.86.35 /media/image/menu-toggler.png
INFO: [ app_init ] --START--
INFO: Run Behavior\BuildLiteBehavior [ RunTime:0.000014s ]
INFO: [ app_init ] --END-- [ RunTime:0.000260s ]
ERR: 无法加载模块:Media

[ 2015-03-23T09:51:11+08:00 ] 117.136.40.190 /Theme/default/img/logo_f.png
INFO: [ app_init ] --START--
INFO: Run Behavior\BuildLiteBehavior [ RunTime:0.000015s ]
INFO: [ app_init ] --END-- [ RunTime:0.000269s ]
ERR: 无法加载模块:Theme

[ 2015-03-23T09:51:38+08:00 ] 117.136.40.190 /Theme/default/img/logo_f.png
INFO: [ app_init ] --START--
INFO: Run Behavior\BuildLiteBehavior [ RunTime:0.000022s ]
INFO: [ app_init ] --END-- [ RunTime:0.000278s ]
ERR: 无法加载模块:Theme

[ 2015-03-23T09:51:57+08:00 ] 117.136.40.190 /Theme/default/img/logo_f.png
INFO: [ app_init ] --START--
INFO: Run Behavior\BuildLiteBehavior [ RunTime:0.000015s ]
INFO: [ app_init ] --END-- [ RunTime:0.000256s ]
ERR: 无法加载模块:Theme

[ 2015-03-23T09:52:45+08:00 ] 117.136.40.190 /Theme/default/img/logo_f.png
INFO: [ app_init ] --START--
INFO: Run Behavior\BuildLiteBehavior [ RunTime:0.000015s ]
INFO: [ app_init ] --END-- [ RunTime:0.000273s ]
ERR: 无法加载模块:Theme

[ 2015-03-23T09:53:28+08:00 ] 117.136.40.190 /media/image/menu-toggler.png
INFO: [ app_init ] --START--
INFO: Run Behavior\BuildLiteBehavior [ RunTime:0.000016s ]
INFO: [ app_init ] --END-- [ RunTime:0.000268s ]
ERR: 无法加载模块:Media

[ 2015-03-23T09:53:48+08:00 ] 116.204.86.35 /media/image/menu-toggler.png
INFO: [ app_init ] --START--
INFO: Run Behavior\BuildLiteBehavior [ RunTime:0.000023s ]
INFO: [ app_init ] --END-- [ RunTime:0.000326s ]
ERR: 无法加载模块:Media

[ 2015-03-23T09:54:00+08:00 ] 117.136.40.190 /media/image/menu-toggler.png
INFO: [ app_init ] --START--
INFO: Run Behavior\BuildLiteBehavior [ RunTime:0.000015s ]
INFO: [ app_init ] --END-- [ RunTime:0.000275s ]
ERR: 无法加载模块:Media

[ 2015-03-23T10:43:24+08:00 ] 123.147.244.104 /photo/index/index/category/3.html
INFO: [ app_init ] --START--
INFO: Run Behavior\BuildLiteBehavior [ RunTime:0.000014s ]
INFO: [ app_init ] --END-- [ RunTime:0.000256s ]
ERR: 无法加载模块:Photo

[ 2015-03-23T10:43:33+08:00 ] 112.65.193.16 /photo/index/index/category/3.html
INFO: [ app_init ] --START--
INFO: Run Behavior\BuildLiteBehavior [ RunTime:0.000016s ]
INFO: [ app_init ] --END-- [ RunTime:0.000264s ]
ERR: 无法加载模块:Photo

[ 2015-03-23T10:43:33+08:00 ] 123.147.244.104 /photo/index/index/category/3.html
INFO: [ app_init ] --START--
INFO: Run Behavior\BuildLiteBehavior [ RunTime:0.000015s ]
INFO: [ app_init ] --END-- [ RunTime:0.000255s ]
ERR: 无法加载模块:Photo

[ 2015-03-23T12:59:25+08:00 ] 116.204.86.35 /Theme/default/img/logo_f.png
INFO: [ app_init ] --START--
INFO: Run Behavior\BuildLiteBehavior [ RunTime:0.000026s ]
INFO: [ app_init ] --END-- [ RunTime:0.000324s ]
ERR: 无法加载模块:Theme

[ 2015-03-23T17:14:39+08:00 ] 66.249.84.220 /favicon.ico
INFO: [ app_init ] --START--
INFO: Run Behavior\BuildLiteBehavior [ RunTime:0.000015s ]
INFO: [ app_init ] --END-- [ RunTime:0.000267s ]
ERR: 无法加载模块:Favicon

