[ 2015-12-26T04:47:18+08:00 ] 61.216.2.14 /404
INFO: [ app_init ] --START--
INFO: Run Behavior\BuildLiteBehavior [ RunTime:0.000015s ]
INFO: [ app_init ] --END-- [ RunTime:0.000324s ]
ERR: 无法加载模块:404

[ 2015-12-26T10:31:39+08:00 ] 115.239.228.202 /cgi-bin/common/attr?id=260714&r=0.7037756042780949
INFO: [ app_init ] --START--
INFO: Run Behavior\BuildLiteBehavior [ RunTime:0.000014s ]
INFO: [ app_init ] --END-- [ RunTime:0.000302s ]
ERR: 无法加载模块:Cgi-bin

[ 2015-12-26T16:42:23+08:00 ] 115.239.228.202 /cgi-bin/common/attr?id=260714&r=0.0905325121403431
INFO: [ app_init ] --START--
INFO: Run Behavior\BuildLiteBehavior [ RunTime:0.000014s ]
INFO: [ app_init ] --END-- [ RunTime:0.000303s ]
ERR: 无法加载模块:Cgi-bin

[ 2015-12-26T16:54:04+08:00 ] 23.251.63.45 /index.html
INFO: [ app_init ] --START--
INFO: Run Behavior\BuildLiteBehavior [ RunTime:0.000015s ]
INFO: [ app_init ] --END-- [ RunTime:0.000319s ]
ERR: 无法加载模块:Index

[ 2015-12-26T22:52:25+08:00 ] 115.239.228.202 /cgi-bin/common/attr?id=260714&r=0.7271356502762981
INFO: [ app_init ] --START--
INFO: Run Behavior\BuildLiteBehavior [ RunTime:0.000014s ]
INFO: [ app_init ] --END-- [ RunTime:0.000294s ]
ERR: 无法加载模块:Cgi-bin

[ 2015-12-26T23:25:08+08:00 ] 60.172.229.89 /script
INFO: [ app_init ] --START--
INFO: Run Behavior\BuildLiteBehavior [ RunTime:0.000014s ]
INFO: [ app_init ] --END-- [ RunTime:0.000318s ]
ERR: 无法加载模块:Script

