[ 2015-12-30T01:04:30+08:00 ] 115.239.228.202 /cgi-bin/common/attr?id=260714&r=0.4536253622956784
INFO: [ app_init ] --START--
INFO: Run Behavior\BuildLiteBehavior [ RunTime:0.000016s ]
INFO: [ app_init ] --END-- [ RunTime:0.000336s ]
ERR: 无法加载模块:Cgi-bin

[ 2015-12-30T03:31:27+08:00 ] 115.239.228.202 /cgi-bin/common/attr?id=260714&r=0.7744625381828812
INFO: [ app_init ] --START--
INFO: Run Behavior\BuildLiteBehavior [ RunTime:0.000014s ]
INFO: [ app_init ] --END-- [ RunTime:0.000308s ]
ERR: 无法加载模块:Cgi-bin

[ 2015-12-30T04:45:31+08:00 ] 115.239.228.202 /cgi-bin/common/attr?id=260714&r=0.6613967637181022
INFO: [ app_init ] --START--
INFO: Run Behavior\BuildLiteBehavior [ RunTime:0.000014s ]
INFO: [ app_init ] --END-- [ RunTime:0.000303s ]
ERR: 无法加载模块:Cgi-bin

[ 2015-12-30T05:59:29+08:00 ] 115.239.228.202 /cgi-bin/common/attr?id=260714&r=0.0320376269183292
INFO: [ app_init ] --START--
INFO: Run Behavior\BuildLiteBehavior [ RunTime:0.000014s ]
INFO: [ app_init ] --END-- [ RunTime:0.000302s ]
ERR: 无法加载模块:Cgi-bin

[ 2015-12-30T07:13:37+08:00 ] 115.239.228.202 /cgi-bin/common/attr?id=260714&r=0.5030401800266973
INFO: [ app_init ] --START--
INFO: Run Behavior\BuildLiteBehavior [ RunTime:0.000014s ]
INFO: [ app_init ] --END-- [ RunTime:0.000317s ]
ERR: 无法加载模块:Cgi-bin

[ 2015-12-30T08:18:19+08:00 ] 91.236.75.4 /reader/about/
INFO: [ app_init ] --START--
INFO: Run Behavior\BuildLiteBehavior [ RunTime:0.000014s ]
INFO: [ app_init ] --END-- [ RunTime:0.000300s ]
ERR: 无法加载模块:Reader

[ 2015-12-30T08:27:36+08:00 ] 115.239.228.202 /cgi-bin/common/attr?id=260714&r=0.8616431279974374
INFO: [ app_init ] --START--
INFO: Run Behavior\BuildLiteBehavior [ RunTime:0.000014s ]
INFO: [ app_init ] --END-- [ RunTime:0.000360s ]
ERR: 无法加载模块:Cgi-bin

[ 2015-12-30T09:42:09+08:00 ] 115.239.228.202 /cgi-bin/common/attr?id=260714&r=0.2679850264946270
INFO: [ app_init ] --START--
INFO: Run Behavior\BuildLiteBehavior [ RunTime:0.000015s ]
INFO: [ app_init ] --END-- [ RunTime:0.000504s ]
ERR: 无法加载模块:Cgi-bin

[ 2015-12-30T10:54:52+08:00 ] 115.239.228.202 /cgi-bin/common/attr?id=260714&r=0.8417280918421664
INFO: [ app_init ] --START--
INFO: Run Behavior\BuildLiteBehavior [ RunTime:0.000015s ]
INFO: [ app_init ] --END-- [ RunTime:0.000307s ]
ERR: 无法加载模块:Cgi-bin

[ 2015-12-30T12:08:19+08:00 ] 115.239.228.202 /cgi-bin/common/attr?id=260714&r=0.8297472440465326
INFO: [ app_init ] --START--
INFO: Run Behavior\BuildLiteBehavior [ RunTime:0.000014s ]
INFO: [ app_init ] --END-- [ RunTime:0.000321s ]
ERR: 无法加载模块:Cgi-bin

[ 2015-12-30T13:22:11+08:00 ] 115.239.228.202 /cgi-bin/common/attr?id=260714&r=0.2840520632799883
INFO: [ app_init ] --START--
INFO: Run Behavior\BuildLiteBehavior [ RunTime:0.000014s ]
INFO: [ app_init ] --END-- [ RunTime:0.000304s ]
ERR: 无法加载模块:Cgi-bin

[ 2015-12-30T14:35:41+08:00 ] 115.239.228.202 /cgi-bin/common/attr?id=260714&r=0.3889492377425448
INFO: [ app_init ] --START--
INFO: Run Behavior\BuildLiteBehavior [ RunTime:0.000014s ]
INFO: [ app_init ] --END-- [ RunTime:0.000303s ]
ERR: 无法加载模块:Cgi-bin

[ 2015-12-30T15:50:02+08:00 ] 115.239.228.202 /cgi-bin/common/attr?id=260714&r=0.8722633659519700
INFO: [ app_init ] --START--
INFO: Run Behavior\BuildLiteBehavior [ RunTime:0.000013s ]
INFO: [ app_init ] --END-- [ RunTime:0.000311s ]
ERR: 无法加载模块:Cgi-bin

[ 2015-12-30T17:03:33+08:00 ] 115.239.228.202 /cgi-bin/common/attr?id=260714&r=0.2322902004035252
INFO: [ app_init ] --START--
INFO: Run Behavior\BuildLiteBehavior [ RunTime:0.000014s ]
INFO: [ app_init ] --END-- [ RunTime:0.000316s ]
ERR: 无法加载模块:Cgi-bin

[ 2015-12-30T18:18:06+08:00 ] 115.239.228.202 /cgi-bin/common/attr?id=260714&r=0.9443491263121030
INFO: [ app_init ] --START--
INFO: Run Behavior\BuildLiteBehavior [ RunTime:0.000014s ]
INFO: [ app_init ] --END-- [ RunTime:0.000313s ]
ERR: 无法加载模块:Cgi-bin

[ 2015-12-30T19:31:24+08:00 ] 115.239.228.202 /cgi-bin/common/attr?id=260714&r=0.8574327432390887
INFO: [ app_init ] --START--
INFO: Run Behavior\BuildLiteBehavior [ RunTime:0.000014s ]
INFO: [ app_init ] --END-- [ RunTime:0.000312s ]
ERR: 无法加载模块:Cgi-bin

[ 2015-12-30T20:45:14+08:00 ] 115.239.228.202 /cgi-bin/common/attr?id=260714&r=0.7868818036449390
INFO: [ app_init ] --START--
INFO: Run Behavior\BuildLiteBehavior [ RunTime:0.000014s ]
INFO: [ app_init ] --END-- [ RunTime:0.000303s ]
ERR: 无法加载模块:Cgi-bin

[ 2015-12-30T21:58:44+08:00 ] 115.239.228.202 /cgi-bin/common/attr?id=260714&r=0.6891377939037285
INFO: [ app_init ] --START--
INFO: Run Behavior\BuildLiteBehavior [ RunTime:0.000015s ]
INFO: [ app_init ] --END-- [ RunTime:0.000302s ]
ERR: 无法加载模块:Cgi-bin

[ 2015-12-30T23:09:39+08:00 ] 61.160.215.111 /manager/html
INFO: [ app_init ] --START--
INFO: Run Behavior\BuildLiteBehavior [ RunTime:0.000015s ]
INFO: [ app_init ] --END-- [ RunTime:0.000301s ]
ERR: 无法加载模块:Manager

[ 2015-12-30T23:09:48+08:00 ] 61.160.215.111 /manager/html
INFO: [ app_init ] --START--
INFO: Run Behavior\BuildLiteBehavior [ RunTime:0.000013s ]
INFO: [ app_init ] --END-- [ RunTime:0.000313s ]
ERR: 无法加载模块:Manager

[ 2015-12-30T23:09:57+08:00 ] 61.160.215.111 /manager/html
INFO: [ app_init ] --START--
INFO: Run Behavior\BuildLiteBehavior [ RunTime:0.000014s ]
INFO: [ app_init ] --END-- [ RunTime:0.000335s ]
ERR: 无法加载模块:Manager

[ 2015-12-30T23:10:06+08:00 ] 61.160.215.111 /manager/html
INFO: [ app_init ] --START--
INFO: Run Behavior\BuildLiteBehavior [ RunTime:0.000014s ]
INFO: [ app_init ] --END-- [ RunTime:0.000317s ]
ERR: 无法加载模块:Manager

[ 2015-12-30T23:10:14+08:00 ] 61.160.215.111 /manager/html
INFO: [ app_init ] --START--
INFO: Run Behavior\BuildLiteBehavior [ RunTime:0.000013s ]
INFO: [ app_init ] --END-- [ RunTime:0.000308s ]
ERR: 无法加载模块:Manager

[ 2015-12-30T23:10:23+08:00 ] 61.160.215.111 /manager/html
INFO: [ app_init ] --START--
INFO: Run Behavior\BuildLiteBehavior [ RunTime:0.000014s ]
INFO: [ app_init ] --END-- [ RunTime:0.000297s ]
ERR: 无法加载模块:Manager

[ 2015-12-30T23:10:32+08:00 ] 61.160.215.111 /manager/html
INFO: [ app_init ] --START--
INFO: Run Behavior\BuildLiteBehavior [ RunTime:0.000014s ]
INFO: [ app_init ] --END-- [ RunTime:0.000315s ]
ERR: 无法加载模块:Manager

[ 2015-12-30T23:10:41+08:00 ] 61.160.215.111 /manager/html
INFO: [ app_init ] --START--
INFO: Run Behavior\BuildLiteBehavior [ RunTime:0.000014s ]
INFO: [ app_init ] --END-- [ RunTime:0.000321s ]
ERR: 无法加载模块:Manager

[ 2015-12-30T23:10:49+08:00 ] 61.160.215.111 /manager/html
INFO: [ app_init ] --START--
INFO: Run Behavior\BuildLiteBehavior [ RunTime:0.000014s ]
INFO: [ app_init ] --END-- [ RunTime:0.000295s ]
ERR: 无法加载模块:Manager

[ 2015-12-30T23:10:58+08:00 ] 61.160.215.111 /manager/html
INFO: [ app_init ] --START--
INFO: Run Behavior\BuildLiteBehavior [ RunTime:0.000014s ]
INFO: [ app_init ] --END-- [ RunTime:0.000309s ]
ERR: 无法加载模块:Manager

[ 2015-12-30T23:11:07+08:00 ] 61.160.215.111 /manager/html
INFO: [ app_init ] --START--
INFO: Run Behavior\BuildLiteBehavior [ RunTime:0.000014s ]
INFO: [ app_init ] --END-- [ RunTime:0.000316s ]
ERR: 无法加载模块:Manager

[ 2015-12-30T23:11:16+08:00 ] 61.160.215.111 /manager/html
INFO: [ app_init ] --START--
INFO: Run Behavior\BuildLiteBehavior [ RunTime:0.000015s ]
INFO: [ app_init ] --END-- [ RunTime:0.000313s ]
ERR: 无法加载模块:Manager

[ 2015-12-30T23:13:03+08:00 ] 115.239.228.202 /cgi-bin/common/attr?id=260714&r=0.8555200808033092
INFO: [ app_init ] --START--
INFO: Run Behavior\BuildLiteBehavior [ RunTime:0.000014s ]
INFO: [ app_init ] --END-- [ RunTime:0.000411s ]
ERR: 无法加载模块:Cgi-bin

[ 2015-12-30T23:27:55+08:00 ] 218.29.141.26 /manager/html
INFO: [ app_init ] --START--
INFO: Run Behavior\BuildLiteBehavior [ RunTime:0.000015s ]
INFO: [ app_init ] --END-- [ RunTime:0.000331s ]
ERR: 无法加载模块:Manager

[ 2015-12-30T23:49:04+08:00 ] 61.160.215.111 /manager/html
INFO: [ app_init ] --START--
INFO: Run Behavior\BuildLiteBehavior [ RunTime:0.000014s ]
INFO: [ app_init ] --END-- [ RunTime:0.000314s ]
ERR: 无法加载模块:Manager

[ 2015-12-30T23:49:12+08:00 ] 61.160.215.111 /manager/html
INFO: [ app_init ] --START--
INFO: Run Behavior\BuildLiteBehavior [ RunTime:0.000014s ]
INFO: [ app_init ] --END-- [ RunTime:0.000300s ]
ERR: 无法加载模块:Manager

[ 2015-12-30T23:49:21+08:00 ] 61.160.215.111 /manager/html
INFO: [ app_init ] --START--
INFO: Run Behavior\BuildLiteBehavior [ RunTime:0.000014s ]
INFO: [ app_init ] --END-- [ RunTime:0.000319s ]
ERR: 无法加载模块:Manager

[ 2015-12-30T23:49:30+08:00 ] 61.160.215.111 /manager/html
INFO: [ app_init ] --START--
INFO: Run Behavior\BuildLiteBehavior [ RunTime:0.000015s ]
INFO: [ app_init ] --END-- [ RunTime:0.000314s ]
ERR: 无法加载模块:Manager

[ 2015-12-30T23:49:38+08:00 ] 61.160.215.111 /manager/html
INFO: [ app_init ] --START--
INFO: Run Behavior\BuildLiteBehavior [ RunTime:0.000015s ]
INFO: [ app_init ] --END-- [ RunTime:0.000378s ]
ERR: 无法加载模块:Manager

[ 2015-12-30T23:49:47+08:00 ] 61.160.215.111 /manager/html
INFO: [ app_init ] --START--
INFO: Run Behavior\BuildLiteBehavior [ RunTime:0.000015s ]
INFO: [ app_init ] --END-- [ RunTime:0.000320s ]
ERR: 无法加载模块:Manager

[ 2015-12-30T23:49:56+08:00 ] 61.160.215.111 /manager/html
INFO: [ app_init ] --START--
INFO: Run Behavior\BuildLiteBehavior [ RunTime:0.000014s ]
INFO: [ app_init ] --END-- [ RunTime:0.000313s ]
ERR: 无法加载模块:Manager

[ 2015-12-30T23:50:04+08:00 ] 61.160.215.111 /manager/html
INFO: [ app_init ] --START--
INFO: Run Behavior\BuildLiteBehavior [ RunTime:0.000014s ]
INFO: [ app_init ] --END-- [ RunTime:0.000315s ]
ERR: 无法加载模块:Manager

[ 2015-12-30T23:50:13+08:00 ] 61.160.215.111 /manager/html
INFO: [ app_init ] --START--
INFO: Run Behavior\BuildLiteBehavior [ RunTime:0.000014s ]
INFO: [ app_init ] --END-- [ RunTime:0.000293s ]
ERR: 无法加载模块:Manager

[ 2015-12-30T23:50:22+08:00 ] 61.160.215.111 /manager/html
INFO: [ app_init ] --START--
INFO: Run Behavior\BuildLiteBehavior [ RunTime:0.000014s ]
INFO: [ app_init ] --END-- [ RunTime:0.000296s ]
ERR: 无法加载模块:Manager

[ 2015-12-30T23:50:30+08:00 ] 61.160.215.111 /manager/html
INFO: [ app_init ] --START--
INFO: Run Behavior\BuildLiteBehavior [ RunTime:0.000015s ]
INFO: [ app_init ] --END-- [ RunTime:0.000312s ]
ERR: 无法加载模块:Manager

[ 2015-12-30T23:50:39+08:00 ] 61.160.215.111 /manager/html
INFO: [ app_init ] --START--
INFO: Run Behavior\BuildLiteBehavior [ RunTime:0.000014s ]
INFO: [ app_init ] --END-- [ RunTime:0.000315s ]
ERR: 无法加载模块:Manager

