[ 2015-12-31T00:26:41+08:00 ] 115.239.228.202 /cgi-bin/common/attr?id=260714&r=0.7406712201939337
INFO: [ app_init ] --START--
INFO: Run Behavior\BuildLiteBehavior [ RunTime:0.000014s ]
INFO: [ app_init ] --END-- [ RunTime:0.000301s ]
ERR: 无法加载模块:Cgi-bin

[ 2015-12-31T01:40:34+08:00 ] 115.239.228.202 /cgi-bin/common/attr?id=260714&r=0.7264315317622747
INFO: [ app_init ] --START--
INFO: Run Behavior\BuildLiteBehavior [ RunTime:0.000014s ]
INFO: [ app_init ] --END-- [ RunTime:0.000327s ]
ERR: 无法加载模块:Cgi-bin

[ 2015-12-31T02:54:13+08:00 ] 115.239.228.202 /cgi-bin/common/attr?id=260714&r=0.5071190942232986
INFO: [ app_init ] --START--
INFO: Run Behavior\BuildLiteBehavior [ RunTime:0.000015s ]
INFO: [ app_init ] --END-- [ RunTime:0.000304s ]
ERR: 无法加载模块:Cgi-bin

[ 2015-12-31T04:08:03+08:00 ] 115.239.228.202 /cgi-bin/common/attr?id=260714&r=0.2730547539920936
INFO: [ app_init ] --START--
INFO: Run Behavior\BuildLiteBehavior [ RunTime:0.000015s ]
INFO: [ app_init ] --END-- [ RunTime:0.000319s ]
ERR: 无法加载模块:Cgi-bin

[ 2015-12-31T05:22:11+08:00 ] 115.239.228.202 /cgi-bin/common/attr?id=260714&r=0.4860557121463238
INFO: [ app_init ] --START--
INFO: Run Behavior\BuildLiteBehavior [ RunTime:0.000014s ]
INFO: [ app_init ] --END-- [ RunTime:0.000303s ]
ERR: 无法加载模块:Cgi-bin

[ 2015-12-31T06:36:20+08:00 ] 115.239.228.202 /cgi-bin/common/attr?id=260714&r=0.5222661528878968
INFO: [ app_init ] --START--
INFO: Run Behavior\BuildLiteBehavior [ RunTime:0.000014s ]
INFO: [ app_init ] --END-- [ RunTime:0.000304s ]
ERR: 无法加载模块:Cgi-bin

[ 2015-12-31T07:50:02+08:00 ] 115.239.228.202 /cgi-bin/common/attr?id=260714&r=0.4534044392332110
INFO: [ app_init ] --START--
INFO: Run Behavior\BuildLiteBehavior [ RunTime:0.000014s ]
INFO: [ app_init ] --END-- [ RunTime:0.000315s ]
ERR: 无法加载模块:Cgi-bin

[ 2015-12-31T09:03:49+08:00 ] 115.239.228.202 /cgi-bin/common/attr?id=260714&r=0.8177976333863408
INFO: [ app_init ] --START--
INFO: Run Behavior\BuildLiteBehavior [ RunTime:0.000014s ]
INFO: [ app_init ] --END-- [ RunTime:0.000302s ]
ERR: 无法加载模块:Cgi-bin

[ 2015-12-31T10:18:02+08:00 ] 115.239.228.202 /cgi-bin/common/attr?id=260714&r=0.0440053690067765
INFO: [ app_init ] --START--
INFO: Run Behavior\BuildLiteBehavior [ RunTime:0.000015s ]
INFO: [ app_init ] --END-- [ RunTime:0.000325s ]
ERR: 无法加载模块:Cgi-bin

[ 2015-12-31T11:32:17+08:00 ] 115.239.228.202 /cgi-bin/common/attr?id=260714&r=0.9811718044666788
INFO: [ app_init ] --START--
INFO: Run Behavior\BuildLiteBehavior [ RunTime:0.000014s ]
INFO: [ app_init ] --END-- [ RunTime:0.000331s ]
ERR: 无法加载模块:Cgi-bin

[ 2015-12-31T11:46:11+08:00 ] 180.97.106.161 /robots.txt
INFO: [ app_init ] --START--
INFO: Run Behavior\BuildLiteBehavior [ RunTime:0.000014s ]
INFO: [ app_init ] --END-- [ RunTime:0.000325s ]
ERR: 无法加载模块:Robots

[ 2015-12-31T13:59:56+08:00 ] 115.239.228.202 /cgi-bin/common/attr?id=260714&r=0.1698889833534921
INFO: [ app_init ] --START--
INFO: Run Behavior\BuildLiteBehavior [ RunTime:0.000014s ]
INFO: [ app_init ] --END-- [ RunTime:0.000334s ]
ERR: 无法加载模块:Cgi-bin

[ 2015-12-31T15:13:52+08:00 ] 115.239.228.202 /cgi-bin/common/attr?id=260714&r=0.0022626113671147
INFO: [ app_init ] --START--
INFO: Run Behavior\BuildLiteBehavior [ RunTime:0.000014s ]
INFO: [ app_init ] --END-- [ RunTime:0.000315s ]
ERR: 无法加载模块:Cgi-bin

[ 2015-12-31T15:49:42+08:00 ] 104.217.216.169 /manager/html
INFO: [ app_init ] --START--
INFO: Run Behavior\BuildLiteBehavior [ RunTime:0.000014s ]
INFO: [ app_init ] --END-- [ RunTime:0.000302s ]
ERR: 无法加载模块:Manager

[ 2015-12-31T16:28:27+08:00 ] 115.239.228.202 /cgi-bin/common/attr?id=260714&r=0.7779806418679295
INFO: [ app_init ] --START--
INFO: Run Behavior\BuildLiteBehavior [ RunTime:0.000014s ]
INFO: [ app_init ] --END-- [ RunTime:0.000301s ]
ERR: 无法加载模块:Cgi-bin

[ 2015-12-31T17:42:16+08:00 ] 115.239.228.202 /cgi-bin/common/attr?id=260714&r=0.5180443208994421
INFO: [ app_init ] --START--
INFO: Run Behavior\BuildLiteBehavior [ RunTime:0.000014s ]
INFO: [ app_init ] --END-- [ RunTime:0.000303s ]
ERR: 无法加载模块:Cgi-bin

[ 2015-12-31T18:55:43+08:00 ] 113.31.29.147 /manager/html
INFO: [ app_init ] --START--
INFO: Run Behavior\BuildLiteBehavior [ RunTime:0.000016s ]
INFO: [ app_init ] --END-- [ RunTime:0.000329s ]
ERR: 无法加载模块:Manager

[ 2015-12-31T18:56:20+08:00 ] 115.239.228.202 /cgi-bin/common/attr?id=260714&r=0.2296136174766096
INFO: [ app_init ] --START--
INFO: Run Behavior\BuildLiteBehavior [ RunTime:0.000014s ]
INFO: [ app_init ] --END-- [ RunTime:0.000331s ]
ERR: 无法加载模块:Cgi-bin

[ 2015-12-31T20:10:35+08:00 ] 115.239.228.202 /cgi-bin/common/attr?id=260714&r=0.5527203788637865
INFO: [ app_init ] --START--
INFO: Run Behavior\BuildLiteBehavior [ RunTime:0.000014s ]
INFO: [ app_init ] --END-- [ RunTime:0.000312s ]
ERR: 无法加载模块:Cgi-bin

[ 2015-12-31T21:23:37+08:00 ] 115.239.228.202 /cgi-bin/common/attr?id=260714&r=0.9924419301942143
INFO: [ app_init ] --START--
INFO: Run Behavior\BuildLiteBehavior [ RunTime:0.000014s ]
INFO: [ app_init ] --END-- [ RunTime:0.000311s ]
ERR: 无法加载模块:Cgi-bin

[ 2015-12-31T22:38:05+08:00 ] 115.239.228.202 /cgi-bin/common/attr?id=260714&r=0.1325638634369437
INFO: [ app_init ] --START--
INFO: Run Behavior\BuildLiteBehavior [ RunTime:0.000014s ]
INFO: [ app_init ] --END-- [ RunTime:0.000316s ]
ERR: 无法加载模块:Cgi-bin

[ 2015-12-31T23:11:37+08:00 ] 113.31.29.147 /manager/html
INFO: [ app_init ] --START--
INFO: Run Behavior\BuildLiteBehavior [ RunTime:0.000014s ]
INFO: [ app_init ] --END-- [ RunTime:0.000316s ]
ERR: 无法加载模块:Manager

[ 2015-12-31T23:15:03+08:00 ] 91.236.75.4 /reader/about/
INFO: [ app_init ] --START--
INFO: Run Behavior\BuildLiteBehavior [ RunTime:0.000033s ]
INFO: [ app_init ] --END-- [ RunTime:0.000319s ]
ERR: 无法加载模块:Reader

[ 2015-12-31T23:51:57+08:00 ] 115.239.228.202 /cgi-bin/common/attr?id=260714&r=0.2184646238912474
INFO: [ app_init ] --START--
INFO: Run Behavior\BuildLiteBehavior [ RunTime:0.000014s ]
INFO: [ app_init ] --END-- [ RunTime:0.000339s ]
ERR: 无法加载模块:Cgi-bin

