[ 2015-12-27T00:06:23+08:00 ] 115.239.228.202 /cgi-bin/common/attr?id=260714&r=0.7276618241471697
INFO: [ app_init ] --START--
INFO: Run Behavior\BuildLiteBehavior [ RunTime:0.000014s ]
INFO: [ app_init ] --END-- [ RunTime:0.000329s ]
ERR: 无法加载模块:Cgi-bin

[ 2015-12-27T00:50:45+08:00 ] 220.167.100.13 /manager/html
INFO: [ app_init ] --START--
INFO: Run Behavior\BuildLiteBehavior [ RunTime:0.000014s ]
INFO: [ app_init ] --END-- [ RunTime:0.000320s ]
ERR: 无法加载模块:Manager

[ 2015-12-27T01:23:49+08:00 ] 61.216.2.14 /404
INFO: [ app_init ] --START--
INFO: Run Behavior\BuildLiteBehavior [ RunTime:0.000014s ]
INFO: [ app_init ] --END-- [ RunTime:0.000304s ]
ERR: 无法加载模块:404

[ 2015-12-27T01:53:07+08:00 ] 104.192.0.226 /cgi-bin/login.cgi
INFO: [ app_init ] --START--
INFO: Run Behavior\BuildLiteBehavior [ RunTime:0.000015s ]
INFO: [ app_init ] --END-- [ RunTime:0.000308s ]
ERR: 无法加载模块:Cgi-bin

[ 2015-12-27T01:53:09+08:00 ] 104.192.0.226 /cgi-bin/login.cgi
INFO: [ app_init ] --START--
INFO: Run Behavior\BuildLiteBehavior [ RunTime:0.000014s ]
INFO: [ app_init ] --END-- [ RunTime:0.000322s ]
ERR: 无法加载模块:Cgi-bin

[ 2015-12-27T03:37:33+08:00 ] 61.160.215.16 /manager/html
INFO: [ app_init ] --START--
INFO: Run Behavior\BuildLiteBehavior [ RunTime:0.000014s ]
INFO: [ app_init ] --END-- [ RunTime:0.000301s ]
ERR: 无法加载模块:Manager

[ 2015-12-27T07:29:27+08:00 ] 115.239.228.202 /cgi-bin/common/attr?id=260714&r=0.9844501609734367
INFO: [ app_init ] --START--
INFO: Run Behavior\BuildLiteBehavior [ RunTime:0.000014s ]
INFO: [ app_init ] --END-- [ RunTime:0.000346s ]
ERR: 无法加载模块:Cgi-bin

[ 2015-12-27T08:43:31+08:00 ] 115.239.228.202 /cgi-bin/common/attr?id=260714&r=0.8025863309793366
INFO: [ app_init ] --START--
INFO: Run Behavior\BuildLiteBehavior [ RunTime:0.000015s ]
INFO: [ app_init ] --END-- [ RunTime:0.000351s ]
ERR: 无法加载模块:Cgi-bin

[ 2015-12-27T10:16:40+08:00 ] 91.236.75.4 /reader/about/
INFO: [ app_init ] --START--
INFO: Run Behavior\BuildLiteBehavior [ RunTime:0.000021s ]
INFO: [ app_init ] --END-- [ RunTime:0.000328s ]
ERR: 无法加载模块:Reader

[ 2015-12-27T10:40:29+08:00 ] 222.186.31.175 /manager/html
INFO: [ app_init ] --START--
INFO: Run Behavior\BuildLiteBehavior [ RunTime:0.000014s ]
INFO: [ app_init ] --END-- [ RunTime:0.000317s ]
ERR: 无法加载模块:Manager

[ 2015-12-27T11:12:11+08:00 ] 115.239.228.202 /cgi-bin/common/attr?id=260714&r=0.3228365469382471
INFO: [ app_init ] --START--
INFO: Run Behavior\BuildLiteBehavior [ RunTime:0.000014s ]
INFO: [ app_init ] --END-- [ RunTime:0.000325s ]
ERR: 无法加载模块:Cgi-bin

[ 2015-12-27T12:26:29+08:00 ] 115.239.228.202 /cgi-bin/common/attr?id=260714&r=0.8555161233570172
INFO: [ app_init ] --START--
INFO: Run Behavior\BuildLiteBehavior [ RunTime:0.000033s ]
INFO: [ app_init ] --END-- [ RunTime:0.000322s ]
ERR: 无法加载模块:Cgi-bin

[ 2015-12-27T12:53:24+08:00 ] 139.196.21.91 /manager/html
INFO: [ app_init ] --START--
INFO: Run Behavior\BuildLiteBehavior [ RunTime:0.000014s ]
INFO: [ app_init ] --END-- [ RunTime:0.000305s ]
ERR: 无法加载模块:Manager

[ 2015-12-27T13:40:33+08:00 ] 115.239.228.202 /cgi-bin/common/attr?id=260714&r=0.3636073888702860
INFO: [ app_init ] --START--
INFO: Run Behavior\BuildLiteBehavior [ RunTime:0.000014s ]
INFO: [ app_init ] --END-- [ RunTime:0.000325s ]
ERR: 无法加载模块:Cgi-bin

[ 2015-12-27T14:50:11+08:00 ] 61.160.213.56 /cgi-bin/chs/numreg/init?
INFO: [ app_init ] --START--
INFO: Run Behavior\BuildLiteBehavior [ RunTime:0.000026s ]
INFO: [ app_init ] --END-- [ RunTime:0.000315s ]
ERR: 无法加载模块:Cgi-bin

[ 2015-12-27T14:54:58+08:00 ] 115.239.228.202 /cgi-bin/common/attr?id=260714&r=0.9722461263160475
INFO: [ app_init ] --START--
INFO: Run Behavior\BuildLiteBehavior [ RunTime:0.000014s ]
INFO: [ app_init ] --END-- [ RunTime:0.000317s ]
ERR: 无法加载模块:Cgi-bin

[ 2015-12-27T16:00:20+08:00 ] 45.35.20.200 /manager/html
INFO: [ app_init ] --START--
INFO: Run Behavior\BuildLiteBehavior [ RunTime:0.000014s ]
INFO: [ app_init ] --END-- [ RunTime:0.000323s ]
ERR: 无法加载模块:Manager

[ 2015-12-27T17:25:10+08:00 ] 61.160.247.34 /console/login/LoginForm.jsp
INFO: [ app_init ] --START--
INFO: Run Behavior\BuildLiteBehavior [ RunTime:0.000014s ]
INFO: [ app_init ] --END-- [ RunTime:0.000316s ]
ERR: 无法加载模块:Console

[ 2015-12-27T19:47:24+08:00 ] 58.221.42.91 /manager/html
INFO: [ app_init ] --START--
INFO: Run Behavior\BuildLiteBehavior [ RunTime:0.000015s ]
INFO: [ app_init ] --END-- [ RunTime:0.000359s ]
ERR: 无法加载模块:Manager

[ 2015-12-27T20:27:18+08:00 ] 122.224.11.183 /manager/html
INFO: [ app_init ] --START--
INFO: Run Behavior\BuildLiteBehavior [ RunTime:0.000014s ]
INFO: [ app_init ] --END-- [ RunTime:0.000303s ]
ERR: 无法加载模块:Manager

[ 2015-12-27T21:05:21+08:00 ] 115.239.228.202 /cgi-bin/common/attr?id=260714&r=0.7996983698707918
INFO: [ app_init ] --START--
INFO: Run Behavior\BuildLiteBehavior [ RunTime:0.000015s ]
INFO: [ app_init ] --END-- [ RunTime:0.000325s ]
ERR: 无法加载模块:Cgi-bin

[ 2015-12-27T22:19:36+08:00 ] 115.239.228.202 /cgi-bin/common/attr?id=260714&r=0.0012590540437321
INFO: [ app_init ] --START--
INFO: Run Behavior\BuildLiteBehavior [ RunTime:0.000014s ]
INFO: [ app_init ] --END-- [ RunTime:0.000297s ]
ERR: 无法加载模块:Cgi-bin

