[ 2015-12-28T00:47:45+08:00 ] 115.239.228.202 /cgi-bin/common/attr?id=260714&r=0.2786378697512299
INFO: [ app_init ] --START--
INFO: Run Behavior\BuildLiteBehavior [ RunTime:0.000015s ]
INFO: [ app_init ] --END-- [ RunTime:0.000326s ]
ERR: 无法加载模块:Cgi-bin

[ 2015-12-28T01:00:33+08:00 ] 115.239.228.202 /cgi-bin/common/attr?id=260714&r=0.5918038520403089
INFO: [ app_init ] --START--
INFO: Run Behavior\BuildLiteBehavior [ RunTime:0.000014s ]
INFO: [ app_init ] --END-- [ RunTime:0.000428s ]
ERR: 无法加载模块:Cgi-bin

[ 2015-12-28T02:01:26+08:00 ] 202.189.128.162 /manager/html
INFO: [ app_init ] --START--
INFO: Run Behavior\BuildLiteBehavior [ RunTime:0.000032s ]
INFO: [ app_init ] --END-- [ RunTime:0.000338s ]
ERR: 无法加载模块:Manager

[ 2015-12-28T02:15:20+08:00 ] 115.239.228.202 /cgi-bin/common/attr?id=260714&r=0.1679794387342427
INFO: [ app_init ] --START--
INFO: Run Behavior\BuildLiteBehavior [ RunTime:0.000020s ]
INFO: [ app_init ] --END-- [ RunTime:0.000340s ]
ERR: 无法加载模块:Cgi-bin

[ 2015-12-28T04:42:58+08:00 ] 115.239.228.202 /cgi-bin/common/attr?id=260714&r=0.1596974237968312
INFO: [ app_init ] --START--
INFO: Run Behavior\BuildLiteBehavior [ RunTime:0.000014s ]
INFO: [ app_init ] --END-- [ RunTime:0.000319s ]
ERR: 无法加载模块:Cgi-bin

[ 2015-12-28T05:13:14+08:00 ] 61.160.215.16 /manager/html
INFO: [ app_init ] --START--
INFO: Run Behavior\BuildLiteBehavior [ RunTime:0.000015s ]
INFO: [ app_init ] --END-- [ RunTime:0.000321s ]
ERR: 无法加载模块:Manager

[ 2015-12-28T05:56:45+08:00 ] 115.239.228.202 /cgi-bin/common/attr?id=260714&r=0.3105751465992181
INFO: [ app_init ] --START--
INFO: Run Behavior\BuildLiteBehavior [ RunTime:0.000015s ]
INFO: [ app_init ] --END-- [ RunTime:0.000339s ]
ERR: 无法加载模块:Cgi-bin

[ 2015-12-28T07:10:19+08:00 ] 115.239.228.202 /cgi-bin/common/attr?id=260714&r=0.0966705694851631
INFO: [ app_init ] --START--
INFO: Run Behavior\BuildLiteBehavior [ RunTime:0.000014s ]
INFO: [ app_init ] --END-- [ RunTime:0.000401s ]
ERR: 无法加载模块:Cgi-bin

[ 2015-12-28T08:24:19+08:00 ] 115.239.228.202 /cgi-bin/common/attr?id=260714&r=0.1584805826609066
INFO: [ app_init ] --START--
INFO: Run Behavior\BuildLiteBehavior [ RunTime:0.000015s ]
INFO: [ app_init ] --END-- [ RunTime:0.000326s ]
ERR: 无法加载模块:Cgi-bin

[ 2015-12-28T09:38:28+08:00 ] 115.239.228.202 /cgi-bin/common/attr?id=260714&r=0.3171212076808151
INFO: [ app_init ] --START--
INFO: Run Behavior\BuildLiteBehavior [ RunTime:0.000014s ]
INFO: [ app_init ] --END-- [ RunTime:0.000320s ]
ERR: 无法加载模块:Cgi-bin

[ 2015-12-28T10:52:48+08:00 ] 115.239.228.202 /cgi-bin/common/attr?id=260714&r=0.2712249484663499
INFO: [ app_init ] --START--
INFO: Run Behavior\BuildLiteBehavior [ RunTime:0.000014s ]
INFO: [ app_init ] --END-- [ RunTime:0.000302s ]
ERR: 无法加载模块:Cgi-bin

[ 2015-12-28T13:14:00+08:00 ] 123.150.107.28 /manager/html
INFO: [ app_init ] --START--
INFO: Run Behavior\BuildLiteBehavior [ RunTime:0.000014s ]
INFO: [ app_init ] --END-- [ RunTime:0.000292s ]
ERR: 无法加载模块:Manager

[ 2015-12-28T14:34:13+08:00 ] 115.239.228.202 /cgi-bin/common/attr?id=260714&r=0.2208680280693844
INFO: [ app_init ] --START--
INFO: Run Behavior\BuildLiteBehavior [ RunTime:0.000014s ]
INFO: [ app_init ] --END-- [ RunTime:0.000301s ]
ERR: 无法加载模块:Cgi-bin

[ 2015-12-28T15:48:10+08:00 ] 115.239.228.202 /cgi-bin/common/attr?id=260714&r=0.5948187202574881
INFO: [ app_init ] --START--
INFO: Run Behavior\BuildLiteBehavior [ RunTime:0.000015s ]
INFO: [ app_init ] --END-- [ RunTime:0.000316s ]
ERR: 无法加载模块:Cgi-bin

[ 2015-12-28T16:25:30+08:00 ] 118.193.12.194 /manager/html
INFO: [ app_init ] --START--
INFO: Run Behavior\BuildLiteBehavior [ RunTime:0.000015s ]
INFO: [ app_init ] --END-- [ RunTime:0.000339s ]
ERR: 无法加载模块:Manager

[ 2015-12-28T17:01:44+08:00 ] 115.239.228.202 /cgi-bin/common/attr?id=260714&r=0.0306856328199791
INFO: [ app_init ] --START--
INFO: Run Behavior\BuildLiteBehavior [ RunTime:0.000014s ]
INFO: [ app_init ] --END-- [ RunTime:0.000325s ]
ERR: 无法加载模块:Cgi-bin

[ 2015-12-28T18:15:13+08:00 ] 115.239.228.202 /cgi-bin/common/attr?id=260714&r=0.1150687741170788
INFO: [ app_init ] --START--
INFO: Run Behavior\BuildLiteBehavior [ RunTime:0.000014s ]
INFO: [ app_init ] --END-- [ RunTime:0.000322s ]
ERR: 无法加载模块:Cgi-bin

[ 2015-12-28T19:28:52+08:00 ] 115.239.228.202 /cgi-bin/common/attr?id=260714&r=0.9738830967017951
INFO: [ app_init ] --START--
INFO: Run Behavior\BuildLiteBehavior [ RunTime:0.000014s ]
INFO: [ app_init ] --END-- [ RunTime:0.000415s ]
ERR: 无法加载模块:Cgi-bin

[ 2015-12-28T21:57:23+08:00 ] 115.239.228.202 /cgi-bin/common/attr?id=260714&r=0.8717750108209597
INFO: [ app_init ] --START--
INFO: Run Behavior\BuildLiteBehavior [ RunTime:0.000014s ]
INFO: [ app_init ] --END-- [ RunTime:0.000325s ]
ERR: 无法加载模块:Cgi-bin

[ 2015-12-28T23:10:49+08:00 ] 115.239.228.202 /cgi-bin/common/attr?id=260714&r=0.3223740151042722
INFO: [ app_init ] --START--
INFO: Run Behavior\BuildLiteBehavior [ RunTime:0.000014s ]
INFO: [ app_init ] --END-- [ RunTime:0.000303s ]
ERR: 无法加载模块:Cgi-bin

