[ 2015-12-29T00:25:34+08:00 ] 115.239.228.202 /cgi-bin/common/attr?id=260714&r=0.8655032302823797
INFO: [ app_init ] --START--
INFO: Run Behavior\BuildLiteBehavior [ RunTime:0.000014s ]
INFO: [ app_init ] --END-- [ RunTime:0.000340s ]
ERR: 无法加载模块:Cgi-bin

[ 2015-12-29T01:39:56+08:00 ] 115.239.228.202 /cgi-bin/common/attr?id=260714&r=0.3390572449932214
INFO: [ app_init ] --START--
INFO: Run Behavior\BuildLiteBehavior [ RunTime:0.000015s ]
INFO: [ app_init ] --END-- [ RunTime:0.000301s ]
ERR: 无法加载模块:Cgi-bin

[ 2015-12-29T02:53:36+08:00 ] 115.239.228.202 /cgi-bin/common/attr?id=260714&r=0.2965982846425046
INFO: [ app_init ] --START--
INFO: Run Behavior\BuildLiteBehavior [ RunTime:0.000015s ]
INFO: [ app_init ] --END-- [ RunTime:0.000304s ]
ERR: 无法加载模块:Cgi-bin

[ 2015-12-29T04:07:30+08:00 ] 115.239.228.202 /cgi-bin/common/attr?id=260714&r=0.1954758962784838
INFO: [ app_init ] --START--
INFO: Run Behavior\BuildLiteBehavior [ RunTime:0.000014s ]
INFO: [ app_init ] --END-- [ RunTime:0.000303s ]
ERR: 无法加载模块:Cgi-bin

[ 2015-12-29T06:35:00+08:00 ] 115.239.228.202 /cgi-bin/common/attr?id=260714&r=0.9633738470111917
INFO: [ app_init ] --START--
INFO: Run Behavior\BuildLiteBehavior [ RunTime:0.000014s ]
INFO: [ app_init ] --END-- [ RunTime:0.000304s ]
ERR: 无法加载模块:Cgi-bin

[ 2015-12-29T07:48:53+08:00 ] 115.239.228.202 /cgi-bin/common/attr?id=260714&r=0.5232004141160060
INFO: [ app_init ] --START--
INFO: Run Behavior\BuildLiteBehavior [ RunTime:0.000015s ]
INFO: [ app_init ] --END-- [ RunTime:0.000302s ]
ERR: 无法加载模块:Cgi-bin

[ 2015-12-29T10:16:41+08:00 ] 115.239.228.202 /cgi-bin/common/attr?id=260714&r=0.9247834711919250
INFO: [ app_init ] --START--
INFO: Run Behavior\BuildLiteBehavior [ RunTime:0.000014s ]
INFO: [ app_init ] --END-- [ RunTime:0.000305s ]
ERR: 无法加载模块:Cgi-bin

[ 2015-12-29T11:31:14+08:00 ] 115.239.228.202 /cgi-bin/common/attr?id=260714&r=0.8101010814206845
INFO: [ app_init ] --START--
INFO: Run Behavior\BuildLiteBehavior [ RunTime:0.000014s ]
INFO: [ app_init ] --END-- [ RunTime:0.000317s ]
ERR: 无法加载模块:Cgi-bin

[ 2015-12-29T12:44:38+08:00 ] 115.239.228.202 /cgi-bin/common/attr?id=260714&r=0.8349620876399771
INFO: [ app_init ] --START--
INFO: Run Behavior\BuildLiteBehavior [ RunTime:0.000015s ]
INFO: [ app_init ] --END-- [ RunTime:0.000319s ]
ERR: 无法加载模块:Cgi-bin

[ 2015-12-29T13:58:19+08:00 ] 115.239.228.202 /cgi-bin/common/attr?id=260714&r=0.4159389005777017
INFO: [ app_init ] --START--
INFO: Run Behavior\BuildLiteBehavior [ RunTime:0.000014s ]
INFO: [ app_init ] --END-- [ RunTime:0.000302s ]
ERR: 无法加载模块:Cgi-bin

[ 2015-12-29T15:12:05+08:00 ] 115.239.228.202 /cgi-bin/common/attr?id=260714&r=0.4040656419544307
INFO: [ app_init ] --START--
INFO: Run Behavior\BuildLiteBehavior [ RunTime:0.000014s ]
INFO: [ app_init ] --END-- [ RunTime:0.000334s ]
ERR: 无法加载模块:Cgi-bin

[ 2015-12-29T16:26:11+08:00 ] 115.239.228.202 /cgi-bin/common/attr?id=260714&r=0.0564681969677029
INFO: [ app_init ] --START--
INFO: Run Behavior\BuildLiteBehavior [ RunTime:0.000014s ]
INFO: [ app_init ] --END-- [ RunTime:0.000337s ]
ERR: 无法加载模块:Cgi-bin

[ 2015-12-29T17:37:06+08:00 ] 61.160.213.56 /cgi-bin/chs/numreg/init?
INFO: [ app_init ] --START--
INFO: Run Behavior\BuildLiteBehavior [ RunTime:0.000033s ]
INFO: [ app_init ] --END-- [ RunTime:0.000323s ]
ERR: 无法加载模块:Cgi-bin

[ 2015-12-29T18:54:38+08:00 ] 115.239.228.202 /cgi-bin/common/attr?id=260714&r=0.9824355376669724
INFO: [ app_init ] --START--
INFO: Run Behavior\BuildLiteBehavior [ RunTime:0.000014s ]
INFO: [ app_init ] --END-- [ RunTime:0.000293s ]
ERR: 无法加载模块:Cgi-bin

[ 2015-12-29T20:08:21+08:00 ] 115.239.228.202 /cgi-bin/common/attr?id=260714&r=0.7431981065183155
INFO: [ app_init ] --START--
INFO: Run Behavior\BuildLiteBehavior [ RunTime:0.000014s ]
INFO: [ app_init ] --END-- [ RunTime:0.000318s ]
ERR: 无法加载模块:Cgi-bin

[ 2015-12-29T21:22:18+08:00 ] 115.239.228.202 /cgi-bin/common/attr?id=260714&r=0.2695922635058017
INFO: [ app_init ] --START--
INFO: Run Behavior\BuildLiteBehavior [ RunTime:0.000014s ]
INFO: [ app_init ] --END-- [ RunTime:0.000314s ]
ERR: 无法加载模块:Cgi-bin

[ 2015-12-29T22:37:44+08:00 ] 115.239.228.202 /cgi-bin/common/attr?id=260714&r=0.9507860586612774
INFO: [ app_init ] --START--
INFO: Run Behavior\BuildLiteBehavior [ RunTime:0.000015s ]
INFO: [ app_init ] --END-- [ RunTime:0.000315s ]
ERR: 无法加载模块:Cgi-bin

[ 2015-12-29T23:39:34+08:00 ] 222.186.31.179 /manager/html
INFO: [ app_init ] --START--
INFO: Run Behavior\BuildLiteBehavior [ RunTime:0.000014s ]
INFO: [ app_init ] --END-- [ RunTime:0.000324s ]
ERR: 无法加载模块:Manager

[ 2015-12-29T23:50:48+08:00 ] 115.239.228.202 /cgi-bin/common/attr?id=260714&r=0.1501287942982295
INFO: [ app_init ] --START--
INFO: Run Behavior\BuildLiteBehavior [ RunTime:0.000014s ]
INFO: [ app_init ] --END-- [ RunTime:0.000303s ]
ERR: 无法加载模块:Cgi-bin

