[ 2016-01-02T00:48:19+08:00 ] 115.239.228.202 /cgi-bin/common/attr?id=260714&r=0.8061074321923672
INFO: [ app_init ] --START--
INFO: Run Behavior\BuildLiteBehavior [ RunTime:0.000015s ]
INFO: [ app_init ] --END-- [ RunTime:0.000319s ]
ERR: 无法加载模块:Cgi-bin

[ 2016-01-02T02:02:11+08:00 ] 115.239.228.202 /cgi-bin/common/attr?id=260714&r=0.1157282021452251
INFO: [ app_init ] --START--
INFO: Run Behavior\BuildLiteBehavior [ RunTime:0.000014s ]
INFO: [ app_init ] --END-- [ RunTime:0.000303s ]
ERR: 无法加载模块:Cgi-bin

[ 2016-01-02T03:15:30+08:00 ] 115.239.228.202 /cgi-bin/common/attr?id=260714&r=0.8841787452511172
INFO: [ app_init ] --START--
INFO: Run Behavior\BuildLiteBehavior [ RunTime:0.000014s ]
INFO: [ app_init ] --END-- [ RunTime:0.000304s ]
ERR: 无法加载模块:Cgi-bin

[ 2016-01-02T04:29:52+08:00 ] 115.239.228.202 /cgi-bin/common/attr?id=260714&r=0.9756415041927035
INFO: [ app_init ] --START--
INFO: Run Behavior\BuildLiteBehavior [ RunTime:0.000014s ]
INFO: [ app_init ] --END-- [ RunTime:0.000305s ]
ERR: 无法加载模块:Cgi-bin

[ 2016-01-02T05:29:51+08:00 ] 61.160.213.56 /cgi-bin/chs/numreg/init?
INFO: [ app_init ] --START--
INFO: Run Behavior\BuildLiteBehavior [ RunTime:0.000037s ]
INFO: [ app_init ] --END-- [ RunTime:0.000331s ]
ERR: 无法加载模块:Cgi-bin

[ 2016-01-02T05:43:35+08:00 ] 115.239.228.202 /cgi-bin/common/attr?id=260714&r=0.0553924158385495
INFO: [ app_init ] --START--
INFO: Run Behavior\BuildLiteBehavior [ RunTime:0.000015s ]
INFO: [ app_init ] --END-- [ RunTime:0.000303s ]
ERR: 无法加载模块:Cgi-bin

[ 2016-01-02T06:57:32+08:00 ] 115.239.228.202 /cgi-bin/common/attr?id=260714&r=0.8853961495592003
INFO: [ app_init ] --START--
INFO: Run Behavior\BuildLiteBehavior [ RunTime:0.000014s ]
INFO: [ app_init ] --END-- [ RunTime:0.000301s ]
ERR: 无法加载模块:Cgi-bin

[ 2016-01-02T08:10:59+08:00 ] 115.239.228.202 /cgi-bin/common/attr?id=260714&r=0.5138893007331512
INFO: [ app_init ] --START--
INFO: Run Behavior\BuildLiteBehavior [ RunTime:0.000014s ]
INFO: [ app_init ] --END-- [ RunTime:0.000325s ]
ERR: 无法加载模块:Cgi-bin

[ 2016-01-02T09:25:15+08:00 ] 115.239.228.202 /cgi-bin/common/attr?id=260714&r=0.7317119980062610
INFO: [ app_init ] --START--
INFO: Run Behavior\BuildLiteBehavior [ RunTime:0.000014s ]
INFO: [ app_init ] --END-- [ RunTime:0.000304s ]
ERR: 无法加载模块:Cgi-bin

[ 2016-01-02T10:16:01+08:00 ] 115.239.228.202 /cgi-bin/common/attr?id=260714&r=0.8682337774796922
INFO: [ app_init ] --START--
INFO: Run Behavior\BuildLiteBehavior [ RunTime:0.000014s ]
INFO: [ app_init ] --END-- [ RunTime:0.000301s ]
ERR: 无法加载模块:Cgi-bin

[ 2016-01-02T11:31:09+08:00 ] 115.239.228.202 /cgi-bin/common/attr?id=260714&r=0.2269869960200087
INFO: [ app_init ] --START--
INFO: Run Behavior\BuildLiteBehavior [ RunTime:0.000014s ]
INFO: [ app_init ] --END-- [ RunTime:0.000301s ]
ERR: 无法加载模块:Cgi-bin

[ 2016-01-02T12:45:31+08:00 ] 115.239.228.202 /cgi-bin/common/attr?id=260714&r=0.4215953015589374
INFO: [ app_init ] --START--
INFO: Run Behavior\BuildLiteBehavior [ RunTime:0.000015s ]
INFO: [ app_init ] --END-- [ RunTime:0.000322s ]
ERR: 无法加载模块:Cgi-bin

[ 2016-01-02T13:59:08+08:00 ] 115.239.228.202 /cgi-bin/common/attr?id=260714&r=0.5593485162076595
INFO: [ app_init ] --START--
INFO: Run Behavior\BuildLiteBehavior [ RunTime:0.000014s ]
INFO: [ app_init ] --END-- [ RunTime:0.000316s ]
ERR: 无法加载模块:Cgi-bin

[ 2016-01-02T15:13:48+08:00 ] 115.239.228.202 /cgi-bin/common/attr?id=260714&r=0.8350944191185919
INFO: [ app_init ] --START--
INFO: Run Behavior\BuildLiteBehavior [ RunTime:0.000013s ]
INFO: [ app_init ] --END-- [ RunTime:0.000299s ]
ERR: 无法加载模块:Cgi-bin

[ 2016-01-02T16:27:05+08:00 ] 115.239.228.202 /cgi-bin/common/attr?id=260714&r=0.8253426311875948
INFO: [ app_init ] --START--
INFO: Run Behavior\BuildLiteBehavior [ RunTime:0.000015s ]
INFO: [ app_init ] --END-- [ RunTime:0.000321s ]
ERR: 无法加载模块:Cgi-bin

[ 2016-01-02T17:41:15+08:00 ] 115.239.228.202 /cgi-bin/common/attr?id=260714&r=0.9803205201379307
INFO: [ app_init ] --START--
INFO: Run Behavior\BuildLiteBehavior [ RunTime:0.000014s ]
INFO: [ app_init ] --END-- [ RunTime:0.000353s ]
ERR: 无法加载模块:Cgi-bin

[ 2016-01-02T18:55:51+08:00 ] 115.239.228.202 /cgi-bin/common/attr?id=260714&r=0.8351779673090800
INFO: [ app_init ] --START--
INFO: Run Behavior\BuildLiteBehavior [ RunTime:0.000014s ]
INFO: [ app_init ] --END-- [ RunTime:0.000302s ]
ERR: 无法加载模块:Cgi-bin

[ 2016-01-02T20:09:13+08:00 ] 115.239.228.202 /cgi-bin/common/attr?id=260714&r=0.0612458448298272
INFO: [ app_init ] --START--
INFO: Run Behavior\BuildLiteBehavior [ RunTime:0.000015s ]
INFO: [ app_init ] --END-- [ RunTime:0.000301s ]
ERR: 无法加载模块:Cgi-bin

[ 2016-01-02T21:19:23+08:00 ] 111.126.107.53 /manager/html
INFO: [ app_init ] --START--
INFO: Run Behavior\BuildLiteBehavior [ RunTime:0.000014s ]
INFO: [ app_init ] --END-- [ RunTime:0.000302s ]
ERR: 无法加载模块:Manager

[ 2016-01-02T21:23:10+08:00 ] 115.239.228.202 /cgi-bin/common/attr?id=260714&r=0.5381331496000521
INFO: [ app_init ] --START--
INFO: Run Behavior\BuildLiteBehavior [ RunTime:0.000014s ]
INFO: [ app_init ] --END-- [ RunTime:0.000316s ]
ERR: 无法加载模块:Cgi-bin

[ 2016-01-02T22:08:28+08:00 ] 61.160.213.56 /cgi-bin/chs/numreg/init?
INFO: [ app_init ] --START--
INFO: Run Behavior\BuildLiteBehavior [ RunTime:0.000014s ]
INFO: [ app_init ] --END-- [ RunTime:0.000342s ]
ERR: 无法加载模块:Cgi-bin

[ 2016-01-02T22:37:17+08:00 ] 115.239.228.202 /cgi-bin/common/attr?id=260714&r=0.9604822357261628
INFO: [ app_init ] --START--
INFO: Run Behavior\BuildLiteBehavior [ RunTime:0.000014s ]
INFO: [ app_init ] --END-- [ RunTime:0.000314s ]
ERR: 无法加载模块:Cgi-bin

[ 2016-01-02T23:10:26+08:00 ] 222.186.21.181 /manager/html
INFO: [ app_init ] --START--
INFO: Run Behavior\BuildLiteBehavior [ RunTime:0.000014s ]
INFO: [ app_init ] --END-- [ RunTime:0.000325s ]
ERR: 无法加载模块:Manager

[ 2016-01-02T23:51:13+08:00 ] 115.239.228.202 /cgi-bin/common/attr?id=260714&r=0.4241114496096519
INFO: [ app_init ] --START--
INFO: Run Behavior\BuildLiteBehavior [ RunTime:0.000015s ]
INFO: [ app_init ] --END-- [ RunTime:0.000325s ]
ERR: 无法加载模块:Cgi-bin

