[ 2016-01-01T01:06:01+08:00 ] 115.239.228.202 /cgi-bin/common/attr?id=260714&r=0.0719099276481409
INFO: [ app_init ] --START--
INFO: Run Behavior\BuildLiteBehavior [ RunTime:0.000015s ]
INFO: [ app_init ] --END-- [ RunTime:0.000303s ]
ERR: 无法加载模块:Cgi-bin

[ 2016-01-01T02:20:08+08:00 ] 115.239.228.202 /cgi-bin/common/attr?id=260714&r=0.0316554962977310
INFO: [ app_init ] --START--
INFO: Run Behavior\BuildLiteBehavior [ RunTime:0.000014s ]
INFO: [ app_init ] --END-- [ RunTime:0.000322s ]
ERR: 无法加载模块:Cgi-bin

[ 2016-01-01T03:33:38+08:00 ] 115.239.228.202 /cgi-bin/common/attr?id=260714&r=0.1875353982362319
INFO: [ app_init ] --START--
INFO: Run Behavior\BuildLiteBehavior [ RunTime:0.000014s ]
INFO: [ app_init ] --END-- [ RunTime:0.000319s ]
ERR: 无法加载模块:Cgi-bin

[ 2016-01-01T05:10:41+08:00 ] 91.236.75.4 /reader/about/
INFO: [ app_init ] --START--
INFO: Run Behavior\BuildLiteBehavior [ RunTime:0.000015s ]
INFO: [ app_init ] --END-- [ RunTime:0.000334s ]
ERR: 无法加载模块:Reader

[ 2016-01-01T06:00:51+08:00 ] 115.239.228.202 /cgi-bin/common/attr?id=260714&r=0.1598775370612201
INFO: [ app_init ] --START--
INFO: Run Behavior\BuildLiteBehavior [ RunTime:0.000014s ]
INFO: [ app_init ] --END-- [ RunTime:0.000407s ]
ERR: 无法加载模块:Cgi-bin

[ 2016-01-01T07:14:40+08:00 ] 115.239.228.202 /cgi-bin/common/attr?id=260714&r=0.2194203740866136
INFO: [ app_init ] --START--
INFO: Run Behavior\BuildLiteBehavior [ RunTime:0.000014s ]
INFO: [ app_init ] --END-- [ RunTime:0.000323s ]
ERR: 无法加载模块:Cgi-bin

[ 2016-01-01T07:18:36+08:00 ] 23.251.63.45 /index.html
INFO: [ app_init ] --START--
INFO: Run Behavior\BuildLiteBehavior [ RunTime:0.000014s ]
INFO: [ app_init ] --END-- [ RunTime:0.000300s ]
ERR: 无法加载模块:Index

[ 2016-01-01T08:28:40+08:00 ] 115.239.228.202 /cgi-bin/common/attr?id=260714&r=0.4406492734806632
INFO: [ app_init ] --START--
INFO: Run Behavior\BuildLiteBehavior [ RunTime:0.000014s ]
INFO: [ app_init ] --END-- [ RunTime:0.000346s ]
ERR: 无法加载模块:Cgi-bin

[ 2016-01-01T09:42:30+08:00 ] 115.239.228.202 /cgi-bin/common/attr?id=260714&r=0.7914172163817841
INFO: [ app_init ] --START--
INFO: Run Behavior\BuildLiteBehavior [ RunTime:0.000014s ]
INFO: [ app_init ] --END-- [ RunTime:0.000321s ]
ERR: 无法加载模块:Cgi-bin

[ 2016-01-01T09:58:43+08:00 ] 115.239.228.202 /cgi-bin/common/attr?id=260714&r=0.0087738582233285
INFO: [ app_init ] --START--
INFO: Run Behavior\BuildLiteBehavior [ RunTime:0.000014s ]
INFO: [ app_init ] --END-- [ RunTime:0.000302s ]
ERR: 无法加载模块:Cgi-bin

[ 2016-01-01T11:13:23+08:00 ] 115.239.228.202 /cgi-bin/common/attr?id=260714&r=0.5399681327039236
INFO: [ app_init ] --START--
INFO: Run Behavior\BuildLiteBehavior [ RunTime:0.000015s ]
INFO: [ app_init ] --END-- [ RunTime:0.000321s ]
ERR: 无法加载模块:Cgi-bin

[ 2016-01-01T12:27:24+08:00 ] 115.239.228.202 /cgi-bin/common/attr?id=260714&r=0.8218284756314180
INFO: [ app_init ] --START--
INFO: Run Behavior\BuildLiteBehavior [ RunTime:0.000015s ]
INFO: [ app_init ] --END-- [ RunTime:0.000337s ]
ERR: 无法加载模块:Cgi-bin

[ 2016-01-01T12:52:58+08:00 ] 61.160.213.56 /cgi-bin/chs/numreg/init?
INFO: [ app_init ] --START--
INFO: Run Behavior\BuildLiteBehavior [ RunTime:0.000014s ]
INFO: [ app_init ] --END-- [ RunTime:0.000303s ]
ERR: 无法加载模块:Cgi-bin

[ 2016-01-01T13:41:16+08:00 ] 115.239.228.202 /cgi-bin/common/attr?id=260714&r=0.0176200496977926
INFO: [ app_init ] --START--
INFO: Run Behavior\BuildLiteBehavior [ RunTime:0.000014s ]
INFO: [ app_init ] --END-- [ RunTime:0.000304s ]
ERR: 无法加载模块:Cgi-bin

[ 2016-01-01T14:55:23+08:00 ] 115.239.228.202 /cgi-bin/common/attr?id=260714&r=0.1799815394612279
INFO: [ app_init ] --START--
INFO: Run Behavior\BuildLiteBehavior [ RunTime:0.000014s ]
INFO: [ app_init ] --END-- [ RunTime:0.000303s ]
ERR: 无法加载模块:Cgi-bin

[ 2016-01-01T16:09:28+08:00 ] 115.239.228.202 /cgi-bin/common/attr?id=260714&r=0.8578071405624649
INFO: [ app_init ] --START--
INFO: Run Behavior\BuildLiteBehavior [ RunTime:0.000015s ]
INFO: [ app_init ] --END-- [ RunTime:0.000306s ]
ERR: 无法加载模块:Cgi-bin

[ 2016-01-01T17:23:31+08:00 ] 115.239.228.202 /cgi-bin/common/attr?id=260714&r=0.6957685193544094
INFO: [ app_init ] --START--
INFO: Run Behavior\BuildLiteBehavior [ RunTime:0.000015s ]
INFO: [ app_init ] --END-- [ RunTime:0.000304s ]
ERR: 无法加载模块:Cgi-bin

[ 2016-01-01T18:37:37+08:00 ] 115.239.228.202 /cgi-bin/common/attr?id=260714&r=0.2947488309000775
INFO: [ app_init ] --START--
INFO: Run Behavior\BuildLiteBehavior [ RunTime:0.000014s ]
INFO: [ app_init ] --END-- [ RunTime:0.000312s ]
ERR: 无法加载模块:Cgi-bin

[ 2016-01-01T19:51:37+08:00 ] 115.239.228.202 /cgi-bin/common/attr?id=260714&r=0.3324953113587197
INFO: [ app_init ] --START--
INFO: Run Behavior\BuildLiteBehavior [ RunTime:0.000015s ]
INFO: [ app_init ] --END-- [ RunTime:0.000317s ]
ERR: 无法加载模块:Cgi-bin

[ 2016-01-01T21:05:52+08:00 ] 115.239.228.202 /cgi-bin/common/attr?id=260714&r=0.2112493399150687
INFO: [ app_init ] --START--
INFO: Run Behavior\BuildLiteBehavior [ RunTime:0.000014s ]
INFO: [ app_init ] --END-- [ RunTime:0.000313s ]
ERR: 无法加载模块:Cgi-bin

[ 2016-01-01T21:33:06+08:00 ] 91.236.75.4 /reader/about/
INFO: [ app_init ] --START--
INFO: Run Behavior\BuildLiteBehavior [ RunTime:0.000015s ]
INFO: [ app_init ] --END-- [ RunTime:0.000302s ]
ERR: 无法加载模块:Reader

[ 2016-01-01T22:20:15+08:00 ] 115.239.228.202 /cgi-bin/common/attr?id=260714&r=0.2287626904199389
INFO: [ app_init ] --START--
INFO: Run Behavior\BuildLiteBehavior [ RunTime:0.000014s ]
INFO: [ app_init ] --END-- [ RunTime:0.000324s ]
ERR: 无法加载模块:Cgi-bin

[ 2016-01-01T23:34:32+08:00 ] 115.239.228.202 /cgi-bin/common/attr?id=260714&r=0.7465528680784317
INFO: [ app_init ] --START--
INFO: Run Behavior\BuildLiteBehavior [ RunTime:0.000014s ]
INFO: [ app_init ] --END-- [ RunTime:0.000294s ]
ERR: 无法加载模块:Cgi-bin

[ 2016-01-01T23:35:23+08:00 ] 91.236.75.4 /reader/about/
INFO: [ app_init ] --START--
INFO: Run Behavior\BuildLiteBehavior [ RunTime:0.000014s ]
INFO: [ app_init ] --END-- [ RunTime:0.000302s ]
ERR: 无法加载模块:Reader

