[ 2016-01-03T01:05:10+08:00 ] 115.239.228.202 /cgi-bin/common/attr?id=260714&r=0.1036888862947580
INFO: [ app_init ] --START--
INFO: Run Behavior\BuildLiteBehavior [ RunTime:0.000015s ]
INFO: [ app_init ] --END-- [ RunTime:0.000317s ]
ERR: 无法加载模块:Cgi-bin

[ 2016-01-03T02:19:14+08:00 ] 115.239.228.202 /cgi-bin/common/attr?id=260714&r=0.8559921858796057
INFO: [ app_init ] --START--
INFO: Run Behavior\BuildLiteBehavior [ RunTime:0.000015s ]
INFO: [ app_init ] --END-- [ RunTime:0.000375s ]
ERR: 无法加载模块:Cgi-bin

[ 2016-01-03T03:33:07+08:00 ] 115.239.228.202 /cgi-bin/common/attr?id=260714&r=0.9206053627160149
INFO: [ app_init ] --START--
INFO: Run Behavior\BuildLiteBehavior [ RunTime:0.000014s ]
INFO: [ app_init ] --END-- [ RunTime:0.000319s ]
ERR: 无法加载模块:Cgi-bin

[ 2016-01-03T04:46:56+08:00 ] 115.239.228.202 /cgi-bin/common/attr?id=260714&r=0.3781335010938631
INFO: [ app_init ] --START--
INFO: Run Behavior\BuildLiteBehavior [ RunTime:0.000014s ]
INFO: [ app_init ] --END-- [ RunTime:0.000321s ]
ERR: 无法加载模块:Cgi-bin

[ 2016-01-03T06:07:12+08:00 ] 222.186.31.179 /manager/html
INFO: [ app_init ] --START--
INFO: Run Behavior\BuildLiteBehavior [ RunTime:0.000014s ]
INFO: [ app_init ] --END-- [ RunTime:0.000309s ]
ERR: 无法加载模块:Manager

[ 2016-01-03T08:28:49+08:00 ] 115.239.228.202 /cgi-bin/common/attr?id=260714&r=0.4455940180999294
INFO: [ app_init ] --START--
INFO: Run Behavior\BuildLiteBehavior [ RunTime:0.000014s ]
INFO: [ app_init ] --END-- [ RunTime:0.000322s ]
ERR: 无法加载模块:Cgi-bin

[ 2016-01-03T09:42:59+08:00 ] 115.239.228.202 /cgi-bin/common/attr?id=260714&r=0.5311441683251721
INFO: [ app_init ] --START--
INFO: Run Behavior\BuildLiteBehavior [ RunTime:0.000014s ]
INFO: [ app_init ] --END-- [ RunTime:0.000321s ]
ERR: 无法加载模块:Cgi-bin

[ 2016-01-03T10:32:09+08:00 ] 91.236.75.4 /reader/about/
INFO: [ app_init ] --START--
INFO: Run Behavior\BuildLiteBehavior [ RunTime:0.000014s ]
INFO: [ app_init ] --END-- [ RunTime:0.000301s ]
ERR: 无法加载模块:Reader

[ 2016-01-03T10:57:25+08:00 ] 115.239.228.202 /cgi-bin/common/attr?id=260714&r=0.3578387774294926
INFO: [ app_init ] --START--
INFO: Run Behavior\BuildLiteBehavior [ RunTime:0.000015s ]
INFO: [ app_init ] --END-- [ RunTime:0.000315s ]
ERR: 无法加载模块:Cgi-bin

[ 2016-01-03T12:11:33+08:00 ] 115.239.228.202 /cgi-bin/common/attr?id=260714&r=0.0243540494582444
INFO: [ app_init ] --START--
INFO: Run Behavior\BuildLiteBehavior [ RunTime:0.000015s ]
INFO: [ app_init ] --END-- [ RunTime:0.000353s ]
ERR: 无法加载模块:Cgi-bin

[ 2016-01-03T13:25:33+08:00 ] 115.239.228.202 /cgi-bin/common/attr?id=260714&r=0.6455457236846721
INFO: [ app_init ] --START--
INFO: Run Behavior\BuildLiteBehavior [ RunTime:0.000014s ]
INFO: [ app_init ] --END-- [ RunTime:0.000333s ]
ERR: 无法加载模块:Cgi-bin

[ 2016-01-03T14:39:37+08:00 ] 115.239.228.202 /cgi-bin/common/attr?id=260714&r=0.2561991473043901
INFO: [ app_init ] --START--
INFO: Run Behavior\BuildLiteBehavior [ RunTime:0.000014s ]
INFO: [ app_init ] --END-- [ RunTime:0.000319s ]
ERR: 无法加载模块:Cgi-bin

[ 2016-01-03T15:53:43+08:00 ] 115.239.228.202 /cgi-bin/common/attr?id=260714&r=0.2594572794294074
INFO: [ app_init ] --START--
INFO: Run Behavior\BuildLiteBehavior [ RunTime:0.000015s ]
INFO: [ app_init ] --END-- [ RunTime:0.000344s ]
ERR: 无法加载模块:Cgi-bin

[ 2016-01-03T16:38:39+08:00 ] 61.160.215.111 /manager/html
INFO: [ app_init ] --START--
INFO: Run Behavior\BuildLiteBehavior [ RunTime:0.000015s ]
INFO: [ app_init ] --END-- [ RunTime:0.000320s ]
ERR: 无法加载模块:Manager

[ 2016-01-03T16:38:47+08:00 ] 61.160.215.111 /manager/html
INFO: [ app_init ] --START--
INFO: Run Behavior\BuildLiteBehavior [ RunTime:0.000014s ]
INFO: [ app_init ] --END-- [ RunTime:0.000301s ]
ERR: 无法加载模块:Manager

[ 2016-01-03T16:38:56+08:00 ] 61.160.215.111 /manager/html
INFO: [ app_init ] --START--
INFO: Run Behavior\BuildLiteBehavior [ RunTime:0.000014s ]
INFO: [ app_init ] --END-- [ RunTime:0.000299s ]
ERR: 无法加载模块:Manager

[ 2016-01-03T16:39:05+08:00 ] 61.160.215.111 /manager/html
INFO: [ app_init ] --START--
INFO: Run Behavior\BuildLiteBehavior [ RunTime:0.000014s ]
INFO: [ app_init ] --END-- [ RunTime:0.000354s ]
ERR: 无法加载模块:Manager

[ 2016-01-03T16:39:13+08:00 ] 61.160.215.111 /manager/html
INFO: [ app_init ] --START--
INFO: Run Behavior\BuildLiteBehavior [ RunTime:0.000014s ]
INFO: [ app_init ] --END-- [ RunTime:0.000330s ]
ERR: 无法加载模块:Manager

[ 2016-01-03T16:39:22+08:00 ] 61.160.215.111 /manager/html
INFO: [ app_init ] --START--
INFO: Run Behavior\BuildLiteBehavior [ RunTime:0.000014s ]
INFO: [ app_init ] --END-- [ RunTime:0.000300s ]
ERR: 无法加载模块:Manager

[ 2016-01-03T16:39:31+08:00 ] 61.160.215.111 /manager/html
INFO: [ app_init ] --START--
INFO: Run Behavior\BuildLiteBehavior [ RunTime:0.000014s ]
INFO: [ app_init ] --END-- [ RunTime:0.000299s ]
ERR: 无法加载模块:Manager

[ 2016-01-03T16:39:39+08:00 ] 61.160.215.111 /manager/html
INFO: [ app_init ] --START--
INFO: Run Behavior\BuildLiteBehavior [ RunTime:0.000015s ]
INFO: [ app_init ] --END-- [ RunTime:0.000331s ]
ERR: 无法加载模块:Manager

[ 2016-01-03T16:39:48+08:00 ] 61.160.215.111 /manager/html
INFO: [ app_init ] --START--
INFO: Run Behavior\BuildLiteBehavior [ RunTime:0.000014s ]
INFO: [ app_init ] --END-- [ RunTime:0.000294s ]
ERR: 无法加载模块:Manager

[ 2016-01-03T17:07:42+08:00 ] 115.239.228.202 /cgi-bin/common/attr?id=260714&r=0.9682330283049543
INFO: [ app_init ] --START--
INFO: Run Behavior\BuildLiteBehavior [ RunTime:0.000015s ]
INFO: [ app_init ] --END-- [ RunTime:0.000303s ]
ERR: 无法加载模块:Cgi-bin

[ 2016-01-03T18:21:56+08:00 ] 115.239.228.202 /cgi-bin/common/attr?id=260714&r=0.8567253804639466
INFO: [ app_init ] --START--
INFO: Run Behavior\BuildLiteBehavior [ RunTime:0.000014s ]
INFO: [ app_init ] --END-- [ RunTime:0.000301s ]
ERR: 无法加载模块:Cgi-bin

[ 2016-01-03T18:36:24+08:00 ] 111.161.77.234 /manager/html
INFO: [ app_init ] --START--
INFO: Run Behavior\BuildLiteBehavior [ RunTime:0.000015s ]
INFO: [ app_init ] --END-- [ RunTime:0.000317s ]
ERR: 无法加载模块:Manager

[ 2016-01-03T19:36:02+08:00 ] 115.239.228.202 /cgi-bin/common/attr?id=260714&r=0.5430873941957153
INFO: [ app_init ] --START--
INFO: Run Behavior\BuildLiteBehavior [ RunTime:0.000014s ]
INFO: [ app_init ] --END-- [ RunTime:0.000323s ]
ERR: 无法加载模块:Cgi-bin

[ 2016-01-03T20:36:16+08:00 ] 111.73.46.199 /manager/html
INFO: [ app_init ] --START--
INFO: Run Behavior\BuildLiteBehavior [ RunTime:0.000014s ]
INFO: [ app_init ] --END-- [ RunTime:0.000301s ]
ERR: 无法加载模块:Manager

[ 2016-01-03T20:50:30+08:00 ] 115.239.228.202 /cgi-bin/common/attr?id=260714&r=0.5070333189063739
INFO: [ app_init ] --START--
INFO: Run Behavior\BuildLiteBehavior [ RunTime:0.000014s ]
INFO: [ app_init ] --END-- [ RunTime:0.000320s ]
ERR: 无法加载模块:Cgi-bin

[ 2016-01-03T22:03:56+08:00 ] 115.239.228.202 /cgi-bin/common/attr?id=260714&r=0.2988789391768674
INFO: [ app_init ] --START--
INFO: Run Behavior\BuildLiteBehavior [ RunTime:0.000014s ]
INFO: [ app_init ] --END-- [ RunTime:0.000300s ]
ERR: 无法加载模块:Cgi-bin

[ 2016-01-03T23:18:19+08:00 ] 115.239.228.202 /cgi-bin/common/attr?id=260714&r=0.4315348647062975
INFO: [ app_init ] --START--
INFO: Run Behavior\BuildLiteBehavior [ RunTime:0.000014s ]
INFO: [ app_init ] --END-- [ RunTime:0.000326s ]
ERR: 无法加载模块:Cgi-bin

