[ 2016-01-04T00:39:43+08:00 ] 115.239.228.202 /cgi-bin/common/attr?id=260714&r=0.2190574471736333
INFO: [ app_init ] --START--
INFO: Run Behavior\BuildLiteBehavior [ RunTime:0.000014s ]
INFO: [ app_init ] --END-- [ RunTime:0.000325s ]
ERR: 无法加载模块:Cgi-bin

[ 2016-01-04T01:52:58+08:00 ] 115.239.228.202 /cgi-bin/common/attr?id=260714&r=0.5261010342057695
INFO: [ app_init ] --START--
INFO: Run Behavior\BuildLiteBehavior [ RunTime:0.000014s ]
INFO: [ app_init ] --END-- [ RunTime:0.000301s ]
ERR: 无法加载模块:Cgi-bin

[ 2016-01-04T03:05:52+08:00 ] 115.239.228.202 /cgi-bin/common/attr?id=260714&r=0.4665929007778471
INFO: [ app_init ] --START--
INFO: Run Behavior\BuildLiteBehavior [ RunTime:0.000014s ]
INFO: [ app_init ] --END-- [ RunTime:0.000316s ]
ERR: 无法加载模块:Cgi-bin

[ 2016-01-04T04:18:38+08:00 ] 115.239.228.202 /cgi-bin/common/attr?id=260714&r=0.5524205433145685
INFO: [ app_init ] --START--
INFO: Run Behavior\BuildLiteBehavior [ RunTime:0.000014s ]
INFO: [ app_init ] --END-- [ RunTime:0.000316s ]
ERR: 无法加载模块:Cgi-bin

[ 2016-01-04T05:31:33+08:00 ] 115.239.228.202 /cgi-bin/common/attr?id=260714&r=0.8346335678989968
INFO: [ app_init ] --START--
INFO: Run Behavior\BuildLiteBehavior [ RunTime:0.000014s ]
INFO: [ app_init ] --END-- [ RunTime:0.000313s ]
ERR: 无法加载模块:Cgi-bin

[ 2016-01-04T05:41:17+08:00 ] 61.160.213.56 /cgi-bin/chs/numreg/init?
INFO: [ app_init ] --START--
INFO: Run Behavior\BuildLiteBehavior [ RunTime:0.000014s ]
INFO: [ app_init ] --END-- [ RunTime:0.000311s ]
ERR: 无法加载模块:Cgi-bin

[ 2016-01-04T06:44:29+08:00 ] 115.239.228.202 /cgi-bin/common/attr?id=260714&r=0.3708002172217824
INFO: [ app_init ] --START--
INFO: Run Behavior\BuildLiteBehavior [ RunTime:0.000014s ]
INFO: [ app_init ] --END-- [ RunTime:0.000331s ]
ERR: 无法加载模块:Cgi-bin

[ 2016-01-04T07:57:23+08:00 ] 115.239.228.202 /cgi-bin/common/attr?id=260714&r=0.0408908447494865
INFO: [ app_init ] --START--
INFO: Run Behavior\BuildLiteBehavior [ RunTime:0.000014s ]
INFO: [ app_init ] --END-- [ RunTime:0.000302s ]
ERR: 无法加载模块:Cgi-bin

[ 2016-01-04T09:10:27+08:00 ] 115.239.228.202 /cgi-bin/common/attr?id=260714&r=0.1029602871745027
INFO: [ app_init ] --START--
INFO: Run Behavior\BuildLiteBehavior [ RunTime:0.000014s ]
INFO: [ app_init ] --END-- [ RunTime:0.000335s ]
ERR: 无法加载模块:Cgi-bin

[ 2016-01-04T09:58:26+08:00 ] 45.35.52.142 /manager/html
INFO: [ app_init ] --START--
INFO: Run Behavior\BuildLiteBehavior [ RunTime:0.000015s ]
INFO: [ app_init ] --END-- [ RunTime:0.000301s ]
ERR: 无法加载模块:Manager

[ 2016-01-04T10:23:13+08:00 ] 115.239.228.202 /cgi-bin/common/attr?id=260714&r=0.4267114943310596
INFO: [ app_init ] --START--
INFO: Run Behavior\BuildLiteBehavior [ RunTime:0.000014s ]
INFO: [ app_init ] --END-- [ RunTime:0.000304s ]
ERR: 无法加载模块:Cgi-bin

[ 2016-01-04T11:35:56+08:00 ] 115.239.228.202 /cgi-bin/common/attr?id=260714&r=0.4980586849731980
INFO: [ app_init ] --START--
INFO: Run Behavior\BuildLiteBehavior [ RunTime:0.000014s ]
INFO: [ app_init ] --END-- [ RunTime:0.000405s ]
ERR: 无法加载模块:Cgi-bin

[ 2016-01-04T12:48:42+08:00 ] 115.239.228.202 /cgi-bin/common/attr?id=260714&r=0.4012429406862367
INFO: [ app_init ] --START--
INFO: Run Behavior\BuildLiteBehavior [ RunTime:0.000014s ]
INFO: [ app_init ] --END-- [ RunTime:0.000293s ]
ERR: 无法加载模块:Cgi-bin

[ 2016-01-04T15:14:09+08:00 ] 115.239.228.202 /cgi-bin/common/attr?id=260714&r=0.7804830094452166
INFO: [ app_init ] --START--
INFO: Run Behavior\BuildLiteBehavior [ RunTime:0.000015s ]
INFO: [ app_init ] --END-- [ RunTime:0.000305s ]
ERR: 无法加载模块:Cgi-bin

[ 2016-01-04T15:48:49+08:00 ] 192.168.2.43 /favicon.ico
INFO: [ app_init ] --START--
INFO: Run Behavior\BuildLiteBehavior [ RunTime:0.000014s ]
INFO: [ app_init ] --END-- [ RunTime:0.000310s ]
ERR: 无法加载模块:Favicon

