[ 2015-05-11T03:49:49+08:00 ] 192.168.2.43 /Lottery/index?code=031b68a3983781d587ec22b2d404804l&state=state
INFO: [ app_init ] --START--
INFO: Run Behavior\BuildLiteBehavior [ RunTime:0.000014s ]
INFO: [ app_init ] --END-- [ RunTime:0.000311s ]
INFO: [ app_begin ] --START--
INFO: Run Behavior\ReadHtmlCacheBehavior [ RunTime:0.000408s ]
INFO: [ app_begin ] --END-- [ RunTime:0.000477s ]
NOTIC: [2] include_once(App/Home/pay/WxHongBaoHelper.php): failed to open stream: No such file or directory /web/weixin/App/Lottery/Controller/IndexController.class.php 第 9 行.
NOTIC: [2] include_once(): Failed opening 'App/Home/pay/WxHongBaoHelper.php' for inclusion (include_path='.:/usr/share/pear:/usr/share/php') /web/weixin/App/Lottery/Controller/IndexController.class.php 第 9 行.
SQL: SHOW COLUMNS FROM `w_option` [ RunTime:0.0007s ]
SQL: SELECT `meta_value` FROM `w_option` WHERE ( meta_key='site_url' ) LIMIT 1   [ RunTime:0.0001s ]
SQL: SELECT `meta_value` FROM `w_option` WHERE ( meta_key='site_url' ) LIMIT 1   [ RunTime:0.0001s ]
SQL: SELECT `meta_value` FROM `w_option` WHERE ( meta_key='site_url' ) LIMIT 1   [ RunTime:0.0001s ]
SQL: SELECT `meta_value` FROM `w_option` WHERE ( meta_key='site_url' ) LIMIT 1   [ RunTime:0.0001s ]
SQL: SELECT `meta_value` FROM `w_option` WHERE ( meta_key='site_url' ) LIMIT 1   [ RunTime:0.0001s ]
SQL: SELECT `meta_value` FROM `w_option` WHERE ( meta_key='site_url' ) LIMIT 1   [ RunTime:0.0001s ]
INFO: [ view_filter ] --START--
INFO: Run Behavior\WriteHtmlCacheBehavior [ RunTime:0.000248s ]
INFO: [ view_filter ] --END-- [ RunTime:0.000311s ]
NOTIC: [8] A session had already been started - ignoring session_start() /web/weixin/App/Home/Common/Common.class.php 第 10 行.
NOTIC: [2048] Non-static method Home\Common\Common::PData() should not be called statically, assuming $this from incompatible context /web/weixin/App/Home/Controller/Oauth2Controller.class.php 第 44 行.
NOTIC: [2048] Non-static method Home\Common\Common::setrep() should not be called statically, assuming $this from incompatible context /web/weixin/App/Home/Controller/Oauth2Controller.class.php 第 49 行.
NOTIC: [2048] Non-static method Home\Common\Common::getAccessTokens() should not be called statically, assuming $this from incompatible context /web/weixin/App/Home/Common/Common.class.php 第 63 行.
NOTIC: [2048] Non-static method Home\Common\Common::PData() should not be called statically, assuming $this from incompatible context /web/weixin/App/Home/Controller/Oauth2Controller.class.php 第 51 行.
SQL: SELECT `meta_value` FROM `w_option` WHERE ( meta_key='site_url' ) LIMIT 1   [ RunTime:0.0001s ]
SQL: SELECT `meta_value` FROM `w_option` WHERE ( meta_key='site_url' ) LIMIT 1   [ RunTime:0.0001s ]
SQL: SELECT `meta_value` FROM `w_option` WHERE ( meta_key='site_url' ) LIMIT 1   [ RunTime:0.0001s ]
SQL: SELECT `meta_value` FROM `w_option` WHERE ( meta_key='site_url' ) LIMIT 1   [ RunTime:0.0001s ]
SQL: SELECT `meta_value` FROM `w_option` WHERE ( meta_key='site_url' ) LIMIT 1   [ RunTime:0.0001s ]
SQL: SELECT `meta_value` FROM `w_option` WHERE ( meta_key='site_url' ) LIMIT 1   [ RunTime:0.0001s ]
INFO: [ view_filter ] --START--
INFO: Run Behavior\WriteHtmlCacheBehavior [ RunTime:0.000012s ]
INFO: [ view_filter ] --END-- [ RunTime:-0.848595s ]
INFO: [ view_filter ] --START--
INFO: Run Behavior\WriteHtmlCacheBehavior [ RunTime:0.000009s ]
INFO: [ view_filter ] --END-- [ RunTime:-0.848691s ]
INFO: [ app_end ] --START--
INFO: Run Behavior\ShowPageTraceBehavior [ RunTime:0.000453s ]
INFO: [ app_end ] --END-- [ RunTime:0.000508s ]

[ 2015-05-11T03:49:54+08:00 ] 192.168.2.43 /index.php?s=/Lottery/index/getLottery.html
INFO: [ app_init ] --START--
INFO: Run Behavior\BuildLiteBehavior [ RunTime:0.000015s ]
INFO: [ app_init ] --END-- [ RunTime:0.000298s ]
INFO: [ app_begin ] --START--
INFO: Run Behavior\ReadHtmlCacheBehavior [ RunTime:0.000384s ]
INFO: [ app_begin ] --END-- [ RunTime:0.000429s ]
NOTIC: [2] include_once(App/Home/pay/WxHongBaoHelper.php): failed to open stream: No such file or directory /web/weixin/App/Lottery/Controller/IndexController.class.php 第 9 行.
NOTIC: [2] include_once(): Failed opening 'App/Home/pay/WxHongBaoHelper.php' for inclusion (include_path='.:/usr/share/pear:/usr/share/php') /web/weixin/App/Lottery/Controller/IndexController.class.php 第 9 行.
INFO: [ app_end ] --START--
INFO: Run Behavior\ShowPageTraceBehavior [ RunTime:0.000396s ]
INFO: [ app_end ] --END-- [ RunTime:0.000445s ]

[ 2015-05-11T03:49:56+08:00 ] 192.168.2.43 /index.php?s=/Lottery/index/savelottery.html
INFO: [ app_init ] --START--
INFO: Run Behavior\BuildLiteBehavior [ RunTime:0.000014s ]
INFO: [ app_init ] --END-- [ RunTime:0.000291s ]
INFO: [ app_begin ] --START--
INFO: Run Behavior\ReadHtmlCacheBehavior [ RunTime:0.000394s ]
INFO: [ app_begin ] --END-- [ RunTime:0.000443s ]
NOTIC: [2] include_once(App/Home/pay/WxHongBaoHelper.php): failed to open stream: No such file or directory /web/weixin/App/Lottery/Controller/IndexController.class.php 第 9 行.
NOTIC: [2] include_once(): Failed opening 'App/Home/pay/WxHongBaoHelper.php' for inclusion (include_path='.:/usr/share/pear:/usr/share/php') /web/weixin/App/Lottery/Controller/IndexController.class.php 第 9 行.
SQL: SHOW COLUMNS FROM `w_lottery` [ RunTime:0.0007s ]
SQL: SELECT COUNT(*) AS tp_count FROM `w_lottery` WHERE `openid` = 'ou9X8tsL949ACCbdd3nre5fOTW28' LIMIT 1   [ RunTime:0.0003s ]
NOTIC: [2] include_once(App/Home/pay/WxCouponHelper.php): failed to open stream: No such file or directory /web/weixin/App/Home/Controller/CouponController.class.php 第 11 行.
NOTIC: [2] include_once(): Failed opening 'App/Home/pay/WxCouponHelper.php' for inclusion (include_path='.:/usr/share/pear:/usr/share/php') /web/weixin/App/Home/Controller/CouponController.class.php 第 11 行.
NOTIC: [8] Undefined variable: CA /web/weixin/App/Home/Controller/pay/WxCouponHelper.php 第 107 行.
NOTIC: [8] Undefined variable: CA /web/weixin/App/Home/Controller/pay/WxCouponHelper.php 第 113 行.
NOTIC: [8] Undefined variable: curl /web/weixin/App/Home/Controller/pay/WxCouponHelper.php 第 128 行.
NOTIC: [2] curl_error() expects parameter 1 to be resource, null given /web/weixin/App/Home/Controller/pay/WxCouponHelper.php 第 128 行.
SQL: INSERT INTO `w_lottery` (`openid`,`nickname`,`lotteryinfo`,`created`) VALUES ('ou9X8tsL949ACCbdd3nre5fOTW28','求1份温暖','60元','1431287395') [ RunTime:0.0871s ]
INFO: [ app_end ] --START--
INFO: Run Behavior\ShowPageTraceBehavior [ RunTime:0.000506s ]
INFO: [ app_end ] --END-- [ RunTime:0.000555s ]

[ 2015-05-11T03:50:05+08:00 ] 192.168.2.43 /index.php?s=/Lottery/index/getLottery.html
INFO: [ app_init ] --START--
INFO: Run Behavior\BuildLiteBehavior [ RunTime:0.000014s ]
INFO: [ app_init ] --END-- [ RunTime:0.000300s ]
INFO: [ app_begin ] --START--
INFO: Run Behavior\ReadHtmlCacheBehavior [ RunTime:0.000391s ]
INFO: [ app_begin ] --END-- [ RunTime:0.000436s ]
NOTIC: [2] include_once(App/Home/pay/WxHongBaoHelper.php): failed to open stream: No such file or directory /web/weixin/App/Lottery/Controller/IndexController.class.php 第 9 行.
NOTIC: [2] include_once(): Failed opening 'App/Home/pay/WxHongBaoHelper.php' for inclusion (include_path='.:/usr/share/pear:/usr/share/php') /web/weixin/App/Lottery/Controller/IndexController.class.php 第 9 行.
INFO: [ app_end ] --START--
INFO: Run Behavior\ShowPageTraceBehavior [ RunTime:0.000401s ]
INFO: [ app_end ] --END-- [ RunTime:0.000448s ]

[ 2015-05-11T03:50:05+08:00 ] 192.168.2.43 /index.php?s=/Lottery/index/savelottery.html
INFO: [ app_init ] --START--
INFO: Run Behavior\BuildLiteBehavior [ RunTime:0.000013s ]
INFO: [ app_init ] --END-- [ RunTime:0.000288s ]
INFO: [ app_begin ] --START--
INFO: Run Behavior\ReadHtmlCacheBehavior [ RunTime:0.000413s ]
INFO: [ app_begin ] --END-- [ RunTime:0.000460s ]
NOTIC: [2] include_once(App/Home/pay/WxHongBaoHelper.php): failed to open stream: No such file or directory /web/weixin/App/Lottery/Controller/IndexController.class.php 第 9 行.
NOTIC: [2] include_once(): Failed opening 'App/Home/pay/WxHongBaoHelper.php' for inclusion (include_path='.:/usr/share/pear:/usr/share/php') /web/weixin/App/Lottery/Controller/IndexController.class.php 第 9 行.
SQL: SHOW COLUMNS FROM `w_lottery` [ RunTime:0.0007s ]
SQL: SELECT COUNT(*) AS tp_count FROM `w_lottery` WHERE `openid` = 'ou9X8tsL949ACCbdd3nre5fOTW28' LIMIT 1   [ RunTime:0.0003s ]
INFO: [ app_end ] --START--
INFO: Run Behavior\ShowPageTraceBehavior [ RunTime:0.000442s ]
INFO: [ app_end ] --END-- [ RunTime:0.000489s ]

[ 2015-05-11T03:50:11+08:00 ] 192.168.2.43 /index.php?s=/Lottery/index/getLottery.html
INFO: [ app_init ] --START--
INFO: Run Behavior\BuildLiteBehavior [ RunTime:0.000013s ]
INFO: [ app_init ] --END-- [ RunTime:0.000321s ]
INFO: [ app_begin ] --START--
INFO: Run Behavior\ReadHtmlCacheBehavior [ RunTime:0.000422s ]
INFO: [ app_begin ] --END-- [ RunTime:0.000467s ]
NOTIC: [2] include_once(App/Home/pay/WxHongBaoHelper.php): failed to open stream: No such file or directory /web/weixin/App/Lottery/Controller/IndexController.class.php 第 9 行.
NOTIC: [2] include_once(): Failed opening 'App/Home/pay/WxHongBaoHelper.php' for inclusion (include_path='.:/usr/share/pear:/usr/share/php') /web/weixin/App/Lottery/Controller/IndexController.class.php 第 9 行.
INFO: [ app_end ] --START--
INFO: Run Behavior\ShowPageTraceBehavior [ RunTime:0.000420s ]
INFO: [ app_end ] --END-- [ RunTime:0.000468s ]

[ 2015-05-11T03:50:11+08:00 ] 192.168.2.43 /index.php?s=/Lottery/index/savelottery.html
INFO: [ app_init ] --START--
INFO: Run Behavior\BuildLiteBehavior [ RunTime:0.000012s ]
INFO: [ app_init ] --END-- [ RunTime:0.000304s ]
INFO: [ app_begin ] --START--
INFO: Run Behavior\ReadHtmlCacheBehavior [ RunTime:0.000434s ]
INFO: [ app_begin ] --END-- [ RunTime:0.000481s ]
NOTIC: [2] include_once(App/Home/pay/WxHongBaoHelper.php): failed to open stream: No such file or directory /web/weixin/App/Lottery/Controller/IndexController.class.php 第 9 行.
NOTIC: [2] include_once(): Failed opening 'App/Home/pay/WxHongBaoHelper.php' for inclusion (include_path='.:/usr/share/pear:/usr/share/php') /web/weixin/App/Lottery/Controller/IndexController.class.php 第 9 行.
SQL: SHOW COLUMNS FROM `w_lottery` [ RunTime:0.0007s ]
SQL: SELECT COUNT(*) AS tp_count FROM `w_lottery` WHERE `openid` = 'ou9X8tsL949ACCbdd3nre5fOTW28' LIMIT 1   [ RunTime:0.0001s ]
INFO: [ app_end ] --START--
INFO: Run Behavior\ShowPageTraceBehavior [ RunTime:0.000434s ]
INFO: [ app_end ] --END-- [ RunTime:0.000480s ]

[ 2015-05-11T08:28:09+08:00 ] 192.168.2.43 /Lottery/index?code=011cc19bc8b733cb572db6d65c2b31fm&state=state
INFO: [ app_init ] --START--
INFO: Run Behavior\BuildLiteBehavior [ RunTime:0.000014s ]
INFO: [ app_init ] --END-- [ RunTime:0.000298s ]
INFO: [ app_begin ] --START--
INFO: Run Behavior\ReadHtmlCacheBehavior [ RunTime:0.000408s ]
INFO: [ app_begin ] --END-- [ RunTime:0.000458s ]
NOTIC: [2] include_once(App/Home/pay/WxHongBaoHelper.php): failed to open stream: No such file or directory /web/weixin/App/Lottery/Controller/IndexController.class.php 第 9 行.
NOTIC: [2] include_once(): Failed opening 'App/Home/pay/WxHongBaoHelper.php' for inclusion (include_path='.:/usr/share/pear:/usr/share/php') /web/weixin/App/Lottery/Controller/IndexController.class.php 第 9 行.
SQL: SHOW COLUMNS FROM `w_option` [ RunTime:0.0006s ]
SQL: SELECT `meta_value` FROM `w_option` WHERE ( meta_key='site_url' ) LIMIT 1   [ RunTime:0.0001s ]
SQL: SELECT `meta_value` FROM `w_option` WHERE ( meta_key='site_url' ) LIMIT 1   [ RunTime:0.0001s ]
SQL: SELECT `meta_value` FROM `w_option` WHERE ( meta_key='site_url' ) LIMIT 1   [ RunTime:0.0001s ]
SQL: SELECT `meta_value` FROM `w_option` WHERE ( meta_key='site_url' ) LIMIT 1   [ RunTime:0.0001s ]
SQL: SELECT `meta_value` FROM `w_option` WHERE ( meta_key='site_url' ) LIMIT 1   [ RunTime:0.0001s ]
SQL: SELECT `meta_value` FROM `w_option` WHERE ( meta_key='site_url' ) LIMIT 1   [ RunTime:0.0001s ]
INFO: [ view_filter ] --START--
INFO: Run Behavior\WriteHtmlCacheBehavior [ RunTime:0.000163s ]
INFO: [ view_filter ] --END-- [ RunTime:0.000219s ]
NOTIC: [8] A session had already been started - ignoring session_start() /web/weixin/App/Home/Common/Common.class.php 第 10 行.
NOTIC: [2048] Non-static method Home\Common\Common::PData() should not be called statically, assuming $this from incompatible context /web/weixin/App/Home/Controller/Oauth2Controller.class.php 第 44 行.
NOTIC: [2048] Non-static method Home\Common\Common::setrep() should not be called statically, assuming $this from incompatible context /web/weixin/App/Home/Controller/Oauth2Controller.class.php 第 49 行.
NOTIC: [2048] Non-static method Home\Common\Common::getAccessTokens() should not be called statically, assuming $this from incompatible context /web/weixin/App/Home/Common/Common.class.php 第 63 行.
NOTIC: [2048] Non-static method Home\Common\Common::PData() should not be called statically, assuming $this from incompatible context /web/weixin/App/Home/Controller/Oauth2Controller.class.php 第 51 行.
SQL: SELECT `meta_value` FROM `w_option` WHERE ( meta_key='site_url' ) LIMIT 1   [ RunTime:0.0002s ]
SQL: SELECT `meta_value` FROM `w_option` WHERE ( meta_key='site_url' ) LIMIT 1   [ RunTime:0.0001s ]
SQL: SELECT `meta_value` FROM `w_option` WHERE ( meta_key='site_url' ) LIMIT 1   [ RunTime:0.0001s ]
SQL: SELECT `meta_value` FROM `w_option` WHERE ( meta_key='site_url' ) LIMIT 1   [ RunTime:0.0001s ]
SQL: SELECT `meta_value` FROM `w_option` WHERE ( meta_key='site_url' ) LIMIT 1   [ RunTime:0.0001s ]
SQL: SELECT `meta_value` FROM `w_option` WHERE ( meta_key='site_url' ) LIMIT 1   [ RunTime:0.0001s ]
INFO: [ view_filter ] --START--
INFO: Run Behavior\WriteHtmlCacheBehavior [ RunTime:0.000016s ]
INFO: [ view_filter ] --END-- [ RunTime:-0.786293s ]
INFO: [ view_filter ] --START--
INFO: Run Behavior\WriteHtmlCacheBehavior [ RunTime:0.000010s ]
INFO: [ view_filter ] --END-- [ RunTime:-0.786396s ]
INFO: [ app_end ] --START--
INFO: Run Behavior\ShowPageTraceBehavior [ RunTime:0.000512s ]
INFO: [ app_end ] --END-- [ RunTime:0.000565s ]

[ 2015-05-11T08:28:12+08:00 ] 192.168.2.43 /index.php?s=/Lottery/index/getLottery.html
INFO: [ app_init ] --START--
INFO: Run Behavior\BuildLiteBehavior [ RunTime:0.000015s ]
INFO: [ app_init ] --END-- [ RunTime:0.000300s ]
INFO: [ app_begin ] --START--
INFO: Run Behavior\ReadHtmlCacheBehavior [ RunTime:0.000388s ]
INFO: [ app_begin ] --END-- [ RunTime:0.000433s ]
NOTIC: [2] include_once(App/Home/pay/WxHongBaoHelper.php): failed to open stream: No such file or directory /web/weixin/App/Lottery/Controller/IndexController.class.php 第 9 行.
NOTIC: [2] include_once(): Failed opening 'App/Home/pay/WxHongBaoHelper.php' for inclusion (include_path='.:/usr/share/pear:/usr/share/php') /web/weixin/App/Lottery/Controller/IndexController.class.php 第 9 行.
INFO: [ app_end ] --START--
INFO: Run Behavior\ShowPageTraceBehavior [ RunTime:0.000396s ]
INFO: [ app_end ] --END-- [ RunTime:0.000444s ]

[ 2015-05-11T08:28:13+08:00 ] 192.168.2.43 /index.php?s=/Lottery/index/savelottery.html
INFO: [ app_init ] --START--
INFO: Run Behavior\BuildLiteBehavior [ RunTime:0.000014s ]
INFO: [ app_init ] --END-- [ RunTime:0.000307s ]
INFO: [ app_begin ] --START--
INFO: Run Behavior\ReadHtmlCacheBehavior [ RunTime:0.000430s ]
INFO: [ app_begin ] --END-- [ RunTime:0.000478s ]
NOTIC: [2] include_once(App/Home/pay/WxHongBaoHelper.php): failed to open stream: No such file or directory /web/weixin/App/Lottery/Controller/IndexController.class.php 第 9 行.
NOTIC: [2] include_once(): Failed opening 'App/Home/pay/WxHongBaoHelper.php' for inclusion (include_path='.:/usr/share/pear:/usr/share/php') /web/weixin/App/Lottery/Controller/IndexController.class.php 第 9 行.
SQL: SHOW COLUMNS FROM `w_lottery` [ RunTime:0.0007s ]
SQL: SELECT COUNT(*) AS tp_count FROM `w_lottery` WHERE `openid` = 'ou9X8tq6XrihRO5sYjRGQvKunnRY' LIMIT 1   [ RunTime:0.0003s ]
NOTIC: [2] include_once(App/Home/pay/WxCouponHelper.php): failed to open stream: No such file or directory /web/weixin/App/Home/Controller/CouponController.class.php 第 11 行.
NOTIC: [2] include_once(): Failed opening 'App/Home/pay/WxCouponHelper.php' for inclusion (include_path='.:/usr/share/pear:/usr/share/php') /web/weixin/App/Home/Controller/CouponController.class.php 第 11 行.
NOTIC: [8] Undefined variable: CA /web/weixin/App/Home/Controller/pay/WxCouponHelper.php 第 107 行.
NOTIC: [8] Undefined variable: CA /web/weixin/App/Home/Controller/pay/WxCouponHelper.php 第 113 行.
NOTIC: [8] Undefined variable: curl /web/weixin/App/Home/Controller/pay/WxCouponHelper.php 第 128 行.
NOTIC: [2] curl_error() expects parameter 1 to be resource, null given /web/weixin/App/Home/Controller/pay/WxCouponHelper.php 第 128 行.
SQL: INSERT INTO `w_lottery` (`openid`,`nickname`,`lotteryinfo`,`created`) VALUES ('ou9X8tq6XrihRO5sYjRGQvKunnRY','*_*！','50元','1431304092') [ RunTime:0.0596s ]
INFO: [ app_end ] --START--
INFO: Run Behavior\ShowPageTraceBehavior [ RunTime:0.000505s ]
INFO: [ app_end ] --END-- [ RunTime:0.000554s ]

[ 2015-05-11T10:39:11+08:00 ] 192.168.2.43 /Lottery/index?code=02142c3f043c93333a4f77a2141bd6ft&state=state
INFO: [ app_init ] --START--
INFO: Run Behavior\BuildLiteBehavior [ RunTime:0.000014s ]
INFO: [ app_init ] --END-- [ RunTime:0.000295s ]
INFO: [ app_begin ] --START--
INFO: Run Behavior\ReadHtmlCacheBehavior [ RunTime:0.000383s ]
INFO: [ app_begin ] --END-- [ RunTime:0.000432s ]
NOTIC: [2] include_once(App/Home/pay/WxHongBaoHelper.php): failed to open stream: No such file or directory /web/weixin/App/Lottery/Controller/IndexController.class.php 第 9 行.
NOTIC: [2] include_once(): Failed opening 'App/Home/pay/WxHongBaoHelper.php' for inclusion (include_path='.:/usr/share/pear:/usr/share/php') /web/weixin/App/Lottery/Controller/IndexController.class.php 第 9 行.
SQL: SHOW COLUMNS FROM `w_option` [ RunTime:0.0008s ]
SQL: SELECT `meta_value` FROM `w_option` WHERE ( meta_key='site_url' ) LIMIT 1   [ RunTime:0.0001s ]
SQL: SELECT `meta_value` FROM `w_option` WHERE ( meta_key='site_url' ) LIMIT 1   [ RunTime:0.0001s ]
SQL: SELECT `meta_value` FROM `w_option` WHERE ( meta_key='site_url' ) LIMIT 1   [ RunTime:0.0001s ]
SQL: SELECT `meta_value` FROM `w_option` WHERE ( meta_key='site_url' ) LIMIT 1   [ RunTime:0.0001s ]
SQL: SELECT `meta_value` FROM `w_option` WHERE ( meta_key='site_url' ) LIMIT 1   [ RunTime:0.0001s ]
SQL: SELECT `meta_value` FROM `w_option` WHERE ( meta_key='site_url' ) LIMIT 1   [ RunTime:0.0001s ]
INFO: [ view_filter ] --START--
INFO: Run Behavior\WriteHtmlCacheBehavior [ RunTime:0.000271s ]
INFO: [ view_filter ] --END-- [ RunTime:0.000351s ]
NOTIC: [8] A session had already been started - ignoring session_start() /web/weixin/App/Home/Common/Common.class.php 第 10 行.
NOTIC: [2048] Non-static method Home\Common\Common::PData() should not be called statically, assuming $this from incompatible context /web/weixin/App/Home/Controller/Oauth2Controller.class.php 第 44 行.
NOTIC: [2048] Non-static method Home\Common\Common::setrep() should not be called statically, assuming $this from incompatible context /web/weixin/App/Home/Controller/Oauth2Controller.class.php 第 49 行.
NOTIC: [2048] Non-static method Home\Common\Common::getAccessTokens() should not be called statically, assuming $this from incompatible context /web/weixin/App/Home/Common/Common.class.php 第 63 行.
NOTIC: [2048] Non-static method Home\Common\Common::PData() should not be called statically, assuming $this from incompatible context /web/weixin/App/Home/Controller/Oauth2Controller.class.php 第 51 行.
SQL: SELECT `meta_value` FROM `w_option` WHERE ( meta_key='site_url' ) LIMIT 1   [ RunTime:0.0001s ]
SQL: SELECT `meta_value` FROM `w_option` WHERE ( meta_key='site_url' ) LIMIT 1   [ RunTime:0.0001s ]
SQL: SELECT `meta_value` FROM `w_option` WHERE ( meta_key='site_url' ) LIMIT 1   [ RunTime:0.0001s ]
SQL: SELECT `meta_value` FROM `w_option` WHERE ( meta_key='site_url' ) LIMIT 1   [ RunTime:0.0001s ]
SQL: SELECT `meta_value` FROM `w_option` WHERE ( meta_key='site_url' ) LIMIT 1   [ RunTime:0.0001s ]
SQL: SELECT `meta_value` FROM `w_option` WHERE ( meta_key='site_url' ) LIMIT 1   [ RunTime:0.0001s ]
INFO: [ view_filter ] --START--
INFO: Run Behavior\WriteHtmlCacheBehavior [ RunTime:0.000013s ]
INFO: [ view_filter ] --END-- [ RunTime:-0.843046s ]
INFO: [ view_filter ] --START--
INFO: Run Behavior\WriteHtmlCacheBehavior [ RunTime:0.000009s ]
INFO: [ view_filter ] --END-- [ RunTime:-0.843146s ]
INFO: [ app_end ] --START--
INFO: Run Behavior\ShowPageTraceBehavior [ RunTime:0.000488s ]
INFO: [ app_end ] --END-- [ RunTime:0.000542s ]

[ 2015-05-11T10:39:14+08:00 ] 192.168.2.43 /index.php?s=/Lottery/index/getLottery.html
INFO: [ app_init ] --START--
INFO: Run Behavior\BuildLiteBehavior [ RunTime:0.000015s ]
INFO: [ app_init ] --END-- [ RunTime:0.000338s ]
INFO: [ app_begin ] --START--
INFO: Run Behavior\ReadHtmlCacheBehavior [ RunTime:0.000431s ]
INFO: [ app_begin ] --END-- [ RunTime:0.000477s ]
NOTIC: [2] include_once(App/Home/pay/WxHongBaoHelper.php): failed to open stream: No such file or directory /web/weixin/App/Lottery/Controller/IndexController.class.php 第 9 行.
NOTIC: [2] include_once(): Failed opening 'App/Home/pay/WxHongBaoHelper.php' for inclusion (include_path='.:/usr/share/pear:/usr/share/php') /web/weixin/App/Lottery/Controller/IndexController.class.php 第 9 行.
INFO: [ app_end ] --START--
INFO: Run Behavior\ShowPageTraceBehavior [ RunTime:0.000421s ]
INFO: [ app_end ] --END-- [ RunTime:0.000471s ]

[ 2015-05-11T10:39:14+08:00 ] 192.168.2.43 /index.php?s=/Lottery/index/savelottery.html
INFO: [ app_init ] --START--
INFO: Run Behavior\BuildLiteBehavior [ RunTime:0.000013s ]
INFO: [ app_init ] --END-- [ RunTime:0.000318s ]
INFO: [ app_begin ] --START--
INFO: Run Behavior\ReadHtmlCacheBehavior [ RunTime:0.000436s ]
INFO: [ app_begin ] --END-- [ RunTime:0.000482s ]
NOTIC: [2] include_once(App/Home/pay/WxHongBaoHelper.php): failed to open stream: No such file or directory /web/weixin/App/Lottery/Controller/IndexController.class.php 第 9 行.
NOTIC: [2] include_once(): Failed opening 'App/Home/pay/WxHongBaoHelper.php' for inclusion (include_path='.:/usr/share/pear:/usr/share/php') /web/weixin/App/Lottery/Controller/IndexController.class.php 第 9 行.
SQL: SHOW COLUMNS FROM `w_lottery` [ RunTime:0.0007s ]
SQL: SELECT COUNT(*) AS tp_count FROM `w_lottery` WHERE `openid` = 'ou9X8ti7n_EM55j9zY1aekeRRPsw' LIMIT 1   [ RunTime:0.0003s ]
INFO: [ app_end ] --START--
INFO: Run Behavior\ShowPageTraceBehavior [ RunTime:0.000426s ]
INFO: [ app_end ] --END-- [ RunTime:0.000487s ]

[ 2015-05-11T10:40:47+08:00 ] 192.168.2.43 /Lottery/index?code=04197c4fae163dd6d3114e3131fca1b1&state=state
INFO: [ app_init ] --START--
INFO: Run Behavior\BuildLiteBehavior [ RunTime:0.000016s ]
INFO: [ app_init ] --END-- [ RunTime:0.000311s ]
INFO: [ app_begin ] --START--
INFO: Run Behavior\ReadHtmlCacheBehavior [ RunTime:0.000406s ]
INFO: [ app_begin ] --END-- [ RunTime:0.000454s ]
NOTIC: [2] include_once(App/Home/pay/WxHongBaoHelper.php): failed to open stream: No such file or directory /web/weixin/App/Lottery/Controller/IndexController.class.php 第 9 行.
NOTIC: [2] include_once(): Failed opening 'App/Home/pay/WxHongBaoHelper.php' for inclusion (include_path='.:/usr/share/pear:/usr/share/php') /web/weixin/App/Lottery/Controller/IndexController.class.php 第 9 行.
SQL: SHOW COLUMNS FROM `w_option` [ RunTime:0.0007s ]
SQL: SELECT `meta_value` FROM `w_option` WHERE ( meta_key='site_url' ) LIMIT 1   [ RunTime:0.0001s ]
SQL: SELECT `meta_value` FROM `w_option` WHERE ( meta_key='site_url' ) LIMIT 1   [ RunTime:0.0001s ]
SQL: SELECT `meta_value` FROM `w_option` WHERE ( meta_key='site_url' ) LIMIT 1   [ RunTime:0.0001s ]
SQL: SELECT `meta_value` FROM `w_option` WHERE ( meta_key='site_url' ) LIMIT 1   [ RunTime:0.0001s ]
SQL: SELECT `meta_value` FROM `w_option` WHERE ( meta_key='site_url' ) LIMIT 1   [ RunTime:0.0001s ]
SQL: SELECT `meta_value` FROM `w_option` WHERE ( meta_key='site_url' ) LIMIT 1   [ RunTime:0.0001s ]
INFO: [ view_filter ] --START--
INFO: Run Behavior\WriteHtmlCacheBehavior [ RunTime:0.000138s ]
INFO: [ view_filter ] --END-- [ RunTime:0.000188s ]
NOTIC: [8] A session had already been started - ignoring session_start() /web/weixin/App/Home/Common/Common.class.php 第 10 行.
NOTIC: [2048] Non-static method Home\Common\Common::PData() should not be called statically, assuming $this from incompatible context /web/weixin/App/Home/Controller/Oauth2Controller.class.php 第 44 行.
NOTIC: [2048] Non-static method Home\Common\Common::setrep() should not be called statically, assuming $this from incompatible context /web/weixin/App/Home/Controller/Oauth2Controller.class.php 第 49 行.
NOTIC: [2048] Non-static method Home\Common\Common::getAccessTokens() should not be called statically, assuming $this from incompatible context /web/weixin/App/Home/Common/Common.class.php 第 63 行.
NOTIC: [2048] Non-static method Home\Common\Common::PData() should not be called statically, assuming $this from incompatible context /web/weixin/App/Home/Controller/Oauth2Controller.class.php 第 51 行.
SQL: SELECT `meta_value` FROM `w_option` WHERE ( meta_key='site_url' ) LIMIT 1   [ RunTime:0.0001s ]
SQL: SELECT `meta_value` FROM `w_option` WHERE ( meta_key='site_url' ) LIMIT 1   [ RunTime:0.0001s ]
SQL: SELECT `meta_value` FROM `w_option` WHERE ( meta_key='site_url' ) LIMIT 1   [ RunTime:0.0001s ]
SQL: SELECT `meta_value` FROM `w_option` WHERE ( meta_key='site_url' ) LIMIT 1   [ RunTime:0.0001s ]
SQL: SELECT `meta_value` FROM `w_option` WHERE ( meta_key='site_url' ) LIMIT 1   [ RunTime:0.0001s ]
SQL: SELECT `meta_value` FROM `w_option` WHERE ( meta_key='site_url' ) LIMIT 1   [ RunTime:0.0001s ]
INFO: [ view_filter ] --START--
INFO: Run Behavior\WriteHtmlCacheBehavior [ RunTime:0.000015s ]
INFO: [ view_filter ] --END-- [ RunTime:-1.153861s ]
INFO: [ view_filter ] --START--
INFO: Run Behavior\WriteHtmlCacheBehavior [ RunTime:0.000009s ]
INFO: [ view_filter ] --END-- [ RunTime:-1.153966s ]
INFO: [ app_end ] --START--
INFO: Run Behavior\ShowPageTraceBehavior [ RunTime:0.000524s ]
INFO: [ app_end ] --END-- [ RunTime:0.000586s ]

[ 2015-05-11T10:40:49+08:00 ] 192.168.2.43 /index.php?s=/Lottery/index/getLottery.html
INFO: [ app_init ] --START--
INFO: Run Behavior\BuildLiteBehavior [ RunTime:0.000014s ]
INFO: [ app_init ] --END-- [ RunTime:0.000311s ]
INFO: [ app_begin ] --START--
INFO: Run Behavior\ReadHtmlCacheBehavior [ RunTime:0.000432s ]
INFO: [ app_begin ] --END-- [ RunTime:0.000476s ]
NOTIC: [2] include_once(App/Home/pay/WxHongBaoHelper.php): failed to open stream: No such file or directory /web/weixin/App/Lottery/Controller/IndexController.class.php 第 9 行.
NOTIC: [2] include_once(): Failed opening 'App/Home/pay/WxHongBaoHelper.php' for inclusion (include_path='.:/usr/share/pear:/usr/share/php') /web/weixin/App/Lottery/Controller/IndexController.class.php 第 9 行.
INFO: [ app_end ] --START--
INFO: Run Behavior\ShowPageTraceBehavior [ RunTime:0.000409s ]
INFO: [ app_end ] --END-- [ RunTime:0.000476s ]

[ 2015-05-11T10:40:49+08:00 ] 192.168.2.43 /index.php?s=/Lottery/index/savelottery.html
INFO: [ app_init ] --START--
INFO: Run Behavior\BuildLiteBehavior [ RunTime:0.000013s ]
INFO: [ app_init ] --END-- [ RunTime:0.000285s ]
INFO: [ app_begin ] --START--
INFO: Run Behavior\ReadHtmlCacheBehavior [ RunTime:0.000406s ]
INFO: [ app_begin ] --END-- [ RunTime:0.000452s ]
NOTIC: [2] include_once(App/Home/pay/WxHongBaoHelper.php): failed to open stream: No such file or directory /web/weixin/App/Lottery/Controller/IndexController.class.php 第 9 行.
NOTIC: [2] include_once(): Failed opening 'App/Home/pay/WxHongBaoHelper.php' for inclusion (include_path='.:/usr/share/pear:/usr/share/php') /web/weixin/App/Lottery/Controller/IndexController.class.php 第 9 行.
SQL: SHOW COLUMNS FROM `w_lottery` [ RunTime:0.0007s ]
SQL: SELECT COUNT(*) AS tp_count FROM `w_lottery` WHERE `openid` = 'ou9X8ti7n_EM55j9zY1aekeRRPsw' LIMIT 1   [ RunTime:0.0001s ]
INFO: [ app_end ] --START--
INFO: Run Behavior\ShowPageTraceBehavior [ RunTime:0.000448s ]
INFO: [ app_end ] --END-- [ RunTime:0.000492s ]

[ 2015-05-11T10:40:54+08:00 ] 192.168.2.43 /index.php?s=/Lottery/index/getLottery.html
INFO: [ app_init ] --START--
INFO: Run Behavior\BuildLiteBehavior [ RunTime:0.000014s ]
INFO: [ app_init ] --END-- [ RunTime:0.000298s ]
INFO: [ app_begin ] --START--
INFO: Run Behavior\ReadHtmlCacheBehavior [ RunTime:0.000394s ]
INFO: [ app_begin ] --END-- [ RunTime:0.000439s ]
NOTIC: [2] include_once(App/Home/pay/WxHongBaoHelper.php): failed to open stream: No such file or directory /web/weixin/App/Lottery/Controller/IndexController.class.php 第 9 行.
NOTIC: [2] include_once(): Failed opening 'App/Home/pay/WxHongBaoHelper.php' for inclusion (include_path='.:/usr/share/pear:/usr/share/php') /web/weixin/App/Lottery/Controller/IndexController.class.php 第 9 行.
INFO: [ app_end ] --START--
INFO: Run Behavior\ShowPageTraceBehavior [ RunTime:0.000430s ]
INFO: [ app_end ] --END-- [ RunTime:0.000478s ]

[ 2015-05-11T10:40:54+08:00 ] 192.168.2.43 /index.php?s=/Lottery/index/savelottery.html
INFO: [ app_init ] --START--
INFO: Run Behavior\BuildLiteBehavior [ RunTime:0.000013s ]
INFO: [ app_init ] --END-- [ RunTime:0.000279s ]
INFO: [ app_begin ] --START--
INFO: Run Behavior\ReadHtmlCacheBehavior [ RunTime:0.000378s ]
INFO: [ app_begin ] --END-- [ RunTime:0.000423s ]
NOTIC: [2] include_once(App/Home/pay/WxHongBaoHelper.php): failed to open stream: No such file or directory /web/weixin/App/Lottery/Controller/IndexController.class.php 第 9 行.
NOTIC: [2] include_once(): Failed opening 'App/Home/pay/WxHongBaoHelper.php' for inclusion (include_path='.:/usr/share/pear:/usr/share/php') /web/weixin/App/Lottery/Controller/IndexController.class.php 第 9 行.
SQL: SHOW COLUMNS FROM `w_lottery` [ RunTime:0.0007s ]
SQL: SELECT COUNT(*) AS tp_count FROM `w_lottery` WHERE `openid` = 'ou9X8ti7n_EM55j9zY1aekeRRPsw' LIMIT 1   [ RunTime:0.0001s ]
INFO: [ app_end ] --START--
INFO: Run Behavior\ShowPageTraceBehavior [ RunTime:0.000400s ]
INFO: [ app_end ] --END-- [ RunTime:0.000444s ]

[ 2015-05-11T10:42:18+08:00 ] 192.168.2.43 /Lottery/index
INFO: [ app_init ] --START--
INFO: Run Behavior\BuildLiteBehavior [ RunTime:0.000015s ]
INFO: [ app_init ] --END-- [ RunTime:0.000325s ]
INFO: [ app_begin ] --START--
INFO: Run Behavior\ReadHtmlCacheBehavior [ RunTime:0.000417s ]
INFO: [ app_begin ] --END-- [ RunTime:0.000466s ]
NOTIC: [2] include_once(App/Home/pay/WxHongBaoHelper.php): failed to open stream: No such file or directory /web/weixin/App/Lottery/Controller/IndexController.class.php 第 9 行.
NOTIC: [2] include_once(): Failed opening 'App/Home/pay/WxHongBaoHelper.php' for inclusion (include_path='.:/usr/share/pear:/usr/share/php') /web/weixin/App/Lottery/Controller/IndexController.class.php 第 9 行.
SQL: SHOW COLUMNS FROM `w_option` [ RunTime:0.0007s ]
SQL: SELECT `meta_value` FROM `w_option` WHERE ( meta_key='site_url' ) LIMIT 1   [ RunTime:0.0001s ]
SQL: SELECT `meta_value` FROM `w_option` WHERE ( meta_key='site_url' ) LIMIT 1   [ RunTime:0.0001s ]
SQL: SELECT `meta_value` FROM `w_option` WHERE ( meta_key='site_url' ) LIMIT 1   [ RunTime:0.0001s ]
SQL: SELECT `meta_value` FROM `w_option` WHERE ( meta_key='site_url' ) LIMIT 1   [ RunTime:0.0001s ]
SQL: SELECT `meta_value` FROM `w_option` WHERE ( meta_key='site_url' ) LIMIT 1   [ RunTime:0.0001s ]
SQL: SELECT `meta_value` FROM `w_option` WHERE ( meta_key='site_url' ) LIMIT 1   [ RunTime:0.0001s ]
INFO: [ view_filter ] --START--
INFO: Run Behavior\WriteHtmlCacheBehavior [ RunTime:0.000126s ]
INFO: [ view_filter ] --END-- [ RunTime:0.000177s ]
NOTIC: [8] Undefined index: code /web/weixin/Theme/default/Lottery/index.php 第 4 行.
NOTIC: [8] A session had already been started - ignoring session_start() /web/weixin/App/Home/Common/Common.class.php 第 10 行.
NOTIC: [2048] Non-static method Home\Common\Common::PData() should not be called statically, assuming $this from incompatible context /web/weixin/App/Home/Controller/Oauth2Controller.class.php 第 44 行.
NOTIC: [8] Undefined property: stdClass::$openid /web/weixin/Theme/default/Lottery/index.php 第 6 行.
NOTIC: [2048] Non-static method Home\Common\Common::setrep() should not be called statically, assuming $this from incompatible context /web/weixin/App/Home/Controller/Oauth2Controller.class.php 第 49 行.
NOTIC: [2048] Non-static method Home\Common\Common::getAccessTokens() should not be called statically, assuming $this from incompatible context /web/weixin/App/Home/Common/Common.class.php 第 63 行.
NOTIC: [2048] Non-static method Home\Common\Common::PData() should not be called statically, assuming $this from incompatible context /web/weixin/App/Home/Controller/Oauth2Controller.class.php 第 51 行.
SQL: SELECT `meta_value` FROM `w_option` WHERE ( meta_key='site_url' ) LIMIT 1   [ RunTime:0.0001s ]
SQL: SELECT `meta_value` FROM `w_option` WHERE ( meta_key='site_url' ) LIMIT 1   [ RunTime:0.0001s ]
SQL: SELECT `meta_value` FROM `w_option` WHERE ( meta_key='site_url' ) LIMIT 1   [ RunTime:0.0001s ]
SQL: SELECT `meta_value` FROM `w_option` WHERE ( meta_key='site_url' ) LIMIT 1   [ RunTime:0.0001s ]
SQL: SELECT `meta_value` FROM `w_option` WHERE ( meta_key='site_url' ) LIMIT 1   [ RunTime:0.0001s ]
SQL: SELECT `meta_value` FROM `w_option` WHERE ( meta_key='site_url' ) LIMIT 1   [ RunTime:0.0001s ]
NOTIC: [8] Undefined property: stdClass::$subscribe /web/weixin/Theme/default/Lottery/index.php 第 187 行.
NOTIC: [8] Undefined property: stdClass::$openid /web/weixin/Theme/default/Lottery/index.php 第 200 行.
NOTIC: [8] Undefined property: stdClass::$subscribe /web/weixin/Theme/default/Lottery/index.php 第 200 行.
NOTIC: [8] Undefined property: stdClass::$nickname /web/weixin/Theme/default/Lottery/index.php 第 200 行.
INFO: [ view_filter ] --START--
INFO: Run Behavior\WriteHtmlCacheBehavior [ RunTime:0.000014s ]
INFO: [ view_filter ] --END-- [ RunTime:-1.197727s ]
INFO: [ view_filter ] --START--
INFO: Run Behavior\WriteHtmlCacheBehavior [ RunTime:0.000009s ]
INFO: [ view_filter ] --END-- [ RunTime:-1.197830s ]
INFO: [ app_end ] --START--
INFO: Run Behavior\ShowPageTraceBehavior [ RunTime:0.000516s ]
INFO: [ app_end ] --END-- [ RunTime:0.000568s ]

[ 2015-05-11T10:42:19+08:00 ] 192.168.2.43 /Lottery/index?code=041b47bd43b2f3d3011dbe878d585128&state=state
INFO: [ app_init ] --START--
INFO: Run Behavior\BuildLiteBehavior [ RunTime:0.000013s ]
INFO: [ app_init ] --END-- [ RunTime:0.000287s ]
INFO: [ app_begin ] --START--
INFO: Run Behavior\ReadHtmlCacheBehavior [ RunTime:0.000385s ]
INFO: [ app_begin ] --END-- [ RunTime:0.000434s ]
NOTIC: [2] include_once(App/Home/pay/WxHongBaoHelper.php): failed to open stream: No such file or directory /web/weixin/App/Lottery/Controller/IndexController.class.php 第 9 行.
NOTIC: [2] include_once(): Failed opening 'App/Home/pay/WxHongBaoHelper.php' for inclusion (include_path='.:/usr/share/pear:/usr/share/php') /web/weixin/App/Lottery/Controller/IndexController.class.php 第 9 行.
SQL: SHOW COLUMNS FROM `w_option` [ RunTime:0.0007s ]
SQL: SELECT `meta_value` FROM `w_option` WHERE ( meta_key='site_url' ) LIMIT 1   [ RunTime:0.0001s ]
SQL: SELECT `meta_value` FROM `w_option` WHERE ( meta_key='site_url' ) LIMIT 1   [ RunTime:0.0001s ]
SQL: SELECT `meta_value` FROM `w_option` WHERE ( meta_key='site_url' ) LIMIT 1   [ RunTime:0.0001s ]
SQL: SELECT `meta_value` FROM `w_option` WHERE ( meta_key='site_url' ) LIMIT 1   [ RunTime:0.0001s ]
SQL: SELECT `meta_value` FROM `w_option` WHERE ( meta_key='site_url' ) LIMIT 1   [ RunTime:0.0001s ]
SQL: SELECT `meta_value` FROM `w_option` WHERE ( meta_key='site_url' ) LIMIT 1   [ RunTime:0.0001s ]
INFO: [ view_filter ] --START--
INFO: Run Behavior\WriteHtmlCacheBehavior [ RunTime:0.000155s ]
INFO: [ view_filter ] --END-- [ RunTime:0.000207s ]
NOTIC: [8] A session had already been started - ignoring session_start() /web/weixin/App/Home/Common/Common.class.php 第 10 行.
NOTIC: [2048] Non-static method Home\Common\Common::PData() should not be called statically, assuming $this from incompatible context /web/weixin/App/Home/Controller/Oauth2Controller.class.php 第 44 行.
NOTIC: [2048] Non-static method Home\Common\Common::setrep() should not be called statically, assuming $this from incompatible context /web/weixin/App/Home/Controller/Oauth2Controller.class.php 第 49 行.
NOTIC: [2048] Non-static method Home\Common\Common::getAccessTokens() should not be called statically, assuming $this from incompatible context /web/weixin/App/Home/Common/Common.class.php 第 63 行.
NOTIC: [2048] Non-static method Home\Common\Common::PData() should not be called statically, assuming $this from incompatible context /web/weixin/App/Home/Controller/Oauth2Controller.class.php 第 51 行.
SQL: SELECT `meta_value` FROM `w_option` WHERE ( meta_key='site_url' ) LIMIT 1   [ RunTime:0.0001s ]
SQL: SELECT `meta_value` FROM `w_option` WHERE ( meta_key='site_url' ) LIMIT 1   [ RunTime:0.0001s ]
SQL: SELECT `meta_value` FROM `w_option` WHERE ( meta_key='site_url' ) LIMIT 1   [ RunTime:0.0001s ]
SQL: SELECT `meta_value` FROM `w_option` WHERE ( meta_key='site_url' ) LIMIT 1   [ RunTime:0.0001s ]
SQL: SELECT `meta_value` FROM `w_option` WHERE ( meta_key='site_url' ) LIMIT 1   [ RunTime:0.0001s ]
SQL: SELECT `meta_value` FROM `w_option` WHERE ( meta_key='site_url' ) LIMIT 1   [ RunTime:0.0001s ]
INFO: [ view_filter ] --START--
INFO: Run Behavior\WriteHtmlCacheBehavior [ RunTime:0.000026s ]
INFO: [ view_filter ] --END-- [ RunTime:-1.005042s ]
INFO: [ view_filter ] --START--
INFO: Run Behavior\WriteHtmlCacheBehavior [ RunTime:0.000010s ]
INFO: [ view_filter ] --END-- [ RunTime:-1.005182s ]
INFO: [ app_end ] --START--
INFO: Run Behavior\ShowPageTraceBehavior [ RunTime:0.000510s ]
INFO: [ app_end ] --END-- [ RunTime:0.000572s ]

[ 2015-05-11T10:42:21+08:00 ] 192.168.2.43 /index.php?s=/Lottery/index/getLottery.html
INFO: [ app_init ] --START--
INFO: Run Behavior\BuildLiteBehavior [ RunTime:0.000014s ]
INFO: [ app_init ] --END-- [ RunTime:0.000293s ]
INFO: [ app_begin ] --START--
INFO: Run Behavior\ReadHtmlCacheBehavior [ RunTime:0.000407s ]
INFO: [ app_begin ] --END-- [ RunTime:0.000474s ]
NOTIC: [2] include_once(App/Home/pay/WxHongBaoHelper.php): failed to open stream: No such file or directory /web/weixin/App/Lottery/Controller/IndexController.class.php 第 9 行.
NOTIC: [2] include_once(): Failed opening 'App/Home/pay/WxHongBaoHelper.php' for inclusion (include_path='.:/usr/share/pear:/usr/share/php') /web/weixin/App/Lottery/Controller/IndexController.class.php 第 9 行.
INFO: [ app_end ] --START--
INFO: Run Behavior\ShowPageTraceBehavior [ RunTime:0.000425s ]
INFO: [ app_end ] --END-- [ RunTime:0.000473s ]

[ 2015-05-11T10:42:22+08:00 ] 192.168.2.43 /index.php?s=/Lottery/index/savelottery.html
INFO: [ app_init ] --START--
INFO: Run Behavior\BuildLiteBehavior [ RunTime:0.000013s ]
INFO: [ app_init ] --END-- [ RunTime:0.000287s ]
INFO: [ app_begin ] --START--
INFO: Run Behavior\ReadHtmlCacheBehavior [ RunTime:0.000387s ]
INFO: [ app_begin ] --END-- [ RunTime:0.000435s ]
NOTIC: [2] include_once(App/Home/pay/WxHongBaoHelper.php): failed to open stream: No such file or directory /web/weixin/App/Lottery/Controller/IndexController.class.php 第 9 行.
NOTIC: [2] include_once(): Failed opening 'App/Home/pay/WxHongBaoHelper.php' for inclusion (include_path='.:/usr/share/pear:/usr/share/php') /web/weixin/App/Lottery/Controller/IndexController.class.php 第 9 行.
SQL: SHOW COLUMNS FROM `w_lottery` [ RunTime:0.0007s ]
SQL: SELECT COUNT(*) AS tp_count FROM `w_lottery` WHERE `openid` = 'ou9X8tpSlTLlRDrn3poEBV2lOc6o' LIMIT 1   [ RunTime:0.0003s ]
NOTIC: [2] include_once(App/Home/pay/WxCouponHelper.php): failed to open stream: No such file or directory /web/weixin/App/Home/Controller/CouponController.class.php 第 11 行.
NOTIC: [2] include_once(): Failed opening 'App/Home/pay/WxCouponHelper.php' for inclusion (include_path='.:/usr/share/pear:/usr/share/php') /web/weixin/App/Home/Controller/CouponController.class.php 第 11 行.
NOTIC: [8] Undefined variable: CA /web/weixin/App/Home/Controller/pay/WxCouponHelper.php 第 107 行.
NOTIC: [8] Undefined variable: CA /web/weixin/App/Home/Controller/pay/WxCouponHelper.php 第 113 行.
NOTIC: [8] Undefined variable: curl /web/weixin/App/Home/Controller/pay/WxCouponHelper.php 第 128 行.
NOTIC: [2] curl_error() expects parameter 1 to be resource, null given /web/weixin/App/Home/Controller/pay/WxCouponHelper.php 第 128 行.
SQL: INSERT INTO `w_lottery` (`openid`,`nickname`,`lotteryinfo`,`created`) VALUES ('ou9X8tpSlTLlRDrn3poEBV2lOc6o','Billin比霖','70元','1431312141') [ RunTime:0.1042s ]
INFO: [ app_end ] --START--
INFO: Run Behavior\ShowPageTraceBehavior [ RunTime:0.000517s ]
INFO: [ app_end ] --END-- [ RunTime:0.000565s ]

[ 2015-05-11T10:44:22+08:00 ] 192.168.2.43 /Lottery/index?code=021cc312e9286a6e1e518aa5cf42dc4d&state=state
INFO: [ app_init ] --START--
INFO: Run Behavior\BuildLiteBehavior [ RunTime:0.000015s ]
INFO: [ app_init ] --END-- [ RunTime:0.000300s ]
INFO: [ app_begin ] --START--
INFO: Run Behavior\ReadHtmlCacheBehavior [ RunTime:0.000394s ]
INFO: [ app_begin ] --END-- [ RunTime:0.000443s ]
NOTIC: [2] include_once(App/Home/pay/WxHongBaoHelper.php): failed to open stream: No such file or directory /web/weixin/App/Lottery/Controller/IndexController.class.php 第 9 行.
NOTIC: [2] include_once(): Failed opening 'App/Home/pay/WxHongBaoHelper.php' for inclusion (include_path='.:/usr/share/pear:/usr/share/php') /web/weixin/App/Lottery/Controller/IndexController.class.php 第 9 行.
SQL: SHOW COLUMNS FROM `w_option` [ RunTime:0.0006s ]
SQL: SELECT `meta_value` FROM `w_option` WHERE ( meta_key='site_url' ) LIMIT 1   [ RunTime:0.0001s ]
SQL: SELECT `meta_value` FROM `w_option` WHERE ( meta_key='site_url' ) LIMIT 1   [ RunTime:0.0001s ]
SQL: SELECT `meta_value` FROM `w_option` WHERE ( meta_key='site_url' ) LIMIT 1   [ RunTime:0.0001s ]
SQL: SELECT `meta_value` FROM `w_option` WHERE ( meta_key='site_url' ) LIMIT 1   [ RunTime:0.0001s ]
SQL: SELECT `meta_value` FROM `w_option` WHERE ( meta_key='site_url' ) LIMIT 1   [ RunTime:0.0001s ]
SQL: SELECT `meta_value` FROM `w_option` WHERE ( meta_key='site_url' ) LIMIT 1   [ RunTime:0.0001s ]
INFO: [ view_filter ] --START--
INFO: Run Behavior\WriteHtmlCacheBehavior [ RunTime:0.000125s ]
INFO: [ view_filter ] --END-- [ RunTime:0.000176s ]
NOTIC: [8] A session had already been started - ignoring session_start() /web/weixin/App/Home/Common/Common.class.php 第 10 行.
NOTIC: [2048] Non-static method Home\Common\Common::PData() should not be called statically, assuming $this from incompatible context /web/weixin/App/Home/Controller/Oauth2Controller.class.php 第 44 行.
NOTIC: [2048] Non-static method Home\Common\Common::setrep() should not be called statically, assuming $this from incompatible context /web/weixin/App/Home/Controller/Oauth2Controller.class.php 第 49 行.
NOTIC: [2048] Non-static method Home\Common\Common::getAccessTokens() should not be called statically, assuming $this from incompatible context /web/weixin/App/Home/Common/Common.class.php 第 63 行.
NOTIC: [2048] Non-static method Home\Common\Common::PData() should not be called statically, assuming $this from incompatible context /web/weixin/App/Home/Controller/Oauth2Controller.class.php 第 51 行.
SQL: SELECT `meta_value` FROM `w_option` WHERE ( meta_key='site_url' ) LIMIT 1   [ RunTime:0.0001s ]
SQL: SELECT `meta_value` FROM `w_option` WHERE ( meta_key='site_url' ) LIMIT 1   [ RunTime:0.0001s ]
SQL: SELECT `meta_value` FROM `w_option` WHERE ( meta_key='site_url' ) LIMIT 1   [ RunTime:0.0001s ]
SQL: SELECT `meta_value` FROM `w_option` WHERE ( meta_key='site_url' ) LIMIT 1   [ RunTime:0.0001s ]
SQL: SELECT `meta_value` FROM `w_option` WHERE ( meta_key='site_url' ) LIMIT 1   [ RunTime:0.0001s ]
SQL: SELECT `meta_value` FROM `w_option` WHERE ( meta_key='site_url' ) LIMIT 1   [ RunTime:0.0001s ]
INFO: [ view_filter ] --START--
INFO: Run Behavior\WriteHtmlCacheBehavior [ RunTime:0.000015s ]
INFO: [ view_filter ] --END-- [ RunTime:-1.080184s ]
INFO: [ view_filter ] --START--
INFO: Run Behavior\WriteHtmlCacheBehavior [ RunTime:0.000009s ]
INFO: [ view_filter ] --END-- [ RunTime:-1.080299s ]
INFO: [ app_end ] --START--
INFO: Run Behavior\ShowPageTraceBehavior [ RunTime:0.000485s ]
INFO: [ app_end ] --END-- [ RunTime:0.000537s ]

[ 2015-05-11T10:44:25+08:00 ] 192.168.2.43 /index.php?s=/Lottery/index/getLottery.html
INFO: [ app_init ] --START--
INFO: Run Behavior\BuildLiteBehavior [ RunTime:0.000015s ]
INFO: [ app_init ] --END-- [ RunTime:0.000302s ]
INFO: [ app_begin ] --START--
INFO: Run Behavior\ReadHtmlCacheBehavior [ RunTime:0.000396s ]
INFO: [ app_begin ] --END-- [ RunTime:0.000441s ]
NOTIC: [2] include_once(App/Home/pay/WxHongBaoHelper.php): failed to open stream: No such file or directory /web/weixin/App/Lottery/Controller/IndexController.class.php 第 9 行.
NOTIC: [2] include_once(): Failed opening 'App/Home/pay/WxHongBaoHelper.php' for inclusion (include_path='.:/usr/share/pear:/usr/share/php') /web/weixin/App/Lottery/Controller/IndexController.class.php 第 9 行.
INFO: [ app_end ] --START--
INFO: Run Behavior\ShowPageTraceBehavior [ RunTime:0.000404s ]
INFO: [ app_end ] --END-- [ RunTime:0.000451s ]

[ 2015-05-11T10:44:25+08:00 ] 192.168.2.43 /index.php?s=/Lottery/index/savelottery.html
INFO: [ app_init ] --START--
INFO: Run Behavior\BuildLiteBehavior [ RunTime:0.000013s ]
INFO: [ app_init ] --END-- [ RunTime:0.000286s ]
INFO: [ app_begin ] --START--
INFO: Run Behavior\ReadHtmlCacheBehavior [ RunTime:0.000381s ]
INFO: [ app_begin ] --END-- [ RunTime:0.000427s ]
NOTIC: [2] include_once(App/Home/pay/WxHongBaoHelper.php): failed to open stream: No such file or directory /web/weixin/App/Lottery/Controller/IndexController.class.php 第 9 行.
NOTIC: [2] include_once(): Failed opening 'App/Home/pay/WxHongBaoHelper.php' for inclusion (include_path='.:/usr/share/pear:/usr/share/php') /web/weixin/App/Lottery/Controller/IndexController.class.php 第 9 行.
SQL: SHOW COLUMNS FROM `w_lottery` [ RunTime:0.0007s ]
SQL: SELECT COUNT(*) AS tp_count FROM `w_lottery` WHERE `openid` = 'ou9X8ti7n_EM55j9zY1aekeRRPsw' LIMIT 1   [ RunTime:0.0003s ]
INFO: [ app_end ] --START--
INFO: Run Behavior\ShowPageTraceBehavior [ RunTime:0.000411s ]
INFO: [ app_end ] --END-- [ RunTime:0.000455s ]

[ 2015-05-11T10:44:33+08:00 ] 192.168.2.43 /index.php?s=/Lottery/index/getLottery.html
INFO: [ app_init ] --START--
INFO: Run Behavior\BuildLiteBehavior [ RunTime:0.000014s ]
INFO: [ app_init ] --END-- [ RunTime:0.000299s ]
INFO: [ app_begin ] --START--
INFO: Run Behavior\ReadHtmlCacheBehavior [ RunTime:0.000407s ]
INFO: [ app_begin ] --END-- [ RunTime:0.000453s ]
NOTIC: [2] include_once(App/Home/pay/WxHongBaoHelper.php): failed to open stream: No such file or directory /web/weixin/App/Lottery/Controller/IndexController.class.php 第 9 行.
NOTIC: [2] include_once(): Failed opening 'App/Home/pay/WxHongBaoHelper.php' for inclusion (include_path='.:/usr/share/pear:/usr/share/php') /web/weixin/App/Lottery/Controller/IndexController.class.php 第 9 行.
INFO: [ app_end ] --START--
INFO: Run Behavior\ShowPageTraceBehavior [ RunTime:0.000395s ]
INFO: [ app_end ] --END-- [ RunTime:0.000442s ]

[ 2015-05-11T10:44:33+08:00 ] 192.168.2.43 /index.php?s=/Lottery/index/savelottery.html
INFO: [ app_init ] --START--
INFO: Run Behavior\BuildLiteBehavior [ RunTime:0.000013s ]
INFO: [ app_init ] --END-- [ RunTime:0.000302s ]
INFO: [ app_begin ] --START--
INFO: Run Behavior\ReadHtmlCacheBehavior [ RunTime:0.000401s ]
INFO: [ app_begin ] --END-- [ RunTime:0.000448s ]
NOTIC: [2] include_once(App/Home/pay/WxHongBaoHelper.php): failed to open stream: No such file or directory /web/weixin/App/Lottery/Controller/IndexController.class.php 第 9 行.
NOTIC: [2] include_once(): Failed opening 'App/Home/pay/WxHongBaoHelper.php' for inclusion (include_path='.:/usr/share/pear:/usr/share/php') /web/weixin/App/Lottery/Controller/IndexController.class.php 第 9 行.
SQL: SHOW COLUMNS FROM `w_lottery` [ RunTime:0.0007s ]
SQL: SELECT COUNT(*) AS tp_count FROM `w_lottery` WHERE `openid` = 'ou9X8ti7n_EM55j9zY1aekeRRPsw' LIMIT 1   [ RunTime:0.0001s ]
INFO: [ app_end ] --START--
INFO: Run Behavior\ShowPageTraceBehavior [ RunTime:0.000422s ]
INFO: [ app_end ] --END-- [ RunTime:0.000468s ]

[ 2015-05-11T10:46:49+08:00 ] 192.168.2.43 /Lottery/index?code=0218fe9138d1a4860177d7c28877a8dW&state=state
INFO: [ app_init ] --START--
INFO: Run Behavior\BuildLiteBehavior [ RunTime:0.000014s ]
INFO: [ app_init ] --END-- [ RunTime:0.000311s ]
INFO: [ app_begin ] --START--
INFO: Run Behavior\ReadHtmlCacheBehavior [ RunTime:0.000416s ]
INFO: [ app_begin ] --END-- [ RunTime:0.000465s ]
NOTIC: [2] include_once(App/Home/pay/WxHongBaoHelper.php): failed to open stream: No such file or directory /web/weixin/App/Lottery/Controller/IndexController.class.php 第 9 行.
NOTIC: [2] include_once(): Failed opening 'App/Home/pay/WxHongBaoHelper.php' for inclusion (include_path='.:/usr/share/pear:/usr/share/php') /web/weixin/App/Lottery/Controller/IndexController.class.php 第 9 行.
SQL: SHOW COLUMNS FROM `w_option` [ RunTime:0.0006s ]
SQL: SELECT `meta_value` FROM `w_option` WHERE ( meta_key='site_url' ) LIMIT 1   [ RunTime:0.0001s ]
SQL: SELECT `meta_value` FROM `w_option` WHERE ( meta_key='site_url' ) LIMIT 1   [ RunTime:0.0001s ]
SQL: SELECT `meta_value` FROM `w_option` WHERE ( meta_key='site_url' ) LIMIT 1   [ RunTime:0.0001s ]
SQL: SELECT `meta_value` FROM `w_option` WHERE ( meta_key='site_url' ) LIMIT 1   [ RunTime:0.0001s ]
SQL: SELECT `meta_value` FROM `w_option` WHERE ( meta_key='site_url' ) LIMIT 1   [ RunTime:0.0001s ]
SQL: SELECT `meta_value` FROM `w_option` WHERE ( meta_key='site_url' ) LIMIT 1   [ RunTime:0.0001s ]
INFO: [ view_filter ] --START--
INFO: Run Behavior\WriteHtmlCacheBehavior [ RunTime:0.000126s ]
INFO: [ view_filter ] --END-- [ RunTime:0.000177s ]
NOTIC: [8] A session had already been started - ignoring session_start() /web/weixin/App/Home/Common/Common.class.php 第 10 行.
NOTIC: [2048] Non-static method Home\Common\Common::PData() should not be called statically, assuming $this from incompatible context /web/weixin/App/Home/Controller/Oauth2Controller.class.php 第 44 行.
NOTIC: [2048] Non-static method Home\Common\Common::setrep() should not be called statically, assuming $this from incompatible context /web/weixin/App/Home/Controller/Oauth2Controller.class.php 第 49 行.
NOTIC: [2048] Non-static method Home\Common\Common::getAccessTokens() should not be called statically, assuming $this from incompatible context /web/weixin/App/Home/Common/Common.class.php 第 63 行.
NOTIC: [2048] Non-static method Home\Common\Common::PData() should not be called statically, assuming $this from incompatible context /web/weixin/App/Home/Controller/Oauth2Controller.class.php 第 51 行.
SQL: SELECT `meta_value` FROM `w_option` WHERE ( meta_key='site_url' ) LIMIT 1   [ RunTime:0.0001s ]
SQL: SELECT `meta_value` FROM `w_option` WHERE ( meta_key='site_url' ) LIMIT 1   [ RunTime:0.0001s ]
SQL: SELECT `meta_value` FROM `w_option` WHERE ( meta_key='site_url' ) LIMIT 1   [ RunTime:0.0001s ]
SQL: SELECT `meta_value` FROM `w_option` WHERE ( meta_key='site_url' ) LIMIT 1   [ RunTime:0.0001s ]
SQL: SELECT `meta_value` FROM `w_option` WHERE ( meta_key='site_url' ) LIMIT 1   [ RunTime:0.0001s ]
SQL: SELECT `meta_value` FROM `w_option` WHERE ( meta_key='site_url' ) LIMIT 1   [ RunTime:0.0001s ]
INFO: [ view_filter ] --START--
INFO: Run Behavior\WriteHtmlCacheBehavior [ RunTime:0.000014s ]
INFO: [ view_filter ] --END-- [ RunTime:-1.037206s ]
INFO: [ view_filter ] --START--
INFO: Run Behavior\WriteHtmlCacheBehavior [ RunTime:0.000009s ]
INFO: [ view_filter ] --END-- [ RunTime:-1.037309s ]
INFO: [ app_end ] --START--
INFO: Run Behavior\ShowPageTraceBehavior [ RunTime:0.000472s ]
INFO: [ app_end ] --END-- [ RunTime:0.000525s ]

[ 2015-05-11T10:46:52+08:00 ] 192.168.2.43 /index.php?s=/Lottery/index/getLottery.html
INFO: [ app_init ] --START--
INFO: Run Behavior\BuildLiteBehavior [ RunTime:0.000017s ]
INFO: [ app_init ] --END-- [ RunTime:0.000329s ]
INFO: [ app_begin ] --START--
INFO: Run Behavior\ReadHtmlCacheBehavior [ RunTime:0.000412s ]
INFO: [ app_begin ] --END-- [ RunTime:0.000458s ]
NOTIC: [2] include_once(App/Home/pay/WxHongBaoHelper.php): failed to open stream: No such file or directory /web/weixin/App/Lottery/Controller/IndexController.class.php 第 9 行.
NOTIC: [2] include_once(): Failed opening 'App/Home/pay/WxHongBaoHelper.php' for inclusion (include_path='.:/usr/share/pear:/usr/share/php') /web/weixin/App/Lottery/Controller/IndexController.class.php 第 9 行.
INFO: [ app_end ] --START--
INFO: Run Behavior\ShowPageTraceBehavior [ RunTime:0.000413s ]
INFO: [ app_end ] --END-- [ RunTime:0.000459s ]

[ 2015-05-11T10:46:52+08:00 ] 192.168.2.43 /index.php?s=/Lottery/index/savelottery.html
INFO: [ app_init ] --START--
INFO: Run Behavior\BuildLiteBehavior [ RunTime:0.000013s ]
INFO: [ app_init ] --END-- [ RunTime:0.000289s ]
INFO: [ app_begin ] --START--
INFO: Run Behavior\ReadHtmlCacheBehavior [ RunTime:0.000422s ]
INFO: [ app_begin ] --END-- [ RunTime:0.000470s ]
NOTIC: [2] include_once(App/Home/pay/WxHongBaoHelper.php): failed to open stream: No such file or directory /web/weixin/App/Lottery/Controller/IndexController.class.php 第 9 行.
NOTIC: [2] include_once(): Failed opening 'App/Home/pay/WxHongBaoHelper.php' for inclusion (include_path='.:/usr/share/pear:/usr/share/php') /web/weixin/App/Lottery/Controller/IndexController.class.php 第 9 行.
SQL: SHOW COLUMNS FROM `w_lottery` [ RunTime:0.0007s ]
SQL: SELECT COUNT(*) AS tp_count FROM `w_lottery` WHERE `openid` = 'ou9X8ti7n_EM55j9zY1aekeRRPsw' LIMIT 1   [ RunTime:0.0001s ]
INFO: [ app_end ] --START--
INFO: Run Behavior\ShowPageTraceBehavior [ RunTime:0.000427s ]
INFO: [ app_end ] --END-- [ RunTime:0.000472s ]

[ 2015-05-11T12:08:01+08:00 ] 192.168.2.43 /Lottery/index?code=0318e9d06e591935aefb660259ad884M&state=state
INFO: [ app_init ] --START--
INFO: Run Behavior\BuildLiteBehavior [ RunTime:0.000014s ]
INFO: [ app_init ] --END-- [ RunTime:0.000310s ]
INFO: [ app_begin ] --START--
INFO: Run Behavior\ReadHtmlCacheBehavior [ RunTime:0.000399s ]
INFO: [ app_begin ] --END-- [ RunTime:0.000447s ]
NOTIC: [2] include_once(App/Home/pay/WxHongBaoHelper.php): failed to open stream: No such file or directory /web/weixin/App/Lottery/Controller/IndexController.class.php 第 9 行.
NOTIC: [2] include_once(): Failed opening 'App/Home/pay/WxHongBaoHelper.php' for inclusion (include_path='.:/usr/share/pear:/usr/share/php') /web/weixin/App/Lottery/Controller/IndexController.class.php 第 9 行.
SQL: SHOW COLUMNS FROM `w_option` [ RunTime:0.0007s ]
SQL: SELECT `meta_value` FROM `w_option` WHERE ( meta_key='site_url' ) LIMIT 1   [ RunTime:0.0001s ]
SQL: SELECT `meta_value` FROM `w_option` WHERE ( meta_key='site_url' ) LIMIT 1   [ RunTime:0.0001s ]
SQL: SELECT `meta_value` FROM `w_option` WHERE ( meta_key='site_url' ) LIMIT 1   [ RunTime:0.0001s ]
SQL: SELECT `meta_value` FROM `w_option` WHERE ( meta_key='site_url' ) LIMIT 1   [ RunTime:0.0001s ]
SQL: SELECT `meta_value` FROM `w_option` WHERE ( meta_key='site_url' ) LIMIT 1   [ RunTime:0.0001s ]
SQL: SELECT `meta_value` FROM `w_option` WHERE ( meta_key='site_url' ) LIMIT 1   [ RunTime:0.0001s ]
INFO: [ view_filter ] --START--
INFO: Run Behavior\WriteHtmlCacheBehavior [ RunTime:0.000127s ]
INFO: [ view_filter ] --END-- [ RunTime:0.000184s ]
NOTIC: [8] A session had already been started - ignoring session_start() /web/weixin/App/Home/Common/Common.class.php 第 10 行.
NOTIC: [2048] Non-static method Home\Common\Common::PData() should not be called statically, assuming $this from incompatible context /web/weixin/App/Home/Controller/Oauth2Controller.class.php 第 44 行.
NOTIC: [2048] Non-static method Home\Common\Common::setrep() should not be called statically, assuming $this from incompatible context /web/weixin/App/Home/Controller/Oauth2Controller.class.php 第 49 行.
NOTIC: [2048] Non-static method Home\Common\Common::getAccessTokens() should not be called statically, assuming $this from incompatible context /web/weixin/App/Home/Common/Common.class.php 第 63 行.
NOTIC: [2048] Non-static method Home\Common\Common::PData() should not be called statically, assuming $this from incompatible context /web/weixin/App/Home/Controller/Oauth2Controller.class.php 第 51 行.
SQL: SELECT `meta_value` FROM `w_option` WHERE ( meta_key='site_url' ) LIMIT 1   [ RunTime:0.0001s ]
SQL: SELECT `meta_value` FROM `w_option` WHERE ( meta_key='site_url' ) LIMIT 1   [ RunTime:0.0001s ]
SQL: SELECT `meta_value` FROM `w_option` WHERE ( meta_key='site_url' ) LIMIT 1   [ RunTime:0.0001s ]
SQL: SELECT `meta_value` FROM `w_option` WHERE ( meta_key='site_url' ) LIMIT 1   [ RunTime:0.0001s ]
SQL: SELECT `meta_value` FROM `w_option` WHERE ( meta_key='site_url' ) LIMIT 1   [ RunTime:0.0001s ]
SQL: SELECT `meta_value` FROM `w_option` WHERE ( meta_key='site_url' ) LIMIT 1   [ RunTime:0.0001s ]
INFO: [ view_filter ] --START--
INFO: Run Behavior\WriteHtmlCacheBehavior [ RunTime:0.000014s ]
INFO: [ view_filter ] --END-- [ RunTime:-1.169118s ]
INFO: [ view_filter ] --START--
INFO: Run Behavior\WriteHtmlCacheBehavior [ RunTime:0.000009s ]
INFO: [ view_filter ] --END-- [ RunTime:-1.169235s ]
INFO: [ app_end ] --START--
INFO: Run Behavior\ShowPageTraceBehavior [ RunTime:0.000484s ]
INFO: [ app_end ] --END-- [ RunTime:0.000537s ]

[ 2015-05-11T12:08:05+08:00 ] 192.168.2.43 /index.php?s=/Lottery/index/getLottery.html
INFO: [ app_init ] --START--
INFO: Run Behavior\BuildLiteBehavior [ RunTime:0.000014s ]
INFO: [ app_init ] --END-- [ RunTime:0.000300s ]
INFO: [ app_begin ] --START--
INFO: Run Behavior\ReadHtmlCacheBehavior [ RunTime:0.000402s ]
INFO: [ app_begin ] --END-- [ RunTime:0.000447s ]
NOTIC: [2] include_once(App/Home/pay/WxHongBaoHelper.php): failed to open stream: No such file or directory /web/weixin/App/Lottery/Controller/IndexController.class.php 第 9 行.
NOTIC: [2] include_once(): Failed opening 'App/Home/pay/WxHongBaoHelper.php' for inclusion (include_path='.:/usr/share/pear:/usr/share/php') /web/weixin/App/Lottery/Controller/IndexController.class.php 第 9 行.
INFO: [ app_end ] --START--
INFO: Run Behavior\ShowPageTraceBehavior [ RunTime:0.000403s ]
INFO: [ app_end ] --END-- [ RunTime:0.000451s ]

[ 2015-05-11T12:08:06+08:00 ] 192.168.2.43 /index.php?s=/Lottery/index/savelottery.html
INFO: [ app_init ] --START--
INFO: Run Behavior\BuildLiteBehavior [ RunTime:0.000013s ]
INFO: [ app_init ] --END-- [ RunTime:0.000313s ]
INFO: [ app_begin ] --START--
INFO: Run Behavior\ReadHtmlCacheBehavior [ RunTime:0.000426s ]
INFO: [ app_begin ] --END-- [ RunTime:0.000479s ]
NOTIC: [2] include_once(App/Home/pay/WxHongBaoHelper.php): failed to open stream: No such file or directory /web/weixin/App/Lottery/Controller/IndexController.class.php 第 9 行.
NOTIC: [2] include_once(): Failed opening 'App/Home/pay/WxHongBaoHelper.php' for inclusion (include_path='.:/usr/share/pear:/usr/share/php') /web/weixin/App/Lottery/Controller/IndexController.class.php 第 9 行.
SQL: SHOW COLUMNS FROM `w_lottery` [ RunTime:0.0007s ]
SQL: SELECT COUNT(*) AS tp_count FROM `w_lottery` WHERE `openid` = 'ou9X8tjM9db3hAW61dWBI9ZzfzOk' LIMIT 1   [ RunTime:0.0003s ]
NOTIC: [2] include_once(App/Home/pay/WxCouponHelper.php): failed to open stream: No such file or directory /web/weixin/App/Home/Controller/CouponController.class.php 第 11 行.
NOTIC: [2] include_once(): Failed opening 'App/Home/pay/WxCouponHelper.php' for inclusion (include_path='.:/usr/share/pear:/usr/share/php') /web/weixin/App/Home/Controller/CouponController.class.php 第 11 行.
NOTIC: [8] Undefined variable: CA /web/weixin/App/Home/Controller/pay/WxCouponHelper.php 第 107 行.
NOTIC: [8] Undefined variable: CA /web/weixin/App/Home/Controller/pay/WxCouponHelper.php 第 113 行.
NOTIC: [8] Undefined variable: curl /web/weixin/App/Home/Controller/pay/WxCouponHelper.php 第 128 行.
NOTIC: [2] curl_error() expects parameter 1 to be resource, null given /web/weixin/App/Home/Controller/pay/WxCouponHelper.php 第 128 行.
SQL: INSERT INTO `w_lottery` (`openid`,`nickname`,`lotteryinfo`,`created`) VALUES ('ou9X8tjM9db3hAW61dWBI9ZzfzOk','银杏','50元','1431317285') [ RunTime:0.0850s ]
INFO: [ app_end ] --START--
INFO: Run Behavior\ShowPageTraceBehavior [ RunTime:0.000542s ]
INFO: [ app_end ] --END-- [ RunTime:0.000591s ]

[ 2015-05-11T12:17:58+08:00 ] 192.168.2.43 /Lottery/index?code=03126ed40aacdada691021e7776090dL&state=state
INFO: [ app_init ] --START--
INFO: Run Behavior\BuildLiteBehavior [ RunTime:0.000014s ]
INFO: [ app_init ] --END-- [ RunTime:0.000310s ]
INFO: [ app_begin ] --START--
INFO: Run Behavior\ReadHtmlCacheBehavior [ RunTime:0.000410s ]
INFO: [ app_begin ] --END-- [ RunTime:0.000459s ]
NOTIC: [2] include_once(App/Home/pay/WxHongBaoHelper.php): failed to open stream: No such file or directory /web/weixin/App/Lottery/Controller/IndexController.class.php 第 9 行.
NOTIC: [2] include_once(): Failed opening 'App/Home/pay/WxHongBaoHelper.php' for inclusion (include_path='.:/usr/share/pear:/usr/share/php') /web/weixin/App/Lottery/Controller/IndexController.class.php 第 9 行.
SQL: SHOW COLUMNS FROM `w_option` [ RunTime:0.0006s ]
SQL: SELECT `meta_value` FROM `w_option` WHERE ( meta_key='site_url' ) LIMIT 1   [ RunTime:0.0001s ]
SQL: SELECT `meta_value` FROM `w_option` WHERE ( meta_key='site_url' ) LIMIT 1   [ RunTime:0.0001s ]
SQL: SELECT `meta_value` FROM `w_option` WHERE ( meta_key='site_url' ) LIMIT 1   [ RunTime:0.0001s ]
SQL: SELECT `meta_value` FROM `w_option` WHERE ( meta_key='site_url' ) LIMIT 1   [ RunTime:0.0001s ]
SQL: SELECT `meta_value` FROM `w_option` WHERE ( meta_key='site_url' ) LIMIT 1   [ RunTime:0.0001s ]
SQL: SELECT `meta_value` FROM `w_option` WHERE ( meta_key='site_url' ) LIMIT 1   [ RunTime:0.0001s ]
INFO: [ view_filter ] --START--
INFO: Run Behavior\WriteHtmlCacheBehavior [ RunTime:0.000125s ]
INFO: [ view_filter ] --END-- [ RunTime:0.000176s ]
NOTIC: [8] A session had already been started - ignoring session_start() /web/weixin/App/Home/Common/Common.class.php 第 10 行.
NOTIC: [2048] Non-static method Home\Common\Common::PData() should not be called statically, assuming $this from incompatible context /web/weixin/App/Home/Controller/Oauth2Controller.class.php 第 44 行.
NOTIC: [2048] Non-static method Home\Common\Common::setrep() should not be called statically, assuming $this from incompatible context /web/weixin/App/Home/Controller/Oauth2Controller.class.php 第 49 行.
NOTIC: [2048] Non-static method Home\Common\Common::getAccessTokens() should not be called statically, assuming $this from incompatible context /web/weixin/App/Home/Common/Common.class.php 第 63 行.
NOTIC: [2048] Non-static method Home\Common\Common::PData() should not be called statically, assuming $this from incompatible context /web/weixin/App/Home/Controller/Oauth2Controller.class.php 第 51 行.
SQL: SELECT `meta_value` FROM `w_option` WHERE ( meta_key='site_url' ) LIMIT 1   [ RunTime:0.0001s ]
SQL: SELECT `meta_value` FROM `w_option` WHERE ( meta_key='site_url' ) LIMIT 1   [ RunTime:0.0001s ]
SQL: SELECT `meta_value` FROM `w_option` WHERE ( meta_key='site_url' ) LIMIT 1   [ RunTime:0.0001s ]
SQL: SELECT `meta_value` FROM `w_option` WHERE ( meta_key='site_url' ) LIMIT 1   [ RunTime:0.0001s ]
SQL: SELECT `meta_value` FROM `w_option` WHERE ( meta_key='site_url' ) LIMIT 1   [ RunTime:0.0001s ]
SQL: SELECT `meta_value` FROM `w_option` WHERE ( meta_key='site_url' ) LIMIT 1   [ RunTime:0.0001s ]
INFO: [ view_filter ] --START--
INFO: Run Behavior\WriteHtmlCacheBehavior [ RunTime:0.000016s ]
INFO: [ view_filter ] --END-- [ RunTime:-1.182687s ]
INFO: [ view_filter ] --START--
INFO: Run Behavior\WriteHtmlCacheBehavior [ RunTime:0.000009s ]
INFO: [ view_filter ] --END-- [ RunTime:-1.182793s ]
INFO: [ app_end ] --START--
INFO: Run Behavior\ShowPageTraceBehavior [ RunTime:0.000508s ]
INFO: [ app_end ] --END-- [ RunTime:0.000562s ]

[ 2015-05-11T14:05:30+08:00 ] 192.168.2.43 /Lottery/index?code=00112e068882dbe19d44bec30935f4cH&state=state
INFO: [ app_init ] --START--
INFO: Run Behavior\BuildLiteBehavior [ RunTime:0.000013s ]
INFO: [ app_init ] --END-- [ RunTime:0.000291s ]
INFO: [ app_begin ] --START--
INFO: Run Behavior\ReadHtmlCacheBehavior [ RunTime:0.000408s ]
INFO: [ app_begin ] --END-- [ RunTime:0.000480s ]
NOTIC: [2] include_once(App/Home/pay/WxHongBaoHelper.php): failed to open stream: No such file or directory /web/weixin/App/Lottery/Controller/IndexController.class.php 第 9 行.
NOTIC: [2] include_once(): Failed opening 'App/Home/pay/WxHongBaoHelper.php' for inclusion (include_path='.:/usr/share/pear:/usr/share/php') /web/weixin/App/Lottery/Controller/IndexController.class.php 第 9 行.
SQL: SHOW COLUMNS FROM `w_option` [ RunTime:0.0006s ]
SQL: SELECT `meta_value` FROM `w_option` WHERE ( meta_key='site_url' ) LIMIT 1   [ RunTime:0.0001s ]
SQL: SELECT `meta_value` FROM `w_option` WHERE ( meta_key='site_url' ) LIMIT 1   [ RunTime:0.0001s ]
SQL: SELECT `meta_value` FROM `w_option` WHERE ( meta_key='site_url' ) LIMIT 1   [ RunTime:0.0001s ]
SQL: SELECT `meta_value` FROM `w_option` WHERE ( meta_key='site_url' ) LIMIT 1   [ RunTime:0.0001s ]
SQL: SELECT `meta_value` FROM `w_option` WHERE ( meta_key='site_url' ) LIMIT 1   [ RunTime:0.0001s ]
SQL: SELECT `meta_value` FROM `w_option` WHERE ( meta_key='site_url' ) LIMIT 1   [ RunTime:0.0001s ]
INFO: [ view_filter ] --START--
INFO: Run Behavior\WriteHtmlCacheBehavior [ RunTime:0.000190s ]
INFO: [ view_filter ] --END-- [ RunTime:0.000258s ]
NOTIC: [8] A session had already been started - ignoring session_start() /web/weixin/App/Home/Common/Common.class.php 第 10 行.
NOTIC: [2048] Non-static method Home\Common\Common::PData() should not be called statically, assuming $this from incompatible context /web/weixin/App/Home/Controller/Oauth2Controller.class.php 第 44 行.
NOTIC: [2048] Non-static method Home\Common\Common::setrep() should not be called statically, assuming $this from incompatible context /web/weixin/App/Home/Controller/Oauth2Controller.class.php 第 49 行.
NOTIC: [2048] Non-static method Home\Common\Common::getAccessTokens() should not be called statically, assuming $this from incompatible context /web/weixin/App/Home/Common/Common.class.php 第 63 行.
NOTIC: [2048] Non-static method Home\Common\Common::PData() should not be called statically, assuming $this from incompatible context /web/weixin/App/Home/Controller/Oauth2Controller.class.php 第 51 行.
SQL: SELECT `meta_value` FROM `w_option` WHERE ( meta_key='site_url' ) LIMIT 1   [ RunTime:0.0001s ]
SQL: SELECT `meta_value` FROM `w_option` WHERE ( meta_key='site_url' ) LIMIT 1   [ RunTime:0.0001s ]
SQL: SELECT `meta_value` FROM `w_option` WHERE ( meta_key='site_url' ) LIMIT 1   [ RunTime:0.0001s ]
SQL: SELECT `meta_value` FROM `w_option` WHERE ( meta_key='site_url' ) LIMIT 1   [ RunTime:0.0001s ]
SQL: SELECT `meta_value` FROM `w_option` WHERE ( meta_key='site_url' ) LIMIT 1   [ RunTime:0.0001s ]
SQL: SELECT `meta_value` FROM `w_option` WHERE ( meta_key='site_url' ) LIMIT 1   [ RunTime:0.0001s ]
INFO: [ view_filter ] --START--
INFO: Run Behavior\WriteHtmlCacheBehavior [ RunTime:0.000013s ]
INFO: [ view_filter ] --END-- [ RunTime:-0.782611s ]
INFO: [ view_filter ] --START--
INFO: Run Behavior\WriteHtmlCacheBehavior [ RunTime:0.000009s ]
INFO: [ view_filter ] --END-- [ RunTime:-0.782730s ]
INFO: [ app_end ] --START--
INFO: Run Behavior\ShowPageTraceBehavior [ RunTime:0.000449s ]
INFO: [ app_end ] --END-- [ RunTime:0.000503s ]

[ 2015-05-11T14:05:35+08:00 ] 192.168.2.43 /index.php?s=/Lottery/index/getLottery.html
INFO: [ app_init ] --START--
INFO: Run Behavior\BuildLiteBehavior [ RunTime:0.000015s ]
INFO: [ app_init ] --END-- [ RunTime:0.000354s ]
INFO: [ app_begin ] --START--
INFO: Run Behavior\ReadHtmlCacheBehavior [ RunTime:0.000422s ]
INFO: [ app_begin ] --END-- [ RunTime:0.000468s ]
NOTIC: [2] include_once(App/Home/pay/WxHongBaoHelper.php): failed to open stream: No such file or directory /web/weixin/App/Lottery/Controller/IndexController.class.php 第 9 行.
NOTIC: [2] include_once(): Failed opening 'App/Home/pay/WxHongBaoHelper.php' for inclusion (include_path='.:/usr/share/pear:/usr/share/php') /web/weixin/App/Lottery/Controller/IndexController.class.php 第 9 行.
INFO: [ app_end ] --START--
INFO: Run Behavior\ShowPageTraceBehavior [ RunTime:0.000438s ]
INFO: [ app_end ] --END-- [ RunTime:0.000486s ]

[ 2015-05-11T14:05:36+08:00 ] 192.168.2.43 /index.php?s=/Lottery/index/savelottery.html
INFO: [ app_init ] --START--
INFO: Run Behavior\BuildLiteBehavior [ RunTime:0.000013s ]
INFO: [ app_init ] --END-- [ RunTime:0.000300s ]
INFO: [ app_begin ] --START--
INFO: Run Behavior\ReadHtmlCacheBehavior [ RunTime:0.000423s ]
INFO: [ app_begin ] --END-- [ RunTime:0.000470s ]
NOTIC: [2] include_once(App/Home/pay/WxHongBaoHelper.php): failed to open stream: No such file or directory /web/weixin/App/Lottery/Controller/IndexController.class.php 第 9 行.
NOTIC: [2] include_once(): Failed opening 'App/Home/pay/WxHongBaoHelper.php' for inclusion (include_path='.:/usr/share/pear:/usr/share/php') /web/weixin/App/Lottery/Controller/IndexController.class.php 第 9 行.
SQL: SHOW COLUMNS FROM `w_lottery` [ RunTime:0.0007s ]
SQL: SELECT COUNT(*) AS tp_count FROM `w_lottery` WHERE `openid` = 'ou9X8tpuI08Isb7t0bckxWHyvz4s' LIMIT 1   [ RunTime:0.0003s ]
NOTIC: [2] include_once(App/Home/pay/WxCouponHelper.php): failed to open stream: No such file or directory /web/weixin/App/Home/Controller/CouponController.class.php 第 11 行.
NOTIC: [2] include_once(): Failed opening 'App/Home/pay/WxCouponHelper.php' for inclusion (include_path='.:/usr/share/pear:/usr/share/php') /web/weixin/App/Home/Controller/CouponController.class.php 第 11 行.
NOTIC: [8] Undefined variable: CA /web/weixin/App/Home/Controller/pay/WxCouponHelper.php 第 107 行.
NOTIC: [8] Undefined variable: CA /web/weixin/App/Home/Controller/pay/WxCouponHelper.php 第 113 行.
NOTIC: [8] Undefined variable: curl /web/weixin/App/Home/Controller/pay/WxCouponHelper.php 第 128 行.
NOTIC: [2] curl_error() expects parameter 1 to be resource, null given /web/weixin/App/Home/Controller/pay/WxCouponHelper.php 第 128 行.
SQL: INSERT INTO `w_lottery` (`openid`,`nickname`,`lotteryinfo`,`created`) VALUES ('ou9X8tpuI08Isb7t0bckxWHyvz4s','明君','50元','1431324335') [ RunTime:0.0885s ]
INFO: [ app_end ] --START--
INFO: Run Behavior\ShowPageTraceBehavior [ RunTime:0.000478s ]
INFO: [ app_end ] --END-- [ RunTime:0.000543s ]

[ 2015-05-11T19:48:53+08:00 ] 192.168.2.43 /Lottery/index?code=0212d83e18619e4510fa0187b87737eF&state=state
INFO: [ app_init ] --START--
INFO: Run Behavior\BuildLiteBehavior [ RunTime:0.000013s ]
INFO: [ app_init ] --END-- [ RunTime:0.000316s ]
INFO: [ app_begin ] --START--
INFO: Run Behavior\ReadHtmlCacheBehavior [ RunTime:0.000457s ]
INFO: [ app_begin ] --END-- [ RunTime:0.000507s ]
NOTIC: [2] include_once(App/Home/pay/WxHongBaoHelper.php): failed to open stream: No such file or directory /web/weixin/App/Lottery/Controller/IndexController.class.php 第 9 行.
NOTIC: [2] include_once(): Failed opening 'App/Home/pay/WxHongBaoHelper.php' for inclusion (include_path='.:/usr/share/pear:/usr/share/php') /web/weixin/App/Lottery/Controller/IndexController.class.php 第 9 行.
SQL: SHOW COLUMNS FROM `w_option` [ RunTime:0.0006s ]
SQL: SELECT `meta_value` FROM `w_option` WHERE ( meta_key='site_url' ) LIMIT 1   [ RunTime:0.0001s ]
SQL: SELECT `meta_value` FROM `w_option` WHERE ( meta_key='site_url' ) LIMIT 1   [ RunTime:0.0001s ]
SQL: SELECT `meta_value` FROM `w_option` WHERE ( meta_key='site_url' ) LIMIT 1   [ RunTime:0.0001s ]
SQL: SELECT `meta_value` FROM `w_option` WHERE ( meta_key='site_url' ) LIMIT 1   [ RunTime:0.0001s ]
SQL: SELECT `meta_value` FROM `w_option` WHERE ( meta_key='site_url' ) LIMIT 1   [ RunTime:0.0001s ]
SQL: SELECT `meta_value` FROM `w_option` WHERE ( meta_key='site_url' ) LIMIT 1   [ RunTime:0.0001s ]
INFO: [ view_filter ] --START--
INFO: Run Behavior\WriteHtmlCacheBehavior [ RunTime:0.000172s ]
INFO: [ view_filter ] --END-- [ RunTime:0.000239s ]
NOTIC: [8] A session had already been started - ignoring session_start() /web/weixin/App/Home/Common/Common.class.php 第 10 行.
NOTIC: [2048] Non-static method Home\Common\Common::PData() should not be called statically, assuming $this from incompatible context /web/weixin/App/Home/Controller/Oauth2Controller.class.php 第 44 行.
NOTIC: [2048] Non-static method Home\Common\Common::setrep() should not be called statically, assuming $this from incompatible context /web/weixin/App/Home/Controller/Oauth2Controller.class.php 第 49 行.
NOTIC: [2048] Non-static method Home\Common\Common::getAccessTokens() should not be called statically, assuming $this from incompatible context /web/weixin/App/Home/Common/Common.class.php 第 63 行.
NOTIC: [2048] Non-static method Home\Common\Common::PData() should not be called statically, assuming $this from incompatible context /web/weixin/App/Home/Controller/Oauth2Controller.class.php 第 51 行.
SQL: SELECT `meta_value` FROM `w_option` WHERE ( meta_key='site_url' ) LIMIT 1   [ RunTime:0.0001s ]
SQL: SELECT `meta_value` FROM `w_option` WHERE ( meta_key='site_url' ) LIMIT 1   [ RunTime:0.0001s ]
SQL: SELECT `meta_value` FROM `w_option` WHERE ( meta_key='site_url' ) LIMIT 1   [ RunTime:0.0001s ]
SQL: SELECT `meta_value` FROM `w_option` WHERE ( meta_key='site_url' ) LIMIT 1   [ RunTime:0.0001s ]
SQL: SELECT `meta_value` FROM `w_option` WHERE ( meta_key='site_url' ) LIMIT 1   [ RunTime:0.0001s ]
SQL: SELECT `meta_value` FROM `w_option` WHERE ( meta_key='site_url' ) LIMIT 1   [ RunTime:0.0001s ]
INFO: [ view_filter ] --START--
INFO: Run Behavior\WriteHtmlCacheBehavior [ RunTime:0.000012s ]
INFO: [ view_filter ] --END-- [ RunTime:-0.786111s ]
INFO: [ view_filter ] --START--
INFO: Run Behavior\WriteHtmlCacheBehavior [ RunTime:0.000009s ]
INFO: [ view_filter ] --END-- [ RunTime:-0.786209s ]
INFO: [ app_end ] --START--
INFO: Run Behavior\ShowPageTraceBehavior [ RunTime:0.000462s ]
INFO: [ app_end ] --END-- [ RunTime:0.000517s ]

[ 2015-05-11T19:48:54+08:00 ] 192.168.2.43 /Lottery/index?code=001fc07ef34a607e70e411e96e8acdax&state=state
INFO: [ app_init ] --START--
INFO: Run Behavior\BuildLiteBehavior [ RunTime:0.000013s ]
INFO: [ app_init ] --END-- [ RunTime:0.000302s ]
INFO: [ app_begin ] --START--
INFO: Run Behavior\ReadHtmlCacheBehavior [ RunTime:0.000402s ]
INFO: [ app_begin ] --END-- [ RunTime:0.000451s ]
NOTIC: [2] include_once(App/Home/pay/WxHongBaoHelper.php): failed to open stream: No such file or directory /web/weixin/App/Lottery/Controller/IndexController.class.php 第 9 行.
NOTIC: [2] include_once(): Failed opening 'App/Home/pay/WxHongBaoHelper.php' for inclusion (include_path='.:/usr/share/pear:/usr/share/php') /web/weixin/App/Lottery/Controller/IndexController.class.php 第 9 行.
SQL: SHOW COLUMNS FROM `w_option` [ RunTime:0.0006s ]
SQL: SELECT `meta_value` FROM `w_option` WHERE ( meta_key='site_url' ) LIMIT 1   [ RunTime:0.0001s ]
SQL: SELECT `meta_value` FROM `w_option` WHERE ( meta_key='site_url' ) LIMIT 1   [ RunTime:0.0001s ]
SQL: SELECT `meta_value` FROM `w_option` WHERE ( meta_key='site_url' ) LIMIT 1   [ RunTime:0.0001s ]
SQL: SELECT `meta_value` FROM `w_option` WHERE ( meta_key='site_url' ) LIMIT 1   [ RunTime:0.0001s ]
SQL: SELECT `meta_value` FROM `w_option` WHERE ( meta_key='site_url' ) LIMIT 1   [ RunTime:0.0001s ]
SQL: SELECT `meta_value` FROM `w_option` WHERE ( meta_key='site_url' ) LIMIT 1   [ RunTime:0.0001s ]
INFO: [ view_filter ] --START--
INFO: Run Behavior\WriteHtmlCacheBehavior [ RunTime:0.000130s ]
INFO: [ view_filter ] --END-- [ RunTime:0.000182s ]
NOTIC: [8] A session had already been started - ignoring session_start() /web/weixin/App/Home/Common/Common.class.php 第 10 行.
NOTIC: [2048] Non-static method Home\Common\Common::PData() should not be called statically, assuming $this from incompatible context /web/weixin/App/Home/Controller/Oauth2Controller.class.php 第 44 行.
NOTIC: [2048] Non-static method Home\Common\Common::setrep() should not be called statically, assuming $this from incompatible context /web/weixin/App/Home/Controller/Oauth2Controller.class.php 第 49 行.
NOTIC: [2048] Non-static method Home\Common\Common::getAccessTokens() should not be called statically, assuming $this from incompatible context /web/weixin/App/Home/Common/Common.class.php 第 63 行.
NOTIC: [2048] Non-static method Home\Common\Common::PData() should not be called statically, assuming $this from incompatible context /web/weixin/App/Home/Controller/Oauth2Controller.class.php 第 51 行.
SQL: SELECT `meta_value` FROM `w_option` WHERE ( meta_key='site_url' ) LIMIT 1   [ RunTime:0.0001s ]
SQL: SELECT `meta_value` FROM `w_option` WHERE ( meta_key='site_url' ) LIMIT 1   [ RunTime:0.0001s ]
SQL: SELECT `meta_value` FROM `w_option` WHERE ( meta_key='site_url' ) LIMIT 1   [ RunTime:0.0001s ]
SQL: SELECT `meta_value` FROM `w_option` WHERE ( meta_key='site_url' ) LIMIT 1   [ RunTime:0.0001s ]
SQL: SELECT `meta_value` FROM `w_option` WHERE ( meta_key='site_url' ) LIMIT 1   [ RunTime:0.0001s ]
SQL: SELECT `meta_value` FROM `w_option` WHERE ( meta_key='site_url' ) LIMIT 1   [ RunTime:0.0001s ]
INFO: [ view_filter ] --START--
INFO: Run Behavior\WriteHtmlCacheBehavior [ RunTime:0.000013s ]
INFO: [ view_filter ] --END-- [ RunTime:-1.018937s ]
INFO: [ view_filter ] --START--
INFO: Run Behavior\WriteHtmlCacheBehavior [ RunTime:0.000009s ]
INFO: [ view_filter ] --END-- [ RunTime:-1.019036s ]
INFO: [ app_end ] --START--
INFO: Run Behavior\ShowPageTraceBehavior [ RunTime:0.000486s ]
INFO: [ app_end ] --END-- [ RunTime:0.000539s ]

[ 2015-05-11T19:48:56+08:00 ] 192.168.2.43 /index.php?s=/Lottery/index/getLottery.html
INFO: [ app_init ] --START--
INFO: Run Behavior\BuildLiteBehavior [ RunTime:0.000014s ]
INFO: [ app_init ] --END-- [ RunTime:0.000302s ]
INFO: [ app_begin ] --START--
INFO: Run Behavior\ReadHtmlCacheBehavior [ RunTime:0.000422s ]
INFO: [ app_begin ] --END-- [ RunTime:0.000468s ]
NOTIC: [2] include_once(App/Home/pay/WxHongBaoHelper.php): failed to open stream: No such file or directory /web/weixin/App/Lottery/Controller/IndexController.class.php 第 9 行.
NOTIC: [2] include_once(): Failed opening 'App/Home/pay/WxHongBaoHelper.php' for inclusion (include_path='.:/usr/share/pear:/usr/share/php') /web/weixin/App/Lottery/Controller/IndexController.class.php 第 9 行.
INFO: [ app_end ] --START--
INFO: Run Behavior\ShowPageTraceBehavior [ RunTime:0.000417s ]
INFO: [ app_end ] --END-- [ RunTime:0.000467s ]

[ 2015-05-11T19:48:58+08:00 ] 192.168.2.43 /index.php?s=/Lottery/index/savelottery.html
INFO: [ app_init ] --START--
INFO: Run Behavior\BuildLiteBehavior [ RunTime:0.000013s ]
INFO: [ app_init ] --END-- [ RunTime:0.000302s ]
INFO: [ app_begin ] --START--
INFO: Run Behavior\ReadHtmlCacheBehavior [ RunTime:0.000405s ]
INFO: [ app_begin ] --END-- [ RunTime:0.000452s ]
NOTIC: [2] include_once(App/Home/pay/WxHongBaoHelper.php): failed to open stream: No such file or directory /web/weixin/App/Lottery/Controller/IndexController.class.php 第 9 行.
NOTIC: [2] include_once(): Failed opening 'App/Home/pay/WxHongBaoHelper.php' for inclusion (include_path='.:/usr/share/pear:/usr/share/php') /web/weixin/App/Lottery/Controller/IndexController.class.php 第 9 行.
SQL: SHOW COLUMNS FROM `w_lottery` [ RunTime:0.0007s ]
SQL: SELECT COUNT(*) AS tp_count FROM `w_lottery` WHERE `openid` = 'ou9X8tgll0_wJTr8nnuBqMDR26BQ' LIMIT 1   [ RunTime:0.0003s ]
NOTIC: [2] include_once(App/Home/pay/WxCouponHelper.php): failed to open stream: No such file or directory /web/weixin/App/Home/Controller/CouponController.class.php 第 11 行.
NOTIC: [2] include_once(): Failed opening 'App/Home/pay/WxCouponHelper.php' for inclusion (include_path='.:/usr/share/pear:/usr/share/php') /web/weixin/App/Home/Controller/CouponController.class.php 第 11 行.
NOTIC: [8] Undefined variable: CA /web/weixin/App/Home/Controller/pay/WxCouponHelper.php 第 107 行.
NOTIC: [8] Undefined variable: CA /web/weixin/App/Home/Controller/pay/WxCouponHelper.php 第 113 行.
NOTIC: [8] Undefined variable: curl /web/weixin/App/Home/Controller/pay/WxCouponHelper.php 第 128 行.
NOTIC: [2] curl_error() expects parameter 1 to be resource, null given /web/weixin/App/Home/Controller/pay/WxCouponHelper.php 第 128 行.
SQL: INSERT INTO `w_lottery` (`openid`,`nickname`,`lotteryinfo`,`created`) VALUES ('ou9X8tgll0_wJTr8nnuBqMDR26BQ','云轩','50元','1431344937') [ RunTime:0.1455s ]
INFO: [ app_end ] --START--
INFO: Run Behavior\ShowPageTraceBehavior [ RunTime:0.000500s ]
INFO: [ app_end ] --END-- [ RunTime:0.000548s ]

[ 2015-05-11T21:09:28+08:00 ] 192.168.2.43 /Lottery/index?code=01176725e12d623b7f0386edbbcb385q&state=state
INFO: [ app_init ] --START--
INFO: Run Behavior\BuildLiteBehavior [ RunTime:0.000013s ]
INFO: [ app_init ] --END-- [ RunTime:0.000316s ]
INFO: [ app_begin ] --START--
INFO: Run Behavior\ReadHtmlCacheBehavior [ RunTime:0.000433s ]
INFO: [ app_begin ] --END-- [ RunTime:0.000482s ]
NOTIC: [2] include_once(App/Home/pay/WxHongBaoHelper.php): failed to open stream: No such file or directory /web/weixin/App/Lottery/Controller/IndexController.class.php 第 9 行.
NOTIC: [2] include_once(): Failed opening 'App/Home/pay/WxHongBaoHelper.php' for inclusion (include_path='.:/usr/share/pear:/usr/share/php') /web/weixin/App/Lottery/Controller/IndexController.class.php 第 9 行.
SQL: SHOW COLUMNS FROM `w_option` [ RunTime:0.0006s ]
SQL: SELECT `meta_value` FROM `w_option` WHERE ( meta_key='site_url' ) LIMIT 1   [ RunTime:0.0001s ]
SQL: SELECT `meta_value` FROM `w_option` WHERE ( meta_key='site_url' ) LIMIT 1   [ RunTime:0.0001s ]
SQL: SELECT `meta_value` FROM `w_option` WHERE ( meta_key='site_url' ) LIMIT 1   [ RunTime:0.0001s ]
SQL: SELECT `meta_value` FROM `w_option` WHERE ( meta_key='site_url' ) LIMIT 1   [ RunTime:0.0001s ]
SQL: SELECT `meta_value` FROM `w_option` WHERE ( meta_key='site_url' ) LIMIT 1   [ RunTime:0.0001s ]
SQL: SELECT `meta_value` FROM `w_option` WHERE ( meta_key='site_url' ) LIMIT 1   [ RunTime:0.0001s ]
INFO: [ view_filter ] --START--
INFO: Run Behavior\WriteHtmlCacheBehavior [ RunTime:0.000126s ]
INFO: [ view_filter ] --END-- [ RunTime:0.000176s ]
NOTIC: [8] A session had already been started - ignoring session_start() /web/weixin/App/Home/Common/Common.class.php 第 10 行.
NOTIC: [2048] Non-static method Home\Common\Common::PData() should not be called statically, assuming $this from incompatible context /web/weixin/App/Home/Controller/Oauth2Controller.class.php 第 44 行.
NOTIC: [2048] Non-static method Home\Common\Common::setrep() should not be called statically, assuming $this from incompatible context /web/weixin/App/Home/Controller/Oauth2Controller.class.php 第 49 行.
NOTIC: [2048] Non-static method Home\Common\Common::getAccessTokens() should not be called statically, assuming $this from incompatible context /web/weixin/App/Home/Common/Common.class.php 第 63 行.
NOTIC: [2048] Non-static method Home\Common\Common::PData() should not be called statically, assuming $this from incompatible context /web/weixin/App/Home/Controller/Oauth2Controller.class.php 第 51 行.
SQL: SELECT `meta_value` FROM `w_option` WHERE ( meta_key='site_url' ) LIMIT 1   [ RunTime:0.0001s ]
SQL: SELECT `meta_value` FROM `w_option` WHERE ( meta_key='site_url' ) LIMIT 1   [ RunTime:0.0001s ]
SQL: SELECT `meta_value` FROM `w_option` WHERE ( meta_key='site_url' ) LIMIT 1   [ RunTime:0.0001s ]
SQL: SELECT `meta_value` FROM `w_option` WHERE ( meta_key='site_url' ) LIMIT 1   [ RunTime:0.0001s ]
SQL: SELECT `meta_value` FROM `w_option` WHERE ( meta_key='site_url' ) LIMIT 1   [ RunTime:0.0001s ]
SQL: SELECT `meta_value` FROM `w_option` WHERE ( meta_key='site_url' ) LIMIT 1   [ RunTime:0.0001s ]
INFO: [ view_filter ] --START--
INFO: Run Behavior\WriteHtmlCacheBehavior [ RunTime:0.000015s ]
INFO: [ view_filter ] --END-- [ RunTime:-1.487365s ]
INFO: [ view_filter ] --START--
INFO: Run Behavior\WriteHtmlCacheBehavior [ RunTime:0.000011s ]
INFO: [ view_filter ] --END-- [ RunTime:-1.487471s ]
INFO: [ app_end ] --START--
INFO: Run Behavior\ShowPageTraceBehavior [ RunTime:0.000474s ]
INFO: [ app_end ] --END-- [ RunTime:0.000526s ]

[ 2015-05-11T21:09:32+08:00 ] 192.168.2.43 /Lottery/index?code=04104e3c088de2d41b7830691c351c3E&state=state
INFO: [ app_init ] --START--
INFO: Run Behavior\BuildLiteBehavior [ RunTime:0.000012s ]
INFO: [ app_init ] --END-- [ RunTime:0.000285s ]
INFO: [ app_begin ] --START--
INFO: Run Behavior\ReadHtmlCacheBehavior [ RunTime:0.000409s ]
INFO: [ app_begin ] --END-- [ RunTime:0.000458s ]
NOTIC: [2] include_once(App/Home/pay/WxHongBaoHelper.php): failed to open stream: No such file or directory /web/weixin/App/Lottery/Controller/IndexController.class.php 第 9 行.
NOTIC: [2] include_once(): Failed opening 'App/Home/pay/WxHongBaoHelper.php' for inclusion (include_path='.:/usr/share/pear:/usr/share/php') /web/weixin/App/Lottery/Controller/IndexController.class.php 第 9 行.
SQL: SHOW COLUMNS FROM `w_option` [ RunTime:0.0006s ]
SQL: SELECT `meta_value` FROM `w_option` WHERE ( meta_key='site_url' ) LIMIT 1   [ RunTime:0.0001s ]
SQL: SELECT `meta_value` FROM `w_option` WHERE ( meta_key='site_url' ) LIMIT 1   [ RunTime:0.0001s ]
SQL: SELECT `meta_value` FROM `w_option` WHERE ( meta_key='site_url' ) LIMIT 1   [ RunTime:0.0001s ]
SQL: SELECT `meta_value` FROM `w_option` WHERE ( meta_key='site_url' ) LIMIT 1   [ RunTime:0.0001s ]
SQL: SELECT `meta_value` FROM `w_option` WHERE ( meta_key='site_url' ) LIMIT 1   [ RunTime:0.0001s ]
SQL: SELECT `meta_value` FROM `w_option` WHERE ( meta_key='site_url' ) LIMIT 1   [ RunTime:0.0001s ]
INFO: [ view_filter ] --START--
INFO: Run Behavior\WriteHtmlCacheBehavior [ RunTime:0.000134s ]
INFO: [ view_filter ] --END-- [ RunTime:0.000196s ]
NOTIC: [8] A session had already been started - ignoring session_start() /web/weixin/App/Home/Common/Common.class.php 第 10 行.
NOTIC: [2048] Non-static method Home\Common\Common::PData() should not be called statically, assuming $this from incompatible context /web/weixin/App/Home/Controller/Oauth2Controller.class.php 第 44 行.
NOTIC: [2048] Non-static method Home\Common\Common::setrep() should not be called statically, assuming $this from incompatible context /web/weixin/App/Home/Controller/Oauth2Controller.class.php 第 49 行.
NOTIC: [2048] Non-static method Home\Common\Common::getAccessTokens() should not be called statically, assuming $this from incompatible context /web/weixin/App/Home/Common/Common.class.php 第 63 行.
NOTIC: [2048] Non-static method Home\Common\Common::PData() should not be called statically, assuming $this from incompatible context /web/weixin/App/Home/Controller/Oauth2Controller.class.php 第 51 行.
SQL: SELECT `meta_value` FROM `w_option` WHERE ( meta_key='site_url' ) LIMIT 1   [ RunTime:0.0001s ]
SQL: SELECT `meta_value` FROM `w_option` WHERE ( meta_key='site_url' ) LIMIT 1   [ RunTime:0.0001s ]
SQL: SELECT `meta_value` FROM `w_option` WHERE ( meta_key='site_url' ) LIMIT 1   [ RunTime:0.0001s ]
SQL: SELECT `meta_value` FROM `w_option` WHERE ( meta_key='site_url' ) LIMIT 1   [ RunTime:0.0001s ]
SQL: SELECT `meta_value` FROM `w_option` WHERE ( meta_key='site_url' ) LIMIT 1   [ RunTime:0.0001s ]
SQL: SELECT `meta_value` FROM `w_option` WHERE ( meta_key='site_url' ) LIMIT 1   [ RunTime:0.0001s ]
INFO: [ view_filter ] --START--
INFO: Run Behavior\WriteHtmlCacheBehavior [ RunTime:0.000016s ]
INFO: [ view_filter ] --END-- [ RunTime:-4.124012s ]
INFO: [ view_filter ] --START--
INFO: Run Behavior\WriteHtmlCacheBehavior [ RunTime:0.000009s ]
INFO: [ view_filter ] --END-- [ RunTime:-4.124139s ]
INFO: [ app_end ] --START--
INFO: Run Behavior\ShowPageTraceBehavior [ RunTime:0.000495s ]
INFO: [ app_end ] --END-- [ RunTime:0.000548s ]

