[ 2015-05-14T13:54:17+08:00 ] 192.168.2.43 /Lottery/index?code=0311412b1d2d87ff8a9660172f5332ep&state=state
INFO: [ app_init ] --START--
INFO: Run Behavior\BuildLiteBehavior [ RunTime:0.000014s ]
INFO: [ app_init ] --END-- [ RunTime:0.000312s ]
INFO: [ app_begin ] --START--
INFO: Run Behavior\ReadHtmlCacheBehavior [ RunTime:0.000412s ]
INFO: [ app_begin ] --END-- [ RunTime:0.000462s ]
NOTIC: [2] include_once(App/Home/pay/WxHongBaoHelper.php): failed to open stream: No such file or directory /web/weixin/App/Lottery/Controller/IndexController.class.php 第 9 行.
NOTIC: [2] include_once(): Failed opening 'App/Home/pay/WxHongBaoHelper.php' for inclusion (include_path='.:/usr/share/pear:/usr/share/php') /web/weixin/App/Lottery/Controller/IndexController.class.php 第 9 行.
SQL: SHOW COLUMNS FROM `w_option` [ RunTime:0.0006s ]
SQL: SELECT `meta_value` FROM `w_option` WHERE ( meta_key='site_url' ) LIMIT 1   [ RunTime:0.0001s ]
SQL: SELECT `meta_value` FROM `w_option` WHERE ( meta_key='site_url' ) LIMIT 1   [ RunTime:0.0001s ]
SQL: SELECT `meta_value` FROM `w_option` WHERE ( meta_key='site_url' ) LIMIT 1   [ RunTime:0.0001s ]
SQL: SELECT `meta_value` FROM `w_option` WHERE ( meta_key='site_url' ) LIMIT 1   [ RunTime:0.0001s ]
SQL: SELECT `meta_value` FROM `w_option` WHERE ( meta_key='site_url' ) LIMIT 1   [ RunTime:0.0001s ]
SQL: SELECT `meta_value` FROM `w_option` WHERE ( meta_key='site_url' ) LIMIT 1   [ RunTime:0.0001s ]
INFO: [ view_filter ] --START--
INFO: Run Behavior\WriteHtmlCacheBehavior [ RunTime:0.000160s ]
INFO: [ view_filter ] --END-- [ RunTime:0.000222s ]
NOTIC: [8] A session had already been started - ignoring session_start() /web/weixin/App/Home/Common/Common.class.php 第 10 行.
NOTIC: [2048] Non-static method Home\Common\Common::PData() should not be called statically, assuming $this from incompatible context /web/weixin/App/Home/Controller/Oauth2Controller.class.php 第 44 行.
NOTIC: [2048] Non-static method Home\Common\Common::setrep() should not be called statically, assuming $this from incompatible context /web/weixin/App/Home/Controller/Oauth2Controller.class.php 第 49 行.
NOTIC: [2048] Non-static method Home\Common\Common::getAccessTokens() should not be called statically, assuming $this from incompatible context /web/weixin/App/Home/Common/Common.class.php 第 63 行.
NOTIC: [2] file_get_contents(): php_network_getaddresses: getaddrinfo failed: No address associated with hostname /web/weixin/App/Home/Common/Common.class.php 第 53 行.
NOTIC: [2] file_get_contents(https://api.weixin.qq.com/cgi-bin/token?grant_type=client_credential&amp;appid=wx9a34fd34e14f1103&amp;secret=c778c49ab795b7ebdb7a4bcd7156730b): failed to open stream: php_network_getaddresses: getaddrinfo failed: No address associated with hostname /web/weixin/App/Home/Common/Common.class.php 第 53 行.
NOTIC: [2048] Non-static method Home\Common\Common::PData() should not be called statically, assuming $this from incompatible context /web/weixin/App/Home/Controller/Oauth2Controller.class.php 第 51 行.
SQL: SELECT `meta_value` FROM `w_option` WHERE ( meta_key='site_url' ) LIMIT 1   [ RunTime:0.0001s ]
SQL: SELECT `meta_value` FROM `w_option` WHERE ( meta_key='site_url' ) LIMIT 1   [ RunTime:0.0001s ]
SQL: SELECT `meta_value` FROM `w_option` WHERE ( meta_key='site_url' ) LIMIT 1   [ RunTime:0.0001s ]
SQL: SELECT `meta_value` FROM `w_option` WHERE ( meta_key='site_url' ) LIMIT 1   [ RunTime:0.0001s ]
SQL: SELECT `meta_value` FROM `w_option` WHERE ( meta_key='site_url' ) LIMIT 1   [ RunTime:0.0001s ]
SQL: SELECT `meta_value` FROM `w_option` WHERE ( meta_key='site_url' ) LIMIT 1   [ RunTime:0.0001s ]
NOTIC: [8] Undefined property: stdClass::$subscribe /web/weixin/Theme/default/Lottery/index.php 第 187 行.
NOTIC: [8] Undefined property: stdClass::$openid /web/weixin/Theme/default/Lottery/index.php 第 200 行.
NOTIC: [8] Undefined property: stdClass::$subscribe /web/weixin/Theme/default/Lottery/index.php 第 200 行.
NOTIC: [8] Undefined property: stdClass::$nickname /web/weixin/Theme/default/Lottery/index.php 第 200 行.
INFO: [ view_filter ] --START--
INFO: Run Behavior\WriteHtmlCacheBehavior [ RunTime:0.000014s ]
INFO: [ view_filter ] --END-- [ RunTime:-4.142851s ]
INFO: [ view_filter ] --START--
INFO: Run Behavior\WriteHtmlCacheBehavior [ RunTime:0.000009s ]
INFO: [ view_filter ] --END-- [ RunTime:-4.142954s ]
INFO: [ app_end ] --START--
INFO: Run Behavior\ShowPageTraceBehavior [ RunTime:0.000511s ]
INFO: [ app_end ] --END-- [ RunTime:0.000566s ]

[ 2015-05-14T13:55:04+08:00 ] 192.168.2.43 /index.php?s=/Lottery/index/getLottery.html
INFO: [ app_init ] --START--
INFO: Run Behavior\BuildLiteBehavior [ RunTime:0.000014s ]
INFO: [ app_init ] --END-- [ RunTime:0.000300s ]
INFO: [ app_begin ] --START--
INFO: Run Behavior\ReadHtmlCacheBehavior [ RunTime:0.000413s ]
INFO: [ app_begin ] --END-- [ RunTime:0.000458s ]
NOTIC: [2] include_once(App/Home/pay/WxHongBaoHelper.php): failed to open stream: No such file or directory /web/weixin/App/Lottery/Controller/IndexController.class.php 第 9 行.
NOTIC: [2] include_once(): Failed opening 'App/Home/pay/WxHongBaoHelper.php' for inclusion (include_path='.:/usr/share/pear:/usr/share/php') /web/weixin/App/Lottery/Controller/IndexController.class.php 第 9 行.
INFO: [ app_end ] --START--
INFO: Run Behavior\ShowPageTraceBehavior [ RunTime:0.000468s ]
INFO: [ app_end ] --END-- [ RunTime:0.000514s ]

[ 2015-05-14T13:55:05+08:00 ] 192.168.2.43 /index.php?s=/Lottery/index/savelottery.html
INFO: [ app_init ] --START--
INFO: Run Behavior\BuildLiteBehavior [ RunTime:0.000012s ]
INFO: [ app_init ] --END-- [ RunTime:0.000304s ]
INFO: [ app_begin ] --START--
INFO: Run Behavior\ReadHtmlCacheBehavior [ RunTime:0.000407s ]
INFO: [ app_begin ] --END-- [ RunTime:0.000457s ]
NOTIC: [2] include_once(App/Home/pay/WxHongBaoHelper.php): failed to open stream: No such file or directory /web/weixin/App/Lottery/Controller/IndexController.class.php 第 9 行.
NOTIC: [2] include_once(): Failed opening 'App/Home/pay/WxHongBaoHelper.php' for inclusion (include_path='.:/usr/share/pear:/usr/share/php') /web/weixin/App/Lottery/Controller/IndexController.class.php 第 9 行.
SQL: SHOW COLUMNS FROM `w_lottery` [ RunTime:0.0007s ]
SQL: SELECT COUNT(*) AS tp_count FROM `w_lottery` WHERE `openid` = '' LIMIT 1   [ RunTime:0.0003s ]
NOTIC: [2] include_once(App/Home/pay/WxCouponHelper.php): failed to open stream: No such file or directory /web/weixin/App/Home/Controller/CouponController.class.php 第 11 行.
NOTIC: [2] include_once(): Failed opening 'App/Home/pay/WxCouponHelper.php' for inclusion (include_path='.:/usr/share/pear:/usr/share/php') /web/weixin/App/Home/Controller/CouponController.class.php 第 11 行.

[ 2015-05-14T13:55:06+08:00 ] 192.168.2.43 /index.php?s=/Lottery/index/savelottery.html
INFO: [ app_init ] --START--
INFO: Run Behavior\BuildLiteBehavior [ RunTime:0.000015s ]
INFO: [ app_init ] --END-- [ RunTime:0.000320s ]
INFO: [ app_begin ] --START--
INFO: Run Behavior\ReadHtmlCacheBehavior [ RunTime:0.000414s ]
INFO: [ app_begin ] --END-- [ RunTime:0.000461s ]
NOTIC: [2] include_once(App/Home/pay/WxHongBaoHelper.php): failed to open stream: No such file or directory /web/weixin/App/Lottery/Controller/IndexController.class.php 第 9 行.
NOTIC: [2] include_once(): Failed opening 'App/Home/pay/WxHongBaoHelper.php' for inclusion (include_path='.:/usr/share/pear:/usr/share/php') /web/weixin/App/Lottery/Controller/IndexController.class.php 第 9 行.
NOTIC: [8] Undefined index: subscribe /web/weixin/App/Lottery/Controller/IndexController.class.php 第 25 行.
INFO: [ app_end ] --START--
INFO: Run Behavior\ShowPageTraceBehavior [ RunTime:0.000419s ]
INFO: [ app_end ] --END-- [ RunTime:0.000476s ]

[ 2015-05-14T15:42:32+08:00 ] 192.168.2.43 /Lottery/index?code=021921c479129fde388914db260fda8B&state=state
INFO: [ app_init ] --START--
INFO: Run Behavior\BuildLiteBehavior [ RunTime:0.000014s ]
INFO: [ app_init ] --END-- [ RunTime:0.000291s ]
INFO: [ app_begin ] --START--
INFO: Run Behavior\ReadHtmlCacheBehavior [ RunTime:0.000413s ]
INFO: [ app_begin ] --END-- [ RunTime:0.000462s ]
NOTIC: [2] include_once(App/Home/pay/WxHongBaoHelper.php): failed to open stream: No such file or directory /web/weixin/App/Lottery/Controller/IndexController.class.php 第 9 行.
NOTIC: [2] include_once(): Failed opening 'App/Home/pay/WxHongBaoHelper.php' for inclusion (include_path='.:/usr/share/pear:/usr/share/php') /web/weixin/App/Lottery/Controller/IndexController.class.php 第 9 行.
SQL: SHOW COLUMNS FROM `w_option` [ RunTime:0.0007s ]
SQL: SELECT `meta_value` FROM `w_option` WHERE ( meta_key='site_url' ) LIMIT 1   [ RunTime:0.0001s ]
SQL: SELECT `meta_value` FROM `w_option` WHERE ( meta_key='site_url' ) LIMIT 1   [ RunTime:0.0001s ]
SQL: SELECT `meta_value` FROM `w_option` WHERE ( meta_key='site_url' ) LIMIT 1   [ RunTime:0.0001s ]
SQL: SELECT `meta_value` FROM `w_option` WHERE ( meta_key='site_url' ) LIMIT 1   [ RunTime:0.0001s ]
SQL: SELECT `meta_value` FROM `w_option` WHERE ( meta_key='site_url' ) LIMIT 1   [ RunTime:0.0001s ]
SQL: SELECT `meta_value` FROM `w_option` WHERE ( meta_key='site_url' ) LIMIT 1   [ RunTime:0.0001s ]
INFO: [ view_filter ] --START--
INFO: Run Behavior\WriteHtmlCacheBehavior [ RunTime:0.000142s ]
INFO: [ view_filter ] --END-- [ RunTime:0.000193s ]
NOTIC: [8] A session had already been started - ignoring session_start() /web/weixin/App/Home/Common/Common.class.php 第 10 行.
NOTIC: [2048] Non-static method Home\Common\Common::PData() should not be called statically, assuming $this from incompatible context /web/weixin/App/Home/Controller/Oauth2Controller.class.php 第 44 行.
NOTIC: [2048] Non-static method Home\Common\Common::setrep() should not be called statically, assuming $this from incompatible context /web/weixin/App/Home/Controller/Oauth2Controller.class.php 第 49 行.
NOTIC: [2048] Non-static method Home\Common\Common::getAccessTokens() should not be called statically, assuming $this from incompatible context /web/weixin/App/Home/Common/Common.class.php 第 63 行.
NOTIC: [2048] Non-static method Home\Common\Common::PData() should not be called statically, assuming $this from incompatible context /web/weixin/App/Home/Controller/Oauth2Controller.class.php 第 51 行.
SQL: SELECT `meta_value` FROM `w_option` WHERE ( meta_key='site_url' ) LIMIT 1   [ RunTime:0.0001s ]
SQL: SELECT `meta_value` FROM `w_option` WHERE ( meta_key='site_url' ) LIMIT 1   [ RunTime:0.0001s ]
SQL: SELECT `meta_value` FROM `w_option` WHERE ( meta_key='site_url' ) LIMIT 1   [ RunTime:0.0001s ]
SQL: SELECT `meta_value` FROM `w_option` WHERE ( meta_key='site_url' ) LIMIT 1   [ RunTime:0.0001s ]
SQL: SELECT `meta_value` FROM `w_option` WHERE ( meta_key='site_url' ) LIMIT 1   [ RunTime:0.0001s ]
SQL: SELECT `meta_value` FROM `w_option` WHERE ( meta_key='site_url' ) LIMIT 1   [ RunTime:0.0001s ]
INFO: [ view_filter ] --START--
INFO: Run Behavior\WriteHtmlCacheBehavior [ RunTime:0.000015s ]
INFO: [ view_filter ] --END-- [ RunTime:-1.061933s ]
INFO: [ view_filter ] --START--
INFO: Run Behavior\WriteHtmlCacheBehavior [ RunTime:0.000022s ]
INFO: [ view_filter ] --END-- [ RunTime:-1.062039s ]
INFO: [ app_end ] --START--
INFO: Run Behavior\ShowPageTraceBehavior [ RunTime:0.000479s ]
INFO: [ app_end ] --END-- [ RunTime:0.000551s ]

[ 2015-05-14T15:42:35+08:00 ] 192.168.2.43 /index.php?s=/Lottery/index/getLottery.html
INFO: [ app_init ] --START--
INFO: Run Behavior\BuildLiteBehavior [ RunTime:0.000037s ]
INFO: [ app_init ] --END-- [ RunTime:0.000363s ]
INFO: [ app_begin ] --START--
INFO: Run Behavior\ReadHtmlCacheBehavior [ RunTime:0.000450s ]
INFO: [ app_begin ] --END-- [ RunTime:0.000495s ]
NOTIC: [2] include_once(App/Home/pay/WxHongBaoHelper.php): failed to open stream: No such file or directory /web/weixin/App/Lottery/Controller/IndexController.class.php 第 9 行.
NOTIC: [2] include_once(): Failed opening 'App/Home/pay/WxHongBaoHelper.php' for inclusion (include_path='.:/usr/share/pear:/usr/share/php') /web/weixin/App/Lottery/Controller/IndexController.class.php 第 9 行.
INFO: [ app_end ] --START--
INFO: Run Behavior\ShowPageTraceBehavior [ RunTime:0.000432s ]
INFO: [ app_end ] --END-- [ RunTime:0.000480s ]

[ 2015-05-14T15:42:38+08:00 ] 192.168.2.43 /index.php?s=/Lottery/index/savelottery.html
INFO: [ app_init ] --START--
INFO: Run Behavior\BuildLiteBehavior [ RunTime:0.000013s ]
INFO: [ app_init ] --END-- [ RunTime:0.000311s ]
INFO: [ app_begin ] --START--
INFO: Run Behavior\ReadHtmlCacheBehavior [ RunTime:0.000410s ]
INFO: [ app_begin ] --END-- [ RunTime:0.000457s ]
NOTIC: [2] include_once(App/Home/pay/WxHongBaoHelper.php): failed to open stream: No such file or directory /web/weixin/App/Lottery/Controller/IndexController.class.php 第 9 行.
NOTIC: [2] include_once(): Failed opening 'App/Home/pay/WxHongBaoHelper.php' for inclusion (include_path='.:/usr/share/pear:/usr/share/php') /web/weixin/App/Lottery/Controller/IndexController.class.php 第 9 行.
SQL: SHOW COLUMNS FROM `w_lottery` [ RunTime:0.0007s ]
SQL: SELECT COUNT(*) AS tp_count FROM `w_lottery` WHERE `openid` = 'ou9X8tgnPn8Pe-iNl_xja0-791kw' LIMIT 1   [ RunTime:0.0003s ]
NOTIC: [2] include_once(App/Home/pay/WxCouponHelper.php): failed to open stream: No such file or directory /web/weixin/App/Home/Controller/CouponController.class.php 第 11 行.
NOTIC: [2] include_once(): Failed opening 'App/Home/pay/WxCouponHelper.php' for inclusion (include_path='.:/usr/share/pear:/usr/share/php') /web/weixin/App/Home/Controller/CouponController.class.php 第 11 行.
NOTIC: [8] Undefined variable: CA /web/weixin/App/Home/Controller/pay/WxCouponHelper.php 第 107 行.
NOTIC: [8] Undefined variable: CA /web/weixin/App/Home/Controller/pay/WxCouponHelper.php 第 113 行.
NOTIC: [8] Undefined variable: curl /web/weixin/App/Home/Controller/pay/WxCouponHelper.php 第 128 行.
NOTIC: [2] curl_error() expects parameter 1 to be resource, null given /web/weixin/App/Home/Controller/pay/WxCouponHelper.php 第 128 行.
SQL: INSERT INTO `w_lottery` (`openid`,`nickname`,`lotteryinfo`,`created`) VALUES ('ou9X8tgnPn8Pe-iNl_xja0-791kw','潮人赤子','50元','1431589355') [ RunTime:0.1513s ]
INFO: [ app_end ] --START--
INFO: Run Behavior\ShowPageTraceBehavior [ RunTime:0.000570s ]
INFO: [ app_end ] --END-- [ RunTime:0.000620s ]

