[ 2016-01-04T15:51:39+08:00 ] 192.168.2.43 /Lottery/index?code=001f18ff89bce7b06ec91530dedc2ac6&state=state
INFO: [ app_init ] --START--
INFO: Run Behavior\BuildLiteBehavior [ RunTime:0.000014s ]
INFO: [ app_init ] --END-- [ RunTime:0.000341s ]
INFO: [ app_begin ] --START--
INFO: Run Behavior\ReadHtmlCacheBehavior [ RunTime:0.000445s ]
INFO: [ app_begin ] --END-- [ RunTime:0.000502s ]
NOTIC: [2] include_once(App/Home/pay/WxHongBaoHelper.php): failed to open stream: No such file or directory /web/weixin/App/Lottery/Controller/IndexController.class.php 第 9 行.
NOTIC: [2] include_once(): Failed opening 'App/Home/pay/WxHongBaoHelper.php' for inclusion (include_path='.:/usr/share/pear:/usr/share/php') /web/weixin/App/Lottery/Controller/IndexController.class.php 第 9 行.
SQL: SHOW COLUMNS FROM `w_option` [ RunTime:0.0007s ]
SQL: SELECT `meta_value` FROM `w_option` WHERE ( meta_key='site_name' AND type='public' ) LIMIT 1   [ RunTime:0.0001s ]
SQL: SELECT `meta_value` FROM `w_option` WHERE ( meta_key='site_url' ) LIMIT 1   [ RunTime:0.0001s ]
SQL: SELECT `meta_value` FROM `w_option` WHERE ( meta_key='site_url' ) LIMIT 1   [ RunTime:0.0001s ]
SQL: SELECT `meta_value` FROM `w_option` WHERE ( meta_key='site_url' ) LIMIT 1   [ RunTime:0.0001s ]
SQL: SELECT `meta_value` FROM `w_option` WHERE ( meta_key='site_url' ) LIMIT 1   [ RunTime:0.0001s ]
SQL: SELECT `meta_value` FROM `w_option` WHERE ( meta_key='site_url' ) LIMIT 1   [ RunTime:0.0001s ]
SQL: SELECT `meta_value` FROM `w_option` WHERE ( meta_key='site_url' ) LIMIT 1   [ RunTime:0.0001s ]
NOTIC: [2] fopen(access_token.json): failed to open stream: Permission denied /web/weixin/App/JSSDK/Controller/IndexController.class.php 第 88 行.
NOTIC: [2] fwrite() expects parameter 1 to be resource, boolean given /web/weixin/App/JSSDK/Controller/IndexController.class.php 第 89 行.
NOTIC: [2] fclose() expects parameter 1 to be resource, boolean given /web/weixin/App/JSSDK/Controller/IndexController.class.php 第 90 行.
NOTIC: [2] fopen(jsapi_ticket.json): failed to open stream: Permission denied /web/weixin/App/JSSDK/Controller/IndexController.class.php 第 65 行.
NOTIC: [2] fwrite() expects parameter 1 to be resource, boolean given /web/weixin/App/JSSDK/Controller/IndexController.class.php 第 66 行.
NOTIC: [2] fclose() expects parameter 1 to be resource, boolean given /web/weixin/App/JSSDK/Controller/IndexController.class.php 第 67 行.
INFO: [ view_filter ] --START--
INFO: Run Behavior\WriteHtmlCacheBehavior [ RunTime:0.000162s ]
INFO: [ view_filter ] --END-- [ RunTime:0.000211s ]
NOTIC: [8] A session had already been started - ignoring session_start() /web/weixin/App/Home/Common/Common.class.php 第 10 行.
NOTIC: [2048] Non-static method Home\Common\Common::PData() should not be called statically, assuming $this from incompatible context /web/weixin/App/Home/Controller/Oauth2Controller.class.php 第 44 行.
NOTIC: [2048] Non-static method Home\Common\Common::setrep() should not be called statically, assuming $this from incompatible context /web/weixin/App/Home/Controller/Oauth2Controller.class.php 第 49 行.
NOTIC: [2048] Non-static method Home\Common\Common::getAccessTokens() should not be called statically, assuming $this from incompatible context /web/weixin/App/Home/Common/Common.class.php 第 63 行.
NOTIC: [2048] Non-static method Home\Common\Common::PData() should not be called statically, assuming $this from incompatible context /web/weixin/App/Home/Controller/Oauth2Controller.class.php 第 51 行.
SQL: SELECT `meta_value` FROM `w_option` WHERE ( meta_key='site_url' ) LIMIT 1   [ RunTime:0.0001s ]
SQL: SELECT `meta_value` FROM `w_option` WHERE ( meta_key='site_url' ) LIMIT 1   [ RunTime:0.0001s ]
SQL: SELECT `meta_value` FROM `w_option` WHERE ( meta_key='site_url' ) LIMIT 1   [ RunTime:0.0001s ]
SQL: SELECT `meta_value` FROM `w_option` WHERE ( meta_key='site_url' ) LIMIT 1   [ RunTime:0.0001s ]
SQL: SELECT `meta_value` FROM `w_option` WHERE ( meta_key='site_url' ) LIMIT 1   [ RunTime:0.0001s ]
SQL: SELECT `meta_value` FROM `w_option` WHERE ( meta_key='site_url' ) LIMIT 1   [ RunTime:0.0001s ]
INFO: [ view_filter ] --START--
INFO: Run Behavior\WriteHtmlCacheBehavior [ RunTime:0.000012s ]
INFO: [ view_filter ] --END-- [ RunTime:-0.854905s ]
INFO: [ view_filter ] --START--
INFO: Run Behavior\WriteHtmlCacheBehavior [ RunTime:0.000009s ]
INFO: [ view_filter ] --END-- [ RunTime:-0.855007s ]
INFO: [ app_end ] --START--
INFO: Run Behavior\ShowPageTraceBehavior [ RunTime:0.000464s ]
INFO: [ app_end ] --END-- [ RunTime:0.000521s ]

[ 2016-01-04T15:51:48+08:00 ] 192.168.2.43 /index.php?s=/Lottery/index/getLottery.html
INFO: [ app_init ] --START--
INFO: Run Behavior\BuildLiteBehavior [ RunTime:0.000014s ]
INFO: [ app_init ] --END-- [ RunTime:0.000322s ]
INFO: [ app_begin ] --START--
INFO: Run Behavior\ReadHtmlCacheBehavior [ RunTime:0.000419s ]
INFO: [ app_begin ] --END-- [ RunTime:0.000465s ]
NOTIC: [2] include_once(App/Home/pay/WxHongBaoHelper.php): failed to open stream: No such file or directory /web/weixin/App/Lottery/Controller/IndexController.class.php 第 9 行.
NOTIC: [2] include_once(): Failed opening 'App/Home/pay/WxHongBaoHelper.php' for inclusion (include_path='.:/usr/share/pear:/usr/share/php') /web/weixin/App/Lottery/Controller/IndexController.class.php 第 9 行.
INFO: [ app_end ] --START--
INFO: Run Behavior\ShowPageTraceBehavior [ RunTime:0.000423s ]
INFO: [ app_end ] --END-- [ RunTime:0.000471s ]

[ 2016-01-04T15:51:48+08:00 ] 192.168.2.43 /index.php?s=/Lottery/index/savelottery.html
INFO: [ app_init ] --START--
INFO: Run Behavior\BuildLiteBehavior [ RunTime:0.000012s ]
INFO: [ app_init ] --END-- [ RunTime:0.000298s ]
INFO: [ app_begin ] --START--
INFO: Run Behavior\ReadHtmlCacheBehavior [ RunTime:0.000384s ]
INFO: [ app_begin ] --END-- [ RunTime:0.000443s ]
NOTIC: [2] include_once(App/Home/pay/WxHongBaoHelper.php): failed to open stream: No such file or directory /web/weixin/App/Lottery/Controller/IndexController.class.php 第 9 行.
NOTIC: [2] include_once(): Failed opening 'App/Home/pay/WxHongBaoHelper.php' for inclusion (include_path='.:/usr/share/pear:/usr/share/php') /web/weixin/App/Lottery/Controller/IndexController.class.php 第 9 行.
NOTIC: [2] include_once(App/Home/pay/WxCouponHelper.php): failed to open stream: No such file or directory /web/weixin/App/Home/Controller/CouponController.class.php 第 11 行.
NOTIC: [2] include_once(): Failed opening 'App/Home/pay/WxCouponHelper.php' for inclusion (include_path='.:/usr/share/pear:/usr/share/php') /web/weixin/App/Home/Controller/CouponController.class.php 第 11 行.
INFO: [ app_end ] --START--
INFO: Run Behavior\ShowPageTraceBehavior [ RunTime:0.000422s ]
INFO: [ app_end ] --END-- [ RunTime:0.000467s ]

[ 2016-01-04T16:05:30+08:00 ] 192.168.2.43 /index.php?s=/Lottery/index/getLottery.html
INFO: [ app_init ] --START--
INFO: Run Behavior\BuildLiteBehavior [ RunTime:0.000014s ]
INFO: [ app_init ] --END-- [ RunTime:0.000319s ]
INFO: [ app_begin ] --START--
INFO: Run Behavior\ReadHtmlCacheBehavior [ RunTime:0.000419s ]
INFO: [ app_begin ] --END-- [ RunTime:0.000464s ]
NOTIC: [2] include_once(App/Home/pay/WxHongBaoHelper.php): failed to open stream: No such file or directory /web/weixin/App/Lottery/Controller/IndexController.class.php 第 9 行.
NOTIC: [2] include_once(): Failed opening 'App/Home/pay/WxHongBaoHelper.php' for inclusion (include_path='.:/usr/share/pear:/usr/share/php') /web/weixin/App/Lottery/Controller/IndexController.class.php 第 9 行.
INFO: [ app_end ] --START--
INFO: Run Behavior\ShowPageTraceBehavior [ RunTime:0.000428s ]
INFO: [ app_end ] --END-- [ RunTime:0.000475s ]

[ 2016-01-04T16:05:30+08:00 ] 192.168.2.43 /index.php?s=/Lottery/index/savelottery.html
INFO: [ app_init ] --START--
INFO: Run Behavior\BuildLiteBehavior [ RunTime:0.000013s ]
INFO: [ app_init ] --END-- [ RunTime:0.000307s ]
INFO: [ app_begin ] --START--
INFO: Run Behavior\ReadHtmlCacheBehavior [ RunTime:0.000399s ]
INFO: [ app_begin ] --END-- [ RunTime:0.000446s ]
NOTIC: [2] include_once(App/Home/pay/WxHongBaoHelper.php): failed to open stream: No such file or directory /web/weixin/App/Lottery/Controller/IndexController.class.php 第 9 行.
NOTIC: [2] include_once(): Failed opening 'App/Home/pay/WxHongBaoHelper.php' for inclusion (include_path='.:/usr/share/pear:/usr/share/php') /web/weixin/App/Lottery/Controller/IndexController.class.php 第 9 行.
NOTIC: [2] include_once(App/Home/pay/WxCouponHelper.php): failed to open stream: No such file or directory /web/weixin/App/Home/Controller/CouponController.class.php 第 11 行.
NOTIC: [2] include_once(): Failed opening 'App/Home/pay/WxCouponHelper.php' for inclusion (include_path='.:/usr/share/pear:/usr/share/php') /web/weixin/App/Home/Controller/CouponController.class.php 第 11 行.
INFO: [ app_end ] --START--
INFO: Run Behavior\ShowPageTraceBehavior [ RunTime:0.000414s ]
INFO: [ app_end ] --END-- [ RunTime:0.000457s ]

[ 2016-01-04T16:05:30+08:00 ] 192.168.2.43 /index.php?s=/Lottery/index/savelottery.html
INFO: [ app_init ] --START--
INFO: Run Behavior\BuildLiteBehavior [ RunTime:0.000012s ]
INFO: [ app_init ] --END-- [ RunTime:0.000304s ]
INFO: [ app_begin ] --START--
INFO: Run Behavior\ReadHtmlCacheBehavior [ RunTime:0.000416s ]
INFO: [ app_begin ] --END-- [ RunTime:0.000462s ]
NOTIC: [2] include_once(App/Home/pay/WxHongBaoHelper.php): failed to open stream: No such file or directory /web/weixin/App/Lottery/Controller/IndexController.class.php 第 9 行.
NOTIC: [2] include_once(): Failed opening 'App/Home/pay/WxHongBaoHelper.php' for inclusion (include_path='.:/usr/share/pear:/usr/share/php') /web/weixin/App/Lottery/Controller/IndexController.class.php 第 9 行.
NOTIC: [2] include_once(App/Home/pay/WxCouponHelper.php): failed to open stream: No such file or directory /web/weixin/App/Home/Controller/CouponController.class.php 第 11 行.
NOTIC: [2] include_once(): Failed opening 'App/Home/pay/WxCouponHelper.php' for inclusion (include_path='.:/usr/share/pear:/usr/share/php') /web/weixin/App/Home/Controller/CouponController.class.php 第 11 行.
INFO: [ app_end ] --START--
INFO: Run Behavior\ShowPageTraceBehavior [ RunTime:0.000415s ]
INFO: [ app_end ] --END-- [ RunTime:0.000459s ]

