[ 2015-04-28T09:37:48+08:00 ] 113.86.142.46 /index.php?s=/Cork/Index/vote.html
INFO: [ app_init ] --START--
INFO: Run Behavior\BuildLiteBehavior [ RunTime:0.000018s ]
INFO: [ app_init ] --END-- [ RunTime:0.000278s ]
INFO: [ app_begin ] --START--
INFO: Run Behavior\ReadHtmlCacheBehavior [ RunTime:0.000347s ]
INFO: [ app_begin ] --END-- [ RunTime:0.000433s ]
NOTIC: [2048] Declaration of Cork\Controller\IndexController::success() should be compatible with that of Think\Controller::success() /www/weixin/App/Cork/Controller/IndexController.class.php 第 379 行.
NOTIC: [2] include_once(App/Home/pay/WxHongBaoHelper.php): failed to open stream: No such file or directory /www/weixin/App/Cork/Controller/IndexController.class.php 第 9 行.
NOTIC: [2] include_once(): Failed opening 'App/Home/pay/WxHongBaoHelper.php' for inclusion (include_path='.:/usr/share/php:/usr/share/pear') /www/weixin/App/Cork/Controller/IndexController.class.php 第 9 行.
SQL: SHOW COLUMNS FROM `w_vote` [ RunTime:0.0021s ]
SQL: SELECT COUNT(*) AS tp_count FROM `w_vote` WHERE `voteopenid` = 'ou9X8trtByi38d5Ujp6QqYpg79Fs' LIMIT 1   [ RunTime:0.0011s ]
NOTIC: [2] include_once(App/Home/pay/WxHongBaoHelper.php): failed to open stream: No such file or directory /www/weixin/App/Home/Controller/RedpackController.class.php 第 11 行.
NOTIC: [2] include_once(): Failed opening 'App/Home/pay/WxHongBaoHelper.php' for inclusion (include_path='.:/usr/share/php:/usr/share/pear') /www/weixin/App/Home/Controller/RedpackController.class.php 第 11 行.
NOTIC: [8] Undefined variable: CA /www/weixin/App/Home/Controller/pay/WxHongBaoHelper.php 第 201 行.
NOTIC: [8] Undefined variable: CA /www/weixin/App/Home/Controller/pay/WxHongBaoHelper.php 第 211 行.
SQL: SHOW COLUMNS FROM `w_redpack` [ RunTime:0.0028s ]
SQL: INSERT INTO `w_redpack` (`mch_billno`,`mch_id`,`re_openid`,`total_amount`,`content`,`type`) VALUES ('10035198201504280937473723','10035198','ou9X8trtByi38d5Ujp6QqYpg79Fs','104','<xml>
<return_code><![CDATA[FAIL]]></return_code>
<return_msg><![CDATA[帐号余额不足，请到商户平台充值后再重试]]></return_msg>
<result_code><![CDATA[FAIL]]></result_code>
<err_code><![CDATA[NOTENOUGH]]></err_code>
<err_code_des><![CDATA[帐号余额不足，请到商户平台充值后再重试]]></err_code_des>
<mch_billno><![CDATA[10035198201504280937473723]]></mch_billno>
<mch_id>10035198</mch_id>
<wxappid><![CDATA[wx9a34fd34e14f1103]]></wxappid>
<re_openid><![CDATA[ou9X8trtByi38d5Ujp6QqYpg79Fs]]></re_openid>
<total_amount>104</total_amount>
</xml>','1') [ RunTime:0.0209s ]
INFO: [ app_end ] --START--
INFO: Run Behavior\ShowPageTraceBehavior [ RunTime:0.000410s ]
INFO: [ app_end ] --END-- [ RunTime:0.000475s ]

