[ 2015-04-14T10:44:18+08:00 ] 101.226.66.191 /Cork/index/corklist.html
INFO: [ app_init ] --START--
INFO: Run Behavior\BuildLiteBehavior [ RunTime:0.000015s ]
INFO: [ app_init ] --END-- [ RunTime:0.000291s ]
INFO: [ app_begin ] --START--
INFO: Run Behavior\ReadHtmlCacheBehavior [ RunTime:0.000352s ]
INFO: [ app_begin ] --END-- [ RunTime:0.000410s ]
NOTIC: [2048] Declaration of Cork\Controller\IndexController::success() should be compatible with that of Think\Controller::success() /www/weixin/App/Cork/Controller/IndexController.class.php 第 427 行.
NOTIC: [2] include_once(App/Home/pay/WxHongBaoHelper.php): failed to open stream: No such file or directory /www/weixin/App/Cork/Controller/IndexController.class.php 第 9 行.
NOTIC: [2] include_once(): Failed opening 'App/Home/pay/WxHongBaoHelper.php' for inclusion (include_path='.:/usr/share/php:/usr/share/pear') /www/weixin/App/Cork/Controller/IndexController.class.php 第 9 行.
SQL: SHOW COLUMNS FROM `w_cork` [ RunTime:0.0009s ]
SQL: SELECT COUNT(*) AS tp_count FROM `w_cork` WHERE `check` = '2' AND `del` = '0' LIMIT 1   [ RunTime:0.0001s ]
SQL: SHOW COLUMNS FROM `w_vote` [ RunTime:0.0004s ]
SQL: SELECT COUNT(*) AS tp_count FROM `w_vote` LIMIT 1   [ RunTime:0.0003s ]
SQL: SELECT * FROM `w_cork` WHERE `check` = '2' AND `del` = '0' ORDER BY `canid` asc  [ RunTime:0.0001s ]
SQL: SELECT COUNT(*) AS tp_count FROM `w_vote` WHERE `corkid` = '101' LIMIT 1   [ RunTime:0.0002s ]
SQL: SELECT COUNT(*) AS tp_count FROM `w_vote` WHERE `corkid` = '93' LIMIT 1   [ RunTime:0.0002s ]
SQL: SELECT COUNT(*) AS tp_count FROM `w_vote` WHERE `corkid` = '94' LIMIT 1   [ RunTime:0.0002s ]
SQL: SELECT COUNT(*) AS tp_count FROM `w_vote` WHERE `corkid` = '96' LIMIT 1   [ RunTime:0.0002s ]
SQL: SELECT COUNT(*) AS tp_count FROM `w_vote` WHERE `corkid` = '95' LIMIT 1   [ RunTime:0.0002s ]
SQL: SELECT COUNT(*) AS tp_count FROM `w_vote` WHERE `corkid` = '97' LIMIT 1   [ RunTime:0.0002s ]
SQL: SELECT COUNT(*) AS tp_count FROM `w_vote` WHERE `corkid` = '102' LIMIT 1   [ RunTime:0.0002s ]
SQL: SELECT COUNT(*) AS tp_count FROM `w_vote` WHERE `corkid` = '100' LIMIT 1   [ RunTime:0.0002s ]
SQL: SELECT COUNT(*) AS tp_count FROM `w_vote` WHERE `corkid` = '98' LIMIT 1   [ RunTime:0.0002s ]
SQL: SELECT COUNT(*) AS tp_count FROM `w_vote` WHERE `corkid` = '104' LIMIT 1   [ RunTime:0.0002s ]
SQL: SELECT COUNT(*) AS tp_count FROM `w_vote` WHERE `corkid` = '103' LIMIT 1   [ RunTime:0.0002s ]
NOTIC: [8] Undefined variable: Page /www/weixin/App/Cork/Controller/IndexController.class.php 第 69 行.
NOTIC: [8] Trying to get property of non-object /www/weixin/App/Cork/Controller/IndexController.class.php 第 69 行.
NOTIC: [8] Undefined variable: totalpage /www/weixin/App/Cork/Controller/IndexController.class.php 第 74 行.
NOTIC: [8] Undefined variable: totalpage /www/weixin/App/Cork/Controller/IndexController.class.php 第 76 行.
NOTIC: [8] Undefined variable: totalpage /www/weixin/App/Cork/Controller/IndexController.class.php 第 77 行.
NOTIC: [8] Undefined variable: show /www/weixin/App/Cork/Controller/IndexController.class.php 第 84 行.
SQL: SHOW COLUMNS FROM `w_option` [ RunTime:0.0005s ]
SQL: SELECT `meta_value` FROM `w_option` WHERE ( meta_key='site_url' ) LIMIT 1   [ RunTime:0.0001s ]
SQL: SELECT `meta_value` FROM `w_option` WHERE ( meta_key='site_url' ) LIMIT 1   [ RunTime:0.0001s ]
SQL: SELECT `meta_value` FROM `w_option` WHERE ( meta_key='site_url' ) LIMIT 1   [ RunTime:0.0001s ]
SQL: SELECT `meta_value` FROM `w_option` WHERE ( meta_key='site_url' ) LIMIT 1   [ RunTime:0.0001s ]
SQL: SELECT `meta_value` FROM `w_option` WHERE ( meta_key='site_url' ) LIMIT 1   [ RunTime:0.0001s ]
SQL: SELECT `meta_value` FROM `w_option` WHERE ( meta_key='site_url' ) LIMIT 1   [ RunTime:0.0001s ]
INFO: [ view_filter ] --START--
INFO: Run Behavior\WriteHtmlCacheBehavior [ RunTime:0.000239s ]
INFO: [ view_filter ] --END-- [ RunTime:0.000349s ]
NOTIC: [8] Undefined index: code /www/weixin/Theme/default/Cork/list.php 第 4 行.
NOTIC: [8] A session had already been started - ignoring session_start() /www/weixin/App/Home/Common/Common.class.php 第 10 行.
NOTIC: [2048] Non-static method Home\Common\Common::PData() should not be called statically, assuming $this from incompatible context /www/weixin/App/Home/Controller/Oauth2Controller.class.php 第 44 行.
NOTIC: [8] Undefined property: stdClass::$openid /www/weixin/Theme/default/Cork/list.php 第 6 行.
NOTIC: [2048] Non-static method Home\Common\Common::setrep() should not be called statically, assuming $this from incompatible context /www/weixin/App/Home/Controller/Oauth2Controller.class.php 第 49 行.
NOTIC: [2048] Non-static method Home\Common\Common::getAccessTokens() should not be called statically, assuming $this from incompatible context /www/weixin/App/Home/Common/Common.class.php 第 63 行.
NOTIC: [2048] Non-static method Home\Common\Common::PData() should not be called statically, assuming $this from incompatible context /www/weixin/App/Home/Controller/Oauth2Controller.class.php 第 51 行.
SQL: SELECT `meta_value` FROM `w_option` WHERE ( meta_key='site_url' ) LIMIT 1   [ RunTime:0.0002s ]
SQL: SELECT `meta_value` FROM `w_option` WHERE ( meta_key='site_url' ) LIMIT 1   [ RunTime:0.0001s ]
SQL: SELECT `meta_value` FROM `w_option` WHERE ( meta_key='site_url' ) LIMIT 1   [ RunTime:0.0001s ]
SQL: SELECT `meta_value` FROM `w_option` WHERE ( meta_key='site_url' ) LIMIT 1   [ RunTime:0.0001s ]
SQL: SELECT `meta_value` FROM `w_option` WHERE ( meta_key='site_url' ) LIMIT 1   [ RunTime:0.0001s ]
SQL: SELECT `meta_value` FROM `w_option` WHERE ( meta_key='site_url' ) LIMIT 1   [ RunTime:0.0001s ]
NOTIC: [8] Undefined property: stdClass::$subscribe /www/weixin/Theme/default/Cork/list.php 第 212 行.
SQL: SELECT `meta_value` FROM `w_option` WHERE ( meta_key='site_url' ) LIMIT 1   [ RunTime:0.0001s ]
NOTIC: [8] Undefined property: stdClass::$openid /www/weixin/Theme/default/Cork/list.php 第 221 行.
NOTIC: [8] Undefined property: stdClass::$openid /www/weixin/Theme/default/Cork/list.php 第 223 行.
SQL: SELECT `meta_value` FROM `w_option` WHERE ( meta_key='site_url' ) LIMIT 1   [ RunTime:0.0001s ]
SQL: SELECT `meta_value` FROM `w_option` WHERE ( meta_key='site_url' ) LIMIT 1   [ RunTime:0.0001s ]
SQL: SELECT `meta_value` FROM `w_option` WHERE ( meta_key='site_url' ) LIMIT 1   [ RunTime:0.0001s ]
SQL: SELECT `meta_value` FROM `w_option` WHERE ( meta_key='site_url' ) LIMIT 1   [ RunTime:0.0001s ]
SQL: SELECT `meta_value` FROM `w_option` WHERE ( meta_key='site_url' ) LIMIT 1   [ RunTime:0.0001s ]
SQL: SELECT `meta_value` FROM `w_option` WHERE ( meta_key='site_url' ) LIMIT 1   [ RunTime:0.0001s ]
INFO: [ view_filter ] --START--
INFO: Run Behavior\WriteHtmlCacheBehavior [ RunTime:0.000017s ]
INFO: [ view_filter ] --END-- [ RunTime:-0.702162s ]
INFO: [ view_filter ] --START--
INFO: Run Behavior\WriteHtmlCacheBehavior [ RunTime:0.000011s ]
INFO: [ view_filter ] --END-- [ RunTime:-0.702302s ]
INFO: [ app_end ] --START--
INFO: Run Behavior\ShowPageTraceBehavior [ RunTime:0.000454s ]
INFO: [ app_end ] --END-- [ RunTime:0.000518s ]

